#
# A fatal error has been detected by the Java Runtime Environment:
#
#  SIGSEGV (0xb) at pc=0x00007f1af51e23da, pid=7970, tid=0x00007f1b0a3c9700
#
# JRE version: Java(TM) SE Runtime Environment (8.0_101-b13) (build 1.8.0_101-b13)
# Java VM: Java HotSpot(TM) 64-Bit Server VM (25.101-b13 mixed mode linux-amd64 compressed oops)
# Problematic frame:
# J 4736 C1 java.lang.ThreadLocal.get()Ljava/lang/Object; (38 bytes) @ 0x00007f1af51e23da [0x00007f1af51e2260+0x17a]
#
# Failed to write core dump. Core dumps have been disabled. To enable core dumping, try "ulimit -c unlimited" before starting Java again
#
# If you would like to submit a bug report, please visit:
#   http://bugreport.java.com/bugreport/crash.jsp
#

---------------  T H R E A D  ---------------

Current thread (0x00007f1b0400a000):  JavaThread "main" [_thread_in_Java, id=7973, stack(0x00007f1b0a2c9000,0x00007f1b0a3ca000)]

siginfo: si_signo: 11 (SIGSEGV), si_code: 128 (SI_KERNEL), si_addr: 0x0000000000000000

Registers:
RAX=0x00000000846aa4a0, RBX=0x00007f1af2a5eb58, RCX=0x0000000000000000, RDX=0x0000ff1af2be08b0
RSP=0x00007f1b0a3c6610, RBP=0x0000000000000000, RSI=0x0000000000000158, RDI=0x0000000000004998
R8 =0x0000000000000018, R9 =0x0000000084612a68, R10=0x00007f1af437971f, R11=0x00007f1af4a073e0
R12=0x0000000000000000, R13=0x00007f1b0a3c6838, R14=0x00007f1b0400a000, R15=0x00007f1b0400a000
RIP=0x00007f1af51e23da, EFLAGS=0x0000000000010202, CSGSFS=0x0000000000000033, ERR=0x0000000000000000
  TRAPNO=0x000000000000000d

Top of Stack: (sp=0x00007f1b0a3c6610)
0x00007f1b0a3c6610:   00007f1b0a3c6650 00007f1b0a3c6640
0x00007f1b0a3c6620:   00007f1af2a5e8a0 00000000dbcdb328
0x00007f1b0a3c6630:   0000000000000000 00007f1af51e2280
0x00007f1b0a3c6640:   0000000083e01688 0000000000000206
0x00007f1b0a3c6650:   0000000000000000 00007f1af50d92ec
0x00007f1b0a3c6660:   00000000dbcaafe0 0000001200000000
0x00007f1b0a3c6670:   00000000849e04d0 0000000084612a68
0x00007f1b0a3c6680:   00000000dbcb0da0 00007f1af51c3572
0x00007f1b0a3c6690:   00000001000001a1 00000000dbcb0be8
0x00007f1b0a3c66a0:   00000000d9bbfd78 dbcb0818f2be0360
0x00007f1b0a3c66b0:   0000000084612a68 00007f1af50850f8
0x00007f1b0a3c66c0:   ffffffff00000003 00000000dbc7af80
0x00007f1b0a3c66d0:   00007f1b0a3c6760 00007f1af43797a7
0x00007f1b0a3c66e0:   00000000d9bbfd98 0000007af43797a7
0x00007f1b0a3c66f0:   0000000084612a68 00000000dbcb0800
0x00007f1b0a3c6700:   0000000000001fa0 0000000084612a68
0x00007f1b0a3c6710:   00000000dbcdb328 0000001800000000
0x00007f1b0a3c6720:   00000000849e04d0 0000000084612a68
0x00007f1b0a3c6730:   00000000dbcd3ac0 00007f1af51c3572
0x00007f1b0a3c6740:   00007f1b0000016e 00000000dbcd3940
0x00007f1b0a3c6750:   00000000d9bbfd78 dbcd35e00400a000
0x00007f1b0a3c6760:   0000000084612a68 00007f1b08e6e835
0x00007f1b0a3c6770:   00007f1b00000002 00007f1b0400a000
0x00007f1b0a3c6780:   0000000000000000 00007f1af5081bd8
0x00007f1b0a3c6790:   00000000dbcdb350 0000006ff43797a7
0x00007f1b0a3c67a0:   0000000084612a68 00000000dbcd35c8
0x00007f1b0a3c67b0:   00007f1a00001fa0 00007f1b0400a530
0x00007f1b0a3c67c0:   00007f1b0400a000 00007f1b0a3c6890
0x00007f1b0a3c67d0:   00007f1b0a3c68b0 00007f1af4a07434
0x00007f1b0a3c67e0:   000000000000014d 00000000dbcdb0f8
0x00007f1b0a3c67f0:   00000000d9bbfd78 dbcd7a88dbcd7b78
0x00007f1b0a3c6800:   0000000084612a68 dbcd7a880400a000 

Instructions: (pc=0x00007f1af51e23da)
0x00007f1af51e23ba:   a8 00 00 00 48 ba 58 05 be f2 1a 7f 00 00 48 83
0x00007f1af51e23ca:   82 68 01 00 00 01 48 ba b0 08 be f2 1a ff 00 00
0x00007f1af51e23da:   8b b2 dc 00 00 00 83 c6 08 89 b2 dc 00 00 00 48
0x00007f1af51e23ea:   ba 00 1a a8 f2 1a 7f 00 00 81 e6 f8 ff 7f 00 83 

Register to memory mapping:

RAX=0x00000000846aa4a0 is an oop
java.lang.ThreadLocal$ThreadLocalMap 
 - klass: 'java/lang/ThreadLocal$ThreadLocalMap'
RBX={method} {0x00007f1af2a5eb58} 'getMap' '(Ljava/lang/Thread;)Ljava/lang/ThreadLocal$ThreadLocalMap;' in 'java/lang/ThreadLocal'
RCX=0x0000000000000000 is an unknown value
RDX=0x0000ff1af2be08b0 is an unknown value
RSP=0x00007f1b0a3c6610 is pointing into the stack for thread: 0x00007f1b0400a000
RBP=0x0000000000000000 is an unknown value
RSI=0x0000000000000158 is an unknown value
RDI=0x0000000000004998 is an unknown value
R8 =0x0000000000000018 is an unknown value
R9 =0x0000000084612a68 is an oop
java.lang.String 
 - klass: 'java/lang/String'
R10=0x00007f1af437971f is at begin+0 in a stub
StubRoutines::call_stub [0x00007f1af437971f, 0x00007f1af4379807[ (232 bytes)
R11=0x00007f1af4a073e0 is at entry_point+32 in (nmethod*)0x00007f1af4a07250
R12=0x0000000000000000 is an unknown value
R13=0x00007f1b0a3c6838 is pointing into the stack for thread: 0x00007f1b0400a000
R14=0x00007f1b0400a000 is a thread
R15=0x00007f1b0400a000 is a thread


Stack: [0x00007f1b0a2c9000,0x00007f1b0a3ca000],  sp=0x00007f1b0a3c6610,  free space=1013k
Native frames: (J=compiled Java code, j=interpreted, Vv=VM code, C=native code)
J 4736 C1 java.lang.ThreadLocal.get()Ljava/lang/Object; (38 bytes) @ 0x00007f1af51e23da [0x00007f1af51e2260+0x17a]
J 4408 C1 java.lang.StringCoding.decode(Ljava/lang/String;[BII)[C (120 bytes) @ 0x00007f1af50d92ec [0x00007f1af50d91a0+0x14c]
J 3600 C2 java.lang.String.<init>([BIILjava/lang/String;)V (38 bytes) @ 0x00007f1af5081bd8 [0x00007f1af5081b80+0x58]
J 2192 C1 java.lang.String.<init>([BLjava/lang/String;)V (10 bytes) @ 0x00007f1af4a07434 [0x00007f1af4a073c0+0x74]
v  ~StubRoutines::call_stub
V  [libjvm.so+0x68f6b6]  JavaCalls::call_helper(JavaValue*, methodHandle*, JavaCallArguments*, Thread*)+0x1056
V  [libjvm.so+0x6d182b]  jni_invoke_nonstatic(JNIEnv_*, JavaValue*, _jobject*, JNICallType, _jmethodID*, JNI_ArgumentPusher*, Thread*)+0x40b
V  [libjvm.so+0x6d96c3]  jni_NewObject+0x283
C  [libjava.so+0x1c195]  JNU_NewStringPlatform+0x1f5
C  [libjava.so+0x15cf2]  Java_java_io_UnixFileSystem_list+0x172
J 4637  java.io.UnixFileSystem.list(Ljava/io/File;)[Ljava/lang/String; (0 bytes) @ 0x00007f1af519423c [0x00007f1af5194180+0xbc]
J 4636 C1 java.io.File.list()[Ljava/lang/String; (33 bytes) @ 0x00007f1af519fd14 [0x00007f1af519fa40+0x2d4]
j  org.codehaus.plexus.util.DirectoryScanner.scandir(Ljava/io/File;Ljava/lang/String;Z)V+1
j  org.codehaus.plexus.util.DirectoryScanner.scandir(Ljava/io/File;Ljava/lang/String;Z)V+322
j  org.codehaus.plexus.util.DirectoryScanner.scandir(Ljava/io/File;Ljava/lang/String;Z)V+322
j  org.codehaus.plexus.util.DirectoryScanner.scandir(Ljava/io/File;Ljava/lang/String;Z)V+322
j  org.codehaus.plexus.util.DirectoryScanner.scandir(Ljava/io/File;Ljava/lang/String;Z)V+322
j  org.codehaus.plexus.util.DirectoryScanner.scandir(Ljava/io/File;Ljava/lang/String;Z)V+322
j  org.codehaus.plexus.util.DirectoryScanner.scan()V+287
j  org.codehaus.plexus.components.io.resources.PlexusIoFileResourceCollection.getResources()Ljava/util/Iterator;+88
j  org.codehaus.plexus.archiver.AbstractArchiver$1.hasNext()Z+74
j  org.codehaus.plexus.archiver.zip.AbstractZipArchiver.createArchiveMain()V+26
j  org.codehaus.plexus.archiver.zip.AbstractZipArchiver.execute()V+37
j  org.codehaus.plexus.archiver.AbstractArchiver.createArchive()V+31
j  org.apache.maven.archiver.MavenArchiver.createArchive(Lorg/apache/maven/execution/MavenSession;Lorg/apache/maven/project/MavenProject;Lorg/apache/maven/archiver/MavenArchiveConfiguration;)V+346
j  org.apache.maven.archiver.MavenArchiver.createArchive(Lorg/apache/maven/project/MavenProject;Lorg/apache/maven/archiver/MavenArchiveConfiguration;)V+4
j  org.apache.maven.plugin.source.AbstractSourceJarMojo.packageSources(Ljava/util/List;)V+317
j  org.apache.maven.plugin.source.AbstractSourceJarMojo.packageSources(Lorg/apache/maven/project/MavenProject;)V+24
j  org.apache.maven.plugin.source.AbstractSourceJarMojo.execute()V+24
j  org.apache.maven.plugin.DefaultBuildPluginManager.executeMojo(Lorg/apache/maven/execution/MavenSession;Lorg/apache/maven/plugin/MojoExecution;)V+101
j  org.apache.maven.lifecycle.internal.MojoExecutor.execute(Lorg/apache/maven/execution/MavenSession;Lorg/apache/maven/plugin/MojoExecution;Lorg/apache/maven/lifecycle/internal/ProjectIndex;Lorg/apache/maven/lifecycle/internal/DependencyContext;)V+215
j  org.apache.maven.lifecycle.internal.MojoExecutor.execute(Lorg/apache/maven/execution/MavenSession;Lorg/apache/maven/plugin/MojoExecution;Lorg/apache/maven/lifecycle/internal/ProjectIndex;Lorg/apache/maven/lifecycle/internal/DependencyContext;Lorg/apache/maven/lifecycle/internal/PhaseRecorder;)V+6
j  org.apache.maven.lifecycle.internal.MojoExecutor.execute(Lorg/apache/maven/execution/MavenSession;Ljava/util/List;Lorg/apache/maven/lifecycle/internal/ProjectIndex;)V+60
j  org.apache.maven.lifecycle.internal.LifecycleModuleBuilder.buildProject(Lorg/apache/maven/execution/MavenSession;Lorg/apache/maven/execution/MavenSession;Lorg/apache/maven/lifecycle/internal/ReactorContext;Lorg/apache/maven/project/MavenProject;Lorg/apache/maven/lifecycle/internal/TaskSegment;)V+107
j  org.apache.maven.lifecycle.internal.LifecycleModuleBuilder.buildProject(Lorg/apache/maven/execution/MavenSession;Lorg/apache/maven/lifecycle/internal/ReactorContext;Lorg/apache/maven/project/MavenProject;Lorg/apache/maven/lifecycle/internal/TaskSegment;)V+7
j  org.apache.maven.lifecycle.internal.LifecycleStarter.singleThreadedBuild(Lorg/apache/maven/execution/MavenSession;Lorg/apache/maven/lifecycle/internal/ReactorContext;Lorg/apache/maven/lifecycle/internal/ProjectBuildList;Ljava/util/List;Lorg/apache/maven/lifecycle/internal/ReactorBuildStatus;)V+77
j  org.apache.maven.lifecycle.internal.LifecycleStarter.execute(Lorg/apache/maven/execution/MavenSession;)V+421
j  org.apache.maven.DefaultMaven.doExecute(Lorg/apache/maven/execution/MavenExecutionRequest;)Lorg/apache/maven/execution/MavenExecutionResult;+585
j  org.apache.maven.DefaultMaven.execute(Lorg/apache/maven/execution/MavenExecutionRequest;)Lorg/apache/maven/execution/MavenExecutionResult;+11
j  org.apache.maven.cli.MavenCli.execute(Lorg/apache/maven/cli/MavenCli$CliRequest;)I+19
j  org.apache.maven.cli.MavenCli.doMain(Lorg/apache/maven/cli/MavenCli$CliRequest;)I+53
j  org.apache.maven.cli.MavenCli.main([Ljava/lang/String;Lorg/codehaus/plexus/classworlds/ClassWorld;)I+18
v  ~StubRoutines::call_stub
V  [libjvm.so+0x68f6b6]  JavaCalls::call_helper(JavaValue*, methodHandle*, JavaCallArguments*, Thread*)+0x1056
V  [libjvm.so+0x99a4a7]  Reflection::invoke(instanceKlassHandle, methodHandle, Handle, bool, objArrayHandle, BasicType, objArrayHandle, bool, Thread*)+0x5d7
V  [libjvm.so+0x99dbb7]  Reflection::invoke_method(oopDesc*, Handle, objArrayHandle, Thread*)+0x147
V  [libjvm.so+0x71e2eb]  JVM_InvokeMethod+0x26b
j  sun.reflect.NativeMethodAccessorImpl.invoke0(Ljava/lang/reflect/Method;Ljava/lang/Object;[Ljava/lang/Object;)Ljava/lang/Object;+0
j  sun.reflect.NativeMethodAccessorImpl.invoke(Ljava/lang/Object;[Ljava/lang/Object;)Ljava/lang/Object;+100
j  sun.reflect.DelegatingMethodAccessorImpl.invoke(Ljava/lang/Object;[Ljava/lang/Object;)Ljava/lang/Object;+6
j  java.lang.reflect.Method.invoke(Ljava/lang/Object;[Ljava/lang/Object;)Ljava/lang/Object;+56
j  org.codehaus.plexus.classworlds.launcher.Launcher.launchEnhanced([Ljava/lang/String;)V+45
j  org.codehaus.plexus.classworlds.launcher.Launcher.launch([Ljava/lang/String;)V+2
j  org.codehaus.plexus.classworlds.launcher.Launcher.mainWithExitCode([Ljava/lang/String;)I+97
j  org.codehaus.plexus.classworlds.launcher.Launcher.main([Ljava/lang/String;)V+1
v  ~StubRoutines::call_stub
V  [libjvm.so+0x68f6b6]  JavaCalls::call_helper(JavaValue*, methodHandle*, JavaCallArguments*, Thread*)+0x1056
V  [libjvm.so+0x6d0d42]  jni_invoke_static(JNIEnv_*, JavaValue*, _jobject*, JNICallType, _jmethodID*, JNI_ArgumentPusher*, Thread*)+0x362
V  [libjvm.so+0x6ed5aa]  jni_CallStaticVoidMethod+0x17a
C  [libjli.so+0x7bdf]  JavaMain+0x81f
C  [libpthread.so.0+0x76fa]  start_thread+0xca


---------------  P R O C E S S  ---------------

Java Threads: ( => current thread )
  0x00007f1b04949800 JavaThread "resolver-4" daemon [_thread_blocked, id=7992, stack(0x00007f1ae2a9e000,0x00007f1ae2b9f000)]
  0x00007f1b049bc800 JavaThread "resolver-3" daemon [_thread_blocked, id=7991, stack(0x00007f1ae2b9f000,0x00007f1ae2ca0000)]
  0x00007f1b049bb800 JavaThread "resolver-2" daemon [_thread_blocked, id=7990, stack(0x00007f1ae2ca0000,0x00007f1ae2da1000)]
  0x00007f1b0494c800 JavaThread "resolver-1" daemon [_thread_blocked, id=7989, stack(0x00007f1ae2da1000,0x00007f1ae2ea2000)]
  0x00007f1b04689000 JavaThread "process reaper" daemon [_thread_blocked, id=7988, stack(0x00007f1af0050000,0x00007f1af0089000)]
  0x00007f1b040c8800 JavaThread "Service Thread" daemon [_thread_blocked, id=7985, stack(0x00007f1af061c000,0x00007f1af071d000)]
  0x00007f1b040bd000 JavaThread "C1 CompilerThread2" daemon [_thread_blocked, id=7984, stack(0x00007f1af071d000,0x00007f1af081e000)]
  0x00007f1b040bb800 JavaThread "C2 CompilerThread1" daemon [_thread_in_native, id=7983, stack(0x00007f1af081e000,0x00007f1af091f000)]
  0x00007f1b040b8800 JavaThread "C2 CompilerThread0" daemon [_thread_in_native, id=7982, stack(0x00007f1af091f000,0x00007f1af0a20000)]
  0x00007f1b040b7000 JavaThread "Signal Dispatcher" daemon [_thread_blocked, id=7981, stack(0x00007f1af0a20000,0x00007f1af0b21000)]
  0x00007f1b04084000 JavaThread "Finalizer" daemon [_thread_blocked, id=7980, stack(0x00007f1af14e0000,0x00007f1af15e1000)]
  0x00007f1b0407f800 JavaThread "Reference Handler" daemon [_thread_blocked, id=7979, stack(0x00007f1af15e1000,0x00007f1af16e2000)]
=>0x00007f1b0400a000 JavaThread "main" [_thread_in_Java, id=7973, stack(0x00007f1b0a2c9000,0x00007f1b0a3ca000)]

Other Threads:
  0x00007f1b04077800 VMThread [stack: 0x00007f1af16e2000,0x00007f1af17e3000] [id=7978]
  0x00007f1b040cb000 WatcherThread [stack: 0x00007f1af051b000,0x00007f1af061c000] [id=7986]

VM state:not at safepoint (normal execution)

VM Mutex/Monitor currently owned by a thread: None

Heap:
 PSYoungGen      total 141312K, used 85806K [0x00000000d6a00000, 0x00000000e8100000, 0x0000000100000000)
  eden space 128512K, 66% used [0x00000000d6a00000,0x00000000dbdcb910,0x00000000de780000)
  from space 12800K, 0% used [0x00000000de780000,0x00000000de780000,0x00000000df400000)
  to   space 14336K, 0% used [0x00000000e7300000,0x00000000e7300000,0x00000000e8100000)
 ParOldGen       total 73728K, used 21147K [0x0000000083e00000, 0x0000000088600000, 0x00000000d6a00000)
  object space 73728K, 28% used [0x0000000083e00000,0x00000000852a6e68,0x0000000088600000)
 Metaspace       used 25914K, capacity 26924K, committed 27136K, reserved 1073152K
  class space    used 3001K, capacity 3297K, committed 3328K, reserved 1048576K

Card table byte_map: [0x00007f1af3bd7000,0x00007f1af3fb9000] byte_map_base: 0x00007f1af37b8000

Marking Bits: (ParMarkBitMap*) 0x00007f1b097a0120
 Begin Bits: [0x00007f1ae81f0000, 0x00007f1aea0f8000)
 End Bits:   [0x00007f1aea0f8000, 0x00007f1aec000000)

Polling page: 0x00007f1b0a3ef000

CodeCache: size=245760Kb used=14730Kb max_used=14745Kb free=231029Kb
 bounds [0x00007f1af4379000, 0x00007f1af51e9000, 0x00007f1b03379000]
 total_blobs=5096 nmethods=4702 adapters=306
 compilation: enabled

Compilation events (10 events):
Event: 3,527 Thread 0x00007f1b040bd000 4732       1       org.codehaus.plexus.components.io.resources.PlexusIoFileResource::getFile (5 bytes)
Event: 3,527 Thread 0x00007f1b040bd000 nmethod 4732 0x00007f1af51dd1d0 code [0x00007f1af51dd320, 0x00007f1af51dd430]
Event: 3,527 Thread 0x00007f1b040b8800 nmethod 4723 0x00007f1af51d4e50 code [0x00007f1af51d4fc0, 0x00007f1af51d5778]
Event: 3,527 Thread 0x00007f1b040b8800 4730       4       java.util.HashSet::add (20 bytes)
Event: 3,530 Thread 0x00007f1b040bd000 4734       3       org.codehaus.plexus.util.MatchPattern::fromString (12 bytes)
Event: 3,530 Thread 0x00007f1b040bd000 nmethod 4734 0x00007f1af51dcdd0 code [0x00007f1af51dcf40, 0x00007f1af51dd128]
Event: 3,530 Thread 0x00007f1b040bd000 4735       3       org.codehaus.plexus.util.MatchPattern::<init> (90 bytes)
Event: 3,530 Thread 0x00007f1b040bd000 nmethod 4735 0x00007f1af51e2790 code [0x00007f1af51e29a0, 0x00007f1af51e3428]
Event: 3,530 Thread 0x00007f1b040bd000 4736       3       java.lang.ThreadLocal::get (38 bytes)
Event: 3,530 Thread 0x00007f1b040bd000 nmethod 4736 0x00007f1af51e20d0 code [0x00007f1af51e2260, 0x00007f1af51e25e8]

GC Heap History (10 events):
Event: 1,211 GC heap before
{Heap before GC invocations=4 (full 0):
 PSYoungGen      total 37888K, used 37872K [0x00000000d6a00000, 0x00000000db400000, 0x0000000100000000)
  eden space 32768K, 100% used [0x00000000d6a00000,0x00000000d8a00000,0x00000000d8a00000)
  from space 5120K, 99% used [0x00000000d8a00000,0x00000000d8efc010,0x00000000d8f00000)
  to   space 5120K, 0% used [0x00000000daf00000,0x00000000daf00000,0x00000000db400000)
 ParOldGen       total 86016K, used 5033K [0x0000000083e00000, 0x0000000089200000, 0x00000000d6a00000)
  object space 86016K, 5% used [0x0000000083e00000,0x00000000842ea7e0,0x0000000089200000)
 Metaspace       used 13892K, capacity 14312K, committed 14720K, reserved 1062912K
  class space    used 1690K, capacity 1802K, committed 1920K, reserved 1048576K
Event: 1,218 GC heap after
Heap after GC invocations=4 (full 0):
 PSYoungGen      total 70656K, used 5104K [0x00000000d6a00000, 0x00000000db400000, 0x0000000100000000)
  eden space 65536K, 0% used [0x00000000d6a00000,0x00000000d6a00000,0x00000000daa00000)
  from space 5120K, 99% used [0x00000000daf00000,0x00000000db3fc010,0x00000000db400000)
  to   space 5120K, 0% used [0x00000000daa00000,0x00000000daa00000,0x00000000daf00000)
 ParOldGen       total 86016K, used 6978K [0x0000000083e00000, 0x0000000089200000, 0x00000000d6a00000)
  object space 86016K, 8% used [0x0000000083e00000,0x00000000844d0b68,0x0000000089200000)
 Metaspace       used 13892K, capacity 14312K, committed 14720K, reserved 1062912K
  class space    used 1690K, capacity 1802K, committed 1920K, reserved 1048576K
}
Event: 1,526 GC heap before
{Heap before GC invocations=5 (full 0):
 PSYoungGen      total 70656K, used 70640K [0x00000000d6a00000, 0x00000000db400000, 0x0000000100000000)
  eden space 65536K, 100% used [0x00000000d6a00000,0x00000000daa00000,0x00000000daa00000)
  from space 5120K, 99% used [0x00000000daf00000,0x00000000db3fc010,0x00000000db400000)
  to   space 5120K, 0% used [0x00000000daa00000,0x00000000daa00000,0x00000000daf00000)
 ParOldGen       total 86016K, used 6978K [0x0000000083e00000, 0x0000000089200000, 0x00000000d6a00000)
  object space 86016K, 8% used [0x0000000083e00000,0x00000000844d0b68,0x0000000089200000)
 Metaspace       used 15559K, capacity 16062K, committed 16384K, reserved 1062912K
  class space    used 1844K, capacity 1979K, committed 2048K, reserved 1048576K
Event: 1,533 GC heap after
Heap after GC invocations=5 (full 0):
 PSYoungGen      total 70656K, used 5104K [0x00000000d6a00000, 0x00000000dfe00000, 0x0000000100000000)
  eden space 65536K, 0% used [0x00000000d6a00000,0x00000000d6a00000,0x00000000daa00000)
  from space 5120K, 99% used [0x00000000daa00000,0x00000000daefc010,0x00000000daf00000)
  to   space 10240K, 0% used [0x00000000df400000,0x00000000df400000,0x00000000dfe00000)
 ParOldGen       total 86016K, used 10948K [0x0000000083e00000, 0x0000000089200000, 0x00000000d6a00000)
  object space 86016K, 12% used [0x0000000083e00000,0x00000000848b1078,0x0000000089200000)
 Metaspace       used 15559K, capacity 16062K, committed 16384K, reserved 1062912K
  class space    used 1844K, capacity 1979K, committed 2048K, reserved 1048576K
}
Event: 1,842 GC heap before
{Heap before GC invocations=6 (full 0):
 PSYoungGen      total 70656K, used 70640K [0x00000000d6a00000, 0x00000000dfe00000, 0x0000000100000000)
  eden space 65536K, 100% used [0x00000000d6a00000,0x00000000daa00000,0x00000000daa00000)
  from space 5120K, 99% used [0x00000000daa00000,0x00000000daefc010,0x00000000daf00000)
  to   space 10240K, 0% used [0x00000000df400000,0x00000000df400000,0x00000000dfe00000)
 ParOldGen       total 86016K, used 10948K [0x0000000083e00000, 0x0000000089200000, 0x00000000d6a00000)
  object space 86016K, 12% used [0x0000000083e00000,0x00000000848b1078,0x0000000089200000)
 Metaspace       used 17622K, capacity 18258K, committed 18432K, reserved 1064960K
  class space    used 2061K, capacity 2257K, committed 2304K, reserved 1048576K
Event: 1,852 GC heap after
Heap after GC invocations=6 (full 0):
 PSYoungGen      total 138752K, used 10224K [0x00000000d6a00000, 0x00000000e0300000, 0x0000000100000000)
  eden space 128512K, 0% used [0x00000000d6a00000,0x00000000d6a00000,0x00000000de780000)
  from space 10240K, 99% used [0x00000000df400000,0x00000000dfdfc3d0,0x00000000dfe00000)
  to   space 12800K, 0% used [0x00000000de780000,0x00000000de780000,0x00000000df400000)
 ParOldGen       total 86016K, used 13119K [0x0000000083e00000, 0x0000000089200000, 0x00000000d6a00000)
  object space 86016K, 15% used [0x0000000083e00000,0x0000000084acfd08,0x0000000089200000)
 Metaspace       used 17622K, capacity 18258K, committed 18432K, reserved 1064960K
  class space    used 2061K, capacity 2257K, committed 2304K, reserved 1048576K
}
Event: 2,421 GC heap before
{Heap before GC invocations=7 (full 0):
 PSYoungGen      total 138752K, used 82175K [0x00000000d6a00000, 0x00000000e0300000, 0x0000000100000000)
  eden space 128512K, 55% used [0x00000000d6a00000,0x00000000db043a90,0x00000000de780000)
  from space 10240K, 99% used [0x00000000df400000,0x00000000dfdfc3d0,0x00000000dfe00000)
  to   space 12800K, 0% used [0x00000000de780000,0x00000000de780000,0x00000000df400000)
 ParOldGen       total 86016K, used 13119K [0x0000000083e00000, 0x0000000089200000, 0x00000000d6a00000)
  object space 86016K, 15% used [0x0000000083e00000,0x0000000084acfd08,0x0000000089200000)
 Metaspace       used 20413K, capacity 21138K, committed 21296K, reserved 1069056K
  class space    used 2409K, capacity 2639K, committed 2688K, reserved 1048576K
Event: 2,434 GC heap after
Heap after GC invocations=7 (full 0):
 PSYoungGen      total 141312K, used 11984K [0x00000000d6a00000, 0x00000000e8100000, 0x0000000100000000)
  eden space 128512K, 0% used [0x00000000d6a00000,0x00000000d6a00000,0x00000000de780000)
  from space 12800K, 93% used [0x00000000de780000,0x00000000df3341d0,0x00000000df400000)
  to   space 14336K, 0% used [0x00000000e7300000,0x00000000e7300000,0x00000000e8100000)
 ParOldGen       total 86016K, used 15077K [0x0000000083e00000, 0x0000000089200000, 0x00000000d6a00000)
  object space 86016K, 17% used [0x0000000083e00000,0x0000000084cb9568,0x0000000089200000)
 Metaspace       used 20413K, capacity 21138K, committed 21296K, reserved 1069056K
  class space    used 2409K, capacity 2639K, committed 2688K, reserved 1048576K
}
Event: 2,434 GC heap before
{Heap before GC invocations=8 (full 1):
 PSYoungGen      total 141312K, used 11984K [0x00000000d6a00000, 0x00000000e8100000, 0x0000000100000000)
  eden space 128512K, 0% used [0x00000000d6a00000,0x00000000d6a00000,0x00000000de780000)
  from space 12800K, 93% used [0x00000000de780000,0x00000000df3341d0,0x00000000df400000)
  to   space 14336K, 0% used [0x00000000e7300000,0x00000000e7300000,0x00000000e8100000)
 ParOldGen       total 86016K, used 15077K [0x0000000083e00000, 0x0000000089200000, 0x00000000d6a00000)
  object space 86016K, 17% used [0x0000000083e00000,0x0000000084cb9568,0x0000000089200000)
 Metaspace       used 20413K, capacity 21138K, committed 21296K, reserved 1069056K
  class space    used 2409K, capacity 2639K, committed 2688K, reserved 1048576K
Event: 2,482 GC heap after
Heap after GC invocations=8 (full 1):
 PSYoungGen      total 141312K, used 0K [0x00000000d6a00000, 0x00000000e8100000, 0x0000000100000000)
  eden space 128512K, 0% used [0x00000000d6a00000,0x00000000d6a00000,0x00000000de780000)
  from space 12800K, 0% used [0x00000000de780000,0x00000000de780000,0x00000000df400000)
  to   space 14336K, 0% used [0x00000000e7300000,0x00000000e7300000,0x00000000e8100000)
 ParOldGen       total 73728K, used 21147K [0x0000000083e00000, 0x0000000088600000, 0x00000000d6a00000)
  object space 73728K, 28% used [0x0000000083e00000,0x00000000852a6e68,0x0000000088600000)
 Metaspace       used 20413K, capacity 21138K, committed 21296K, reserved 1069056K
  class space    used 2409K, capacity 2639K, committed 2688K, reserved 1048576K
}

Deoptimization events (10 events):
Event: 3,379 Thread 0x00007f1b0495b800 Uncommon trap: reason=bimorphic action=maybe_recompile pc=0x00007f1af4aba7ec method=java.util.Hashtable.addEntry(ILjava/lang/Object;Ljava/lang/Object;I)V @ 38
Event: 3,379 Thread 0x00007f1b0495b800 Uncommon trap: reason=bimorphic action=maybe_recompile pc=0x00007f1af4aba7ec method=java.util.Hashtable.addEntry(ILjava/lang/Object;Ljava/lang/Object;I)V @ 38
Event: 3,380 Thread 0x00007f1b0495e000 Uncommon trap: reason=unstable_if action=reinterpret pc=0x00007f1af4d14ca4 method=java.io.BufferedReader.readLine(Z)Ljava/lang/String; @ 265
Event: 3,381 Thread 0x00007f1b0495b800 Uncommon trap: reason=bimorphic action=maybe_recompile pc=0x00007f1af4aba7ec method=java.util.Hashtable.addEntry(ILjava/lang/Object;Ljava/lang/Object;I)V @ 38
Event: 3,487 Thread 0x00007f1b0400a000 Uncommon trap: reason=unstable_if action=reinterpret pc=0x00007f1af4e5d66c method=java.util.Vector.removeElementAt(I)V @ 75
Event: 3,490 Thread 0x00007f1b0400a000 Uncommon trap: reason=bimorphic action=maybe_recompile pc=0x00007f1af4aba7ec method=java.util.Hashtable.addEntry(ILjava/lang/Object;Ljava/lang/Object;I)V @ 38
Event: 3,499 Thread 0x00007f1b0400a000 Uncommon trap: reason=bimorphic action=maybe_recompile pc=0x00007f1af4a9aa0c method=java.util.Hashtable.get(Ljava/lang/Object;)Ljava/lang/Object; @ 6
Event: 3,499 Thread 0x00007f1b0400a000 Uncommon trap: reason=bimorphic action=maybe_recompile pc=0x00007f1af4a9aa0c method=java.util.Hashtable.get(Ljava/lang/Object;)Ljava/lang/Object; @ 6
Event: 3,499 Thread 0x00007f1b0400a000 Uncommon trap: reason=bimorphic action=maybe_recompile pc=0x00007f1af4a9aa0c method=java.util.Hashtable.get(Ljava/lang/Object;)Ljava/lang/Object; @ 6
Event: 3,499 Thread 0x00007f1b0400a000 Uncommon trap: reason=bimorphic action=maybe_recompile pc=0x00007f1af4a9aa0c method=java.util.Hashtable.get(Ljava/lang/Object;)Ljava/lang/Object; @ 6

Internal exceptions (10 events):
Event: 2,314 Thread 0x00007f1b0400a000 Exception <a 'java/lang/NoClassDefFoundError': org/slf4j/Logger> (0x00000000da53e8b0) thrown at [/HUDSON3/workspace/8-2-build-linux-amd64/jdk8u101/7261/hotspot/src/share/vm/oops/constantPool.cpp, line 235]
Event: 2,344 Thread 0x00007f1b0400a000 Exception <a 'java/lang/ClassNotFoundException': com/sun/tools/javac/api/JavacTool> (0x00000000da9057f0) thrown at [/HUDSON3/workspace/8-2-build-linux-amd64/jdk8u101/7261/hotspot/src/share/vm/classfile/systemDictionary.cpp, line 210]
Event: 2,620 Thread 0x00007f1b0400a000 Exception <a 'java/io/FileNotFoundException'> (0x00000000d7622580) thrown at [/HUDSON3/workspace/8-2-build-linux-amd64/jdk8u101/7261/hotspot/src/share/vm/prims/jni.cpp, line 709]
Event: 2,621 Thread 0x00007f1b0400a000 Exception <a 'java/io/FileNotFoundException'> (0x00000000d76570a8) thrown at [/HUDSON3/workspace/8-2-build-linux-amd64/jdk8u101/7261/hotspot/src/share/vm/prims/jni.cpp, line 709]
Event: 2,904 Thread 0x00007f1b0400a000 Exception <a 'java/io/FileNotFoundException'> (0x00000000d8f45cf0) thrown at [/HUDSON3/workspace/8-2-build-linux-amd64/jdk8u101/7261/hotspot/src/share/vm/prims/jni.cpp, line 709]
Event: 2,904 Thread 0x00007f1b0400a000 Exception <a 'java/io/FileNotFoundException'> (0x00000000d8f47260) thrown at [/HUDSON3/workspace/8-2-build-linux-amd64/jdk8u101/7261/hotspot/src/share/vm/prims/jni.cpp, line 709]
Event: 2,938 Thread 0x00007f1b0400a000 Exception <a 'java/lang/NoClassDefFoundError': org/slf4j/Logger> (0x00000000d9980d90) thrown at [/HUDSON3/workspace/8-2-build-linux-amd64/jdk8u101/7261/hotspot/src/share/vm/oops/constantPool.cpp, line 235]
Event: 2,968 Thread 0x00007f1b049bb800 Implicit null exception at 0x00007f1af4db9c08 to 0x00007f1af4db9cc1
Event: 3,441 Thread 0x00007f1b0400a000 Exception <a 'java/lang/NoClassDefFoundError': org/slf4j/Logger> (0x00000000db220200) thrown at [/HUDSON3/workspace/8-2-build-linux-amd64/jdk8u101/7261/hotspot/src/share/vm/oops/constantPool.cpp, line 235]
Event: 3,531 Thread 0x00007f1b0400a000 Implicit null exception at 0x00007f1af51e23da to 0x0000000000000000

Events (10 events):
Event: 3,527 loading class org/apache/maven/archiver/ManifestConfiguration
Event: 3,527 loading class org/apache/maven/archiver/ManifestConfiguration done
Event: 3,527 loading class org/codehaus/plexus/archiver/jar/Manifest$Section
Event: 3,527 loading class org/codehaus/plexus/archiver/jar/Manifest$Section done
Event: 3,527 loading class org/codehaus/plexus/archiver/jar/Manifest$Section
Event: 3,527 loading class org/codehaus/plexus/archiver/jar/Manifest$Section done
Event: 3,528 loading class org/codehaus/plexus/util/StringUtils
Event: 3,528 loading class org/codehaus/plexus/util/StringUtils done
Event: 3,528 loading class org/codehaus/plexus/util/StringUtils
Event: 3,528 loading class org/codehaus/plexus/util/StringUtils done


Dynamic libraries:
00400000-00401000 r-xp 00000000 08:21 1596530                            /usr/lib/jvm/java-8-oracle/bin/java
00600000-00601000 rw-p 00000000 08:21 1596530                            /usr/lib/jvm/java-8-oracle/bin/java
00fcb000-00fec000 rw-p 00000000 00:00 0                                  [heap]
83e00000-88600000 rw-p 00000000 00:00 0 
88600000-d6a00000 ---p 00000000 00:00 0 
d6a00000-e8100000 rw-p 00000000 00:00 0 
e8100000-100000000 ---p 00000000 00:00 0 
100000000-100340000 rw-p 00000000 00:00 0 
100340000-140000000 ---p 00000000 00:00 0 
7f1a94000000-7f1a94021000 rw-p 00000000 00:00 0 
7f1a94021000-7f1a98000000 ---p 00000000 00:00 0 
7f1a98000000-7f1a98021000 rw-p 00000000 00:00 0 
7f1a98021000-7f1a9c000000 ---p 00000000 00:00 0 
7f1a9c000000-7f1a9c021000 rw-p 00000000 00:00 0 
7f1a9c021000-7f1aa0000000 ---p 00000000 00:00 0 
7f1aa0000000-7f1aa0021000 rw-p 00000000 00:00 0 
7f1aa0021000-7f1aa4000000 ---p 00000000 00:00 0 
7f1aa4000000-7f1aa4021000 rw-p 00000000 00:00 0 
7f1aa4021000-7f1aa8000000 ---p 00000000 00:00 0 
7f1aa8000000-7f1aa8021000 rw-p 00000000 00:00 0 
7f1aa8021000-7f1aac000000 ---p 00000000 00:00 0 
7f1aac000000-7f1aac021000 rw-p 00000000 00:00 0 
7f1aac021000-7f1ab0000000 ---p 00000000 00:00 0 
7f1ab0000000-7f1ab0021000 rw-p 00000000 00:00 0 
7f1ab0021000-7f1ab4000000 ---p 00000000 00:00 0 
7f1ab4000000-7f1ab4021000 rw-p 00000000 00:00 0 
7f1ab4021000-7f1ab8000000 ---p 00000000 00:00 0 
7f1ab8000000-7f1ab8021000 rw-p 00000000 00:00 0 
7f1ab8021000-7f1abc000000 ---p 00000000 00:00 0 
7f1abc000000-7f1abce9b000 rw-p 00000000 00:00 0 
7f1abce9b000-7f1ac0000000 ---p 00000000 00:00 0 
7f1ac0000000-7f1ac1132000 rw-p 00000000 00:00 0 
7f1ac1132000-7f1ac4000000 ---p 00000000 00:00 0 
7f1ac4000000-7f1ac4021000 rw-p 00000000 00:00 0 
7f1ac4021000-7f1ac8000000 ---p 00000000 00:00 0 
7f1ac8000000-7f1ac90f5000 rw-p 00000000 00:00 0 
7f1ac90f5000-7f1acc000000 ---p 00000000 00:00 0 
7f1acc000000-7f1acc021000 rw-p 00000000 00:00 0 
7f1acc021000-7f1ad0000000 ---p 00000000 00:00 0 
7f1ad0000000-7f1ad0021000 rw-p 00000000 00:00 0 
7f1ad0021000-7f1ad4000000 ---p 00000000 00:00 0 
7f1ad4000000-7f1ad4021000 rw-p 00000000 00:00 0 
7f1ad4021000-7f1ad8000000 ---p 00000000 00:00 0 
7f1ad8000000-7f1ad8021000 rw-p 00000000 00:00 0 
7f1ad8021000-7f1adc000000 ---p 00000000 00:00 0 
7f1adc000000-7f1adc021000 rw-p 00000000 00:00 0 
7f1adc021000-7f1ae0000000 ---p 00000000 00:00 0 
7f1ae259b000-7f1ae26db000 rw-p 00000000 00:00 0 
7f1ae26db000-7f1ae279e000 ---p 00000000 00:00 0 
7f1ae279e000-7f1ae289c000 rw-p 00000000 00:00 0 
7f1ae289c000-7f1ae289f000 ---p 00000000 00:00 0 
7f1ae289f000-7f1ae299d000 rw-p 00000000 00:00 0 
7f1ae299d000-7f1ae29a0000 ---p 00000000 00:00 0 
7f1ae29a0000-7f1ae2a9e000 rw-p 00000000 00:00 0 
7f1ae2a9e000-7f1ae2aa1000 ---p 00000000 00:00 0 
7f1ae2aa1000-7f1ae2b9f000 rw-p 00000000 00:00 0 
7f1ae2b9f000-7f1ae2ba2000 ---p 00000000 00:00 0 
7f1ae2ba2000-7f1ae2ca0000 rw-p 00000000 00:00 0 
7f1ae2ca0000-7f1ae2ca3000 ---p 00000000 00:00 0 
7f1ae2ca3000-7f1ae2da1000 rw-p 00000000 00:00 0 
7f1ae2da1000-7f1ae2da4000 ---p 00000000 00:00 0 
7f1ae2da4000-7f1ae30a2000 rw-p 00000000 00:00 0 
7f1ae30a2000-7f1ae32a2000 rw-p 00000000 00:00 0 
7f1ae32a2000-7f1ae34a2000 rw-p 00000000 00:00 0 
7f1ae34a2000-7f1ae36a2000 rw-p 00000000 00:00 0 
7f1ae36a2000-7f1ae36a6000 r--s 0001f000 08:01 6557078                    /home/gladson/.m2/repository/org/jacoco/org.jacoco.report/0.7.7.201606060606/org.jacoco.report-0.7.7.201606060606.jar
7f1ae36a6000-7f1ae36ab000 r--s 0005a000 08:01 6557074                    /home/gladson/.m2/repository/org/ow2/asm/asm-debug-all/5.1/asm-debug-all-5.1.jar
7f1ae36ab000-7f1ae36af000 r--s 0001e000 08:01 6557073                    /home/gladson/.m2/repository/org/jacoco/org.jacoco.core/0.7.7.201606060606/org.jacoco.core-0.7.7.201606060606.jar
7f1ae36af000-7f1ae36b5000 r--s 0003d000 08:01 6557072                    /home/gladson/.m2/repository/org/jacoco/org.jacoco.agent/0.7.7.201606060606/org.jacoco.agent-0.7.7.201606060606-runtime.jar
7f1ae36b5000-7f1ae36ba000 r--s 00016000 08:01 6296008                    /home/gladson/.m2/repository/xml-apis/xml-apis/1.0.b2/xml-apis-1.0.b2.jar
7f1ae36ba000-7f1ae36bc000 r--s 0000e000 08:01 6293171                    /home/gladson/.m2/repository/oro/oro/2.0.8/oro-2.0.8.jar
7f1ae36bc000-7f1ae36be000 r--s 00008000 08:01 6297639                    /home/gladson/.m2/repository/commons-logging/commons-logging/1.0.4/commons-logging-1.0.4.jar
7f1ae36be000-7f1ae36c2000 r--s 00026000 08:01 6297476                    /home/gladson/.m2/repository/commons-digester/commons-digester/1.6/commons-digester-1.6.jar
7f1ae36c2000-7f1ae36c7000 r--s 0002a000 08:01 6293175                    /home/gladson/.m2/repository/commons-beanutils/commons-beanutils/1.7.0/commons-beanutils-1.7.0.jar
7f1ae36c7000-7f1ae36ca000 r--s 00014000 08:01 1713651                    /home/gladson/.m2/repository/commons-validator/commons-validator/1.2.0/commons-validator-1.2.0.jar
7f1ae36ca000-7f1ae36d7000 r--s 0007f000 08:01 6298440                    /home/gladson/.m2/repository/commons-collections/commons-collections/3.2/commons-collections-3.2.jar
7f1ae36d7000-7f1ae38d7000 rw-p 00000000 00:00 0 
7f1ae38d7000-7f1ae38e8000 r-xp 00000000 08:21 1596636                    /usr/lib/jvm/java-8-oracle/jre/lib/amd64/libnio.so
7f1ae38e8000-7f1ae3ae7000 ---p 00011000 08:21 1596636                    /usr/lib/jvm/java-8-oracle/jre/lib/amd64/libnio.so
7f1ae3ae7000-7f1ae3ae8000 rw-p 00010000 08:21 1596636                    /usr/lib/jvm/java-8-oracle/jre/lib/amd64/libnio.so
7f1ae3ae8000-7f1ae3de9000 rw-p 00000000 00:00 0 
7f1ae3de9000-7f1ae3dff000 r-xp 00000000 08:21 1596613                    /usr/lib/jvm/java-8-oracle/jre/lib/amd64/libnet.so
7f1ae3dff000-7f1ae3fff000 ---p 00016000 08:21 1596613                    /usr/lib/jvm/java-8-oracle/jre/lib/amd64/libnet.so
7f1ae3fff000-7f1ae4000000 rw-p 00016000 08:21 1596613                    /usr/lib/jvm/java-8-oracle/jre/lib/amd64/libnet.so
7f1ae4000000-7f1ae4021000 rw-p 00000000 00:00 0 
7f1ae4021000-7f1ae8000000 ---p 00000000 00:00 0 
7f1ae8001000-7f1ae8009000 r--s 00058000 08:01 6165985                    /home/gladson/.m2/repository/org/apache/velocity/velocity/1.5/velocity-1.5.jar
7f1ae8009000-7f1ae800a000 r--s 00001000 08:01 6293170                    /home/gladson/.m2/repository/org/codehaus/plexus/plexus-velocity/1.1.7/plexus-velocity-1.1.7.jar
7f1ae800a000-7f1ae800b000 r--s 00002000 08:01 5770901                    /home/gladson/.m2/repository/org/codehaus/plexus/plexus-i18n/1.0-beta-7/plexus-i18n-1.0-beta-7.jar
7f1ae800b000-7f1ae800d000 r--s 00008000 08:01 6557071                    /home/gladson/.m2/repository/org/apache/maven/doxia/doxia-module-fml/1.1.2/doxia-module-fml-1.1.2.jar
7f1ae800d000-7f1ae800e000 r--s 00003000 08:01 6557067                    /home/gladson/.m2/repository/org/apache/maven/doxia/doxia-module-xhtml/1.1.2/doxia-module-xhtml-1.1.2.jar
7f1ae800e000-7f1ae8010000 r--s 0000b000 08:01 6557066                    /home/gladson/.m2/repository/org/apache/maven/doxia/doxia-decoration-model/1.1.2/doxia-decoration-model-1.1.2.jar
7f1ae8012000-7f1ae8019000 r--s 00000000 08:21 1839307                    /usr/lib/x86_64-linux-gnu/gconv/gconv-modules.cache
7f1ae8019000-7f1ae803a000 r--p 00000000 08:21 2236433                    /usr/share/locale-langpack/pt_BR/LC_MESSAGES/libc.mo
7f1ae804c000-7f1ae8050000 r--s 00034000 08:01 4989056                    /home/gladson/.m2/repository/org/codehaus/plexus/plexus-utils/3.0/plexus-utils-3.0.jar
7f1ae8050000-7f1ae8054000 r--s 0002f000 08:01 6297473                    /home/gladson/.m2/repository/commons-lang/commons-lang/2.1/commons-lang-2.1.jar
7f1ae8054000-7f1ae8057000 r--s 0000c000 08:01 6298499                    /home/gladson/.m2/repository/org/codehaus/plexus/plexus-io/2.0.1/plexus-io-2.0.1.jar
7f1ae8057000-7f1ae805b000 r--s 00028000 08:01 6039804                    /home/gladson/.m2/repository/org/codehaus/plexus/plexus-archiver/2.0.1/plexus-archiver-2.0.1.jar
7f1ae805b000-7f1ae805c000 r--s 00004000 08:01 6298498                    /home/gladson/.m2/repository/org/apache/maven/maven-archiver/2.4.2/maven-archiver-2.4.2.jar
7f1ae805c000-7f1ae805d000 r--s 00007000 08:01 4719584                    /home/gladson/.m2/repository/org/apache/maven/plugins/maven-jar-plugin/2.3.2/maven-jar-plugin-2.3.2.jar
7f1ae805d000-7f1ae805e000 r--s 00002000 08:01 6165938                    /home/gladson/.m2/repository/org/apache/maven/reporting/maven-reporting-api/2.0.9/maven-reporting-api-2.0.9.jar
7f1ae805e000-7f1ae8061000 r--s 00034000 08:01 4851221                    /home/gladson/.m2/repository/org/codehaus/plexus/plexus-utils/2.1/plexus-utils-2.1.jar
7f1ae8061000-7f1ae8063000 r--s 0000d000 08:01 6292719                    /home/gladson/.m2/repository/org/apache/maven/surefire/maven-surefire-common/2.10/maven-surefire-common-2.10.jar
7f1ae8063000-7f1ae8068000 r--s 00023000 08:01 6292720                    /home/gladson/.m2/repository/org/apache/maven/surefire/surefire-api/2.10/surefire-api-2.10.jar
7f1ae8068000-7f1ae806a000 r--s 00007000 08:01 6292717                    /home/gladson/.m2/repository/org/apache/maven/surefire/surefire-booter/2.10/surefire-booter-2.10.jar
7f1ae806a000-7f1ae806c000 r--s 00006000 08:01 4719597                    /home/gladson/.m2/repository/org/apache/maven/plugins/maven-surefire-plugin/2.10/maven-surefire-plugin-2.10.jar
7f1ae806c000-7f1ae80e5000 r--s 010e5000 08:21 1595823                    /usr/lib/jvm/java-8-oracle/lib/tools.jar
7f1ae80e5000-7f1ae80e6000 r--s 00004000 08:01 6298486                    /home/gladson/.m2/repository/org/codehaus/plexus/plexus-compiler-javac/2.7/plexus-compiler-javac-2.7.jar
7f1ae80e6000-7f1ae80e8000 r--s 00000000 08:01 6298485                    /home/gladson/.m2/repository/org/codehaus/plexus/plexus-compiler-manager/2.7/plexus-compiler-manager-2.7.jar
7f1ae80e8000-7f1ae80ea000 r--s 00005000 08:01 6298483                    /home/gladson/.m2/repository/org/codehaus/plexus/plexus-compiler-api/2.7/plexus-compiler-api-2.7.jar
7f1ae80ea000-7f1ae80ec000 r--s 00002000 08:01 6292669                    /home/gladson/.m2/repository/org/apache/maven/shared/maven-shared-incremental/1.1/maven-shared-incremental-1.1.jar
7f1ae80ec000-7f1ae80ee000 r--s 00006000 08:01 5641595                    /home/gladson/.m2/repository/com/google/code/findbugs/jsr305/2.0.1/jsr305-2.0.1.jar
7f1ae80ee000-7f1ae80f2000 r--s 0002a000 08:01 6171119                    /home/gladson/.m2/repository/commons-io/commons-io/2.4/commons-io-2.4.jar
7f1ae80f2000-7f1ae80f5000 r--s 00023000 08:01 6298482                    /home/gladson/.m2/repository/org/apache/maven/shared/maven-shared-utils/3.0.0/maven-shared-utils-3.0.0.jar
7f1ae80f5000-7f1ae80f7000 r--s 0000d000 08:01 5244069                    /home/gladson/.m2/repository/org/codehaus/plexus/plexus-interpolation/1.14/plexus-interpolation-1.14.jar
7f1ae80f7000-7f1ae80fb000 r--s 00017000 08:01 5252340                    /home/gladson/.m2/repository/org/sonatype/aether/aether-util/1.7/aether-util-1.7.jar
7f1ae80fb000-7f1ae80ff000 r--s 00033000 08:01 6688959                    /home/gladson/.m2/repository/org/codehaus/plexus/plexus-utils/2.0.4/plexus-utils-2.0.4.jar
7f1ae80ff000-7f1ae810a000 r--s 00069000 08:01 5775689                    /home/gladson/.m2/repository/org/sonatype/sisu/sisu-guice/2.1.7/sisu-guice-2.1.7-noaop.jar
7f1ae810a000-7f1ae810f000 r--s 00021000 08:01 6039798                    /home/gladson/.m2/repository/org/sonatype/sisu/sisu-inject-bean/1.4.2/sisu-inject-bean-1.4.2.jar
7f1ae810f000-7f1ae8111000 r--s 0000b000 08:01 5773251                    /home/gladson/.m2/repository/org/apache/maven/plugins/maven-compiler-plugin/3.5.1/maven-compiler-plugin-3.5.1.jar
7f1ae8111000-7f1ae8113000 r--s 0000d000 08:01 1705198                    /home/gladson/.m2/repository/org/codehaus/plexus/plexus-interpolation/1.13/plexus-interpolation-1.13.jar
7f1ae8113000-7f1ae8114000 r--s 00001000 08:01 4851182                    /home/gladson/.m2/repository/org/sonatype/plexus/plexus-build-api/0.0.4/plexus-build-api-0.0.4.jar
7f1ae8114000-7f1ae8116000 r--s 00009000 08:01 1705197                    /home/gladson/.m2/repository/org/apache/maven/shared/maven-filtering/1.0/maven-filtering-1.0.jar
7f1ae8116000-7f1ae8118000 r--s 00005000 08:01 4719422                    /home/gladson/.m2/repository/org/apache/maven/plugins/maven-resources-plugin/2.5/maven-resources-plugin-2.5.jar
7f1ae8118000-7f1ae8119000 r--s 00002000 08:01 6171272                    /home/gladson/.m2/repository/org/codehaus/plexus/plexus-digest/1.0/plexus-digest-1.0.jar
7f1ae8119000-7f1ae811a000 r--s 00005000 08:01 4719624                    /home/gladson/.m2/repository/org/apache/maven/plugins/maven-install-plugin/2.3.1/maven-install-plugin-2.3.1.jar
7f1ae811a000-7f1ae811e000 r--s 00039000 08:01 5122443                    /home/gladson/.m2/repository/org/codehaus/plexus/plexus-utils/3.0.24/plexus-utils-3.0.24.jar
7f1ae811e000-7f1ae8122000 r--s 00015000 08:01 2241731                    /home/gladson/.m2/repository/org/tukaani/xz/1.5/xz-1.5.jar
7f1ae8122000-7f1ae8124000 r--s 0000d000 08:01 5262185                    /home/gladson/.m2/repository/org/iq80/snappy/snappy/0.4/snappy-0.4.jar
7f1ae8124000-7f1ae812c000 r--s 00060000 08:01 5516952                    /home/gladson/.m2/repository/org/apache/commons/commons-compress/1.11/commons-compress-1.11.jar
7f1ae812c000-7f1ae812f000 r--s 00012000 08:01 6301310                    /home/gladson/.m2/repository/org/codehaus/plexus/plexus-io/2.7.1/plexus-io-2.7.1.jar
7f1ae812f000-7f1ae8134000 r--s 00029000 08:01 5641673                    /home/gladson/.m2/repository/org/codehaus/plexus/plexus-archiver/3.3/plexus-archiver-3.3.jar
7f1ae8134000-7f1ae8138000 r--s 00028000 08:01 6293200                    /home/gladson/.m2/repository/com/thoughtworks/qdox/qdox/1.12.1/qdox-1.12.1.jar
7f1ae8138000-7f1ae813f000 r--s 00053000 08:01 6293197                    /home/gladson/.m2/repository/log4j/log4j/1.2.14/log4j-1.2.14.jar
7f1ae813f000-7f1ae8141000 r--s 0000d000 08:01 5375475                    /home/gladson/.m2/repository/commons-logging/commons-logging/1.1.1/commons-logging-1.1.1.jar
7f1ae8141000-7f1ae8147000 r--s 00033000 08:01 5375308                    /home/gladson/.m2/repository/commons-codec/commons-codec/1.6/commons-codec-1.6.jar
7f1ae8147000-7f1ae814d000 r--s 00031000 08:01 5641622                    /home/gladson/.m2/repository/org/apache/httpcomponents/httpcore/4.2.2/httpcore-4.2.2.jar
7f1ae814d000-7f1ae8156000 r--s 00061000 08:01 5375474                    /home/gladson/.m2/repository/org/apache/httpcomponents/httpclient/4.2.3/httpclient-4.2.3.jar
7f1ae8156000-7f1ae815a000 r--s 0002f000 08:01 5516920                    /home/gladson/.m2/repository/commons-io/commons-io/2.5/commons-io-2.5.jar
7f1ae815a000-7f1ae8168000 r--s 0007f000 08:01 6293192                    /home/gladson/.m2/repository/commons-collections/commons-collections/3.2.1/commons-collections-3.2.1.jar
7f1ae8168000-7f1ae816b000 r--s 0001b000 08:01 6293190                    /home/gladson/.m2/repository/org/apache/struts/struts-tiles/1.3.8/struts-tiles-1.3.8.jar
7f1ae816b000-7f1ae8170000 r--s 00039000 08:01 6293189                    /home/gladson/.m2/repository/org/apache/struts/struts-taglib/1.3.8/struts-taglib-1.3.8.jar
7f1ae8170000-7f1ae8175000 r--s 00053000 08:01 6165987                    /home/gladson/.m2/repository/antlr/antlr/2.7.2/antlr-2.7.2.jar
7f1ae8175000-7f1ae817b000 r--s 0004b000 08:01 6293187                    /home/gladson/.m2/repository/org/apache/struts/struts-core/1.3.8/struts-core-1.3.8.jar
7f1ae817b000-7f1ae817d000 r--s 00005000 08:01 6293184                    /home/gladson/.m2/repository/sslext/sslext/1.2-0/sslext-1.2-0.jar
7f1ae817d000-7f1ae8185000 r--s 00068000 08:01 6293183                    /home/gladson/.m2/repository/dom4j/dom4j/1.1/dom4j-1.1.jar
7f1ae8185000-7f1ae8188000 r--s 0001f000 08:01 6293182                    /home/gladson/.m2/repository/commons-validator/commons-validator/1.3.1/commons-validator-1.3.1.jar
7f1ae8188000-7f1ae818a000 r--s 00014000 08:01 6293178                    /home/gladson/.m2/repository/commons-chain/commons-chain/1.1/commons-chain-1.1.jar
7f1ae818a000-7f1ae818e000 r--s 00020000 08:01 6293177                    /home/gladson/.m2/repository/commons-digester/commons-digester/1.8/commons-digester-1.8.jar
7f1ae818e000-7f1ae8194000 r--s 0004f000 08:01 6293173                    /home/gladson/.m2/repository/org/apache/velocity/velocity-tools/2.0/velocity-tools-2.0.jar
7f1ae8194000-7f1ae8196000 r--s 00008000 08:01 6293167                    /home/gladson/.m2/repository/org/apache/maven/doxia/doxia-module-fml/1.4/doxia-module-fml-1.4.jar
7f1ae8196000-7f1ae8197000 r--s 00003000 08:01 6293166                    /home/gladson/.m2/repository/org/apache/maven/doxia/doxia-module-xhtml/1.4/doxia-module-xhtml-1.4.jar
7f1ae8197000-7f1ae8198000 r--s 0000e000 08:01 6293162                    /home/gladson/.m2/repository/org/apache/maven/doxia/doxia-decoration-model/1.4/doxia-decoration-model-1.4.jar
7f1ae8198000-7f1ae81a0000 r--s 00028000 08:01 6293160                    /home/gladson/.m2/repository/xml-apis/xml-apis/1.3.04/xml-apis-1.3.04.jar
7f1ae81a0000-7f1ae81b8000 r--s 00115000 08:01 6293161                    /home/gladson/.m2/repository/xerces/xercesImpl/2.9.1/xercesImpl-2.9.1.jar
7f1ae81b8000-7f1ae81bc000 r--s 00025000 08:01 6293159                    /home/gladson/.m2/repository/org/apache/maven/doxia/doxia-core/1.4/doxia-core-1.4.jar
7f1ae81bc000-7f1ae81be000 r--s 0000b000 08:01 6293158                    /home/gladson/.m2/repository/org/apache/maven/doxia/doxia-site-renderer/1.4/doxia-site-renderer-1.4.jar
7f1ae81be000-7f1ae81bf000 r--s 00002000 08:01 6293152                    /home/gladson/.m2/repository/org/apache/maven/doxia/doxia-logging-api/1.4/doxia-logging-api-1.4.jar
7f1ae81bf000-7f1ae81c0000 r--s 00002000 08:01 6293151                    /home/gladson/.m2/repository/org/apache/maven/doxia/doxia-sink-api/1.4/doxia-sink-api-1.4.jar
7f1ae81c0000-7f1ae81c2000 r--s 00006000 08:01 6292718                    /home/gladson/.m2/repository/org/apache/maven/shared/maven-common-artifact-filters/1.3/maven-common-artifact-filters-1.3.jar
7f1ae81c2000-7f1ae81c4000 r--s 00000000 08:01 6292670                    /home/gladson/.m2/repository/org/codehaus/plexus/plexus-component-annotations/1.5.5/plexus-component-annotations-1.5.5.jar
7f1ae81c4000-7f1ae81c6000 r--s 00006000 08:01 7346329                    /home/gladson/.m2/repository/org/apache/maven/shared/maven-invoker/2.2/maven-invoker-2.2.jar
7f1ae81c6000-7f1ae81c7000 r--s 00002000 08:01 6293148                    /home/gladson/.m2/repository/org/apache/maven/reporting/maven-reporting-api/3.0/maven-reporting-api-3.0.jar
7f1ae81c7000-7f1ae81c9000 r--s 00002000 08:01 4851088                    /home/gladson/.m2/repository/org/sonatype/plexus/plexus-cipher/1.4/plexus-cipher-1.4.jar
7f1ae81c9000-7f1ae81ca000 r--s 00006000 08:01 4851179                    /home/gladson/.m2/repository/org/sonatype/plexus/plexus-sec-dispatcher/1.3/plexus-sec-dispatcher-1.3.jar
7f1ae81ca000-7f1ae81cc000 r--s 00009000 08:01 6291975                    /home/gladson/.m2/repository/commons-cli/commons-cli/1.2/commons-cli-1.2.jar
7f1ae81cc000-7f1ae81ce000 r--s 00003000 08:01 4851173                    /home/gladson/.m2/repository/org/slf4j/jcl-over-slf4j/1.5.6/jcl-over-slf4j-1.5.6.jar
7f1ae81ce000-7f1ae81d0000 r--s 00004000 08:01 4851174                    /home/gladson/.m2/repository/org/slf4j/slf4j-api/1.5.6/slf4j-api-1.5.6.jar
7f1ae81d0000-7f1ae81d2000 r--s 00001000 08:01 4851175                    /home/gladson/.m2/repository/org/slf4j/slf4j-jdk14/1.5.6/slf4j-jdk14-1.5.6.jar
7f1ae81d2000-7f1ae81d5000 r--s 00063000 08:01 5382707                    /home/gladson/.m2/repository/org/apache/maven/plugins/maven-javadoc-plugin/2.10.4/maven-javadoc-plugin-2.10.4.jar
7f1ae81d5000-7f1ae81d9000 r--s 00035000 08:01 4858682                    /home/gladson/.m2/repository/org/codehaus/plexus/plexus-utils/3.0.8/plexus-utils-3.0.8.jar
7f1ae81d9000-7f1ae81dc000 r--s 0000c000 08:01 6298406                    /home/gladson/.m2/repository/org/codehaus/plexus/plexus-io/2.0.4/plexus-io-2.0.4.jar
7f1ae81dc000-7f1ae81e1000 r--s 00029000 08:01 6038388                    /home/gladson/.m2/repository/org/codehaus/plexus/plexus-archiver/2.2/plexus-archiver-2.2.jar
7f1ae81e1000-7f1ae81e3000 r--s 0000d000 08:01 5252332                    /home/gladson/.m2/repository/org/codehaus/plexus/plexus-interpolation/1.15/plexus-interpolation-1.15.jar
7f1ae81e3000-7f1ae81e5000 r--s 00002000 08:01 4981840                    /home/gladson/.m2/repository/org/codehaus/plexus/plexus-interactivity-api/1.0-alpha-4/plexus-interactivity-api-1.0-alpha-4.jar
7f1ae81e5000-7f1ae81e7000 r--s 00006000 08:01 6165940                    /home/gladson/.m2/repository/commons-cli/commons-cli/1.0/commons-cli-1.0.jar
7f1ae81e7000-7f1ae81e8000 r--s 00001000 08:01 6294203                    /home/gladson/.m2/repository/org/apache/maven/doxia/doxia-sink-api/1.0-alpha-7/doxia-sink-api-1.0-alpha-7.jar
7f1ae81e8000-7f1ae81e9000 r--s 00002000 08:01 6294202                    /home/gladson/.m2/repository/org/apache/maven/reporting/maven-reporting-api/2.0.6/maven-reporting-api-2.0.6.jar
7f1ae81e9000-7f1ae81eb000 r--s 00004000 08:01 6293149                    /home/gladson/.m2/repository/org/apache/maven/maven-archiver/2.5/maven-archiver-2.5.jar
7f1ae81eb000-7f1ae81ee000 r--s 0001b000 08:01 6165960                    /home/gladson/.m2/repository/junit/junit/3.8.1/junit-3.8.1.jar
7f1ae81ee000-7f1ae81f0000 r--s 00006000 08:01 6038346                    /home/gladson/.m2/repository/org/apache/maven/plugins/maven-source-plugin/2.2.1/maven-source-plugin-2.2.1.jar
7f1ae81f0000-7f1aec000000 rw-p 00000000 00:00 0 
7f1aec000000-7f1aec021000 rw-p 00000000 00:00 0 
7f1aec021000-7f1af0000000 ---p 00000000 00:00 0 
7f1af0000000-7f1af0002000 r--s 0000b000 08:01 6557064                    /home/gladson/.m2/repository/org/apache/maven/doxia/doxia-site-renderer/1.1.2/doxia-site-renderer-1.1.2.jar
7f1af0002000-7f1af0004000 r--s 00006000 08:01 5512677                    /home/gladson/.m2/repository/commons-codec/commons-codec/1.2/commons-codec-1.2.jar
7f1af0004000-7f1af000a000 r--s 00045000 08:01 5248794                    /home/gladson/.m2/repository/commons-httpclient/commons-httpclient/3.1/commons-httpclient-3.1.jar
7f1af000a000-7f1af000e000 r--s 0003c000 08:01 6165989                    /home/gladson/.m2/repository/commons-lang/commons-lang/2.4/commons-lang-2.4.jar
7f1af000e000-7f1af0025000 r--s 00112000 08:01 6557061                    /home/gladson/.m2/repository/xerces/xercesImpl/2.8.1/xercesImpl-2.8.1.jar
7f1af0025000-7f1af0029000 r--s 00023000 08:01 6557062                    /home/gladson/.m2/repository/org/apache/maven/doxia/doxia-core/1.1.2/doxia-core-1.1.2.jar
7f1af0029000-7f1af002b000 r--s 00003000 08:01 1704197                    /home/gladson/.m2/repository/org/apache/maven/reporting/maven-reporting-impl/2.1/maven-reporting-impl-2.1.jar
7f1af002b000-7f1af002c000 r--s 00002000 08:01 6291974                    /home/gladson/.m2/repository/org/apache/maven/doxia/doxia-logging-api/1.1/doxia-logging-api-1.1.jar
7f1af002c000-7f1af002e000 r--s 00002000 08:01 6291972                    /home/gladson/.m2/repository/org/apache/maven/doxia/doxia-sink-api/1.1/doxia-sink-api-1.1.jar
7f1af002e000-7f1af002f000 r--s 00002000 08:01 6291973                    /home/gladson/.m2/repository/org/apache/maven/reporting/maven-reporting-api/2.2.1/maven-reporting-api-2.2.1.jar
7f1af002f000-7f1af0031000 r--s 00008000 08:01 1705164                    /home/gladson/.m2/repository/org/apache/maven/shared/maven-shared-io/1.1/maven-shared-io-1.1.jar
7f1af0031000-7f1af0033000 r--s 00008000 08:01 1705163                    /home/gladson/.m2/repository/org/apache/maven/shared/file-management/1.2.1/file-management-1.2.1.jar
7f1af0033000-7f1af0037000 r--s 00038000 08:01 6166839                    /home/gladson/.m2/repository/org/codehaus/plexus/plexus-utils/3.0.22/plexus-utils-3.0.22.jar
7f1af0037000-7f1af003d000 r--s 00034000 08:01 6557060                    /home/gladson/.m2/repository/junit/junit/4.8.2/junit-4.8.2.jar
7f1af003d000-7f1af003f000 r--s 0000b000 08:01 5244164                    /home/gladson/.m2/repository/org/codehaus/plexus/plexus-interpolation/1.11/plexus-interpolation-1.11.jar
7f1af003f000-7f1af0047000 r--s 00049000 08:01 6291971                    /home/gladson/.m2/repository/backport-util-concurrent/backport-util-concurrent/3.1/backport-util-concurrent-3.1.jar
7f1af0047000-7f1af004a000 r--s 0001a000 08:21 1596580                    /usr/lib/jvm/java-8-oracle/jre/lib/jce.jar
7f1af004a000-7f1af004b000 r--s 0000e000 08:01 4858340                    /home/gladson/.m2/repository/org/jacoco/jacoco-maven-plugin/0.7.7.201606060606/jacoco-maven-plugin-0.7.7.201606060606.jar
7f1af004b000-7f1af004f000 r--s 00033000 08:01 4849728                    /home/gladson/.m2/repository/org/codehaus/plexus/plexus-utils/2.0.5/plexus-utils-2.0.5.jar
7f1af004f000-7f1af0050000 r--s 00005000 08:01 4719617                    /home/gladson/.m2/repository/org/apache/maven/plugins/maven-clean-plugin/2.4.1/maven-clean-plugin-2.4.1.jar
7f1af0050000-7f1af0053000 ---p 00000000 00:00 0 
7f1af0053000-7f1af0089000 rw-p 00000000 00:00 0 
7f1af0089000-7f1af008a000 r--p 00000000 00:00 0 
7f1af008a000-7f1af028a000 rw-p 00000000 00:00 0 
7f1af028a000-7f1af028e000 r--s 00097000 08:21 1596552                    /usr/lib/jvm/java-8-oracle/jre/lib/jsse.jar
7f1af028e000-7f1af048e000 rw-p 00000000 00:00 0 
7f1af048e000-7f1af0490000 r--s 0000d000 08:21 2124731                    /opt/netbeans-8.2rc/java/maven-nblib/netbeans-eventspy.jar
7f1af0490000-7f1af0492000 r--s 0000b000 08:21 2124722                    /opt/netbeans-8.2rc/java/maven/lib/maven-artifact-3.0.5.jar
7f1af0492000-7f1af0494000 r--s 0000c000 08:21 2124630                    /opt/netbeans-8.2rc/java/maven/lib/maven-aether-provider-3.0.5.jar
7f1af0494000-7f1af04b3000 r--s 00154000 08:21 2124749                    /opt/netbeans-8.2rc/java/maven/lib/sisu-guava-0.9.9.jar
7f1af04b3000-7f1af04bd000 r--s 00116000 08:21 1596680                    /usr/lib/jvm/java-8-oracle/jre/lib/ext/localedata.jar
7f1af04bd000-7f1af04c1000 r--s 0001c000 08:21 2124736                    /opt/netbeans-8.2rc/java/maven/lib/aether-util-1.13.1.jar
7f1af04c1000-7f1af04c3000 r--s 00000000 08:21 2124398                    /opt/netbeans-8.2rc/java/maven/lib/plexus-component-annotations-1.5.5.jar
7f1af04c3000-7f1af04c4000 r--s 00006000 08:21 2124664                    /opt/netbeans-8.2rc/java/maven/lib/plexus-sec-dispatcher-1.3.jar
7f1af04c4000-7f1af04c6000 r--s 0000a000 08:21 2124724                    /opt/netbeans-8.2rc/java/maven/lib/maven-settings-3.0.5.jar
7f1af04c6000-7f1af04c8000 r--s 0000b000 08:21 2124696                    /opt/netbeans-8.2rc/java/maven/lib/wagon-provider-api-2.10.jar
7f1af04c8000-7f1af04c9000 r--s 00002000 08:21 2124710                    /opt/netbeans-8.2rc/java/maven/lib/wagon-http-shared-2.10.jar
7f1af04c9000-7f1af04d5000 r--s 0007d000 08:21 2124748                    /opt/netbeans-8.2rc/java/maven/lib/maven-core-3.0.5.jar
7f1af04d5000-7f1af04d7000 r--s 0000b000 08:21 2124708                    /opt/netbeans-8.2rc/java/maven/lib/maven-plugin-api-3.0.5.jar
7f1af04d7000-7f1af04de000 r--s 0003f000 08:21 2124709                    /opt/netbeans-8.2rc/java/maven/lib/sisu-inject-bean-2.3.0.jar
7f1af04de000-7f1af04e2000 r--s 00033000 08:21 2124734                    /opt/netbeans-8.2rc/java/maven/lib/plexus-utils-2.0.6.jar
7f1af04e2000-7f1af04e4000 r--s 00002000 08:21 2124741                    /opt/netbeans-8.2rc/java/maven/lib/plexus-cipher-1.7.jar
7f1af04e4000-7f1af0513000 r--s 001c8000 08:21 2124707                    /opt/netbeans-8.2rc/java/maven/lib/wagon-http-2.10-shaded.jar
7f1af0513000-7f1af051b000 r--s 00050000 08:21 2124695                    /opt/netbeans-8.2rc/java/maven/lib/sisu-guice-3.1.0-no_aop.jar
7f1af051b000-7f1af051c000 ---p 00000000 00:00 0 
7f1af051c000-7f1af061c000 rw-p 00000000 00:00 0 
7f1af061c000-7f1af061f000 ---p 00000000 00:00 0 
7f1af061f000-7f1af071d000 rw-p 00000000 00:00 0 
7f1af071d000-7f1af0720000 ---p 00000000 00:00 0 
7f1af0720000-7f1af081e000 rw-p 00000000 00:00 0 
7f1af081e000-7f1af0821000 ---p 00000000 00:00 0 
7f1af0821000-7f1af091f000 rw-p 00000000 00:00 0 
7f1af091f000-7f1af0922000 ---p 00000000 00:00 0 
7f1af0922000-7f1af0a20000 rw-p 00000000 00:00 0 
7f1af0a20000-7f1af0a23000 ---p 00000000 00:00 0 
7f1af0a23000-7f1af0b21000 rw-p 00000000 00:00 0 
7f1af0b21000-7f1af14e0000 r--p 00000000 08:21 1452721                    /usr/lib/locale/locale-archive
7f1af14e0000-7f1af14e3000 ---p 00000000 00:00 0 
7f1af14e3000-7f1af15e1000 rw-p 00000000 00:00 0 
7f1af15e1000-7f1af15e4000 ---p 00000000 00:00 0 
7f1af15e4000-7f1af16e2000 rw-p 00000000 00:00 0 
7f1af16e2000-7f1af16e3000 ---p 00000000 00:00 0 
7f1af16e3000-7f1af2783000 rw-p 00000000 00:00 0 
7f1af2783000-7f1af295c000 r--s 03d29000 08:21 1596557                    /usr/lib/jvm/java-8-oracle/jre/lib/rt.jar
7f1af295c000-7f1af353d000 rw-p 00000000 00:00 0 
7f1af353d000-7f1af353e000 ---p 00000000 00:00 0 
7f1af353e000-7f1af363e000 rw-p 00000000 00:00 0 
7f1af363e000-7f1af363f000 ---p 00000000 00:00 0 
7f1af363f000-7f1af373f000 rw-p 00000000 00:00 0 
7f1af373f000-7f1af3740000 ---p 00000000 00:00 0 
7f1af3740000-7f1af3840000 rw-p 00000000 00:00 0 
7f1af3840000-7f1af3841000 ---p 00000000 00:00 0 
7f1af3841000-7f1af3965000 rw-p 00000000 00:00 0 
7f1af3965000-7f1af3bd7000 ---p 00000000 00:00 0 
7f1af3bd7000-7f1af3bfb000 rw-p 00000000 00:00 0 
7f1af3bfb000-7f1af3e6d000 ---p 00000000 00:00 0 
7f1af3e6d000-7f1af3ef9000 rw-p 00000000 00:00 0 
7f1af3ef9000-7f1af3fb8000 ---p 00000000 00:00 0 
7f1af3fb8000-7f1af3ff3000 rw-p 00000000 00:00 0 
7f1af3ff3000-7f1af4379000 ---p 00000000 00:00 0 
7f1af4379000-7f1af51e9000 rwxp 00000000 00:00 0 
7f1af51e9000-7f1b03379000 ---p 00000000 00:00 0 
7f1b03379000-7f1b03393000 r-xp 00000000 08:21 1596634                    /usr/lib/jvm/java-8-oracle/jre/lib/amd64/libzip.so
7f1b03393000-7f1b03593000 ---p 0001a000 08:21 1596634                    /usr/lib/jvm/java-8-oracle/jre/lib/amd64/libzip.so
7f1b03593000-7f1b03594000 rw-p 0001a000 08:21 1596634                    /usr/lib/jvm/java-8-oracle/jre/lib/amd64/libzip.so
7f1b03594000-7f1b0359f000 r-xp 00000000 08:21 3682080                    /lib/x86_64-linux-gnu/libnss_files-2.23.so
7f1b0359f000-7f1b0379e000 ---p 0000b000 08:21 3682080                    /lib/x86_64-linux-gnu/libnss_files-2.23.so
7f1b0379e000-7f1b0379f000 r--p 0000a000 08:21 3682080                    /lib/x86_64-linux-gnu/libnss_files-2.23.so
7f1b0379f000-7f1b037a0000 rw-p 0000b000 08:21 3682080                    /lib/x86_64-linux-gnu/libnss_files-2.23.so
7f1b037a0000-7f1b037a6000 rw-p 00000000 00:00 0 
7f1b037a6000-7f1b037b1000 r-xp 00000000 08:21 3682090                    /lib/x86_64-linux-gnu/libnss_nis-2.23.so
7f1b037b1000-7f1b039b0000 ---p 0000b000 08:21 3682090                    /lib/x86_64-linux-gnu/libnss_nis-2.23.so
7f1b039b0000-7f1b039b1000 r--p 0000a000 08:21 3682090                    /lib/x86_64-linux-gnu/libnss_nis-2.23.so
7f1b039b1000-7f1b039b2000 rw-p 0000b000 08:21 3682090                    /lib/x86_64-linux-gnu/libnss_nis-2.23.so
7f1b039b2000-7f1b039c8000 r-xp 00000000 08:21 3682074                    /lib/x86_64-linux-gnu/libnsl-2.23.so
7f1b039c8000-7f1b03bc7000 ---p 00016000 08:21 3682074                    /lib/x86_64-linux-gnu/libnsl-2.23.so
7f1b03bc7000-7f1b03bc8000 r--p 00015000 08:21 3682074                    /lib/x86_64-linux-gnu/libnsl-2.23.so
7f1b03bc8000-7f1b03bc9000 rw-p 00016000 08:21 3682074                    /lib/x86_64-linux-gnu/libnsl-2.23.so
7f1b03bc9000-7f1b03bcb000 rw-p 00000000 00:00 0 
7f1b03bcb000-7f1b03bd3000 r-xp 00000000 08:21 3682076                    /lib/x86_64-linux-gnu/libnss_compat-2.23.so
7f1b03bd3000-7f1b03dd2000 ---p 00008000 08:21 3682076                    /lib/x86_64-linux-gnu/libnss_compat-2.23.so
7f1b03dd2000-7f1b03dd3000 r--p 00007000 08:21 3682076                    /lib/x86_64-linux-gnu/libnss_compat-2.23.so
7f1b03dd3000-7f1b03dd4000 rw-p 00008000 08:21 3682076                    /lib/x86_64-linux-gnu/libnss_compat-2.23.so
7f1b03dd4000-7f1b03dfe000 r-xp 00000000 08:21 1596658                    /usr/lib/jvm/java-8-oracle/jre/lib/amd64/libjava.so
7f1b03dfe000-7f1b03ffe000 ---p 0002a000 08:21 1596658                    /usr/lib/jvm/java-8-oracle/jre/lib/amd64/libjava.so
7f1b03ffe000-7f1b04000000 rw-p 0002a000 08:21 1596658                    /usr/lib/jvm/java-8-oracle/jre/lib/amd64/libjava.so
7f1b04000000-7f1b05583000 rw-p 00000000 00:00 0 
7f1b05583000-7f1b08000000 ---p 00000000 00:00 0 
7f1b08000000-7f1b08001000 r--s 00002000 08:21 2124751                    /opt/netbeans-8.2rc/java/maven/lib/wagon-file-2.10.jar
7f1b08001000-7f1b08004000 r--s 00008000 08:21 2124612                    /opt/netbeans-8.2rc/java/maven/lib/maven-settings-builder-3.0.5.jar
7f1b08004000-7f1b08006000 r--s 0000d000 08:21 2124665                    /opt/netbeans-8.2rc/java/maven/lib/plexus-interpolation-1.14.jar
7f1b08006000-7f1b08007000 r--s 00003000 08:21 2124743                    /opt/netbeans-8.2rc/java/maven/lib/aether-spi-1.13.1.jar
7f1b08007000-7f1b080bf000 rw-p 00000000 00:00 0 
7f1b080bf000-7f1b080cc000 r-xp 00000000 08:21 1596614                    /usr/lib/jvm/java-8-oracle/jre/lib/amd64/libverify.so
7f1b080cc000-7f1b082cc000 ---p 0000d000 08:21 1596614                    /usr/lib/jvm/java-8-oracle/jre/lib/amd64/libverify.so
7f1b082cc000-7f1b082ce000 rw-p 0000d000 08:21 1596614                    /usr/lib/jvm/java-8-oracle/jre/lib/amd64/libverify.so
7f1b082ce000-7f1b082d5000 r-xp 00000000 08:21 3682135                    /lib/x86_64-linux-gnu/librt-2.23.so
7f1b082d5000-7f1b084d4000 ---p 00007000 08:21 3682135                    /lib/x86_64-linux-gnu/librt-2.23.so
7f1b084d4000-7f1b084d5000 r--p 00006000 08:21 3682135                    /lib/x86_64-linux-gnu/librt-2.23.so
7f1b084d5000-7f1b084d6000 rw-p 00007000 08:21 3682135                    /lib/x86_64-linux-gnu/librt-2.23.so
7f1b084d6000-7f1b085de000 r-xp 00000000 08:21 3682051                    /lib/x86_64-linux-gnu/libm-2.23.so
7f1b085de000-7f1b087dd000 ---p 00108000 08:21 3682051                    /lib/x86_64-linux-gnu/libm-2.23.so
7f1b087dd000-7f1b087de000 r--p 00107000 08:21 3682051                    /lib/x86_64-linux-gnu/libm-2.23.so
7f1b087de000-7f1b087df000 rw-p 00108000 08:21 3682051                    /lib/x86_64-linux-gnu/libm-2.23.so
7f1b087df000-7f1b094aa000 r-xp 00000000 08:21 1596668                    /usr/lib/jvm/java-8-oracle/jre/lib/amd64/server/libjvm.so
7f1b094aa000-7f1b096a9000 ---p 00ccb000 08:21 1596668                    /usr/lib/jvm/java-8-oracle/jre/lib/amd64/server/libjvm.so
7f1b096a9000-7f1b09782000 rw-p 00cca000 08:21 1596668                    /usr/lib/jvm/java-8-oracle/jre/lib/amd64/server/libjvm.so
7f1b09782000-7f1b097cd000 rw-p 00000000 00:00 0 
7f1b097cd000-7f1b0998d000 r-xp 00000000 08:21 3681981                    /lib/x86_64-linux-gnu/libc-2.23.so
7f1b0998d000-7f1b09b8c000 ---p 001c0000 08:21 3681981                    /lib/x86_64-linux-gnu/libc-2.23.so
7f1b09b8c000-7f1b09b90000 r--p 001bf000 08:21 3681981                    /lib/x86_64-linux-gnu/libc-2.23.so
7f1b09b90000-7f1b09b92000 rw-p 001c3000 08:21 3681981                    /lib/x86_64-linux-gnu/libc-2.23.so
7f1b09b92000-7f1b09b96000 rw-p 00000000 00:00 0 
7f1b09b96000-7f1b09b99000 r-xp 00000000 08:21 3682005                    /lib/x86_64-linux-gnu/libdl-2.23.so
7f1b09b99000-7f1b09d98000 ---p 00003000 08:21 3682005                    /lib/x86_64-linux-gnu/libdl-2.23.so
7f1b09d98000-7f1b09d99000 r--p 00002000 08:21 3682005                    /lib/x86_64-linux-gnu/libdl-2.23.so
7f1b09d99000-7f1b09d9a000 rw-p 00003000 08:21 3682005                    /lib/x86_64-linux-gnu/libdl-2.23.so
7f1b09d9a000-7f1b09daf000 r-xp 00000000 08:21 1595820                    /usr/lib/jvm/java-8-oracle/lib/amd64/jli/libjli.so
7f1b09daf000-7f1b09faf000 ---p 00015000 08:21 1595820                    /usr/lib/jvm/java-8-oracle/lib/amd64/jli/libjli.so
7f1b09faf000-7f1b09fb0000 rw-p 00015000 08:21 1595820                    /usr/lib/jvm/java-8-oracle/lib/amd64/jli/libjli.so
7f1b09fb0000-7f1b09fc8000 r-xp 00000000 08:21 3682127                    /lib/x86_64-linux-gnu/libpthread-2.23.so
7f1b09fc8000-7f1b0a1c7000 ---p 00018000 08:21 3682127                    /lib/x86_64-linux-gnu/libpthread-2.23.so
7f1b0a1c7000-7f1b0a1c8000 r--p 00017000 08:21 3682127                    /lib/x86_64-linux-gnu/libpthread-2.23.so
7f1b0a1c8000-7f1b0a1c9000 rw-p 00018000 08:21 3682127                    /lib/x86_64-linux-gnu/libpthread-2.23.so
7f1b0a1c9000-7f1b0a1cd000 rw-p 00000000 00:00 0 
7f1b0a1cd000-7f1b0a1f3000 r-xp 00000000 08:21 3681953                    /lib/x86_64-linux-gnu/ld-2.23.so
7f1b0a1f3000-7f1b0a1f7000 r--s 00021000 08:21 2124663                    /opt/netbeans-8.2rc/java/maven/lib/maven-model-builder-3.0.5.jar
7f1b0a1f7000-7f1b0a1fe000 r--s 0002b000 08:21 2124684                    /opt/netbeans-8.2rc/java/maven/lib/sisu-inject-plexus-2.3.0.jar
7f1b0a1fe000-7f1b0a2c9000 rw-p 00000000 00:00 0 
7f1b0a2c9000-7f1b0a2cc000 ---p 00000000 00:00 0 
7f1b0a2cc000-7f1b0a3ce000 rw-p 00000000 00:00 0 
7f1b0a3ce000-7f1b0a3d0000 r--s 00006000 08:21 2124519                    /opt/netbeans-8.2rc/java/maven/lib/maven-repository-metadata-3.0.5.jar
7f1b0a3d0000-7f1b0a3d6000 r--s 0003f000 08:21 2124737                    /opt/netbeans-8.2rc/java/maven/lib/maven-compat-3.0.5.jar
7f1b0a3d6000-7f1b0a3d8000 r--s 00006000 08:21 2124583                    /opt/netbeans-8.2rc/java/maven/lib/aether-connector-wagon-1.13.1.jar
7f1b0a3d8000-7f1b0a3db000 r--s 0001d000 08:21 2124735                    /opt/netbeans-8.2rc/java/maven/lib/aether-impl-1.13.1.jar
7f1b0a3db000-7f1b0a3dc000 r--s 0000a000 08:21 2124723                    /opt/netbeans-8.2rc/java/maven/lib/maven-embedder-3.0.5.jar
7f1b0a3dc000-7f1b0a3de000 r--s 00009000 08:21 2124752                    /opt/netbeans-8.2rc/java/maven/lib/commons-cli-1.2.jar
7f1b0a3de000-7f1b0a3e2000 r--s 00013000 08:21 2124742                    /opt/netbeans-8.2rc/java/maven/lib/aether-api-1.13.1.jar
7f1b0a3e2000-7f1b0a3e4000 r--s 00026000 08:21 2124740                    /opt/netbeans-8.2rc/java/maven/lib/maven-model-3.0.5.jar
7f1b0a3e4000-7f1b0a3e6000 r--s 0000a000 08:21 2124697                    /opt/netbeans-8.2rc/java/maven/boot/plexus-classworlds-2.4.jar
7f1b0a3e6000-7f1b0a3ee000 rw-s 00000000 08:21 394120                     /tmp/hsperfdata_gladson/7970
7f1b0a3ee000-7f1b0a3ef000 rw-p 00000000 00:00 0 
7f1b0a3ef000-7f1b0a3f0000 r--p 00000000 00:00 0 
7f1b0a3f0000-7f1b0a3f2000 rw-p 00000000 00:00 0 
7f1b0a3f2000-7f1b0a3f3000 r--p 00025000 08:21 3681953                    /lib/x86_64-linux-gnu/ld-2.23.so
7f1b0a3f3000-7f1b0a3f4000 rw-p 00026000 08:21 3681953                    /lib/x86_64-linux-gnu/ld-2.23.so
7f1b0a3f4000-7f1b0a3f5000 rw-p 00000000 00:00 0 
7fffc9384000-7fffc93a5000 rw-p 00000000 00:00 0                          [stack]
7fffc93f3000-7fffc93f5000 r--p 00000000 00:00 0                          [vvar]
7fffc93f5000-7fffc93f7000 r-xp 00000000 00:00 0                          [vdso]
ffffffffff600000-ffffffffff601000 r-xp 00000000 00:00 0                  [vsyscall]

VM Arguments:
jvm_args: -Dclassworlds.conf=/opt/netbeans-8.2rc/java/maven/bin/m2.conf -Dmaven.home=/opt/netbeans-8.2rc/java/maven 
java_command: org.codehaus.plexus.classworlds.launcher.Launcher -Dmaven.ext.class.path=/opt/netbeans-8.2rc/java/maven-nblib/netbeans-eventspy.jar clean install
java_class_path (initial): /opt/netbeans-8.2rc/java/maven/boot/plexus-classworlds-2.4.jar
Launcher Type: SUN_STANDARD

Environment Variables:
JAVA_HOME=/usr/lib/jvm/java-8-oracle
PATH=/usr/local/sbin:/usr/local/bin:/usr/sbin:/usr/bin:/sbin:/bin:/usr/games:/usr/local/games:/snap/bin:/usr/lib/jvm/java-8-oracle/bin:/usr/lib/jvm/java-8-oracle/db/bin:/usr/lib/jvm/java-8-oracle/jre/bin
LD_LIBRARY_PATH=/usr/lib/jvm/java-8-oracle/jre/lib/amd64:/usr/lib/jvm/java-8-oracle/jre/lib/i386:
SHELL=/bin/bash
DISPLAY=:0

Signal Handlers:
SIGSEGV: [libjvm.so+0xac4790], sa_mask[0]=11111111011111111101111111111110, sa_flags=SA_RESTART|SA_SIGINFO
SIGBUS: [libjvm.so+0xac4790], sa_mask[0]=11111111011111111101111111111110, sa_flags=SA_RESTART|SA_SIGINFO
SIGFPE: [libjvm.so+0x91f140], sa_mask[0]=11111111011111111101111111111110, sa_flags=SA_RESTART|SA_SIGINFO
SIGPIPE: [libjvm.so+0x91f140], sa_mask[0]=11111111011111111101111111111110, sa_flags=SA_RESTART|SA_SIGINFO
SIGXFSZ: [libjvm.so+0x91f140], sa_mask[0]=11111111011111111101111111111110, sa_flags=SA_RESTART|SA_SIGINFO
SIGILL: [libjvm.so+0x91f140], sa_mask[0]=11111111011111111101111111111110, sa_flags=SA_RESTART|SA_SIGINFO
SIGUSR1: SIG_DFL, sa_mask[0]=00000000000000000000000000000000, sa_flags=none
SIGUSR2: [libjvm.so+0x920770], sa_mask[0]=00100000000000000000000000000000, sa_flags=SA_RESTART|SA_SIGINFO
SIGHUP: [libjvm.so+0x921b70], sa_mask[0]=11111111011111111101111111111110, sa_flags=SA_RESTART|SA_SIGINFO
SIGINT: SIG_IGN, sa_mask[0]=00000000000000000000000000000000, sa_flags=none
SIGTERM: [libjvm.so+0x921b70], sa_mask[0]=11111111011111111101111111111110, sa_flags=SA_RESTART|SA_SIGINFO
SIGQUIT: [libjvm.so+0x921b70], sa_mask[0]=11111111011111111101111111111110, sa_flags=SA_RESTART|SA_SIGINFO


---------------  S Y S T E M  ---------------

OS:DISTRIB_ID=Ubuntu
DISTRIB_RELEASE=16.04
DISTRIB_CODENAME=xenial
DISTRIB_DESCRIPTION="Ubuntu 16.04.1 LTS"

uname:Linux 4.4.0-43-generic #63-Ubuntu SMP Wed Oct 12 13:48:03 UTC 2016 x86_64
libc:glibc 2.23 NPTL 2.23 
rlimit: STACK 8192k, CORE 0k, NPROC 31611, NOFILE 65536, AS infinity
load average:0,35 0,30 0,44

/proc/meminfo:
MemTotal:        8132924 kB
MemFree:          936408 kB
MemAvailable:    3423288 kB
Buffers:          415000 kB
Cached:          1900276 kB
SwapCached:          836 kB
Active:          4488044 kB
Inactive:        1960860 kB
Active(anon):    3212152 kB
Inactive(anon):   960504 kB
Active(file):    1275892 kB
Inactive(file):  1000356 kB
Unevictable:        4264 kB
Mlocked:            4264 kB
SwapTotal:        102396 kB
SwapFree:          29800 kB
Dirty:               628 kB
Writeback:             0 kB
AnonPages:       4137240 kB
Mapped:           353496 kB
Shmem:             39028 kB
Slab:             567032 kB
SReclaimable:     514492 kB
SUnreclaim:        52540 kB
KernelStack:       14624 kB
PageTables:        80996 kB
NFS_Unstable:          0 kB
Bounce:                0 kB
WritebackTmp:          0 kB
CommitLimit:     4168856 kB
Committed_AS:    9583160 kB
VmallocTotal:   34359738367 kB
VmallocUsed:           0 kB
VmallocChunk:          0 kB
HardwareCorrupted:     0 kB
AnonHugePages:   2447360 kB
CmaTotal:              0 kB
CmaFree:               0 kB
HugePages_Total:       0
HugePages_Free:        0
HugePages_Rsvd:        0
HugePages_Surp:        0
Hugepagesize:       2048 kB
DirectMap4k:      381672 kB
DirectMap2M:     7964672 kB


CPU:total 4 (4 cores per cpu, 1 threads per core) family 6 model 58 stepping 9, cmov, cx8, fxsr, mmx, sse, sse2, sse3, ssse3, sse4.1, sse4.2, popcnt, avx, aes, clmul, erms, tsc, tscinvbit, tscinv

/proc/cpuinfo:
processor	: 0
vendor_id	: GenuineIntel
cpu family	: 6
model		: 58
model name	: Intel(R) Core(TM) i5-3570K CPU @ 3.40GHz
stepping	: 9
microcode	: 0x1c
cpu MHz		: 3637.601
cache size	: 6144 KB
physical id	: 0
siblings	: 4
core id		: 0
cpu cores	: 4
apicid		: 0
initial apicid	: 0
fpu		: yes
fpu_exception	: yes
cpuid level	: 13
wp		: yes
flags		: fpu vme de pse tsc msr pae mce cx8 apic sep mtrr pge mca cmov pat pse36 clflush dts acpi mmx fxsr sse sse2 ss ht tm pbe syscall nx rdtscp lm constant_tsc arch_perfmon pebs bts rep_good nopl xtopology nonstop_tsc aperfmperf eagerfpu pni pclmulqdq dtes64 monitor ds_cpl vmx est tm2 ssse3 cx16 xtpr pdcm pcid sse4_1 sse4_2 popcnt tsc_deadline_timer aes xsave avx f16c rdrand lahf_lm epb tpr_shadow vnmi flexpriority ept vpid fsgsbase smep erms xsaveopt dtherm ida arat pln pts
bugs		:
bogomips	: 6784.63
clflush size	: 64
cache_alignment	: 64
address sizes	: 36 bits physical, 48 bits virtual
power management:

processor	: 1
vendor_id	: GenuineIntel
cpu family	: 6
model		: 58
model name	: Intel(R) Core(TM) i5-3570K CPU @ 3.40GHz
stepping	: 9
microcode	: 0x1c
cpu MHz		: 3599.882
cache size	: 6144 KB
physical id	: 0
siblings	: 4
core id		: 1
cpu cores	: 4
apicid		: 2
initial apicid	: 2
fpu		: yes
fpu_exception	: yes
cpuid level	: 13
wp		: yes
flags		: fpu vme de pse tsc msr pae mce cx8 apic sep mtrr pge mca cmov pat pse36 clflush dts acpi mmx fxsr sse sse2 ss ht tm pbe syscall nx rdtscp lm constant_tsc arch_perfmon pebs bts rep_good nopl xtopology nonstop_tsc aperfmperf eagerfpu pni pclmulqdq dtes64 monitor ds_cpl vmx est tm2 ssse3 cx16 xtpr pdcm pcid sse4_1 sse4_2 popcnt tsc_deadline_timer aes xsave avx f16c rdrand lahf_lm epb tpr_shadow vnmi flexpriority ept vpid fsgsbase smep erms xsaveopt dtherm ida arat pln pts
bugs		:
bogomips	: 6784.63
clflush size	: 64
cache_alignment	: 64
address sizes	: 36 bits physical, 48 bits virtual
power management:

processor	: 2
vendor_id	: GenuineIntel
cpu family	: 6
model		: 58
model name	: Intel(R) Core(TM) i5-3570K CPU @ 3.40GHz
stepping	: 9
microcode	: 0x1c
cpu MHz		: 3636.140
cache size	: 6144 KB
physical id	: 0
siblings	: 4
core id		: 2
cpu cores	: 4
apicid		: 4
initial apicid	: 4
fpu		: yes
fpu_exception	: yes
cpuid level	: 13
wp		: yes
flags		: fpu vme de pse tsc msr pae mce cx8 apic sep mtrr pge mca cmov pat pse36 clflush dts acpi mmx fxsr sse sse2 ss ht tm pbe syscall nx rdtscp lm constant_tsc arch_perfmon pebs bts rep_good nopl xtopology nonstop_tsc aperfmperf eagerfpu pni pclmulqdq dtes64 monitor ds_cpl vmx est tm2 ssse3 cx16 xtpr pdcm pcid sse4_1 sse4_2 popcnt tsc_deadline_timer aes xsave avx f16c rdrand lahf_lm epb tpr_shadow vnmi flexpriority ept vpid fsgsbase smep erms xsaveopt dtherm ida arat pln pts
bugs		:
bogomips	: 6784.63
clflush size	: 64
cache_alignment	: 64
address sizes	: 36 bits physical, 48 bits virtual
power management:

processor	: 3
vendor_id	: GenuineIntel
cpu family	: 6
model		: 58
model name	: Intel(R) Core(TM) i5-3570K CPU @ 3.40GHz
stepping	: 9
microcode	: 0x1c
cpu MHz		: 3628.835
cache size	: 6144 KB
physical id	: 0
siblings	: 4
core id		: 3
cpu cores	: 4
apicid		: 6
initial apicid	: 6
fpu		: yes
fpu_exception	: yes
cpuid level	: 13
wp		: yes
flags		: fpu vme de pse tsc msr pae mce cx8 apic sep mtrr pge mca cmov pat pse36 clflush dts acpi mmx fxsr sse sse2 ss ht tm pbe syscall nx rdtscp lm constant_tsc arch_perfmon pebs bts rep_good nopl xtopology nonstop_tsc aperfmperf eagerfpu pni pclmulqdq dtes64 monitor ds_cpl vmx est tm2 ssse3 cx16 xtpr pdcm pcid sse4_1 sse4_2 popcnt tsc_deadline_timer aes xsave avx f16c rdrand lahf_lm epb tpr_shadow vnmi flexpriority ept vpid fsgsbase smep erms xsaveopt dtherm ida arat pln pts
bugs		:
bogomips	: 6784.63
clflush size	: 64
cache_alignment	: 64
address sizes	: 36 bits physical, 48 bits virtual
power management:



Memory: 4k page, physical 8132924k(936408k free), swap 102396k(29800k free)

vm_info: Java HotSpot(TM) 64-Bit Server VM (25.101-b13) for linux-amd64 JRE (1.8.0_101-b13), built on Jun 22 2016 02:59:44 by "java_re" with gcc 4.3.0 20080428 (Red Hat 4.3.0-8)

time: Thu Oct 20 22:02:38 2016
elapsed time: 3 seconds (0d 0h 0m 3s)

