#
# A fatal error has been detected by the Java Runtime Environment:
#
#  SIGSEGV (0xb) at pc=0x00007fb3b1939863, pid=8171, tid=0x00007fb3c6bc8700
#
# JRE version: Java(TM) SE Runtime Environment (8.0_101-b13) (build 1.8.0_101-b13)
# Java VM: Java HotSpot(TM) 64-Bit Server VM (25.101-b13 mixed mode linux-amd64 compressed oops)
# Problematic frame:
# J 4347 C1 org.sonatype.aether.util.version.GenericVersion.trimPadding(Ljava/util/List;)V (122 bytes) @ 0x00007fb3b1939863 [0x00007fb3b1938d80+0xae3]
#
# Failed to write core dump. Core dumps have been disabled. To enable core dumping, try "ulimit -c unlimited" before starting Java again
#
# If you would like to submit a bug report, please visit:
#   http://bugreport.java.com/bugreport/crash.jsp
#

---------------  T H R E A D  ---------------

Current thread (0x00007fb3c000a000):  JavaThread "main" [_thread_in_Java, id=8173, stack(0x00007fb3c6ac8000,0x00007fb3c6bc9000)]

siginfo: si_signo: 11 (SIGSEGV), si_code: 1 (SEGV_MAPERR), si_addr: 0x0000000000000008

Registers:
RAX=0x0000000084f39b10, RBX=0x0000000000000000, RCX=0x00007fb3af65bcd0, RDX=0x0000000000000298
RSP=0x00007fb3c6bc637e, RBP=0x00007fb3c6bc6538, RSI=0x0000000000000000, RDI=0x00000000e26c8560
R8 =0x00007fb39ff3d7c8, R9 =0x0000000100010410, R10=0x00000000e26c8560, R11=0x0000000000000001
R12=0x0000000000000000, R13=0x0000000000000470, R14=0x0000000000000088, R15=0x00007fb3c000a000
RIP=0x00007fb3b1939863, EFLAGS=0x0000000000010246, CSGSFS=0x0000000000000033, ERR=0x0000000000000004
  TRAPNO=0x000000000000000e

Top of Stack: (sp=0x00007fb3c6bc637e)
0x00007fb3c6bc637e:   223a226c706d616a 636170612e67726f
0x00007fb3c6bc638e:   70223a2265736568 2c226567616b6361
0x00007fb3c6bc639e:   70227b3a226f6922 70223a2265736168
0x00007fb3c6bc63ae:   2020202020206361 0000000000002020
0x00007fb3c6bc63be:   00008453ed700000 0000000000000000
0x00007fb3c6bc63ce:   0000000000000000 0000000000000000
0x00007fb3c6bc63de:   00000000e26c8560 0000000000000000
0x00007fb3c6bc63ee:   0000000084f39b10 0039000000010000
0x00007fb3c6bc63fe:   0000e26c85780000 fff70000000a0000
0x00007fb3c6bc640e:   0001f3333334ffff 0000000000018000
0x00007fb3c6bc641e:   7fb3c6bc67c00000 7fb3b127a4540000
0x00007fb3c6bc642e:   000084f897e80000 0000000000000000
0x00007fb3c6bc643e:   0000e26c7ac80000 000084f58b800000
0x00007fb3c6bc644e:   7fb3c6bc64c80000 0000e2641e180000
0x00007fb3c6bc645e:   7fb3c6bc64e00000 7fb3b0bdb2bd0000
0x00007fb3c6bc646e:   7fb3c000a0000000 0000000000860000
0x00007fb3c6bc647e:   0000e26c85580000 0000000000000000
0x00007fb3c6bc648e:   7fb3b00120000000 0000e26c85300000
0x00007fb3c6bc649e:   0000853a63900000 0000000000030000
0x00007fb3c6bc64ae:   0000e26c85900000 7fb3b0f033840000
0x00007fb3c6bc64be:   0000853a63780000 0001000000040000
0x00007fb3c6bc64ce:   7fb3af25abd00000 00000000000a0000
0x00007fb3c6bc64de:   0000000000920000 0000e26c85a80000
0x00007fb3c6bc64ee:   0000e26b92200000 0000000002020000
0x00007fb3c6bc64fe:   7fb3c6bc68280000 7fb3b1117a040000
0x00007fb3c6bc650e:   0000840881800000 7fb3c6bc65680000
0x00007fb3c6bc651e:   7fb3c6bc68280000 7fb3b125c8bc0000
0x00007fb3c6bc652e:   7fb3c6bc68280000 7fb3c6bc68280000
0x00007fb3c6bc653e:   7fb3c6bc65680000 0000000000000000
0x00007fb3c6bc654e:   0000e1fea9180000 0000ffffffff0000
0x00007fb3c6bc655e:   0000000000000000 7fb3c6bc65580000
0x00007fb3c6bc656e:   7fb3af27a00e0000 7fb3c6bc65c00000 

Instructions: (pc=0x00007fb3b1939863)
0x00007fb3b1939843:   06 00 00 89 5c 24 68 48 89 44 24 70 48 89 7c 24
0x00007fb3b1939853:   60 48 8b 74 24 48 48 b9 d0 bc 65 af b3 7f 00 00
0x00007fb3b1939863:   8b 76 08 48 c1 e6 03 48 3b b1 b0 02 00 00 75 0d
0x00007fb3b1939873:   48 83 81 b8 02 00 00 01 e9 66 00 00 00 48 3b b1 

Register to memory mapping:

RAX=0x0000000084f39b10 is an oop
java.lang.Boolean 
 - klass: 'java/lang/Boolean'
RBX=0x0000000000000000 is an unknown value
RCX=0x00007fb3af65bcd0 is pointing into metadata
RDX=0x0000000000000298 is an unknown value
RSP=0x00007fb3c6bc637e is pointing into the stack for thread: 0x00007fb3c000a000
RBP=0x00007fb3c6bc6538 is pointing into the stack for thread: 0x00007fb3c000a000
RSI=0x0000000000000000 is an unknown value
RDI=0x00000000e26c8560 is an oop
org.sonatype.aether.util.version.GenericVersion$Item 
 - klass: 'org/sonatype/aether/util/version/GenericVersion$Item'
R8 =0x00007fb39ff3d7c8 is pointing into metadata
R9 =0x0000000100010410 is pointing into metadata
R10=0x00000000e26c8560 is an oop
org.sonatype.aether.util.version.GenericVersion$Item 
 - klass: 'org/sonatype/aether/util/version/GenericVersion$Item'
R11=0x0000000000000001 is an unknown value
R12=0x0000000000000000 is an unknown value
R13=0x0000000000000470 is an unknown value
R14=0x0000000000000088 is an unknown value
R15=0x00007fb3c000a000 is a thread


Stack: [0x00007fb3c6ac8000,0x00007fb3c6bc9000],  sp=0x00007fb3c6bc637e,  free space=1016k
Native frames: (J=compiled Java code, j=interpreted, Vv=VM code, C=native code)
J 4347 C1 org.sonatype.aether.util.version.GenericVersion.trimPadding(Ljava/util/List;)V (122 bytes) @ 0x00007fb3b1939863 [0x00007fb3b1938d80+0xae3]
C  0xfff70000000a0000


---------------  P R O C E S S  ---------------

Java Threads: ( => current thread )
  0x00007fb3c1502800 JavaThread "resolver-5" daemon [_thread_blocked, id=8251, stack(0x00007fb39f0fb000,0x00007fb39f1fc000)]
  0x00007fb3c0d6a000 JavaThread "resolver-4" daemon [_thread_blocked, id=8192, stack(0x00007fb39f1fc000,0x00007fb39f2fd000)]
  0x00007fb3c1342000 JavaThread "resolver-3" daemon [_thread_blocked, id=8191, stack(0x00007fb39f2fd000,0x00007fb39f3fe000)]
  0x00007fb3c0b25000 JavaThread "resolver-2" daemon [_thread_blocked, id=8190, stack(0x00007fb39f3fe000,0x00007fb39f4ff000)]
  0x00007fb3c0dcf000 JavaThread "resolver-1" daemon [_thread_blocked, id=8189, stack(0x00007fb39f4ff000,0x00007fb39f600000)]
  0x00007fb3c05f4000 JavaThread "process reaper" daemon [_thread_blocked, id=8188, stack(0x00007fb3ac84f000,0x00007fb3ac888000)]
  0x00007fb3c00c8800 JavaThread "Service Thread" daemon [_thread_blocked, id=8185, stack(0x00007fb3ace0d000,0x00007fb3acf0e000)]
  0x00007fb3c00bd000 JavaThread "C1 CompilerThread2" daemon [_thread_in_native, id=8184, stack(0x00007fb3acf0e000,0x00007fb3ad00f000)]
  0x00007fb3c00bb800 JavaThread "C2 CompilerThread1" daemon [_thread_blocked, id=8183, stack(0x00007fb3ad00f000,0x00007fb3ad110000)]
  0x00007fb3c00b8800 JavaThread "C2 CompilerThread0" daemon [_thread_blocked, id=8182, stack(0x00007fb3ad110000,0x00007fb3ad211000)]
  0x00007fb3c00b7000 JavaThread "Signal Dispatcher" daemon [_thread_blocked, id=8181, stack(0x00007fb3ad211000,0x00007fb3ad312000)]
  0x00007fb3c0084000 JavaThread "Finalizer" daemon [_thread_blocked, id=8180, stack(0x00007fb3adcd1000,0x00007fb3addd2000)]
  0x00007fb3c007f800 JavaThread "Reference Handler" daemon [_thread_blocked, id=8179, stack(0x00007fb3addd2000,0x00007fb3aded3000)]
=>0x00007fb3c000a000 JavaThread "main" [_thread_in_Java, id=8173, stack(0x00007fb3c6ac8000,0x00007fb3c6bc9000)]

Other Threads:
  0x00007fb3c0077800 VMThread [stack: 0x00007fb3aded3000,0x00007fb3adfd4000] [id=8178]
  0x00007fb3c00cb000 WatcherThread [stack: 0x00007fb3acd0c000,0x00007fb3ace0d000] [id=8186]

VM state:not at safepoint (normal execution)

VM Mutex/Monitor currently owned by a thread: None

Heap:
 PSYoungGen      total 278016K, used 212001K [0x00000000d6a00000, 0x00000000f2700000, 0x0000000100000000)
  eden space 262144K, 74% used [0x00000000d6a00000,0x00000000e298b640,0x00000000e6a00000)
  from space 15872K, 99% used [0x00000000e6a00000,0x00000000e797d1a0,0x00000000e7980000)
  to   space 18944K, 0% used [0x00000000f1480000,0x00000000f1480000,0x00000000f2700000)
 ParOldGen       total 78336K, used 24139K [0x0000000083e00000, 0x0000000088a80000, 0x00000000d6a00000)
  object space 78336K, 30% used [0x0000000083e00000,0x0000000085592ff8,0x0000000088a80000)
 Metaspace       used 29330K, capacity 30310K, committed 30464K, reserved 1077248K
  class space    used 3273K, capacity 3527K, committed 3584K, reserved 1048576K

Card table byte_map: [0x00007fb3b0431000,0x00007fb3b0813000] byte_map_base: 0x00007fb3b0012000

Marking Bits: (ParMarkBitMap*) 0x00007fb3c5f9f120
 Begin Bits: [0x00007fb3a41f0000, 0x00007fb3a60f8000)
 End Bits:   [0x00007fb3a60f8000, 0x00007fb3a8000000)

Polling page: 0x00007fb3c6bee000

CodeCache: size=245760Kb used=18609Kb max_used=18614Kb free=227150Kb
 bounds [0x00007fb3b0bd3000, 0x00007fb3b1e53000, 0x00007fb3bfbd3000]
 total_blobs=6375 nmethods=5972 adapters=315
 compilation: enabled

Compilation events (10 events):
Event: 11,531 Thread 0x00007fb3c00bd000 nmethod 7009 0x00007fb3b190ca10 code [0x00007fb3b190cb60, 0x00007fb3b190cc70]
Event: 11,531 Thread 0x00007fb3c00bd000 7017       1       java.util.zip.ZipEntry::getCrc (5 bytes)
Event: 11,531 Thread 0x00007fb3c00bd000 nmethod 7017 0x00007fb3b1933690 code [0x00007fb3b19337e0, 0x00007fb3b19338f0]
Event: 11,532 Thread 0x00007fb3c00bb800 nmethod 7016 0x00007fb3b1e19b50 code [0x00007fb3b1e19ca0, 0x00007fb3b1e19db8]
Event: 11,533 Thread 0x00007fb3c00bd000 7018       1       java.lang.Long::longValue (5 bytes)
Event: 11,533 Thread 0x00007fb3c00bd000 nmethod 7018 0x00007fb3b0d22450 code [0x00007fb3b0d225a0, 0x00007fb3b0d226b0]
Event: 11,533 Thread 0x00007fb3c00bd000 7019   !   3       org.codehaus.plexus.archiver.AbstractArchiver$1::hasNext (433 bytes)
Event: 11,535 Thread 0x00007fb3c00b8800 7022       4       org.codehaus.plexus.archiver.zip.ZipShort::getBytes (32 bytes)
Event: 11,535 Thread 0x00007fb3c00bd000 nmethod 7019 0x00007fb3b1e46190 code [0x00007fb3b1e46760, 0x00007fb3b1e4a698]
Event: 11,535 Thread 0x00007fb3c00b8800 nmethod 7022 0x00007fb3b18a7dd0 code [0x00007fb3b18a7f20, 0x00007fb3b18a7ff8]

GC Heap History (10 events):
Event: 1,537 GC heap before
{Heap before GC invocations=4 (full 0):
 PSYoungGen      total 70656K, used 70640K [0x00000000d6a00000, 0x00000000df400000, 0x0000000100000000)
  eden space 65536K, 100% used [0x00000000d6a00000,0x00000000daa00000,0x00000000daa00000)
  from space 5120K, 99% used [0x00000000daa00000,0x00000000daefc010,0x00000000daf00000)
  to   space 5120K, 0% used [0x00000000def00000,0x00000000def00000,0x00000000df400000)
 ParOldGen       total 86016K, used 6857K [0x0000000083e00000, 0x0000000089200000, 0x00000000d6a00000)
  object space 86016K, 7% used [0x0000000083e00000,0x00000000844b2418,0x0000000089200000)
 Metaspace       used 15559K, capacity 16062K, committed 16384K, reserved 1062912K
  class space    used 1844K, capacity 1979K, committed 2048K, reserved 1048576K
Event: 1,546 GC heap after
Heap after GC invocations=4 (full 0):
 PSYoungGen      total 136192K, used 5120K [0x00000000d6a00000, 0x00000000df400000, 0x0000000100000000)
  eden space 131072K, 0% used [0x00000000d6a00000,0x00000000d6a00000,0x00000000dea00000)
  from space 5120K, 100% used [0x00000000def00000,0x00000000df400000,0x00000000df400000)
  to   space 5120K, 0% used [0x00000000dea00000,0x00000000dea00000,0x00000000def00000)
 ParOldGen       total 86016K, used 10838K [0x0000000083e00000, 0x0000000089200000, 0x00000000d6a00000)
  object space 86016K, 12% used [0x0000000083e00000,0x0000000084895840,0x0000000089200000)
 Metaspace       used 15559K, capacity 16062K, committed 16384K, reserved 1062912K
  class space    used 1844K, capacity 1979K, committed 2048K, reserved 1048576K
}
Event: 2,360 GC heap before
{Heap before GC invocations=5 (full 0):
 PSYoungGen      total 136192K, used 136192K [0x00000000d6a00000, 0x00000000df400000, 0x0000000100000000)
  eden space 131072K, 100% used [0x00000000d6a00000,0x00000000dea00000,0x00000000dea00000)
  from space 5120K, 100% used [0x00000000def00000,0x00000000df400000,0x00000000df400000)
  to   space 5120K, 0% used [0x00000000dea00000,0x00000000dea00000,0x00000000def00000)
 ParOldGen       total 86016K, used 10838K [0x0000000083e00000, 0x0000000089200000, 0x00000000d6a00000)
  object space 86016K, 12% used [0x0000000083e00000,0x0000000084895840,0x0000000089200000)
 Metaspace       used 18400K, capacity 19102K, committed 19328K, reserved 1067008K
  class space    used 2118K, capacity 2343K, committed 2432K, reserved 1048576K
Event: 2,376 GC heap after
Heap after GC invocations=5 (full 0):
 PSYoungGen      total 136192K, used 5104K [0x00000000d6a00000, 0x00000000e8900000, 0x0000000100000000)
  eden space 131072K, 0% used [0x00000000d6a00000,0x00000000d6a00000,0x00000000dea00000)
  from space 5120K, 99% used [0x00000000dea00000,0x00000000deefc030,0x00000000def00000)
  to   space 15872K, 0% used [0x00000000e7980000,0x00000000e7980000,0x00000000e8900000)
 ParOldGen       total 86016K, used 20720K [0x0000000083e00000, 0x0000000089200000, 0x00000000d6a00000)
  object space 86016K, 24% used [0x0000000083e00000,0x000000008523c158,0x0000000089200000)
 Metaspace       used 18400K, capacity 19102K, committed 19328K, reserved 1067008K
  class space    used 2118K, capacity 2343K, committed 2432K, reserved 1048576K
}
Event: 2,458 GC heap before
{Heap before GC invocations=6 (full 0):
 PSYoungGen      total 136192K, used 13174K [0x00000000d6a00000, 0x00000000e8900000, 0x0000000100000000)
  eden space 131072K, 6% used [0x00000000d6a00000,0x00000000d71e1a10,0x00000000dea00000)
  from space 5120K, 99% used [0x00000000dea00000,0x00000000deefc030,0x00000000def00000)
  to   space 15872K, 0% used [0x00000000e7980000,0x00000000e7980000,0x00000000e8900000)
 ParOldGen       total 86016K, used 20720K [0x0000000083e00000, 0x0000000089200000, 0x00000000d6a00000)
  object space 86016K, 24% used [0x0000000083e00000,0x000000008523c158,0x0000000089200000)
 Metaspace       used 20425K, capacity 21138K, committed 21296K, reserved 1069056K
  class space    used 2410K, capacity 2639K, committed 2688K, reserved 1048576K
Event: 2,466 GC heap after
Heap after GC invocations=6 (full 0):
 PSYoungGen      total 278016K, used 5924K [0x00000000d6a00000, 0x00000000e8900000, 0x0000000100000000)
  eden space 262144K, 0% used [0x00000000d6a00000,0x00000000d6a00000,0x00000000e6a00000)
  from space 15872K, 37% used [0x00000000e7980000,0x00000000e7f49028,0x00000000e8900000)
  to   space 15872K, 0% used [0x00000000e6a00000,0x00000000e6a00000,0x00000000e7980000)
 ParOldGen       total 86016K, used 20728K [0x0000000083e00000, 0x0000000089200000, 0x00000000d6a00000)
  object space 86016K, 24% used [0x0000000083e00000,0x000000008523e158,0x0000000089200000)
 Metaspace       used 20425K, capacity 21138K, committed 21296K, reserved 1069056K
  class space    used 2410K, capacity 2639K, committed 2688K, reserved 1048576K
}
Event: 2,466 GC heap before
{Heap before GC invocations=7 (full 1):
 PSYoungGen      total 278016K, used 5924K [0x00000000d6a00000, 0x00000000e8900000, 0x0000000100000000)
  eden space 262144K, 0% used [0x00000000d6a00000,0x00000000d6a00000,0x00000000e6a00000)
  from space 15872K, 37% used [0x00000000e7980000,0x00000000e7f49028,0x00000000e8900000)
  to   space 15872K, 0% used [0x00000000e6a00000,0x00000000e6a00000,0x00000000e7980000)
 ParOldGen       total 86016K, used 20728K [0x0000000083e00000, 0x0000000089200000, 0x00000000d6a00000)
  object space 86016K, 24% used [0x0000000083e00000,0x000000008523e158,0x0000000089200000)
 Metaspace       used 20425K, capacity 21138K, committed 21296K, reserved 1069056K
  class space    used 2410K, capacity 2639K, committed 2688K, reserved 1048576K
Event: 2,513 GC heap after
Heap after GC invocations=7 (full 1):
 PSYoungGen      total 278016K, used 0K [0x00000000d6a00000, 0x00000000e8900000, 0x0000000100000000)
  eden space 262144K, 0% used [0x00000000d6a00000,0x00000000d6a00000,0x00000000e6a00000)
  from space 15872K, 0% used [0x00000000e7980000,0x00000000e7980000,0x00000000e8900000)
  to   space 15872K, 0% used [0x00000000e6a00000,0x00000000e6a00000,0x00000000e7980000)
 ParOldGen       total 78336K, used 22854K [0x0000000083e00000, 0x0000000088a80000, 0x00000000d6a00000)
  object space 78336K, 29% used [0x0000000083e00000,0x00000000854518a0,0x0000000088a80000)
 Metaspace       used 20425K, capacity 21138K, committed 21296K, reserved 1069056K
  class space    used 2410K, capacity 2639K, committed 2688K, reserved 1048576K
}
Event: 8,441 GC heap before
{Heap before GC invocations=8 (full 1):
 PSYoungGen      total 278016K, used 262144K [0x00000000d6a00000, 0x00000000e8900000, 0x0000000100000000)
  eden space 262144K, 100% used [0x00000000d6a00000,0x00000000e6a00000,0x00000000e6a00000)
  from space 15872K, 0% used [0x00000000e7980000,0x00000000e7980000,0x00000000e8900000)
  to   space 15872K, 0% used [0x00000000e6a00000,0x00000000e6a00000,0x00000000e7980000)
 ParOldGen       total 78336K, used 22854K [0x0000000083e00000, 0x0000000088a80000, 0x00000000d6a00000)
  object space 78336K, 29% used [0x0000000083e00000,0x00000000854518a0,0x0000000088a80000)
 Metaspace       used 28856K, capacity 29786K, committed 29952K, reserved 1075200K
  class space    used 3269K, capacity 3525K, committed 3584K, reserved 1048576K
Event: 8,467 GC heap after
Heap after GC invocations=8 (full 1):
 PSYoungGen      total 278016K, used 15860K [0x00000000d6a00000, 0x00000000f2700000, 0x0000000100000000)
  eden space 262144K, 0% used [0x00000000d6a00000,0x00000000d6a00000,0x00000000e6a00000)
  from space 15872K, 99% used [0x00000000e6a00000,0x00000000e797d1a0,0x00000000e7980000)
  to   space 18944K, 0% used [0x00000000f1480000,0x00000000f1480000,0x00000000f2700000)
 ParOldGen       total 78336K, used 24139K [0x0000000083e00000, 0x0000000088a80000, 0x00000000d6a00000)
  object space 78336K, 30% used [0x0000000083e00000,0x0000000085592ff8,0x0000000088a80000)
 Metaspace       used 28856K, capacity 29786K, committed 29952K, reserved 1075200K
  class space    used 3269K, capacity 3525K, committed 3584K, reserved 1048576K
}

Deoptimization events (10 events):
Event: 5,289 Thread 0x00007fb3c000a000 Uncommon trap: reason=class_check action=maybe_recompile pc=0x00007fb3b1c4f32c method=com.sun.tools.javac.code.Type$ClassType.allparams()Lcom/sun/tools/javac/util/List; @ 16
Event: 5,291 Thread 0x00007fb3c000a000 Uncommon trap: reason=class_check action=maybe_recompile pc=0x00007fb3b1c4f32c method=com.sun.tools.javac.code.Type$ClassType.allparams()Lcom/sun/tools/javac/util/List; @ 16
Event: 5,304 Thread 0x00007fb3c000a000 Uncommon trap: reason=unstable_if action=reinterpret pc=0x00007fb3b1c36770 method=com.sun.tools.javac.util.Convert.chars2utf([CI[BII)I @ 35
Event: 5,304 Thread 0x00007fb3c000a000 Uncommon trap: reason=unstable_if action=reinterpret pc=0x00007fb3b1b842a8 method=com.sun.tools.javac.util.Convert.chars2utf([CI[BII)I @ 35
Event: 5,347 Thread 0x00007fb3c0dcf000 Uncommon trap: reason=null_check action=make_not_entrant pc=0x00007fb3b16e7164 method=java.lang.StringCoding.deref(Ljava/lang/ThreadLocal;)Ljava/lang/Object; @ 4
Event: 9,535 Thread 0x00007fb3c000a000 Uncommon trap: reason=unstable_if action=reinterpret pc=0x00007fb3b0ce472c method=org.jacoco.core.internal.analysis.CounterImpl.getInstance(II)Lorg/jacoco/core/internal/analysis/CounterImpl; @ 9
Event: 9,633 Thread 0x00007fb3c000a000 Uncommon trap: reason=predicate action=maybe_recompile pc=0x00007fb3b10900f8 method=java.util.ComparableTimSort.binarySort([Ljava/lang/Object;III)V @ 37
Event: 9,634 Thread 0x00007fb3c000a000 Uncommon trap: reason=unstable_if action=reinterpret pc=0x00007fb3b1bb741c method=javax.lang.model.SourceVersion.isIdentifier(Ljava/lang/CharSequence;)Z @ 54
Event: 9,668 Thread 0x00007fb3c000a000 Uncommon trap: reason=unstable_if action=reinterpret pc=0x00007fb3b1c493bc method=com.sun.tools.javac.code.Scope.dble()V @ 113
Event: 11,019 Thread 0x00007fb3c000a000 Uncommon trap: reason=unstable_if action=reinterpret pc=0x00007fb3b1bf27b4 method=org.codehaus.plexus.util.SelectorUtils.match(Ljava/lang/String;Ljava/lang/String;Z)Z @ 112

Internal exceptions (10 events):
Event: 5,347 Thread 0x00007fb3c0dcf000 Implicit null exception at 0x00007fb3b16e6317 to 0x00007fb3b16e7149
Event: 9,632 Thread 0x00007fb3c000a000 Exception <a 'java/io/FileNotFoundException'> (0x00000000dc36d428) thrown at [/HUDSON3/workspace/8-2-build-linux-amd64/jdk8u101/7261/hotspot/src/share/vm/prims/jni.cpp, line 709]
Event: 9,633 Thread 0x00007fb3c000a000 Exception <a 'java/io/FileNotFoundException'> (0x00000000dc36e998) thrown at [/HUDSON3/workspace/8-2-build-linux-amd64/jdk8u101/7261/hotspot/src/share/vm/prims/jni.cpp, line 709]
Event: 9,685 Thread 0x00007fb3c000a000 Exception <a 'java/io/FileNotFoundException'> (0x00000000dceaba80) thrown at [/HUDSON3/workspace/8-2-build-linux-amd64/jdk8u101/7261/hotspot/src/share/vm/prims/jni.cpp, line 709]
Event: 9,686 Thread 0x00007fb3c000a000 Exception <a 'java/io/FileNotFoundException'> (0x00000000dceacff0) thrown at [/HUDSON3/workspace/8-2-build-linux-amd64/jdk8u101/7261/hotspot/src/share/vm/prims/jni.cpp, line 709]
Event: 11,036 Thread 0x00007fb3c000a000 Exception <a 'java/io/FileNotFoundException'> (0x00000000e0ed5288) thrown at [/HUDSON3/workspace/8-2-build-linux-amd64/jdk8u101/7261/hotspot/src/share/vm/prims/jni.cpp, line 709]
Event: 11,037 Thread 0x00007fb3c000a000 Exception <a 'java/io/FileNotFoundException'> (0x00000000e0ed67f8) thrown at [/HUDSON3/workspace/8-2-build-linux-amd64/jdk8u101/7261/hotspot/src/share/vm/prims/jni.cpp, line 709]
Event: 11,118 Thread 0x00007fb3c000a000 Exception <a 'java/io/FileNotFoundException'> (0x00000000e1cc6df8) thrown at [/HUDSON3/workspace/8-2-build-linux-amd64/jdk8u101/7261/hotspot/src/share/vm/prims/jni.cpp, line 709]
Event: 11,118 Thread 0x00007fb3c000a000 Exception <a 'java/io/FileNotFoundException'> (0x00000000e1cc8368) thrown at [/HUDSON3/workspace/8-2-build-linux-amd64/jdk8u101/7261/hotspot/src/share/vm/prims/jni.cpp, line 709]
Event: 11,535 Thread 0x00007fb3c000a000 Implicit null exception at 0x00007fb3b1939863 to 0x0000000000000000

Events (10 events):
Event: 11,524 Executing VM operation: RevokeBias done
Event: 11,524 Executing VM operation: RevokeBias
Event: 11,525 Executing VM operation: RevokeBias done
Event: 11,525 Executing VM operation: RevokeBias
Event: 11,525 Executing VM operation: RevokeBias done
Event: 11,525 Thread 0x00007fb3c0ca4800 Thread exited: 0x00007fb3c0ca4800
Event: 11,525 Executing VM operation: RevokeBias
Event: 11,525 Executing VM operation: RevokeBias done
Event: 11,525 Thread 0x00007fb3c0632000 Thread exited: 0x00007fb3c0632000
Event: 11,525 Thread 0x00007fb3c00bd000 flushing nmethod 0x00007fb3b102a650


Dynamic libraries:
00400000-00401000 r-xp 00000000 08:21 1596530                            /usr/lib/jvm/java-8-oracle/bin/java
00600000-00601000 rw-p 00000000 08:21 1596530                            /usr/lib/jvm/java-8-oracle/bin/java
00a0f000-00a30000 rw-p 00000000 00:00 0                                  [heap]
83e00000-88a80000 rw-p 00000000 00:00 0 
88a80000-d6a00000 ---p 00000000 00:00 0 
d6a00000-f2700000 rw-p 00000000 00:00 0 
f2700000-100000000 ---p 00000000 00:00 0 
100000000-100380000 rw-p 00000000 00:00 0 
100380000-140000000 ---p 00000000 00:00 0 
7fb348000000-7fb34808a000 rw-p 00000000 00:00 0 
7fb34808a000-7fb34c000000 ---p 00000000 00:00 0 
7fb34c000000-7fb34c084000 rw-p 00000000 00:00 0 
7fb34c084000-7fb350000000 ---p 00000000 00:00 0 
7fb350000000-7fb35008b000 rw-p 00000000 00:00 0 
7fb35008b000-7fb354000000 ---p 00000000 00:00 0 
7fb354000000-7fb354089000 rw-p 00000000 00:00 0 
7fb354089000-7fb358000000 ---p 00000000 00:00 0 
7fb358000000-7fb358021000 rw-p 00000000 00:00 0 
7fb358021000-7fb35c000000 ---p 00000000 00:00 0 
7fb35c000000-7fb35c04a000 rw-p 00000000 00:00 0 
7fb35c04a000-7fb360000000 ---p 00000000 00:00 0 
7fb360000000-7fb360021000 rw-p 00000000 00:00 0 
7fb360021000-7fb364000000 ---p 00000000 00:00 0 
7fb364000000-7fb364021000 rw-p 00000000 00:00 0 
7fb364021000-7fb368000000 ---p 00000000 00:00 0 
7fb368000000-7fb368021000 rw-p 00000000 00:00 0 
7fb368021000-7fb36c000000 ---p 00000000 00:00 0 
7fb36c000000-7fb36c021000 rw-p 00000000 00:00 0 
7fb36c021000-7fb370000000 ---p 00000000 00:00 0 
7fb370000000-7fb370021000 rw-p 00000000 00:00 0 
7fb370021000-7fb374000000 ---p 00000000 00:00 0 
7fb374000000-7fb374021000 rw-p 00000000 00:00 0 
7fb374021000-7fb378000000 ---p 00000000 00:00 0 
7fb378000000-7fb378fa5000 rw-p 00000000 00:00 0 
7fb378fa5000-7fb37c000000 ---p 00000000 00:00 0 
7fb37c000000-7fb37cd68000 rw-p 00000000 00:00 0 
7fb37cd68000-7fb380000000 ---p 00000000 00:00 0 
7fb380000000-7fb380021000 rw-p 00000000 00:00 0 
7fb380021000-7fb384000000 ---p 00000000 00:00 0 
7fb384000000-7fb385552000 rw-p 00000000 00:00 0 
7fb385552000-7fb388000000 ---p 00000000 00:00 0 
7fb388000000-7fb388021000 rw-p 00000000 00:00 0 
7fb388021000-7fb38c000000 ---p 00000000 00:00 0 
7fb38c000000-7fb38c021000 rw-p 00000000 00:00 0 
7fb38c021000-7fb390000000 ---p 00000000 00:00 0 
7fb390000000-7fb390021000 rw-p 00000000 00:00 0 
7fb390021000-7fb394000000 ---p 00000000 00:00 0 
7fb394000000-7fb394021000 rw-p 00000000 00:00 0 
7fb394021000-7fb398000000 ---p 00000000 00:00 0 
7fb398000000-7fb398021000 rw-p 00000000 00:00 0 
7fb398021000-7fb39c000000 ---p 00000000 00:00 0 
7fb39e6f7000-7fb39e737000 rw-p 00000000 00:00 0 
7fb39e737000-7fb39e8fa000 ---p 00000000 00:00 0 
7fb39e8fa000-7fb39ebf8000 rw-p 00000000 00:00 0 
7fb39ebf8000-7fb39ebfb000 ---p 00000000 00:00 0 
7fb39ebfb000-7fb39eef9000 rw-p 00000000 00:00 0 
7fb39eef9000-7fb39eefc000 ---p 00000000 00:00 0 
7fb39eefc000-7fb39effa000 rw-p 00000000 00:00 0 
7fb39effa000-7fb39effd000 ---p 00000000 00:00 0 
7fb39effd000-7fb39f0fb000 rw-p 00000000 00:00 0 
7fb39f0fb000-7fb39f0fe000 ---p 00000000 00:00 0 
7fb39f0fe000-7fb39f1fc000 rw-p 00000000 00:00 0 
7fb39f1fc000-7fb39f1ff000 ---p 00000000 00:00 0 
7fb39f1ff000-7fb39f2fd000 rw-p 00000000 00:00 0 
7fb39f2fd000-7fb39f300000 ---p 00000000 00:00 0 
7fb39f300000-7fb39f3fe000 rw-p 00000000 00:00 0 
7fb39f3fe000-7fb39f401000 ---p 00000000 00:00 0 
7fb39f401000-7fb39f4ff000 rw-p 00000000 00:00 0 
7fb39f4ff000-7fb39f502000 ---p 00000000 00:00 0 
7fb39f502000-7fb39f800000 rw-p 00000000 00:00 0 
7fb39f800000-7fb39fa00000 rw-p 00000000 00:00 0 
7fb39fa00000-7fb39fc00000 rw-p 00000000 00:00 0 
7fb39fc00000-7fb39fe00000 rw-p 00000000 00:00 0 
7fb39fe00000-7fb3a0000000 rw-p 00000000 00:00 0 
7fb3a0000000-7fb3a0021000 rw-p 00000000 00:00 0 
7fb3a0021000-7fb3a4000000 ---p 00000000 00:00 0 
7fb3a40a4000-7fb3a40ab000 r--s 00000000 08:21 1839307                    /usr/lib/x86_64-linux-gnu/gconv/gconv-modules.cache
7fb3a40ab000-7fb3a40cc000 r--p 00000000 08:21 2236433                    /usr/share/locale-langpack/pt_BR/LC_MESSAGES/libc.mo
7fb3a40de000-7fb3a40e2000 r--s 00034000 08:01 4989056                    /home/gladson/.m2/repository/org/codehaus/plexus/plexus-utils/3.0/plexus-utils-3.0.jar
7fb3a40e2000-7fb3a40e6000 r--s 0002f000 08:01 6297473                    /home/gladson/.m2/repository/commons-lang/commons-lang/2.1/commons-lang-2.1.jar
7fb3a40e6000-7fb3a40e9000 r--s 0000c000 08:01 6298499                    /home/gladson/.m2/repository/org/codehaus/plexus/plexus-io/2.0.1/plexus-io-2.0.1.jar
7fb3a40e9000-7fb3a40ed000 r--s 00028000 08:01 6039804                    /home/gladson/.m2/repository/org/codehaus/plexus/plexus-archiver/2.0.1/plexus-archiver-2.0.1.jar
7fb3a40ed000-7fb3a40ee000 r--s 00004000 08:01 6298498                    /home/gladson/.m2/repository/org/apache/maven/maven-archiver/2.4.2/maven-archiver-2.4.2.jar
7fb3a40ee000-7fb3a40ef000 r--s 00007000 08:01 4719584                    /home/gladson/.m2/repository/org/apache/maven/plugins/maven-jar-plugin/2.3.2/maven-jar-plugin-2.3.2.jar
7fb3a40ef000-7fb3a40f0000 r--s 00002000 08:01 6165938                    /home/gladson/.m2/repository/org/apache/maven/reporting/maven-reporting-api/2.0.9/maven-reporting-api-2.0.9.jar
7fb3a40f0000-7fb3a40f3000 r--s 00034000 08:01 4851221                    /home/gladson/.m2/repository/org/codehaus/plexus/plexus-utils/2.1/plexus-utils-2.1.jar
7fb3a40f3000-7fb3a40f5000 r--s 0000d000 08:01 6292719                    /home/gladson/.m2/repository/org/apache/maven/surefire/maven-surefire-common/2.10/maven-surefire-common-2.10.jar
7fb3a40f5000-7fb3a40fa000 r--s 00023000 08:01 6292720                    /home/gladson/.m2/repository/org/apache/maven/surefire/surefire-api/2.10/surefire-api-2.10.jar
7fb3a40fa000-7fb3a40fc000 r--s 00007000 08:01 6292717                    /home/gladson/.m2/repository/org/apache/maven/surefire/surefire-booter/2.10/surefire-booter-2.10.jar
7fb3a40fc000-7fb3a40fe000 r--s 00006000 08:01 4719597                    /home/gladson/.m2/repository/org/apache/maven/plugins/maven-surefire-plugin/2.10/maven-surefire-plugin-2.10.jar
7fb3a40fe000-7fb3a4177000 r--s 010e5000 08:21 1595823                    /usr/lib/jvm/java-8-oracle/lib/tools.jar
7fb3a4177000-7fb3a4178000 r--s 00004000 08:01 6298486                    /home/gladson/.m2/repository/org/codehaus/plexus/plexus-compiler-javac/2.7/plexus-compiler-javac-2.7.jar
7fb3a4178000-7fb3a417a000 r--s 00000000 08:01 6298485                    /home/gladson/.m2/repository/org/codehaus/plexus/plexus-compiler-manager/2.7/plexus-compiler-manager-2.7.jar
7fb3a417a000-7fb3a417c000 r--s 00005000 08:01 6298483                    /home/gladson/.m2/repository/org/codehaus/plexus/plexus-compiler-api/2.7/plexus-compiler-api-2.7.jar
7fb3a417c000-7fb3a417e000 r--s 00002000 08:01 6292669                    /home/gladson/.m2/repository/org/apache/maven/shared/maven-shared-incremental/1.1/maven-shared-incremental-1.1.jar
7fb3a417e000-7fb3a4180000 r--s 00006000 08:01 5641595                    /home/gladson/.m2/repository/com/google/code/findbugs/jsr305/2.0.1/jsr305-2.0.1.jar
7fb3a4180000-7fb3a4184000 r--s 0002a000 08:01 6171119                    /home/gladson/.m2/repository/commons-io/commons-io/2.4/commons-io-2.4.jar
7fb3a4184000-7fb3a4187000 r--s 00023000 08:01 6298482                    /home/gladson/.m2/repository/org/apache/maven/shared/maven-shared-utils/3.0.0/maven-shared-utils-3.0.0.jar
7fb3a4187000-7fb3a4189000 r--s 0000d000 08:01 5244069                    /home/gladson/.m2/repository/org/codehaus/plexus/plexus-interpolation/1.14/plexus-interpolation-1.14.jar
7fb3a4189000-7fb3a418d000 r--s 00017000 08:01 5252340                    /home/gladson/.m2/repository/org/sonatype/aether/aether-util/1.7/aether-util-1.7.jar
7fb3a418d000-7fb3a4191000 r--s 00033000 08:01 6688959                    /home/gladson/.m2/repository/org/codehaus/plexus/plexus-utils/2.0.4/plexus-utils-2.0.4.jar
7fb3a4191000-7fb3a419c000 r--s 00069000 08:01 5775689                    /home/gladson/.m2/repository/org/sonatype/sisu/sisu-guice/2.1.7/sisu-guice-2.1.7-noaop.jar
7fb3a419c000-7fb3a41a1000 r--s 00021000 08:01 6039798                    /home/gladson/.m2/repository/org/sonatype/sisu/sisu-inject-bean/1.4.2/sisu-inject-bean-1.4.2.jar
7fb3a41a1000-7fb3a41a3000 r--s 0000b000 08:01 5773251                    /home/gladson/.m2/repository/org/apache/maven/plugins/maven-compiler-plugin/3.5.1/maven-compiler-plugin-3.5.1.jar
7fb3a41a3000-7fb3a41a5000 r--s 0000d000 08:01 1705198                    /home/gladson/.m2/repository/org/codehaus/plexus/plexus-interpolation/1.13/plexus-interpolation-1.13.jar
7fb3a41a5000-7fb3a41a6000 r--s 00001000 08:01 4851182                    /home/gladson/.m2/repository/org/sonatype/plexus/plexus-build-api/0.0.4/plexus-build-api-0.0.4.jar
7fb3a41a6000-7fb3a41a8000 r--s 00009000 08:01 1705197                    /home/gladson/.m2/repository/org/apache/maven/shared/maven-filtering/1.0/maven-filtering-1.0.jar
7fb3a41a8000-7fb3a41aa000 r--s 00005000 08:01 4719422                    /home/gladson/.m2/repository/org/apache/maven/plugins/maven-resources-plugin/2.5/maven-resources-plugin-2.5.jar
7fb3a41aa000-7fb3a41ab000 r--s 00002000 08:01 6171272                    /home/gladson/.m2/repository/org/codehaus/plexus/plexus-digest/1.0/plexus-digest-1.0.jar
7fb3a41ab000-7fb3a41ac000 r--s 00005000 08:01 4719624                    /home/gladson/.m2/repository/org/apache/maven/plugins/maven-install-plugin/2.3.1/maven-install-plugin-2.3.1.jar
7fb3a41ac000-7fb3a41b0000 r--s 00039000 08:01 5122443                    /home/gladson/.m2/repository/org/codehaus/plexus/plexus-utils/3.0.24/plexus-utils-3.0.24.jar
7fb3a41b0000-7fb3a41b4000 r--s 00015000 08:01 2241731                    /home/gladson/.m2/repository/org/tukaani/xz/1.5/xz-1.5.jar
7fb3a41b4000-7fb3a41b6000 r--s 0000d000 08:01 5262185                    /home/gladson/.m2/repository/org/iq80/snappy/snappy/0.4/snappy-0.4.jar
7fb3a41b6000-7fb3a41be000 r--s 00060000 08:01 5516952                    /home/gladson/.m2/repository/org/apache/commons/commons-compress/1.11/commons-compress-1.11.jar
7fb3a41be000-7fb3a41c1000 r--s 00012000 08:01 6301310                    /home/gladson/.m2/repository/org/codehaus/plexus/plexus-io/2.7.1/plexus-io-2.7.1.jar
7fb3a41c1000-7fb3a41c6000 r--s 00029000 08:01 5641673                    /home/gladson/.m2/repository/org/codehaus/plexus/plexus-archiver/3.3/plexus-archiver-3.3.jar
7fb3a41c6000-7fb3a41ca000 r--s 00028000 08:01 6293200                    /home/gladson/.m2/repository/com/thoughtworks/qdox/qdox/1.12.1/qdox-1.12.1.jar
7fb3a41ca000-7fb3a41d1000 r--s 00053000 08:01 6293197                    /home/gladson/.m2/repository/log4j/log4j/1.2.14/log4j-1.2.14.jar
7fb3a41d1000-7fb3a41d3000 r--s 0000d000 08:01 5375475                    /home/gladson/.m2/repository/commons-logging/commons-logging/1.1.1/commons-logging-1.1.1.jar
7fb3a41d3000-7fb3a41d9000 r--s 00033000 08:01 5375308                    /home/gladson/.m2/repository/commons-codec/commons-codec/1.6/commons-codec-1.6.jar
7fb3a41d9000-7fb3a41e2000 r--s 00061000 08:01 5375474                    /home/gladson/.m2/repository/org/apache/httpcomponents/httpclient/4.2.3/httpclient-4.2.3.jar
7fb3a41e2000-7fb3a41f0000 r--s 0007f000 08:01 6293192                    /home/gladson/.m2/repository/commons-collections/commons-collections/3.2.1/commons-collections-3.2.1.jar
7fb3a41f0000-7fb3a8000000 rw-p 00000000 00:00 0 
7fb3a8000000-7fb3a8021000 rw-p 00000000 00:00 0 
7fb3a8021000-7fb3ac000000 ---p 00000000 00:00 0 
7fb3ac000000-7fb3ac006000 r--s 00031000 08:01 5641622                    /home/gladson/.m2/repository/org/apache/httpcomponents/httpcore/4.2.2/httpcore-4.2.2.jar
7fb3ac006000-7fb3ac00a000 r--s 0002f000 08:01 5516920                    /home/gladson/.m2/repository/commons-io/commons-io/2.5/commons-io-2.5.jar
7fb3ac00a000-7fb3ac00d000 r--s 0001b000 08:01 6293190                    /home/gladson/.m2/repository/org/apache/struts/struts-tiles/1.3.8/struts-tiles-1.3.8.jar
7fb3ac00d000-7fb3ac012000 r--s 00039000 08:01 6293189                    /home/gladson/.m2/repository/org/apache/struts/struts-taglib/1.3.8/struts-taglib-1.3.8.jar
7fb3ac012000-7fb3ac017000 r--s 00053000 08:01 6165987                    /home/gladson/.m2/repository/antlr/antlr/2.7.2/antlr-2.7.2.jar
7fb3ac017000-7fb3ac01d000 r--s 0004b000 08:01 6293187                    /home/gladson/.m2/repository/org/apache/struts/struts-core/1.3.8/struts-core-1.3.8.jar
7fb3ac01d000-7fb3ac01f000 r--s 00005000 08:01 6293184                    /home/gladson/.m2/repository/sslext/sslext/1.2-0/sslext-1.2-0.jar
7fb3ac01f000-7fb3ac027000 r--s 00068000 08:01 6293183                    /home/gladson/.m2/repository/dom4j/dom4j/1.1/dom4j-1.1.jar
7fb3ac027000-7fb3ac02a000 r--s 0001f000 08:01 6293182                    /home/gladson/.m2/repository/commons-validator/commons-validator/1.3.1/commons-validator-1.3.1.jar
7fb3ac02a000-7fb3ac02c000 r--s 00014000 08:01 6293178                    /home/gladson/.m2/repository/commons-chain/commons-chain/1.1/commons-chain-1.1.jar
7fb3ac02c000-7fb3ac030000 r--s 00020000 08:01 6293177                    /home/gladson/.m2/repository/commons-digester/commons-digester/1.8/commons-digester-1.8.jar
7fb3ac030000-7fb3ac036000 r--s 0004f000 08:01 6293173                    /home/gladson/.m2/repository/org/apache/velocity/velocity-tools/2.0/velocity-tools-2.0.jar
7fb3ac036000-7fb3ac038000 r--s 00008000 08:01 6293167                    /home/gladson/.m2/repository/org/apache/maven/doxia/doxia-module-fml/1.4/doxia-module-fml-1.4.jar
7fb3ac038000-7fb3ac039000 r--s 00003000 08:01 6293166                    /home/gladson/.m2/repository/org/apache/maven/doxia/doxia-module-xhtml/1.4/doxia-module-xhtml-1.4.jar
7fb3ac039000-7fb3ac03a000 r--s 0000e000 08:01 6293162                    /home/gladson/.m2/repository/org/apache/maven/doxia/doxia-decoration-model/1.4/doxia-decoration-model-1.4.jar
7fb3ac03a000-7fb3ac042000 r--s 00028000 08:01 6293160                    /home/gladson/.m2/repository/xml-apis/xml-apis/1.3.04/xml-apis-1.3.04.jar
7fb3ac042000-7fb3ac05a000 r--s 00115000 08:01 6293161                    /home/gladson/.m2/repository/xerces/xercesImpl/2.9.1/xercesImpl-2.9.1.jar
7fb3ac05a000-7fb3ac05e000 r--s 00025000 08:01 6293159                    /home/gladson/.m2/repository/org/apache/maven/doxia/doxia-core/1.4/doxia-core-1.4.jar
7fb3ac05e000-7fb3ac060000 r--s 0000b000 08:01 6293158                    /home/gladson/.m2/repository/org/apache/maven/doxia/doxia-site-renderer/1.4/doxia-site-renderer-1.4.jar
7fb3ac060000-7fb3ac061000 r--s 00002000 08:01 6293152                    /home/gladson/.m2/repository/org/apache/maven/doxia/doxia-logging-api/1.4/doxia-logging-api-1.4.jar
7fb3ac061000-7fb3ac062000 r--s 00002000 08:01 6293151                    /home/gladson/.m2/repository/org/apache/maven/doxia/doxia-sink-api/1.4/doxia-sink-api-1.4.jar
7fb3ac062000-7fb3ac064000 r--s 00006000 08:01 6292718                    /home/gladson/.m2/repository/org/apache/maven/shared/maven-common-artifact-filters/1.3/maven-common-artifact-filters-1.3.jar
7fb3ac064000-7fb3ac066000 r--s 00000000 08:01 6292670                    /home/gladson/.m2/repository/org/codehaus/plexus/plexus-component-annotations/1.5.5/plexus-component-annotations-1.5.5.jar
7fb3ac066000-7fb3ac068000 r--s 00006000 08:01 7346329                    /home/gladson/.m2/repository/org/apache/maven/shared/maven-invoker/2.2/maven-invoker-2.2.jar
7fb3ac068000-7fb3ac069000 r--s 00002000 08:01 6293148                    /home/gladson/.m2/repository/org/apache/maven/reporting/maven-reporting-api/3.0/maven-reporting-api-3.0.jar
7fb3ac069000-7fb3ac06b000 r--s 00002000 08:01 4851088                    /home/gladson/.m2/repository/org/sonatype/plexus/plexus-cipher/1.4/plexus-cipher-1.4.jar
7fb3ac06b000-7fb3ac06c000 r--s 00006000 08:01 4851179                    /home/gladson/.m2/repository/org/sonatype/plexus/plexus-sec-dispatcher/1.3/plexus-sec-dispatcher-1.3.jar
7fb3ac06c000-7fb3ac06e000 r--s 00009000 08:01 6291975                    /home/gladson/.m2/repository/commons-cli/commons-cli/1.2/commons-cli-1.2.jar
7fb3ac06e000-7fb3ac070000 r--s 00003000 08:01 4851173                    /home/gladson/.m2/repository/org/slf4j/jcl-over-slf4j/1.5.6/jcl-over-slf4j-1.5.6.jar
7fb3ac070000-7fb3ac072000 r--s 00004000 08:01 4851174                    /home/gladson/.m2/repository/org/slf4j/slf4j-api/1.5.6/slf4j-api-1.5.6.jar
7fb3ac072000-7fb3ac074000 r--s 00001000 08:01 4851175                    /home/gladson/.m2/repository/org/slf4j/slf4j-jdk14/1.5.6/slf4j-jdk14-1.5.6.jar
7fb3ac074000-7fb3ac077000 r--s 00063000 08:01 5382707                    /home/gladson/.m2/repository/org/apache/maven/plugins/maven-javadoc-plugin/2.10.4/maven-javadoc-plugin-2.10.4.jar
7fb3ac077000-7fb3ac07b000 r--s 00035000 08:01 4858682                    /home/gladson/.m2/repository/org/codehaus/plexus/plexus-utils/3.0.8/plexus-utils-3.0.8.jar
7fb3ac07b000-7fb3ac07e000 r--s 0000c000 08:01 6298406                    /home/gladson/.m2/repository/org/codehaus/plexus/plexus-io/2.0.4/plexus-io-2.0.4.jar
7fb3ac07e000-7fb3ac083000 r--s 00029000 08:01 6038388                    /home/gladson/.m2/repository/org/codehaus/plexus/plexus-archiver/2.2/plexus-archiver-2.2.jar
7fb3ac083000-7fb3ac085000 r--s 0000d000 08:01 5252332                    /home/gladson/.m2/repository/org/codehaus/plexus/plexus-interpolation/1.15/plexus-interpolation-1.15.jar
7fb3ac085000-7fb3ac087000 r--s 00002000 08:01 4981840                    /home/gladson/.m2/repository/org/codehaus/plexus/plexus-interactivity-api/1.0-alpha-4/plexus-interactivity-api-1.0-alpha-4.jar
7fb3ac087000-7fb3ac089000 r--s 00006000 08:01 6165940                    /home/gladson/.m2/repository/commons-cli/commons-cli/1.0/commons-cli-1.0.jar
7fb3ac089000-7fb3ac08a000 r--s 00001000 08:01 6294203                    /home/gladson/.m2/repository/org/apache/maven/doxia/doxia-sink-api/1.0-alpha-7/doxia-sink-api-1.0-alpha-7.jar
7fb3ac08a000-7fb3ac08b000 r--s 00002000 08:01 6294202                    /home/gladson/.m2/repository/org/apache/maven/reporting/maven-reporting-api/2.0.6/maven-reporting-api-2.0.6.jar
7fb3ac08b000-7fb3ac08d000 r--s 00004000 08:01 6293149                    /home/gladson/.m2/repository/org/apache/maven/maven-archiver/2.5/maven-archiver-2.5.jar
7fb3ac08d000-7fb3ac090000 r--s 0001b000 08:01 6165960                    /home/gladson/.m2/repository/junit/junit/3.8.1/junit-3.8.1.jar
7fb3ac090000-7fb3ac092000 r--s 00006000 08:01 6038346                    /home/gladson/.m2/repository/org/apache/maven/plugins/maven-source-plugin/2.2.1/maven-source-plugin-2.2.1.jar
7fb3ac092000-7fb3ac096000 r--s 0001f000 08:01 6557078                    /home/gladson/.m2/repository/org/jacoco/org.jacoco.report/0.7.7.201606060606/org.jacoco.report-0.7.7.201606060606.jar
7fb3ac096000-7fb3ac09b000 r--s 0005a000 08:01 6557074                    /home/gladson/.m2/repository/org/ow2/asm/asm-debug-all/5.1/asm-debug-all-5.1.jar
7fb3ac09b000-7fb3ac09f000 r--s 0001e000 08:01 6557073                    /home/gladson/.m2/repository/org/jacoco/org.jacoco.core/0.7.7.201606060606/org.jacoco.core-0.7.7.201606060606.jar
7fb3ac09f000-7fb3ac0a5000 r--s 0003d000 08:01 6557072                    /home/gladson/.m2/repository/org/jacoco/org.jacoco.agent/0.7.7.201606060606/org.jacoco.agent-0.7.7.201606060606-runtime.jar
7fb3ac0a5000-7fb3ac0aa000 r--s 00016000 08:01 6296008                    /home/gladson/.m2/repository/xml-apis/xml-apis/1.0.b2/xml-apis-1.0.b2.jar
7fb3ac0aa000-7fb3ac0ac000 r--s 0000e000 08:01 6293171                    /home/gladson/.m2/repository/oro/oro/2.0.8/oro-2.0.8.jar
7fb3ac0ac000-7fb3ac0ae000 r--s 00008000 08:01 6297639                    /home/gladson/.m2/repository/commons-logging/commons-logging/1.0.4/commons-logging-1.0.4.jar
7fb3ac0ae000-7fb3ac0b2000 r--s 00026000 08:01 6297476                    /home/gladson/.m2/repository/commons-digester/commons-digester/1.6/commons-digester-1.6.jar
7fb3ac0b2000-7fb3ac0b7000 r--s 0002a000 08:01 6293175                    /home/gladson/.m2/repository/commons-beanutils/commons-beanutils/1.7.0/commons-beanutils-1.7.0.jar
7fb3ac0b7000-7fb3ac0ba000 r--s 00014000 08:01 1713651                    /home/gladson/.m2/repository/commons-validator/commons-validator/1.2.0/commons-validator-1.2.0.jar
7fb3ac0ba000-7fb3ac0c7000 r--s 0007f000 08:01 6298440                    /home/gladson/.m2/repository/commons-collections/commons-collections/3.2/commons-collections-3.2.jar
7fb3ac0c7000-7fb3ac0cf000 r--s 00058000 08:01 6165985                    /home/gladson/.m2/repository/org/apache/velocity/velocity/1.5/velocity-1.5.jar
7fb3ac0cf000-7fb3ac0d0000 r--s 00001000 08:01 6293170                    /home/gladson/.m2/repository/org/codehaus/plexus/plexus-velocity/1.1.7/plexus-velocity-1.1.7.jar
7fb3ac0d0000-7fb3ac0d1000 r--s 00002000 08:01 5770901                    /home/gladson/.m2/repository/org/codehaus/plexus/plexus-i18n/1.0-beta-7/plexus-i18n-1.0-beta-7.jar
7fb3ac0d1000-7fb3ac0d3000 r--s 00008000 08:01 6557071                    /home/gladson/.m2/repository/org/apache/maven/doxia/doxia-module-fml/1.1.2/doxia-module-fml-1.1.2.jar
7fb3ac0d3000-7fb3ac0d4000 r--s 00003000 08:01 6557067                    /home/gladson/.m2/repository/org/apache/maven/doxia/doxia-module-xhtml/1.1.2/doxia-module-xhtml-1.1.2.jar
7fb3ac0d4000-7fb3ac0d6000 r--s 0000b000 08:01 6557066                    /home/gladson/.m2/repository/org/apache/maven/doxia/doxia-decoration-model/1.1.2/doxia-decoration-model-1.1.2.jar
7fb3ac0d6000-7fb3ac0d8000 r--s 0000b000 08:01 6557064                    /home/gladson/.m2/repository/org/apache/maven/doxia/doxia-site-renderer/1.1.2/doxia-site-renderer-1.1.2.jar
7fb3ac0d8000-7fb3ac0da000 r--s 00006000 08:01 5512677                    /home/gladson/.m2/repository/commons-codec/commons-codec/1.2/commons-codec-1.2.jar
7fb3ac0da000-7fb3ac0e0000 r--s 00045000 08:01 5248794                    /home/gladson/.m2/repository/commons-httpclient/commons-httpclient/3.1/commons-httpclient-3.1.jar
7fb3ac0e0000-7fb3ac0e4000 r--s 0003c000 08:01 6165989                    /home/gladson/.m2/repository/commons-lang/commons-lang/2.4/commons-lang-2.4.jar
7fb3ac0e4000-7fb3ac0fb000 r--s 00112000 08:01 6557061                    /home/gladson/.m2/repository/xerces/xercesImpl/2.8.1/xercesImpl-2.8.1.jar
7fb3ac0fb000-7fb3ac0ff000 r--s 00023000 08:01 6557062                    /home/gladson/.m2/repository/org/apache/maven/doxia/doxia-core/1.1.2/doxia-core-1.1.2.jar
7fb3ac0ff000-7fb3ac101000 r--s 00003000 08:01 1704197                    /home/gladson/.m2/repository/org/apache/maven/reporting/maven-reporting-impl/2.1/maven-reporting-impl-2.1.jar
7fb3ac101000-7fb3ac102000 r--s 00002000 08:01 6291974                    /home/gladson/.m2/repository/org/apache/maven/doxia/doxia-logging-api/1.1/doxia-logging-api-1.1.jar
7fb3ac102000-7fb3ac104000 r--s 00002000 08:01 6291972                    /home/gladson/.m2/repository/org/apache/maven/doxia/doxia-sink-api/1.1/doxia-sink-api-1.1.jar
7fb3ac104000-7fb3ac105000 r--s 00002000 08:01 6291973                    /home/gladson/.m2/repository/org/apache/maven/reporting/maven-reporting-api/2.2.1/maven-reporting-api-2.2.1.jar
7fb3ac105000-7fb3ac107000 r--s 00008000 08:01 1705164                    /home/gladson/.m2/repository/org/apache/maven/shared/maven-shared-io/1.1/maven-shared-io-1.1.jar
7fb3ac107000-7fb3ac109000 r--s 00008000 08:01 1705163                    /home/gladson/.m2/repository/org/apache/maven/shared/file-management/1.2.1/file-management-1.2.1.jar
7fb3ac109000-7fb3ac10d000 r--s 00038000 08:01 6166839                    /home/gladson/.m2/repository/org/codehaus/plexus/plexus-utils/3.0.22/plexus-utils-3.0.22.jar
7fb3ac10d000-7fb3ac113000 r--s 00034000 08:01 6557060                    /home/gladson/.m2/repository/junit/junit/4.8.2/junit-4.8.2.jar
7fb3ac113000-7fb3ac115000 r--s 0000b000 08:01 5244164                    /home/gladson/.m2/repository/org/codehaus/plexus/plexus-interpolation/1.11/plexus-interpolation-1.11.jar
7fb3ac115000-7fb3ac11d000 r--s 00049000 08:01 6291971                    /home/gladson/.m2/repository/backport-util-concurrent/backport-util-concurrent/3.1/backport-util-concurrent-3.1.jar
7fb3ac11d000-7fb3ac120000 r--s 0001a000 08:21 1596580                    /usr/lib/jvm/java-8-oracle/jre/lib/jce.jar
7fb3ac120000-7fb3ac121000 r--s 0000e000 08:01 4858340                    /home/gladson/.m2/repository/org/jacoco/jacoco-maven-plugin/0.7.7.201606060606/jacoco-maven-plugin-0.7.7.201606060606.jar
7fb3ac121000-7fb3ac125000 r--s 00033000 08:01 4849728                    /home/gladson/.m2/repository/org/codehaus/plexus/plexus-utils/2.0.5/plexus-utils-2.0.5.jar
7fb3ac125000-7fb3ac126000 r--s 00005000 08:01 4719617                    /home/gladson/.m2/repository/org/apache/maven/plugins/maven-clean-plugin/2.4.1/maven-clean-plugin-2.4.1.jar
7fb3ac126000-7fb3ac137000 r-xp 00000000 08:21 1596636                    /usr/lib/jvm/java-8-oracle/jre/lib/amd64/libnio.so
7fb3ac137000-7fb3ac336000 ---p 00011000 08:21 1596636                    /usr/lib/jvm/java-8-oracle/jre/lib/amd64/libnio.so
7fb3ac336000-7fb3ac337000 rw-p 00010000 08:21 1596636                    /usr/lib/jvm/java-8-oracle/jre/lib/amd64/libnio.so
7fb3ac337000-7fb3ac638000 rw-p 00000000 00:00 0 
7fb3ac638000-7fb3ac64e000 r-xp 00000000 08:21 1596613                    /usr/lib/jvm/java-8-oracle/jre/lib/amd64/libnet.so
7fb3ac64e000-7fb3ac84e000 ---p 00016000 08:21 1596613                    /usr/lib/jvm/java-8-oracle/jre/lib/amd64/libnet.so
7fb3ac84e000-7fb3ac84f000 rw-p 00016000 08:21 1596613                    /usr/lib/jvm/java-8-oracle/jre/lib/amd64/libnet.so
7fb3ac84f000-7fb3ac852000 ---p 00000000 00:00 0 
7fb3ac852000-7fb3ac888000 rw-p 00000000 00:00 0 
7fb3ac888000-7fb3ac889000 r--p 00000000 00:00 0 
7fb3ac889000-7fb3aca89000 rw-p 00000000 00:00 0 
7fb3aca89000-7fb3aca8d000 r--s 00097000 08:21 1596552                    /usr/lib/jvm/java-8-oracle/jre/lib/jsse.jar
7fb3aca8d000-7fb3acc8d000 rw-p 00000000 00:00 0 
7fb3acc8d000-7fb3acc8f000 r--s 0000d000 08:21 2124731                    /opt/netbeans-8.2rc/java/maven-nblib/netbeans-eventspy.jar
7fb3acc8f000-7fb3acc91000 r--s 0000b000 08:21 2124722                    /opt/netbeans-8.2rc/java/maven/lib/maven-artifact-3.0.5.jar
7fb3acc91000-7fb3acc93000 r--s 0000c000 08:21 2124630                    /opt/netbeans-8.2rc/java/maven/lib/maven-aether-provider-3.0.5.jar
7fb3acc93000-7fb3accb2000 r--s 00154000 08:21 2124749                    /opt/netbeans-8.2rc/java/maven/lib/sisu-guava-0.9.9.jar
7fb3accb2000-7fb3accbc000 r--s 00116000 08:21 1596680                    /usr/lib/jvm/java-8-oracle/jre/lib/ext/localedata.jar
7fb3accbc000-7fb3accc0000 r--s 0001c000 08:21 2124736                    /opt/netbeans-8.2rc/java/maven/lib/aether-util-1.13.1.jar
7fb3accc0000-7fb3accc2000 r--s 00000000 08:21 2124398                    /opt/netbeans-8.2rc/java/maven/lib/plexus-component-annotations-1.5.5.jar
7fb3accc2000-7fb3accc3000 r--s 00006000 08:21 2124664                    /opt/netbeans-8.2rc/java/maven/lib/plexus-sec-dispatcher-1.3.jar
7fb3accc3000-7fb3accc5000 r--s 0000a000 08:21 2124724                    /opt/netbeans-8.2rc/java/maven/lib/maven-settings-3.0.5.jar
7fb3accc5000-7fb3accc7000 r--s 0000b000 08:21 2124696                    /opt/netbeans-8.2rc/java/maven/lib/wagon-provider-api-2.10.jar
7fb3accc7000-7fb3accc8000 r--s 00002000 08:21 2124710                    /opt/netbeans-8.2rc/java/maven/lib/wagon-http-shared-2.10.jar
7fb3accc8000-7fb3accd4000 r--s 0007d000 08:21 2124748                    /opt/netbeans-8.2rc/java/maven/lib/maven-core-3.0.5.jar
7fb3accd4000-7fb3accd6000 r--s 0000b000 08:21 2124708                    /opt/netbeans-8.2rc/java/maven/lib/maven-plugin-api-3.0.5.jar
7fb3accd6000-7fb3accdd000 r--s 0003f000 08:21 2124709                    /opt/netbeans-8.2rc/java/maven/lib/sisu-inject-bean-2.3.0.jar
7fb3accdd000-7fb3acd0c000 r--s 001c8000 08:21 2124707                    /opt/netbeans-8.2rc/java/maven/lib/wagon-http-2.10-shaded.jar
7fb3acd0c000-7fb3acd0d000 ---p 00000000 00:00 0 
7fb3acd0d000-7fb3ace0d000 rw-p 00000000 00:00 0 
7fb3ace0d000-7fb3ace10000 ---p 00000000 00:00 0 
7fb3ace10000-7fb3acf0e000 rw-p 00000000 00:00 0 
7fb3acf0e000-7fb3acf11000 ---p 00000000 00:00 0 
7fb3acf11000-7fb3ad00f000 rw-p 00000000 00:00 0 
7fb3ad00f000-7fb3ad012000 ---p 00000000 00:00 0 
7fb3ad012000-7fb3ad110000 rw-p 00000000 00:00 0 
7fb3ad110000-7fb3ad113000 ---p 00000000 00:00 0 
7fb3ad113000-7fb3ad211000 rw-p 00000000 00:00 0 
7fb3ad211000-7fb3ad214000 ---p 00000000 00:00 0 
7fb3ad214000-7fb3ad312000 rw-p 00000000 00:00 0 
7fb3ad312000-7fb3adcd1000 r--p 00000000 08:21 1452721                    /usr/lib/locale/locale-archive
7fb3adcd1000-7fb3adcd4000 ---p 00000000 00:00 0 
7fb3adcd4000-7fb3addd2000 rw-p 00000000 00:00 0 
7fb3addd2000-7fb3addd5000 ---p 00000000 00:00 0 
7fb3addd5000-7fb3aded3000 rw-p 00000000 00:00 0 
7fb3aded3000-7fb3aded4000 ---p 00000000 00:00 0 
7fb3aded4000-7fb3aef67000 rw-p 00000000 00:00 0 
7fb3aef67000-7fb3af140000 r--s 03d29000 08:21 1596557                    /usr/lib/jvm/java-8-oracle/jre/lib/rt.jar
7fb3af140000-7fb3afd97000 rw-p 00000000 00:00 0 
7fb3afd97000-7fb3afd98000 ---p 00000000 00:00 0 
7fb3afd98000-7fb3afe98000 rw-p 00000000 00:00 0 
7fb3afe98000-7fb3afe99000 ---p 00000000 00:00 0 
7fb3afe99000-7fb3aff99000 rw-p 00000000 00:00 0 
7fb3aff99000-7fb3aff9a000 ---p 00000000 00:00 0 
7fb3aff9a000-7fb3b009a000 rw-p 00000000 00:00 0 
7fb3b009a000-7fb3b009b000 ---p 00000000 00:00 0 
7fb3b009b000-7fb3b01c2000 rw-p 00000000 00:00 0 
7fb3b01c2000-7fb3b0431000 ---p 00000000 00:00 0 
7fb3b0431000-7fb3b0458000 rw-p 00000000 00:00 0 
7fb3b0458000-7fb3b06c7000 ---p 00000000 00:00 0 
7fb3b06c7000-7fb3b07a6000 rw-p 00000000 00:00 0 
7fb3b07a6000-7fb3b0812000 ---p 00000000 00:00 0 
7fb3b0812000-7fb3b085d000 rw-p 00000000 00:00 0 
7fb3b085d000-7fb3b0bd3000 ---p 00000000 00:00 0 
7fb3b0bd3000-7fb3b1e53000 rwxp 00000000 00:00 0 
7fb3b1e53000-7fb3bfbd3000 ---p 00000000 00:00 0 
7fb3bfbd3000-7fb3bfbed000 r-xp 00000000 08:21 1596634                    /usr/lib/jvm/java-8-oracle/jre/lib/amd64/libzip.so
7fb3bfbed000-7fb3bfded000 ---p 0001a000 08:21 1596634                    /usr/lib/jvm/java-8-oracle/jre/lib/amd64/libzip.so
7fb3bfded000-7fb3bfdee000 rw-p 0001a000 08:21 1596634                    /usr/lib/jvm/java-8-oracle/jre/lib/amd64/libzip.so
7fb3bfdee000-7fb3bfdf9000 r-xp 00000000 08:21 3682080                    /lib/x86_64-linux-gnu/libnss_files-2.23.so
7fb3bfdf9000-7fb3bfff8000 ---p 0000b000 08:21 3682080                    /lib/x86_64-linux-gnu/libnss_files-2.23.so
7fb3bfff8000-7fb3bfff9000 r--p 0000a000 08:21 3682080                    /lib/x86_64-linux-gnu/libnss_files-2.23.so
7fb3bfff9000-7fb3bfffa000 rw-p 0000b000 08:21 3682080                    /lib/x86_64-linux-gnu/libnss_files-2.23.so
7fb3bfffa000-7fb3c0000000 rw-p 00000000 00:00 0 
7fb3c0000000-7fb3c1646000 rw-p 00000000 00:00 0 
7fb3c1646000-7fb3c4000000 ---p 00000000 00:00 0 
7fb3c4000000-7fb3c4001000 r--s 00002000 08:21 2124751                    /opt/netbeans-8.2rc/java/maven/lib/wagon-file-2.10.jar
7fb3c4001000-7fb3c4005000 r--s 00033000 08:21 2124734                    /opt/netbeans-8.2rc/java/maven/lib/plexus-utils-2.0.6.jar
7fb3c4005000-7fb3c4007000 r--s 00002000 08:21 2124741                    /opt/netbeans-8.2rc/java/maven/lib/plexus-cipher-1.7.jar
7fb3c4007000-7fb3c400a000 r--s 00008000 08:21 2124612                    /opt/netbeans-8.2rc/java/maven/lib/maven-settings-builder-3.0.5.jar
7fb3c400a000-7fb3c400c000 r--s 0000d000 08:21 2124665                    /opt/netbeans-8.2rc/java/maven/lib/plexus-interpolation-1.14.jar
7fb3c400c000-7fb3c400d000 r--s 00003000 08:21 2124743                    /opt/netbeans-8.2rc/java/maven/lib/aether-spi-1.13.1.jar
7fb3c400d000-7fb3c4015000 r--s 00050000 08:21 2124695                    /opt/netbeans-8.2rc/java/maven/lib/sisu-guice-3.1.0-no_aop.jar
7fb3c4015000-7fb3c4064000 rw-p 00000000 00:00 0 
7fb3c4064000-7fb3c406f000 r-xp 00000000 08:21 3682090                    /lib/x86_64-linux-gnu/libnss_nis-2.23.so
7fb3c406f000-7fb3c426e000 ---p 0000b000 08:21 3682090                    /lib/x86_64-linux-gnu/libnss_nis-2.23.so
7fb3c426e000-7fb3c426f000 r--p 0000a000 08:21 3682090                    /lib/x86_64-linux-gnu/libnss_nis-2.23.so
7fb3c426f000-7fb3c4270000 rw-p 0000b000 08:21 3682090                    /lib/x86_64-linux-gnu/libnss_nis-2.23.so
7fb3c4270000-7fb3c4286000 r-xp 00000000 08:21 3682074                    /lib/x86_64-linux-gnu/libnsl-2.23.so
7fb3c4286000-7fb3c4485000 ---p 00016000 08:21 3682074                    /lib/x86_64-linux-gnu/libnsl-2.23.so
7fb3c4485000-7fb3c4486000 r--p 00015000 08:21 3682074                    /lib/x86_64-linux-gnu/libnsl-2.23.so
7fb3c4486000-7fb3c4487000 rw-p 00016000 08:21 3682074                    /lib/x86_64-linux-gnu/libnsl-2.23.so
7fb3c4487000-7fb3c4489000 rw-p 00000000 00:00 0 
7fb3c4489000-7fb3c4491000 r-xp 00000000 08:21 3682076                    /lib/x86_64-linux-gnu/libnss_compat-2.23.so
7fb3c4491000-7fb3c4690000 ---p 00008000 08:21 3682076                    /lib/x86_64-linux-gnu/libnss_compat-2.23.so
7fb3c4690000-7fb3c4691000 r--p 00007000 08:21 3682076                    /lib/x86_64-linux-gnu/libnss_compat-2.23.so
7fb3c4691000-7fb3c4692000 rw-p 00008000 08:21 3682076                    /lib/x86_64-linux-gnu/libnss_compat-2.23.so
7fb3c4692000-7fb3c46bc000 r-xp 00000000 08:21 1596658                    /usr/lib/jvm/java-8-oracle/jre/lib/amd64/libjava.so
7fb3c46bc000-7fb3c48bc000 ---p 0002a000 08:21 1596658                    /usr/lib/jvm/java-8-oracle/jre/lib/amd64/libjava.so
7fb3c48bc000-7fb3c48be000 rw-p 0002a000 08:21 1596658                    /usr/lib/jvm/java-8-oracle/jre/lib/amd64/libjava.so
7fb3c48be000-7fb3c48cb000 r-xp 00000000 08:21 1596614                    /usr/lib/jvm/java-8-oracle/jre/lib/amd64/libverify.so
7fb3c48cb000-7fb3c4acb000 ---p 0000d000 08:21 1596614                    /usr/lib/jvm/java-8-oracle/jre/lib/amd64/libverify.so
7fb3c4acb000-7fb3c4acd000 rw-p 0000d000 08:21 1596614                    /usr/lib/jvm/java-8-oracle/jre/lib/amd64/libverify.so
7fb3c4acd000-7fb3c4ad4000 r-xp 00000000 08:21 3682135                    /lib/x86_64-linux-gnu/librt-2.23.so
7fb3c4ad4000-7fb3c4cd3000 ---p 00007000 08:21 3682135                    /lib/x86_64-linux-gnu/librt-2.23.so
7fb3c4cd3000-7fb3c4cd4000 r--p 00006000 08:21 3682135                    /lib/x86_64-linux-gnu/librt-2.23.so
7fb3c4cd4000-7fb3c4cd5000 rw-p 00007000 08:21 3682135                    /lib/x86_64-linux-gnu/librt-2.23.so
7fb3c4cd5000-7fb3c4ddd000 r-xp 00000000 08:21 3682051                    /lib/x86_64-linux-gnu/libm-2.23.so
7fb3c4ddd000-7fb3c4fdc000 ---p 00108000 08:21 3682051                    /lib/x86_64-linux-gnu/libm-2.23.so
7fb3c4fdc000-7fb3c4fdd000 r--p 00107000 08:21 3682051                    /lib/x86_64-linux-gnu/libm-2.23.so
7fb3c4fdd000-7fb3c4fde000 rw-p 00108000 08:21 3682051                    /lib/x86_64-linux-gnu/libm-2.23.so
7fb3c4fde000-7fb3c5ca9000 r-xp 00000000 08:21 1596668                    /usr/lib/jvm/java-8-oracle/jre/lib/amd64/server/libjvm.so
7fb3c5ca9000-7fb3c5ea8000 ---p 00ccb000 08:21 1596668                    /usr/lib/jvm/java-8-oracle/jre/lib/amd64/server/libjvm.so
7fb3c5ea8000-7fb3c5f81000 rw-p 00cca000 08:21 1596668                    /usr/lib/jvm/java-8-oracle/jre/lib/amd64/server/libjvm.so
7fb3c5f81000-7fb3c5fcc000 rw-p 00000000 00:00 0 
7fb3c5fcc000-7fb3c618c000 r-xp 00000000 08:21 3681981                    /lib/x86_64-linux-gnu/libc-2.23.so
7fb3c618c000-7fb3c638b000 ---p 001c0000 08:21 3681981                    /lib/x86_64-linux-gnu/libc-2.23.so
7fb3c638b000-7fb3c638f000 r--p 001bf000 08:21 3681981                    /lib/x86_64-linux-gnu/libc-2.23.so
7fb3c638f000-7fb3c6391000 rw-p 001c3000 08:21 3681981                    /lib/x86_64-linux-gnu/libc-2.23.so
7fb3c6391000-7fb3c6395000 rw-p 00000000 00:00 0 
7fb3c6395000-7fb3c6398000 r-xp 00000000 08:21 3682005                    /lib/x86_64-linux-gnu/libdl-2.23.so
7fb3c6398000-7fb3c6597000 ---p 00003000 08:21 3682005                    /lib/x86_64-linux-gnu/libdl-2.23.so
7fb3c6597000-7fb3c6598000 r--p 00002000 08:21 3682005                    /lib/x86_64-linux-gnu/libdl-2.23.so
7fb3c6598000-7fb3c6599000 rw-p 00003000 08:21 3682005                    /lib/x86_64-linux-gnu/libdl-2.23.so
7fb3c6599000-7fb3c65ae000 r-xp 00000000 08:21 1595820                    /usr/lib/jvm/java-8-oracle/lib/amd64/jli/libjli.so
7fb3c65ae000-7fb3c67ae000 ---p 00015000 08:21 1595820                    /usr/lib/jvm/java-8-oracle/lib/amd64/jli/libjli.so
7fb3c67ae000-7fb3c67af000 rw-p 00015000 08:21 1595820                    /usr/lib/jvm/java-8-oracle/lib/amd64/jli/libjli.so
7fb3c67af000-7fb3c67c7000 r-xp 00000000 08:21 3682127                    /lib/x86_64-linux-gnu/libpthread-2.23.so
7fb3c67c7000-7fb3c69c6000 ---p 00018000 08:21 3682127                    /lib/x86_64-linux-gnu/libpthread-2.23.so
7fb3c69c6000-7fb3c69c7000 r--p 00017000 08:21 3682127                    /lib/x86_64-linux-gnu/libpthread-2.23.so
7fb3c69c7000-7fb3c69c8000 rw-p 00018000 08:21 3682127                    /lib/x86_64-linux-gnu/libpthread-2.23.so
7fb3c69c8000-7fb3c69cc000 rw-p 00000000 00:00 0 
7fb3c69cc000-7fb3c69f2000 r-xp 00000000 08:21 3681953                    /lib/x86_64-linux-gnu/ld-2.23.so
7fb3c69f2000-7fb3c69f6000 r--s 00021000 08:21 2124663                    /opt/netbeans-8.2rc/java/maven/lib/maven-model-builder-3.0.5.jar
7fb3c69f6000-7fb3c69fd000 r--s 0002b000 08:21 2124684                    /opt/netbeans-8.2rc/java/maven/lib/sisu-inject-plexus-2.3.0.jar
7fb3c69fd000-7fb3c6ac8000 rw-p 00000000 00:00 0 
7fb3c6ac8000-7fb3c6acb000 ---p 00000000 00:00 0 
7fb3c6acb000-7fb3c6bcd000 rw-p 00000000 00:00 0 
7fb3c6bcd000-7fb3c6bcf000 r--s 00006000 08:21 2124519                    /opt/netbeans-8.2rc/java/maven/lib/maven-repository-metadata-3.0.5.jar
7fb3c6bcf000-7fb3c6bd5000 r--s 0003f000 08:21 2124737                    /opt/netbeans-8.2rc/java/maven/lib/maven-compat-3.0.5.jar
7fb3c6bd5000-7fb3c6bd7000 r--s 00006000 08:21 2124583                    /opt/netbeans-8.2rc/java/maven/lib/aether-connector-wagon-1.13.1.jar
7fb3c6bd7000-7fb3c6bda000 r--s 0001d000 08:21 2124735                    /opt/netbeans-8.2rc/java/maven/lib/aether-impl-1.13.1.jar
7fb3c6bda000-7fb3c6bdb000 r--s 0000a000 08:21 2124723                    /opt/netbeans-8.2rc/java/maven/lib/maven-embedder-3.0.5.jar
7fb3c6bdb000-7fb3c6bdd000 r--s 00009000 08:21 2124752                    /opt/netbeans-8.2rc/java/maven/lib/commons-cli-1.2.jar
7fb3c6bdd000-7fb3c6be1000 r--s 00013000 08:21 2124742                    /opt/netbeans-8.2rc/java/maven/lib/aether-api-1.13.1.jar
7fb3c6be1000-7fb3c6be3000 r--s 00026000 08:21 2124740                    /opt/netbeans-8.2rc/java/maven/lib/maven-model-3.0.5.jar
7fb3c6be3000-7fb3c6be5000 r--s 0000a000 08:21 2124697                    /opt/netbeans-8.2rc/java/maven/boot/plexus-classworlds-2.4.jar
7fb3c6be5000-7fb3c6bed000 rw-s 00000000 08:21 394116                     /tmp/hsperfdata_gladson/8171
7fb3c6bed000-7fb3c6bee000 rw-p 00000000 00:00 0 
7fb3c6bee000-7fb3c6bef000 r--p 00000000 00:00 0 
7fb3c6bef000-7fb3c6bf1000 rw-p 00000000 00:00 0 
7fb3c6bf1000-7fb3c6bf2000 r--p 00025000 08:21 3681953                    /lib/x86_64-linux-gnu/ld-2.23.so
7fb3c6bf2000-7fb3c6bf3000 rw-p 00026000 08:21 3681953                    /lib/x86_64-linux-gnu/ld-2.23.so
7fb3c6bf3000-7fb3c6bf4000 rw-p 00000000 00:00 0 
7ffd5f5a1000-7ffd5f5c2000 rw-p 00000000 00:00 0                          [stack]
7ffd5f5cf000-7ffd5f5d1000 r--p 00000000 00:00 0                          [vvar]
7ffd5f5d1000-7ffd5f5d3000 r-xp 00000000 00:00 0                          [vdso]
ffffffffff600000-ffffffffff601000 r-xp 00000000 00:00 0                  [vsyscall]

VM Arguments:
jvm_args: -Dclassworlds.conf=/opt/netbeans-8.2rc/java/maven/bin/m2.conf -Dmaven.home=/opt/netbeans-8.2rc/java/maven 
java_command: org.codehaus.plexus.classworlds.launcher.Launcher -Dmaven.ext.class.path=/opt/netbeans-8.2rc/java/maven-nblib/netbeans-eventspy.jar clean install
java_class_path (initial): /opt/netbeans-8.2rc/java/maven/boot/plexus-classworlds-2.4.jar
Launcher Type: SUN_STANDARD

Environment Variables:
JAVA_HOME=/usr/lib/jvm/java-8-oracle
PATH=/usr/local/sbin:/usr/local/bin:/usr/sbin:/usr/bin:/sbin:/bin:/usr/games:/usr/local/games:/snap/bin:/usr/lib/jvm/java-8-oracle/bin:/usr/lib/jvm/java-8-oracle/db/bin:/usr/lib/jvm/java-8-oracle/jre/bin
LD_LIBRARY_PATH=/usr/lib/jvm/java-8-oracle/jre/lib/amd64:/usr/lib/jvm/java-8-oracle/jre/lib/i386:
SHELL=/bin/bash
DISPLAY=:0

Signal Handlers:
SIGSEGV: [libjvm.so+0xac4790], sa_mask[0]=11111111011111111101111111111110, sa_flags=SA_RESTART|SA_SIGINFO
SIGBUS: [libjvm.so+0xac4790], sa_mask[0]=11111111011111111101111111111110, sa_flags=SA_RESTART|SA_SIGINFO
SIGFPE: [libjvm.so+0x91f140], sa_mask[0]=11111111011111111101111111111110, sa_flags=SA_RESTART|SA_SIGINFO
SIGPIPE: [libjvm.so+0x91f140], sa_mask[0]=11111111011111111101111111111110, sa_flags=SA_RESTART|SA_SIGINFO
SIGXFSZ: [libjvm.so+0x91f140], sa_mask[0]=11111111011111111101111111111110, sa_flags=SA_RESTART|SA_SIGINFO
SIGILL: [libjvm.so+0x91f140], sa_mask[0]=11111111011111111101111111111110, sa_flags=SA_RESTART|SA_SIGINFO
SIGUSR1: SIG_DFL, sa_mask[0]=00000000000000000000000000000000, sa_flags=none
SIGUSR2: [libjvm.so+0x920770], sa_mask[0]=00100000000000000000000000000000, sa_flags=SA_RESTART|SA_SIGINFO
SIGHUP: [libjvm.so+0x921b70], sa_mask[0]=11111111011111111101111111111110, sa_flags=SA_RESTART|SA_SIGINFO
SIGINT: SIG_IGN, sa_mask[0]=00000000000000000000000000000000, sa_flags=none
SIGTERM: [libjvm.so+0x921b70], sa_mask[0]=11111111011111111101111111111110, sa_flags=SA_RESTART|SA_SIGINFO
SIGQUIT: [libjvm.so+0x921b70], sa_mask[0]=11111111011111111101111111111110, sa_flags=SA_RESTART|SA_SIGINFO


---------------  S Y S T E M  ---------------

OS:DISTRIB_ID=Ubuntu
DISTRIB_RELEASE=16.04
DISTRIB_CODENAME=xenial
DISTRIB_DESCRIPTION="Ubuntu 16.04.1 LTS"

uname:Linux 4.4.0-43-generic #63-Ubuntu SMP Wed Oct 12 13:48:03 UTC 2016 x86_64
libc:glibc 2.23 NPTL 2.23 
rlimit: STACK 8192k, CORE 0k, NPROC 31611, NOFILE 65536, AS infinity
load average:1,29 0,52 0,51

/proc/meminfo:
MemTotal:        8132924 kB
MemFree:          845900 kB
MemAvailable:    3334452 kB
Buffers:          415260 kB
Cached:          1896360 kB
SwapCached:          836 kB
Active:          4588072 kB
Inactive:        1954416 kB
Active(anon):    3309020 kB
Inactive(anon):   955556 kB
Active(file):    1279052 kB
Inactive(file):   998860 kB
Unevictable:        4264 kB
Mlocked:            4264 kB
SwapTotal:        102396 kB
SwapFree:          29800 kB
Dirty:              6820 kB
Writeback:             0 kB
AnonPages:       4234008 kB
Mapped:           347400 kB
Shmem:             33836 kB
Slab:             566768 kB
SReclaimable:     514500 kB
SUnreclaim:        52268 kB
KernelStack:       14624 kB
PageTables:        79320 kB
NFS_Unstable:          0 kB
Bounce:                0 kB
WritebackTmp:          0 kB
CommitLimit:     4168856 kB
Committed_AS:    9454204 kB
VmallocTotal:   34359738367 kB
VmallocUsed:           0 kB
VmallocChunk:          0 kB
HardwareCorrupted:     0 kB
AnonHugePages:   2623488 kB
CmaTotal:              0 kB
CmaFree:               0 kB
HugePages_Total:       0
HugePages_Free:        0
HugePages_Rsvd:        0
HugePages_Surp:        0
Hugepagesize:       2048 kB
DirectMap4k:      381672 kB
DirectMap2M:     7964672 kB


CPU:total 4 (4 cores per cpu, 1 threads per core) family 6 model 58 stepping 9, cmov, cx8, fxsr, mmx, sse, sse2, sse3, ssse3, sse4.1, sse4.2, popcnt, avx, aes, clmul, erms, tsc, tscinvbit, tscinv

/proc/cpuinfo:
processor	: 0
vendor_id	: GenuineIntel
cpu family	: 6
model		: 58
model name	: Intel(R) Core(TM) i5-3570K CPU @ 3.40GHz
stepping	: 9
microcode	: 0x1c
cpu MHz		: 3631.226
cache size	: 6144 KB
physical id	: 0
siblings	: 4
core id		: 0
cpu cores	: 4
apicid		: 0
initial apicid	: 0
fpu		: yes
fpu_exception	: yes
cpuid level	: 13
wp		: yes
flags		: fpu vme de pse tsc msr pae mce cx8 apic sep mtrr pge mca cmov pat pse36 clflush dts acpi mmx fxsr sse sse2 ss ht tm pbe syscall nx rdtscp lm constant_tsc arch_perfmon pebs bts rep_good nopl xtopology nonstop_tsc aperfmperf eagerfpu pni pclmulqdq dtes64 monitor ds_cpl vmx est tm2 ssse3 cx16 xtpr pdcm pcid sse4_1 sse4_2 popcnt tsc_deadline_timer aes xsave avx f16c rdrand lahf_lm epb tpr_shadow vnmi flexpriority ept vpid fsgsbase smep erms xsaveopt dtherm ida arat pln pts
bugs		:
bogomips	: 6784.63
clflush size	: 64
cache_alignment	: 64
address sizes	: 36 bits physical, 48 bits virtual
power management:

processor	: 1
vendor_id	: GenuineIntel
cpu family	: 6
model		: 58
model name	: Intel(R) Core(TM) i5-3570K CPU @ 3.40GHz
stepping	: 9
microcode	: 0x1c
cpu MHz		: 3639.328
cache size	: 6144 KB
physical id	: 0
siblings	: 4
core id		: 1
cpu cores	: 4
apicid		: 2
initial apicid	: 2
fpu		: yes
fpu_exception	: yes
cpuid level	: 13
wp		: yes
flags		: fpu vme de pse tsc msr pae mce cx8 apic sep mtrr pge mca cmov pat pse36 clflush dts acpi mmx fxsr sse sse2 ss ht tm pbe syscall nx rdtscp lm constant_tsc arch_perfmon pebs bts rep_good nopl xtopology nonstop_tsc aperfmperf eagerfpu pni pclmulqdq dtes64 monitor ds_cpl vmx est tm2 ssse3 cx16 xtpr pdcm pcid sse4_1 sse4_2 popcnt tsc_deadline_timer aes xsave avx f16c rdrand lahf_lm epb tpr_shadow vnmi flexpriority ept vpid fsgsbase smep erms xsaveopt dtherm ida arat pln pts
bugs		:
bogomips	: 6784.63
clflush size	: 64
cache_alignment	: 64
address sizes	: 36 bits physical, 48 bits virtual
power management:

processor	: 2
vendor_id	: GenuineIntel
cpu family	: 6
model		: 58
model name	: Intel(R) Core(TM) i5-3570K CPU @ 3.40GHz
stepping	: 9
microcode	: 0x1c
cpu MHz		: 3648.625
cache size	: 6144 KB
physical id	: 0
siblings	: 4
core id		: 2
cpu cores	: 4
apicid		: 4
initial apicid	: 4
fpu		: yes
fpu_exception	: yes
cpuid level	: 13
wp		: yes
flags		: fpu vme de pse tsc msr pae mce cx8 apic sep mtrr pge mca cmov pat pse36 clflush dts acpi mmx fxsr sse sse2 ss ht tm pbe syscall nx rdtscp lm constant_tsc arch_perfmon pebs bts rep_good nopl xtopology nonstop_tsc aperfmperf eagerfpu pni pclmulqdq dtes64 monitor ds_cpl vmx est tm2 ssse3 cx16 xtpr pdcm pcid sse4_1 sse4_2 popcnt tsc_deadline_timer aes xsave avx f16c rdrand lahf_lm epb tpr_shadow vnmi flexpriority ept vpid fsgsbase smep erms xsaveopt dtherm ida arat pln pts
bugs		:
bogomips	: 6784.63
clflush size	: 64
cache_alignment	: 64
address sizes	: 36 bits physical, 48 bits virtual
power management:

processor	: 3
vendor_id	: GenuineIntel
cpu family	: 6
model		: 58
model name	: Intel(R) Core(TM) i5-3570K CPU @ 3.40GHz
stepping	: 9
microcode	: 0x1c
cpu MHz		: 3596.828
cache size	: 6144 KB
physical id	: 0
siblings	: 4
core id		: 3
cpu cores	: 4
apicid		: 6
initial apicid	: 6
fpu		: yes
fpu_exception	: yes
cpuid level	: 13
wp		: yes
flags		: fpu vme de pse tsc msr pae mce cx8 apic sep mtrr pge mca cmov pat pse36 clflush dts acpi mmx fxsr sse sse2 ss ht tm pbe syscall nx rdtscp lm constant_tsc arch_perfmon pebs bts rep_good nopl xtopology nonstop_tsc aperfmperf eagerfpu pni pclmulqdq dtes64 monitor ds_cpl vmx est tm2 ssse3 cx16 xtpr pdcm pcid sse4_1 sse4_2 popcnt tsc_deadline_timer aes xsave avx f16c rdrand lahf_lm epb tpr_shadow vnmi flexpriority ept vpid fsgsbase smep erms xsaveopt dtherm ida arat pln pts
bugs		:
bogomips	: 6784.63
clflush size	: 64
cache_alignment	: 64
address sizes	: 36 bits physical, 48 bits virtual
power management:



Memory: 4k page, physical 8132924k(845900k free), swap 102396k(29800k free)

vm_info: Java HotSpot(TM) 64-Bit Server VM (25.101-b13) for linux-amd64 JRE (1.8.0_101-b13), built on Jun 22 2016 02:59:44 by "java_re" with gcc 4.3.0 20080428 (Red Hat 4.3.0-8)

time: Thu Oct 20 22:03:10 2016
elapsed time: 11 seconds (0d 0h 0m 11s)

