#
# A fatal error has been detected by the Java Runtime Environment:
#
#  SIGSEGV (0xb) at pc=0x00007fbd66059a57, pid=14818, tid=0x00007fbd50a1b700
#
# JRE version: Java(TM) SE Runtime Environment (8.0_101-b13) (build 1.8.0_101-b13)
# Java VM: Java HotSpot(TM) 64-Bit Server VM (25.101-b13 mixed mode linux-amd64 compressed oops)
# Problematic frame:
# V  [libjvm.so+0x647a57]  InstanceKlass::oop_follow_contents(ParCompactionManager*, oopDesc*)+0x4a7
#
# Failed to write core dump. Core dumps have been disabled. To enable core dumping, try "ulimit -c unlimited" before starting Java again
#
# If you would like to submit a bug report, please visit:
#   http://bugreport.java.com/bugreport/crash.jsp
#

---------------  T H R E A D  ---------------

Current thread (0x00007fbd60022800):  GCTaskThread [stack: 0x00007fbd5091b000,0x00007fbd50a1c000] [id=14823]

siginfo: si_signo: 11 (SIGSEGV), si_code: 2 (SEGV_ACCERR), si_addr: 0x000000008d20fed8

Registers:
RAX=0x00007fbd6699fb90, RBX=0x000000008d20fed0, RCX=0x000000000000001a, RDX=0x0000000000000001
RSP=0x00007fbd50a1aac0, RBP=0x00007fbd50a1ab20, RSI=0x0000000004000000, RDI=0x00000001000016d0
R8 =0x000000008520fec8, R9 =0x0000000000800000, R10=0x0000000000000003, R11=0x00007fbd669cf100
R12=0x00007fbd669d3120, R13=0x000000008520fec4, R14=0x00000000850b05c8, R15=0x00007fbd60074910
RIP=0x00007fbd66059a57, EFLAGS=0x0000000000010202, CSGSFS=0x0000000000000033, ERR=0x0000000000000004
  TRAPNO=0x000000000000000e

Top of Stack: (sp=0x00007fbd50a1aac0)
0x00007fbd50a1aac0:   000000008520feb8 000000008520feb8
0x00007fbd50a1aad0:   0000000100001938 0000000100001940
0x00007fbd50a1aae0:   00007fbd66987d48 00007fbd60074950
0x00007fbd50a1aaf0:   000000008563def0 00007fbd669cf100
0x00007fbd50a1ab00:   00007fbd60074910 00007fbd669d3120
0x00007fbd50a1ab10:   00000000850b05c8 0000000000000006
0x00007fbd50a1ab20:   00007fbd50a1acb0 00007fbd6638bb22
0x00007fbd50a1ab30:   0000000084898e38 00000000850b05c8
0x00007fbd50a1ab40:   00007fbd60074920 00007fbd50a1ac60
0x00007fbd50a1ab50:   00007fbd50a1ac30 00007fbd50a1ac10
0x00007fbd50a1ab60:   00007fbd50a1ac00 00007fbd50a1abf0
0x00007fbd50a1ab70:   00007fbd50a1abe0 00007fbd50a1abd0
0x00007fbd50a1ab80:   00007fbd669c4059 00007fbd600749d0
0x00007fbd50a1ab90:   00000000850acdb8 00007fbd50a1ac50
0x00007fbd50a1aba0:   00007fbd50a1ac40 00007fbd50a1ac30
0x00007fbd50a1abb0:   0000000000001930 0000000000000e00
0x00007fbd50a1abc0:   00007fbd60074950 00007fbd50a1ac78
0x00007fbd50a1abd0:   00007fbd50a1ac40 00007fbd50a1ac30
0x00007fbd50a1abe0:   00007fbd60075028 00007fbd600749d0
0x00007fbd50a1abf0:   000000000000021b 000000000000021b
0x00007fbd50a1ac00:   00000000850acdb8 00007fbd00000e00
0x00007fbd50a1ac10:   00000000850acdb8 0000000000000c00
0x00007fbd50a1ac20:   00007fbd60074950 00007fbd50a1acd8
0x00007fbd50a1ac30:   0000003300000005 00007fbd66372510
0x00007fbd50a1ac40:   0000003400000005 00007fbd00000800
0x00007fbd50a1ac50:   0000000c0000000d 00007fbd00000000
0x00007fbd50a1ac60:   0000074700000d28 00007fbd60076150
0x00007fbd50a1ac70:   0000074800000d28 000000008520feb8
0x00007fbd50a1ac80:   00007fbd50a1acb0 00007fbd50a1ad90
0x00007fbd50a1ac90:   00007fbd669d3120 0000000000000002
0x00007fbd50a1aca0:   00007fbd60074910 00000000850addc8
0x00007fbd50a1acb0:   00007fbd50a1adf0 00007fbd66371945 

Instructions: (pc=0x00007fbd66059a57)
0x00007fbd66059a37:   00 48 8b 07 48 89 de ff 90 e8 00 00 00 e9 09 fd
0x00007fbd66059a47:   ff ff 0f 1f 80 00 00 00 00 48 8b 05 31 70 92 00
0x00007fbd66059a57:   8b 7b 08 8b 48 08 48 d3 e7 48 03 38 8b 77 08 83
0x00007fbd66059a67:   fe 00 0f 8f 3e fe ff ff 74 6f 48 8b 05 30 9d 92 

Register to memory mapping:

RAX=0x00007fbd6699fb90: <offset 0xf8db90> in /usr/lib/jvm/java-8-oracle/jre/lib/amd64/server/libjvm.so at 0x00007fbd65a12000
RBX=0x000000008d20fed0 is an unallocated location in the heap
RCX=0x000000000000001a is an unknown value
RDX=0x0000000000000001 is an unknown value
RSP=0x00007fbd50a1aac0 is an unknown value
RBP=0x00007fbd50a1ab20 is an unknown value
RSI=0x0000000004000000 is an unknown value
RDI=0x00000001000016d0 is pointing into metadata
R8 =0x000000008520fec8 is pointing into object: 0x000000008520feb8
java.lang.String 
 - klass: 'java/lang/String'
R9 =0x0000000000800000 is an unknown value
R10=0x0000000000000003 is an unknown value
R11=0x00007fbd669cf100: <offset 0xfbd100> in /usr/lib/jvm/java-8-oracle/jre/lib/amd64/server/libjvm.so at 0x00007fbd65a12000
R12=0x00007fbd669d3120: <offset 0xfc1120> in /usr/lib/jvm/java-8-oracle/jre/lib/amd64/server/libjvm.so at 0x00007fbd65a12000
R13=0x000000008520fec4 is pointing into object: 0x000000008520feb8
java.lang.String 
 - klass: 'java/lang/String'
R14=0x00000000850b05c8 is pointing into object: 0x00000000850acdb8
[Lcom.sun.tools.javac.file.ZipFileIndex$Entry; 
 - klass: 'com/sun/tools/javac/file/ZipFileIndex$Entry'[]
 - length: 6448
R15=0x00007fbd60074910 is an unknown value


Stack: [0x00007fbd5091b000,0x00007fbd50a1c000],  sp=0x00007fbd50a1aac0,  free space=1022k
Native frames: (J=compiled Java code, j=interpreted, Vv=VM code, C=native code)
V  [libjvm.so+0x647a57]  InstanceKlass::oop_follow_contents(ParCompactionManager*, oopDesc*)+0x4a7
V  [libjvm.so+0x979b22]  ParCompactionManager::follow_marking_stacks()+0x232
V  [libjvm.so+0x95f945]  StealMarkingTask::do_it(GCTaskManager*, unsigned int)+0x2e5
V  [libjvm.so+0x5d6b5f]  GCTaskThread::run()+0x12f
V  [libjvm.so+0x924698]  java_start(Thread*)+0x108


---------------  P R O C E S S  ---------------

Java Threads: ( => current thread )
  0x00007fbcdc07b000 JavaThread "process reaper" daemon [_thread_blocked, id=16531, stack(0x00007fbd48048000,0x00007fbd48081000)]
  0x00007fbd6117a800 JavaThread "resolver-5" daemon [_thread_blocked, id=14957, stack(0x00007fbd3c099000,0x00007fbd3c19a000)]
  0x00007fbd609c7800 JavaThread "resolver-4" daemon [_thread_blocked, id=14900, stack(0x00007fbd0b6ed000,0x00007fbd0b7ee000)]
  0x00007fbd609c7000 JavaThread "resolver-3" daemon [_thread_blocked, id=14899, stack(0x00007fbd0b5ec000,0x00007fbd0b6ed000)]
  0x00007fbd61082000 JavaThread "resolver-2" daemon [_thread_blocked, id=14897, stack(0x00007fbd3c5a4000,0x00007fbd3c6a5000)]
  0x00007fbd61089000 JavaThread "resolver-1" daemon [_thread_blocked, id=14896, stack(0x00007fbd0bce4000,0x00007fbd0bde5000)]
  0x00007fbd600c8800 JavaThread "Service Thread" daemon [_thread_blocked, id=14832, stack(0x00007fbd3d92c000,0x00007fbd3da2d000)]
  0x00007fbd600bd000 JavaThread "C1 CompilerThread2" daemon [_thread_blocked, id=14831, stack(0x00007fbd3da2d000,0x00007fbd3db2e000)]
  0x00007fbd600bb800 JavaThread "C2 CompilerThread1" daemon [_thread_blocked, id=14830, stack(0x00007fbd3db2e000,0x00007fbd3dc2f000)]
  0x00007fbd600b8800 JavaThread "C2 CompilerThread0" daemon [_thread_blocked, id=14829, stack(0x00007fbd3dc2f000,0x00007fbd3dd30000)]
  0x00007fbd600b7000 JavaThread "Signal Dispatcher" daemon [_thread_blocked, id=14828, stack(0x00007fbd3dd30000,0x00007fbd3de31000)]
  0x00007fbd60084000 JavaThread "Finalizer" daemon [_thread_blocked, id=14827, stack(0x00007fbd3e7f0000,0x00007fbd3e8f1000)]
  0x00007fbd6007f800 JavaThread "Reference Handler" daemon [_thread_blocked, id=14826, stack(0x00007fbd3e8f1000,0x00007fbd3e9f2000)]
  0x00007fbd6000a000 JavaThread "main" [_thread_blocked, id=14820, stack(0x00007fbd674fc000,0x00007fbd675fd000)]

Other Threads:
  0x00007fbd60077800 VMThread [stack: 0x00007fbd3e9f2000,0x00007fbd3eaf3000] [id=14825]
  0x00007fbd600cb000 WatcherThread [stack: 0x00007fbd3d82b000,0x00007fbd3d92c000] [id=14833]

=>0x00007fbd60022800 (exited) GCTaskThread [stack: 0x00007fbd5091b000,0x00007fbd50a1c000] [id=14823]

VM state:at safepoint (normal execution)

VM Mutex/Monitor currently owned by a thread:  ([mutex/lock_event])
[0x00007fbd600061a0] Threads_lock - owner thread: 0x00007fbd60077800
[0x00007fbd600066a0] Heap_lock - owner thread: 0x00007fbd6000a000

Heap:
 PSYoungGen      total 206848K, used 377K [0x00000000d6a00000, 0x00000000e4e00000, 0x0000000100000000)
  eden space 182272K, 0% used [0x00000000d6a00000,0x00000000d6a00000,0x00000000e1c00000)
  from space 24576K, 1% used [0x00000000e1c00000,0x00000000e1c5e6c8,0x00000000e3400000)
  to   space 24576K, 0% used [0x00000000e3600000,0x00000000e3600000,0x00000000e4e00000)
 ParOldGen       total 84992K, used 71678K [0x0000000083e00000, 0x0000000089100000, 0x00000000d6a00000)
  object space 84992K, 84% used [0x0000000083e00000,0x00000000883ffab0,0x0000000089100000)
 Metaspace       used 54413K, capacity 55812K, committed 55976K, reserved 1097728K
  class space    used 6266K, capacity 6727K, committed 6832K, reserved 1048576K

Card table byte_map: [0x00007fbd50c1e000,0x00007fbd51000000] byte_map_base: 0x00007fbd507ff000

Marking Bits: (ParMarkBitMap*) 0x00007fbd669d3120
 Begin Bits: [0x00007fbd481f0000, 0x00007fbd4a0f8000)
 End Bits:   [0x00007fbd4a0f8000, 0x00007fbd4c000000)

Polling page: 0x00007fbd67622000

CodeCache: size=245760Kb used=34444Kb max_used=34476Kb free=211315Kb
 bounds [0x00007fbd51000000, 0x00007fbd531f0000, 0x00007fbd60000000]
 total_blobs=9965 nmethods=9525 adapters=352
 compilation: enabled

Compilation events (10 events):
Event: 234,085 Thread 0x00007fbd600bd000 nmethod 11279 0x00007fbd51486d10 code [0x00007fbd51486ea0, 0x00007fbd51487198]
Event: 234,086 Thread 0x00007fbd600bd000 11280       3       org.objectweb.asm.tree.LocalVariableNode::<init> (38 bytes)
Event: 234,086 Thread 0x00007fbd600bd000 nmethod 11280 0x00007fbd51832c90 code [0x00007fbd51832e00, 0x00007fbd51833030]
Event: 234,087 Thread 0x00007fbd600bd000 11281       3       org.objectweb.asm.tree.LocalVariableNode::accept (35 bytes)
Event: 234,087 Thread 0x00007fbd600bd000 nmethod 11281 0x00007fbd516e9a50 code [0x00007fbd516e9c00, 0x00007fbd516ea228]
Event: 234,090 Thread 0x00007fbd600b8800 11282       4       org.codehaus.plexus.util.xml.XmlStreamWriter::write (28 bytes)
Event: 234,091 Thread 0x00007fbd600bd000 11283       3       org.codehaus.plexus.util.xml.XmlStreamWriter::detectEncoding (250 bytes)
Event: 234,092 Thread 0x00007fbd600bb800 nmethod 11276 0x00007fbd515971d0 code [0x00007fbd51597420, 0x00007fbd51597d00]
Event: 234,093 Thread 0x00007fbd600bd000 nmethod 11283 0x00007fbd531dd6d0 code [0x00007fbd531dda00, 0x00007fbd531dff78]
Event: 234,093 Thread 0x00007fbd600bd000 11284       3       org.codehaus.plexus.util.xml.XmlReader::<init> (7 bytes)

GC Heap History (10 events):
Event: 166,797 GC heap after
Heap after GC invocations=17 (full 2):
 PSYoungGen      total 114688K, used 3659K [0x00000000d6a00000, 0x00000000e1f00000, 0x0000000100000000)
  eden space 92160K, 0% used [0x00000000d6a00000,0x00000000d6a00000,0x00000000dc400000)
  from space 22528K, 16% used [0x00000000dc400000,0x00000000dc792dd0,0x00000000dda00000)
  to   space 22016K, 0% used [0x00000000e0980000,0x00000000e0980000,0x00000000e1f00000)
 ParOldGen       total 84992K, used 51812K [0x0000000083e00000, 0x0000000089100000, 0x00000000d6a00000)
  object space 84992K, 60% used [0x0000000083e00000,0x0000000087099368,0x0000000089100000)
 Metaspace       used 44402K, capacity 45618K, committed 45736K, reserved 1089536K
  class space    used 5057K, capacity 5459K, committed 5552K, reserved 1048576K
}
Event: 193,825 GC heap before
{Heap before GC invocations=18 (full 2):
 PSYoungGen      total 114688K, used 95819K [0x00000000d6a00000, 0x00000000e1f00000, 0x0000000100000000)
  eden space 92160K, 100% used [0x00000000d6a00000,0x00000000dc400000,0x00000000dc400000)
  from space 22528K, 16% used [0x00000000dc400000,0x00000000dc792dd0,0x00000000dda00000)
  to   space 22016K, 0% used [0x00000000e0980000,0x00000000e0980000,0x00000000e1f00000)
 ParOldGen       total 84992K, used 51812K [0x0000000083e00000, 0x0000000089100000, 0x00000000d6a00000)
  object space 84992K, 60% used [0x0000000083e00000,0x0000000087099368,0x0000000089100000)
 Metaspace       used 44644K, capacity 45886K, committed 46248K, reserved 1089536K
  class space    used 5060K, capacity 5461K, committed 5552K, reserved 1048576K
Event: 193,830 GC heap after
Heap after GC invocations=18 (full 2):
 PSYoungGen      total 160256K, used 2564K [0x00000000d6a00000, 0x00000000e1d80000, 0x0000000100000000)
  eden space 139776K, 0% used [0x00000000d6a00000,0x00000000d6a00000,0x00000000df280000)
  from space 20480K, 12% used [0x00000000e0980000,0x00000000e0c010f0,0x00000000e1d80000)
  to   space 22016K, 0% used [0x00000000df280000,0x00000000df280000,0x00000000e0800000)
 ParOldGen       total 84992K, used 51924K [0x0000000083e00000, 0x0000000089100000, 0x00000000d6a00000)
  object space 84992K, 61% used [0x0000000083e00000,0x00000000870b5368,0x0000000089100000)
 Metaspace       used 44644K, capacity 45886K, committed 46248K, reserved 1089536K
  class space    used 5060K, capacity 5461K, committed 5552K, reserved 1048576K
}
Event: 226,844 GC heap before
{Heap before GC invocations=19 (full 2):
 PSYoungGen      total 160256K, used 142340K [0x00000000d6a00000, 0x00000000e1d80000, 0x0000000100000000)
  eden space 139776K, 100% used [0x00000000d6a00000,0x00000000df280000,0x00000000df280000)
  from space 20480K, 12% used [0x00000000e0980000,0x00000000e0c010f0,0x00000000e1d80000)
  to   space 22016K, 0% used [0x00000000df280000,0x00000000df280000,0x00000000e0800000)
 ParOldGen       total 84992K, used 51924K [0x0000000083e00000, 0x0000000089100000, 0x00000000d6a00000)
  object space 84992K, 61% used [0x0000000083e00000,0x00000000870b5368,0x0000000089100000)
 Metaspace       used 44763K, capacity 46014K, committed 46248K, reserved 1089536K
  class space    used 5060K, capacity 5461K, committed 5552K, reserved 1048576K
Event: 226,849 GC heap after
Heap after GC invocations=19 (full 2):
 PSYoungGen      total 161792K, used 4459K [0x00000000d6a00000, 0x00000000e4880000, 0x0000000100000000)
  eden space 139776K, 0% used [0x00000000d6a00000,0x00000000d6a00000,0x00000000df280000)
  from space 22016K, 20% used [0x00000000df280000,0x00000000df6daf20,0x00000000e0800000)
  to   space 20992K, 0% used [0x00000000e3400000,0x00000000e3400000,0x00000000e4880000)
 ParOldGen       total 84992K, used 53033K [0x0000000083e00000, 0x0000000089100000, 0x00000000d6a00000)
  object space 84992K, 62% used [0x0000000083e00000,0x00000000871ca7d8,0x0000000089100000)
 Metaspace       used 44763K, capacity 46014K, committed 46248K, reserved 1089536K
  class space    used 5060K, capacity 5461K, committed 5552K, reserved 1048576K
}
Event: 233,429 GC heap before
{Heap before GC invocations=20 (full 2):
 PSYoungGen      total 161792K, used 144235K [0x00000000d6a00000, 0x00000000e4880000, 0x0000000100000000)
  eden space 139776K, 100% used [0x00000000d6a00000,0x00000000df280000,0x00000000df280000)
  from space 22016K, 20% used [0x00000000df280000,0x00000000df6daf20,0x00000000e0800000)
  to   space 20992K, 0% used [0x00000000e3400000,0x00000000e3400000,0x00000000e4880000)
 ParOldGen       total 84992K, used 53033K [0x0000000083e00000, 0x0000000089100000, 0x00000000d6a00000)
  object space 84992K, 62% used [0x0000000083e00000,0x00000000871ca7d8,0x0000000089100000)
 Metaspace       used 54403K, capacity 55748K, committed 55976K, reserved 1097728K
  class space    used 6266K, capacity 6727K, committed 6832K, reserved 1048576K
Event: 233,446 GC heap after
Heap after GC invocations=20 (full 2):
 PSYoungGen      total 203264K, used 20173K [0x00000000d6a00000, 0x00000000e4e00000, 0x0000000100000000)
  eden space 182272K, 0% used [0x00000000d6a00000,0x00000000d6a00000,0x00000000e1c00000)
  from space 20992K, 96% used [0x00000000e3400000,0x00000000e47b34f8,0x00000000e4880000)
  to   space 24576K, 0% used [0x00000000e1c00000,0x00000000e1c00000,0x00000000e3400000)
 ParOldGen       total 84992K, used 54506K [0x0000000083e00000, 0x0000000089100000, 0x00000000d6a00000)
  object space 84992K, 64% used [0x0000000083e00000,0x000000008733aad8,0x0000000089100000)
 Metaspace       used 54403K, capacity 55748K, committed 55976K, reserved 1097728K
  class space    used 6266K, capacity 6727K, committed 6832K, reserved 1048576K
}
Event: 234,093 GC heap before
{Heap before GC invocations=21 (full 2):
 PSYoungGen      total 203264K, used 35141K [0x00000000d6a00000, 0x00000000e4e00000, 0x0000000100000000)
  eden space 182272K, 8% used [0x00000000d6a00000,0x00000000d789df18,0x00000000e1c00000)
  from space 20992K, 96% used [0x00000000e3400000,0x00000000e47b34f8,0x00000000e4880000)
  to   space 24576K, 0% used [0x00000000e1c00000,0x00000000e1c00000,0x00000000e3400000)
 ParOldGen       total 84992K, used 54506K [0x0000000083e00000, 0x0000000089100000, 0x00000000d6a00000)
  object space 84992K, 64% used [0x0000000083e00000,0x000000008733aad8,0x0000000089100000)
 Metaspace       used 54413K, capacity 55812K, committed 55976K, reserved 1097728K
  class space    used 6266K, capacity 6727K, committed 6832K, reserved 1048576K
Event: 234,109 GC heap after
Heap after GC invocations=21 (full 2):
 PSYoungGen      total 206848K, used 377K [0x00000000d6a00000, 0x00000000e4e00000, 0x0000000100000000)
  eden space 182272K, 0% used [0x00000000d6a00000,0x00000000d6a00000,0x00000000e1c00000)
  from space 24576K, 1% used [0x00000000e1c00000,0x00000000e1c5e6c8,0x00000000e3400000)
  to   space 24576K, 0% used [0x00000000e3600000,0x00000000e3600000,0x00000000e4e00000)
 ParOldGen       total 84992K, used 71678K [0x0000000083e00000, 0x0000000089100000, 0x00000000d6a00000)
  object space 84992K, 84% used [0x0000000083e00000,0x00000000883ffab0,0x0000000089100000)
 Metaspace       used 54413K, capacity 55812K, committed 55976K, reserved 1097728K
  class space    used 6266K, capacity 6727K, committed 6832K, reserved 1048576K
}
Event: 234,109 GC heap before
{Heap before GC invocations=22 (full 3):
 PSYoungGen      total 206848K, used 377K [0x00000000d6a00000, 0x00000000e4e00000, 0x0000000100000000)
  eden space 182272K, 0% used [0x00000000d6a00000,0x00000000d6a00000,0x00000000e1c00000)
  from space 24576K, 1% used [0x00000000e1c00000,0x00000000e1c5e6c8,0x00000000e3400000)
  to   space 24576K, 0% used [0x00000000e3600000,0x00000000e3600000,0x00000000e4e00000)
 ParOldGen       total 84992K, used 71678K [0x0000000083e00000, 0x0000000089100000, 0x00000000d6a00000)
  object space 84992K, 84% used [0x0000000083e00000,0x00000000883ffab0,0x0000000089100000)
 Metaspace       used 54413K, capacity 55812K, committed 55976K, reserved 1097728K
  class space    used 6266K, capacity 6727K, committed 6832K, reserved 1048576K

Deoptimization events (10 events):
Event: 232,298 Thread 0x00007fbd6000a000 Uncommon trap: reason=class_check action=maybe_recompile pc=0x00007fbd52fa1554 method=com.sun.tools.javac.util.List.prependList(Lcom/sun/tools/javac/util/List;)Lcom/sun/tools/javac/util/List; @ 1
Event: 232,539 Thread 0x00007fbd6000a000 Uncommon trap: reason=unstable_if action=reinterpret pc=0x00007fbd51f0911c method=java.lang.CharacterDataLatin1.isJavaIdentifierPart(I)Z @ 11
Event: 232,549 Thread 0x00007fbd6000a000 Uncommon trap: reason=unloaded action=reinterpret pc=0x00007fbd5285bfb8 method=java.util.regex.Pattern.sequence(Ljava/util/regex/Pattern$Node;)Ljava/util/regex/Pattern$Node; @ 304
Event: 232,565 Thread 0x00007fbd6000a000 Uncommon trap: reason=array_check action=maybe_recompile pc=0x00007fbd52fb2304 method=java.util.ComparableTimSort.mergeHi(IIII)V @ 101
Event: 232,565 Thread 0x00007fbd6000a000 Uncommon trap: reason=array_check action=maybe_recompile pc=0x00007fbd52fb2304 method=java.util.ComparableTimSort.mergeHi(IIII)V @ 101
Event: 232,565 Thread 0x00007fbd6000a000 Uncommon trap: reason=array_check action=maybe_recompile pc=0x00007fbd52fb2304 method=java.util.ComparableTimSort.mergeHi(IIII)V @ 101
Event: 232,565 Thread 0x00007fbd6000a000 Uncommon trap: reason=array_check action=maybe_recompile pc=0x00007fbd52fb2304 method=java.util.ComparableTimSort.mergeHi(IIII)V @ 101
Event: 232,575 Thread 0x00007fbd6000a000 Uncommon trap: reason=predicate action=maybe_recompile pc=0x00007fbd52f81724 method=java.util.ComparableTimSort.mergeLo(IIII)V @ 147
Event: 232,598 Thread 0x00007fbd6000a000 Uncommon trap: reason=unstable_if action=reinterpret pc=0x00007fbd52b7cc74 method=java.util.ComparableTimSort.countRunAndMakeAscending([Ljava/lang/Object;II)I @ 25
Event: 232,660 Thread 0x00007fbd6000a000 Uncommon trap: reason=unstable_if action=reinterpret pc=0x00007fbd530a275c method=com.sun.tools.javac.util.Name$Table.equals([BI[BII)Z @ 22

Internal exceptions (10 events):
Event: 232,695 Thread 0x00007fbd6000a000 Exception <a 'java/security/PrivilegedActionException'> (0x00000000dd1c55f8) thrown at [/HUDSON3/workspace/8-2-build-linux-amd64/jdk8u101/7261/hotspot/src/share/vm/prims/jvm.cpp, line 1386]
Event: 232,695 Thread 0x00007fbd6000a000 Exception <a 'java/security/PrivilegedActionException'> (0x00000000dd1c59f0) thrown at [/HUDSON3/workspace/8-2-build-linux-amd64/jdk8u101/7261/hotspot/src/share/vm/prims/jvm.cpp, line 1386]
Event: 232,695 Thread 0x00007fbd6000a000 Exception <a 'java/security/PrivilegedActionException'> (0x00000000dd1c6cb8) thrown at [/HUDSON3/workspace/8-2-build-linux-amd64/jdk8u101/7261/hotspot/src/share/vm/prims/jvm.cpp, line 1386]
Event: 232,695 Thread 0x00007fbd6000a000 Exception <a 'java/security/PrivilegedActionException'> (0x00000000dd1c70b0) thrown at [/HUDSON3/workspace/8-2-build-linux-amd64/jdk8u101/7261/hotspot/src/share/vm/prims/jvm.cpp, line 1386]
Event: 232,695 Thread 0x00007fbd6000a000 Exception <a 'java/security/PrivilegedActionException'> (0x00000000dd1c8390) thrown at [/HUDSON3/workspace/8-2-build-linux-amd64/jdk8u101/7261/hotspot/src/share/vm/prims/jvm.cpp, line 1386]
Event: 232,695 Thread 0x00007fbd6000a000 Exception <a 'java/security/PrivilegedActionException'> (0x00000000dd1c8788) thrown at [/HUDSON3/workspace/8-2-build-linux-amd64/jdk8u101/7261/hotspot/src/share/vm/prims/jvm.cpp, line 1386]
Event: 232,695 Thread 0x00007fbd6000a000 Exception <a 'java/security/PrivilegedActionException'> (0x00000000dd1cf238) thrown at [/HUDSON3/workspace/8-2-build-linux-amd64/jdk8u101/7261/hotspot/src/share/vm/prims/jvm.cpp, line 1386]
Event: 232,695 Thread 0x00007fbd6000a000 Exception <a 'java/security/PrivilegedActionException'> (0x00000000dd1cf630) thrown at [/HUDSON3/workspace/8-2-build-linux-amd64/jdk8u101/7261/hotspot/src/share/vm/prims/jvm.cpp, line 1386]
Event: 232,695 Thread 0x00007fbd6000a000 Exception <a 'java/security/PrivilegedActionException'> (0x00000000dd1d08f8) thrown at [/HUDSON3/workspace/8-2-build-linux-amd64/jdk8u101/7261/hotspot/src/share/vm/prims/jvm.cpp, line 1386]
Event: 232,695 Thread 0x00007fbd6000a000 Exception <a 'java/security/PrivilegedActionException'> (0x00000000dd1d0cf0) thrown at [/HUDSON3/workspace/8-2-build-linux-amd64/jdk8u101/7261/hotspot/src/share/vm/prims/jvm.cpp, line 1386]

Events (10 events):
Event: 234,084 Thread 0x00007fbd600bd000 flushing nmethod 0x00007fbd516e9790
Event: 234,085 Thread 0x00007fbd600bd000 flushing nmethod 0x00007fbd517aeb10
Event: 234,085 Thread 0x00007fbd600bd000 flushing nmethod 0x00007fbd517b09d0
Event: 234,086 Thread 0x00007fbd600bd000 flushing nmethod 0x00007fbd51832c90
Event: 234,086 Thread 0x00007fbd600bd000 flushing nmethod 0x00007fbd5183a890
Event: 234,086 Thread 0x00007fbd600bd000 flushing nmethod 0x00007fbd51888490
Event: 234,086 Thread 0x00007fbd600bd000 flushing nmethod 0x00007fbd51902850
Event: 234,086 Thread 0x00007fbd600bd000 flushing nmethod 0x00007fbd51919a90
Event: 234,086 Thread 0x00007fbd600bd000 flushing nmethod 0x00007fbd5197e3d0
Event: 234,093 Executing VM operation: ParallelGCSystemGC


Dynamic libraries:
00400000-00401000 r-xp 00000000 08:21 1596530                            /usr/lib/jvm/java-8-oracle/bin/java
00600000-00601000 rw-p 00000000 08:21 1596530                            /usr/lib/jvm/java-8-oracle/bin/java
01904000-01925000 rw-p 00000000 00:00 0                                  [heap]
83e00000-89100000 rw-p 00000000 00:00 0 
89100000-d6a00000 ---p 00000000 00:00 0 
d6a00000-e4e00000 rw-p 00000000 00:00 0 
e4e00000-100000000 ---p 00000000 00:00 0 
100000000-1006ac000 rw-p 00000000 00:00 0 
1006ac000-140000000 ---p 00000000 00:00 0 
7fbcdc000000-7fbcdc83e000 rw-p 00000000 00:00 0 
7fbcdc83e000-7fbce0000000 ---p 00000000 00:00 0 
7fbce4000000-7fbce4021000 rw-p 00000000 00:00 0 
7fbce4021000-7fbce8000000 ---p 00000000 00:00 0 
7fbce8000000-7fbce8021000 rw-p 00000000 00:00 0 
7fbce8021000-7fbcec000000 ---p 00000000 00:00 0 
7fbcec000000-7fbcec021000 rw-p 00000000 00:00 0 
7fbcec021000-7fbcf0000000 ---p 00000000 00:00 0 
7fbcf0000000-7fbcf0021000 rw-p 00000000 00:00 0 
7fbcf0021000-7fbcf4000000 ---p 00000000 00:00 0 
7fbcf4000000-7fbcf4021000 rw-p 00000000 00:00 0 
7fbcf4021000-7fbcf8000000 ---p 00000000 00:00 0 
7fbcf8000000-7fbcf8021000 rw-p 00000000 00:00 0 
7fbcf8021000-7fbcfc000000 ---p 00000000 00:00 0 
7fbcfc000000-7fbcfc021000 rw-p 00000000 00:00 0 
7fbcfc021000-7fbd00000000 ---p 00000000 00:00 0 
7fbd00000000-7fbd00021000 rw-p 00000000 00:00 0 
7fbd00021000-7fbd04000000 ---p 00000000 00:00 0 
7fbd04000000-7fbd0428d000 rw-p 00000000 00:00 0 
7fbd0428d000-7fbd08000000 ---p 00000000 00:00 0 
7fbd09005000-7fbd09205000 rw-p 00000000 00:00 0 
7fbd09205000-7fbd09405000 rw-p 00000000 00:00 0 
7fbd09405000-7fbd09605000 rw-p 00000000 00:00 0 
7fbd09605000-7fbd09805000 rw-p 00000000 00:00 0 
7fbd09805000-7fbd09807000 r--s 00007000 08:01 6292735                    /home/gladson/.m2/repository/org/apache/maven/surefire/surefire-junit4/2.10/surefire-junit4-2.10.jar
7fbd09807000-7fbd09809000 r--s 00001000 08:01 6688877                    /home/gladson/.m2/repository/org/jboss/arquillian/core/arquillian-core-api/1.1.11.Final/arquillian-core-api-1.1.11.Final.jar
7fbd09809000-7fbd0980b000 r--s 00013000 08:01 3281124                    /home/gladson/.m2/repository/org/jboss/marshalling/jboss-marshalling-river/1.4.10.Final/jboss-marshalling-river-1.4.10.Final.jar
7fbd0980b000-7fbd09810000 r--s 00034000 08:01 2503561                    /home/gladson/.m2/repository/org/wildfly/core/wildfly-jmx/2.0.10.Final/wildfly-jmx-2.0.10.Final.jar
7fbd09810000-7fbd09812000 r--s 0000a000 08:01 6688874                    /home/gladson/.m2/repository/org/wildfly/arquillian/wildfly-arquillian-protocol-jmx/2.0.0.Final/wildfly-arquillian-protocol-jmx-2.0.0.Final.jar
7fbd09812000-7fbd09815000 r--s 00019000 08:01 3027863                    /home/gladson/.m2/repository/org/jboss/xnio/xnio-nio/3.3.4.Final/xnio-nio-3.3.4.Final.jar
7fbd09815000-7fbd0981e000 r--s 00073000 08:01 3027861                    /home/gladson/.m2/repository/org/jboss/xnio/xnio-api/3.3.4.Final/xnio-api-3.3.4.Final.jar
7fbd0981e000-7fbd09822000 r--s 0001b000 08:01 2370143                    /home/gladson/.m2/repository/org/jboss/threads/jboss-threads/2.2.1.Final/jboss-threads-2.2.1.Final.jar
7fbd09822000-7fbd09824000 r--s 00015000 08:01 2369974                    /home/gladson/.m2/repository/org/jboss/sasl/jboss-sasl/1.0.5.Final/jboss-sasl-1.0.5.Final.jar
7fbd09824000-7fbd09829000 r--s 0003e000 08:01 2372191                    /home/gladson/.m2/repository/org/jboss/remoting/jboss-remoting/4.0.18.Final/jboss-remoting-4.0.18.Final.jar
7fbd09829000-7fbd0982d000 r--s 00016000 08:01 6301378                    /home/gladson/.m2/repository/org/wildfly/core/wildfly-protocol/2.0.10.Final/wildfly-protocol-2.0.10.Final.jar
7fbd0982d000-7fbd0982f000 r--s 0000f000 08:01 6039732                    /home/gladson/.m2/repository/org/jboss/logging/jboss-logging/3.3.0.Final/jboss-logging-3.3.0.Final.jar
7fbd0982f000-7fbd09831000 r--s 00003000 08:01 2369912                    /home/gladson/.m2/repository/org/jboss/stdio/jboss-stdio/1.0.2.GA/jboss-stdio-1.0.2.GA.jar
7fbd09831000-7fbd09837000 r--s 00054000 08:01 6690247                    /home/gladson/.m2/repository/org/jboss/modules/jboss-modules/1.5.1.Final/jboss-modules-1.5.1.Final.jar
7fbd09837000-7fbd0983a000 r--s 0002b000 08:01 6562697                    /home/gladson/.m2/repository/org/jboss/jandex/2.0.1.Final/jandex-2.0.1.Final.jar
7fbd0983a000-7fbd0984c000 r--s 000f5000 08:01 3281146                    /home/gladson/.m2/repository/org/wildfly/core/wildfly-host-controller/2.0.10.Final/wildfly-host-controller-2.0.10.Final.jar
7fbd0984c000-7fbd09a4c000 rw-p 00000000 00:00 0 
7fbd09a4c000-7fbd09a4d000 r--s 00004000 08:01 6688875                    /home/gladson/.m2/repository/org/jboss/arquillian/protocol/arquillian-protocol-jmx/1.1.11.Final/arquillian-protocol-jmx-1.1.11.Final.jar
7fbd09a4d000-7fbd09a51000 r--s 0002b000 08:01 2240467                    /home/gladson/.m2/repository/org/wildfly/security/wildfly-elytron/1.0.2.Final/wildfly-elytron-1.0.2.Final.jar
7fbd09a51000-7fbd09a59000 r--s 00045000 08:01 2240430                    /home/gladson/.m2/repository/org/jboss/remotingjmx/remoting-jmx/2.0.1.Final/remoting-jmx-2.0.1.Final.jar
7fbd09a59000-7fbd09a5b000 r--s 00005000 08:01 3281143                    /home/gladson/.m2/repository/org/wildfly/core/wildfly-management-client-content/2.0.10.Final/wildfly-management-client-content-2.0.10.Final.jar
7fbd09a5b000-7fbd09a5c000 r--s 00008000 08:01 2240582                    /home/gladson/.m2/repository/org/jboss/staxmapper/1.2.0.Final/staxmapper-1.2.0.Final.jar
7fbd09a5c000-7fbd09a5e000 r--s 0000b000 08:01 2240442                    /home/gladson/.m2/repository/org/wildfly/common/wildfly-common/1.1.0.Final/wildfly-common-1.1.0.Final.jar
7fbd09a5e000-7fbd09a84000 r--s 001d8000 08:01 2896205                    /home/gladson/.m2/repository/io/undertow/undertow-core/1.3.15.Final/undertow-core-1.3.15.Final.jar
7fbd09a84000-7fbd09a88000 r--s 0001e000 08:01 2503559                    /home/gladson/.m2/repository/org/jboss/jboss-vfs/3.2.11.Final/jboss-vfs-3.2.11.Final.jar
7fbd09a88000-7fbd09a8d000 r--s 00034000 08:01 2369902                    /home/gladson/.m2/repository/org/jboss/msc/jboss-msc/1.2.6.Final/jboss-msc-1.2.6.Final.jar
7fbd09a8d000-7fbd09a93000 r--s 00030000 08:01 2109818                    /home/gladson/.m2/repository/org/jboss/marshalling/jboss-marshalling/1.4.10.Final/jboss-marshalling-1.4.10.Final.jar
7fbd09a93000-7fbd09a9b000 r--s 0004c000 08:01 2503557                    /home/gladson/.m2/repository/org/jboss/logmanager/jboss-logmanager/2.0.3.Final/jboss-logmanager-2.0.3.Final.jar
7fbd09a9b000-7fbd09a9e000 r--s 00010000 08:01 2240528                    /home/gladson/.m2/repository/org/jboss/invocation/jboss-invocation/1.4.1.Final/jboss-invocation-1.4.1.Final.jar
7fbd09a9e000-7fbd09a9f000 r--s 00003000 08:01 3163163                    /home/gladson/.m2/repository/org/wildfly/core/wildfly-version/2.0.10.Final/wildfly-version-2.0.10.Final.jar
7fbd09a9f000-7fbd09aa1000 r--s 00001000 08:01 2896251                    /home/gladson/.m2/repository/org/wildfly/core/wildfly-self-contained/2.0.10.Final/wildfly-self-contained-2.0.10.Final.jar
7fbd09aa1000-7fbd09aa3000 r--s 00009000 08:01 3163173                    /home/gladson/.m2/repository/org/wildfly/core/wildfly-network/2.0.10.Final/wildfly-network-2.0.10.Final.jar
7fbd09aa3000-7fbd09aa5000 r--s 0000a000 08:01 2766464                    /home/gladson/.m2/repository/org/wildfly/core/wildfly-io/2.0.10.Final/wildfly-io-2.0.10.Final.jar
7fbd09aa5000-7fbd09aa9000 r--s 00030000 08:01 2241822                    /home/gladson/.m2/repository/org/wildfly/core/wildfly-remoting/2.0.10.Final/wildfly-remoting-2.0.10.Final.jar
7fbd09aa9000-7fbd09aac000 r--s 0001d000 08:01 3163167                    /home/gladson/.m2/repository/org/wildfly/core/wildfly-process-controller/2.0.10.Final/wildfly-process-controller-2.0.10.Final.jar
7fbd09aac000-7fbd09aaf000 r--s 0001c000 08:01 2637123                    /home/gladson/.m2/repository/org/wildfly/core/wildfly-platform-mbean/2.0.10.Final/wildfly-platform-mbean-2.0.10.Final.jar
7fbd09aaf000-7fbd09ab1000 r--s 00006000 08:01 2372197                    /home/gladson/.m2/repository/org/wildfly/core/wildfly-deployment-repository/2.0.10.Final/wildfly-deployment-repository-2.0.10.Final.jar
7fbd09ab1000-7fbd09ac4000 r--s 000d5000 08:01 6821723                    /home/gladson/.m2/repository/org/picketbox/picketbox/4.9.4.Final/picketbox-4.9.4.Final.jar
7fbd09ac4000-7fbd09ad4000 r--s 000b4000 08:01 2109822                    /home/gladson/.m2/repository/org/wildfly/core/wildfly-domain-management/2.0.10.Final/wildfly-domain-management-2.0.10.Final.jar
7fbd09ad4000-7fbd09ad6000 r--s 00016000 08:01 3163203                    /home/gladson/.m2/repository/org/wildfly/core/wildfly-domain-http-interface/2.0.10.Final/wildfly-domain-http-interface-2.0.10.Final.jar
7fbd09ad6000-7fbd09ad8000 r--s 00000000 08:01 3163201                    /home/gladson/.m2/repository/org/wildfly/core/wildfly-core-security-api/2.0.10.Final/wildfly-core-security-api-2.0.10.Final.jar
7fbd09ad8000-7fbd09ada000 r--s 00002000 08:01 3163199                    /home/gladson/.m2/repository/org/wildfly/core/wildfly-core-security/2.0.10.Final/wildfly-core-security-2.0.10.Final.jar
7fbd09ada000-7fbd09afd000 r--s 001a1000 08:01 3163195                    /home/gladson/.m2/repository/org/wildfly/core/wildfly-controller/2.0.10.Final/wildfly-controller-2.0.10.Final.jar
7fbd09afd000-7fbd09b0e000 r--s 00113000 08:01 3163193                    /home/gladson/.m2/repository/org/wildfly/core/wildfly-server/2.0.10.Final/wildfly-server-2.0.10.Final.jar
7fbd09b0e000-7fbd09b10000 r--s 0000b000 08:01 3281144                    /home/gladson/.m2/repository/org/wildfly/core/wildfly-embedded/2.0.10.Final/wildfly-embedded-2.0.10.Final.jar
7fbd09b10000-7fbd09b12000 r--s 00011000 08:01 6688872                    /home/gladson/.m2/repository/org/jboss/shrinkwrap/descriptors/shrinkwrap-descriptors-impl-base/2.0.0-alpha-8/shrinkwrap-descriptors-impl-base-2.0.0-alpha-8.jar
7fbd09b12000-7fbd09b14000 r--s 00016000 08:01 2370015                    /home/gladson/.m2/repository/org/jboss/jboss-dmr/1.3.0.Final/jboss-dmr-1.3.0.Final.jar
7fbd09b14000-7fbd09b1a000 r--s 0002e000 08:01 3163197                    /home/gladson/.m2/repository/org/wildfly/core/wildfly-controller-client/2.0.10.Final/wildfly-controller-client-2.0.10.Final.jar
7fbd09b1a000-7fbd09b1b000 r--s 00002000 08:01 6688871                    /home/gladson/.m2/repository/org/wildfly/arquillian/wildfly-arquillian-testenricher-msc/2.0.0.Final/wildfly-arquillian-testenricher-msc-2.0.0.Final.jar
7fbd09b1b000-7fbd09b1e000 r--s 0000c000 08:01 6688870                    /home/gladson/.m2/repository/org/jboss/arquillian/protocol/arquillian-protocol-servlet/1.1.11.Final/arquillian-protocol-servlet-1.1.11.Final.jar
7fbd09b1e000-7fbd09b20000 r--s 00003000 08:01 5118104                    /home/gladson/.m2/repository/org/jboss/arquillian/testenricher/arquillian-testenricher-resource/1.1.11.Final/arquillian-testenricher-resource-1.1.11.Final.jar
7fbd09b20000-7fbd09b21000 r--s 00001000 08:01 4989695                    /home/gladson/.m2/repository/org/jboss/arquillian/testenricher/arquillian-testenricher-initialcontext/1.1.11.Final/arquillian-testenricher-initialcontext-1.1.11.Final.jar
7fbd09b21000-7fbd09b22000 r--s 00004000 08:01 4989693                    /home/gladson/.m2/repository/org/jboss/arquillian/testenricher/arquillian-testenricher-ejb/1.1.11.Final/arquillian-testenricher-ejb-1.1.11.Final.jar
7fbd09b22000-7fbd09b24000 r--s 00005000 08:01 4858370                    /home/gladson/.m2/repository/org/jboss/arquillian/testenricher/arquillian-testenricher-cdi/1.1.11.Final/arquillian-testenricher-cdi-1.1.11.Final.jar
7fbd09b24000-7fbd09b27000 r--s 0000d000 08:01 6688865                    /home/gladson/.m2/repository/org/wildfly/arquillian/wildfly-arquillian-common/2.0.0.Final/wildfly-arquillian-common-2.0.0.Final.jar
7fbd09b27000-7fbd09b28000 r--s 00002000 08:01 6688864                    /home/gladson/.m2/repository/org/wildfly/arquillian/wildfly-arquillian-container-embedded/2.0.0.Final/wildfly-arquillian-container-embedded-2.0.0.Final.jar
7fbd09b28000-7fbd09b2b000 r--s 00017000 08:01 1976456                    /home/gladson/.m2/repository/org/jboss/spec/javax/xml/bind/jboss-jaxb-api_2.2_spec/1.0.4.Final/jboss-jaxb-api_2.2_spec-1.0.4.Final.jar
7fbd09b2b000-7fbd09b2f000 r--s 00019000 08:01 5516874                    /home/gladson/.m2/repository/org/jboss/spec/javax/ws/rs/jboss-jaxrs-api_2.0_spec/1.0.0.Final/jboss-jaxrs-api_2.0_spec-1.0.0.Final.jar
7fbd09b2f000-7fbd09b31000 r--s 00009000 08:01 5645169                    /home/gladson/.m2/repository/org/jboss/spec/javax/websocket/jboss-websocket-api_1.1_spec/1.1.0.Final/jboss-websocket-api_1.1_spec-1.1.0.Final.jar
7fbd09b31000-7fbd09b32000 r--s 00006000 08:01 1847077                    /home/gladson/.m2/repository/org/jboss/spec/javax/transaction/jboss-transaction-api_1.2_spec/1.0.0.Final/jboss-transaction-api_1.2_spec-1.0.0.Final.jar
7fbd09b32000-7fbd09b3b000 r--s 00063000 08:01 3281162                    /home/gladson/.m2/repository/org/jboss/spec/javax/servlet/jstl/jboss-jstl-api_1.2_spec/1.1.2.Final/jboss-jstl-api_1.2_spec-1.1.2.Final.jar
7fbd09b3b000-7fbd09b3e000 r--s 0000c000 08:01 6690102                    /home/gladson/.m2/repository/org/jboss/spec/javax/servlet/jsp/jboss-jsp-api_2.3_spec/1.0.1.Final/jboss-jsp-api_2.3_spec-1.0.1.Final.jar
7fbd09b3e000-7fbd09b42000 r--s 0002b000 08:01 1847038                    /home/gladson/.m2/repository/org/jboss/spec/javax/servlet/jboss-servlet-api_3.1_spec/1.0.0.Final/jboss-servlet-api_3.1_spec-1.0.0.Final.jar
7fbd09b42000-7fbd09b45000 r--s 0000f000 08:01 5904871                    /home/gladson/.m2/repository/org/jboss/spec/javax/resource/jboss-connector-api_1.7_spec/1.0.0.Final/jboss-connector-api_1.7_spec-1.0.0.Final.jar
7fbd09b45000-7fbd09b47000 r--s 00005000 08:01 6688863                    /home/gladson/.m2/repository/org/jboss/spec/javax/json/jboss-json-api_1.0_spec/1.0.0.Final/jboss-json-api_1.0_spec-1.0.0.Final.jar
7fbd09b47000-7fbd09b48000 r--s 00003000 08:01 1847065                    /home/gladson/.m2/repository/org/jboss/spec/javax/interceptor/jboss-interceptors-api_1.2_spec/1.0.0.Final/jboss-interceptors-api_1.2_spec-1.0.0.Final.jar
7fbd09b48000-7fbd09b55000 r--s 000a3000 08:01 6688862                    /home/gladson/.m2/repository/org/jboss/spec/javax/faces/jboss-jsf-api_2.2_spec/2.2.11/jboss-jsf-api_2.2_spec-2.2.11.jar
7fbd09b55000-7fbd09b57000 r--s 00013000 08:01 3279801                    /home/gladson/.m2/repository/org/jboss/spec/javax/el/jboss-el-api_3.0_spec/1.0.4.Final/jboss-el-api_3.0_spec-1.0.4.Final.jar
7fbd09b57000-7fbd09b5a000 r--s 0000a000 08:01 6042818                    /home/gladson/.m2/repository/org/jboss/spec/javax/ejb/jboss-ejb-api_3.2_spec/1.0.0.Final/jboss-ejb-api_3.2_spec-1.0.0.Final.jar
7fbd09b5a000-7fbd09b5b000 r--s 00004000 08:01 1847045                    /home/gladson/.m2/repository/org/jboss/spec/javax/annotation/jboss-annotations-api_1.2_spec/1.0.0.Final/jboss-annotations-api_1.2_spec-1.0.0.Final.jar
7fbd09b5b000-7fbd09b60000 r--s 00017000 08:01 6171073                    /home/gladson/.m2/repository/org/hibernate/javax/persistence/hibernate-jpa-2.1-api/1.0.0.Final/hibernate-jpa-2.1-api-1.0.0.Final.jar
7fbd09b60000-7fbd09b64000 r--s 0000c000 08:01 1704968                    /home/gladson/.m2/repository/javax/validation/validation-api/1.1.0.Final/validation-api-1.1.0.Final.jar
7fbd09b64000-7fbd09b65000 r--s 00000000 08:01 5375336                    /home/gladson/.m2/repository/javax/inject/javax.inject/1/javax.inject-1.jar
7fbd09b65000-7fbd09b69000 r--s 0000e000 08:01 5513961                    /home/gladson/.m2/repository/javax/enterprise/cdi-api/1.2/cdi-api-1.2.jar
7fbd09b69000-7fbd09b6b000 r--s 00000000 08:01 6688857                    /home/gladson/.m2/repository/org/jboss/shrinkwrap/shrinkwrap-spi/1.2.3/shrinkwrap-spi-1.2.3.jar
7fbd09b6b000-7fbd09b70000 r--s 0002a000 08:01 6688856                    /home/gladson/.m2/repository/org/jboss/shrinkwrap/shrinkwrap-impl-base/1.2.3/shrinkwrap-impl-base-1.2.3.jar
7fbd09b70000-7fbd09b74000 r--s 00017000 08:01 6688854                    /home/gladson/.m2/repository/org/jboss/arquillian/container/arquillian-container-test-impl-base/1.1.11.Final/arquillian-container-test-impl-base-1.1.11.Final.jar
7fbd09b74000-7fbd09b76000 r--s 00008000 08:01 6688855                    /home/gladson/.m2/repository/org/jboss/shrinkwrap/descriptors/shrinkwrap-descriptors-spi/2.0.0-alpha-8/shrinkwrap-descriptors-spi-2.0.0-alpha-8.jar
7fbd09b76000-7fbd09b79000 r--s 00008000 08:01 6558413                    /home/gladson/.m2/repository/org/jboss/arquillian/config/arquillian-config-impl-base/1.1.11.Final/arquillian-config-impl-base-1.1.11.Final.jar
7fbd09b79000-7fbd09b7a000 r--s 00001000 08:01 6166854                    /home/gladson/.m2/repository/org/jboss/arquillian/config/arquillian-config-api/1.1.11.Final/arquillian-config-api-1.1.11.Final.jar
7fbd09b7a000-7fbd09b7d000 r--s 00011000 08:01 6688850                    /home/gladson/.m2/repository/org/jboss/arquillian/container/arquillian-container-impl-base/1.1.11.Final/arquillian-container-impl-base-1.1.11.Final.jar
7fbd09b7d000-7fbd09b7f000 r--s 00005000 08:01 6688849                    /home/gladson/.m2/repository/org/jboss/arquillian/test/arquillian-test-impl-base/1.1.11.Final/arquillian-test-impl-base-1.1.11.Final.jar
7fbd09b7f000-7fbd09b82000 r--s 0000d000 08:01 6688848                    /home/gladson/.m2/repository/org/jboss/arquillian/core/arquillian-core-impl-base/1.1.11.Final/arquillian-core-impl-base-1.1.11.Final.jar
7fbd09b82000-7fbd09b84000 r--s 00003000 08:01 6293333                    /home/gladson/.m2/repository/org/jboss/shrinkwrap/descriptors/shrinkwrap-descriptors-api-base/2.0.0-alpha-8/shrinkwrap-descriptors-api-base-2.0.0-alpha-8.jar
7fbd09b84000-7fbd09b87000 r--s 0000a000 08:01 6034915                    /home/gladson/.m2/repository/org/jboss/arquillian/container/arquillian-container-spi/1.1.11.Final/arquillian-container-spi-1.1.11.Final.jar
7fbd09b87000-7fbd09b89000 r--s 00005000 08:01 5905191                    /home/gladson/.m2/repository/org/jboss/arquillian/container/arquillian-container-test-spi/1.1.11.Final/arquillian-container-test-spi-1.1.11.Final.jar
7fbd09b89000-7fbd09b8d000 r--s 0000d000 08:01 5645165                    /home/gladson/.m2/repository/org/jboss/shrinkwrap/shrinkwrap-api/1.2.3/shrinkwrap-api-1.2.3.jar
7fbd09b8d000-7fbd09b8f000 r--s 00001000 08:01 5515504                    /home/gladson/.m2/repository/org/jboss/arquillian/container/arquillian-container-test-api/1.1.11.Final/arquillian-container-test-api-1.1.11.Final.jar
7fbd09b8f000-7fbd09b91000 r--s 00005000 08:01 6688842                    /home/gladson/.m2/repository/org/jboss/arquillian/core/arquillian-core-spi/1.1.11.Final/arquillian-core-spi-1.1.11.Final.jar
7fbd09b91000-7fbd09b94000 r--s 00008000 08:01 6688840                    /home/gladson/.m2/repository/org/jboss/arquillian/test/arquillian-test-spi/1.1.11.Final/arquillian-test-spi-1.1.11.Final.jar
7fbd09b94000-7fbd09b95000 r--s 00000000 08:01 6688838                    /home/gladson/.m2/repository/org/jboss/arquillian/test/arquillian-test-api/1.1.11.Final/arquillian-test-api-1.1.11.Final.jar
7fbd09b95000-7fbd09b97000 r--s 00008000 08:01 6688841                    /home/gladson/.m2/repository/org/jboss/arquillian/junit/arquillian-junit-core/1.1.11.Final/arquillian-junit-core-1.1.11.Final.jar
7fbd09b97000-7fbd09b99000 r--s 00001000 08:01 6688839                    /home/gladson/.m2/repository/org/jboss/arquillian/junit/arquillian-junit-container/1.1.11.Final/arquillian-junit-container-1.1.11.Final.jar
7fbd09b99000-7fbd09b9b000 r--s 00009000 08:01 5117811                    /home/gladson/.m2/repository/org/hamcrest/hamcrest-core/1.3/hamcrest-core-1.3.jar
7fbd09b9b000-7fbd09ba3000 r--s 00045000 08:01 6557114                    /home/gladson/.m2/repository/junit/junit/4.12/junit-4.12.jar
7fbd09ba3000-7fbd09ba5000 r--s 00006000 08:01 5514058                    /home/gladson/.m2/repository/javax/transaction/javax.transaction-api/1.2/javax.transaction-api-1.2.jar
7fbd09ba5000-7fbd09ba8000 r--s 0000b000 08:01 5514057                    /home/gladson/.m2/repository/javax/persistence/persistence-api/1.0.2/persistence-api-1.0.2.jar
7fbd09ba8000-7fbd09bab000 r--s 0000d000 08:01 5514056                    /home/gladson/.m2/repository/javax/ejb/javax.ejb-api/3.2/javax.ejb-api-3.2.jar
7fbd09bab000-7fbd09dab000 rw-p 00000000 00:00 0 
7fbd09dab000-7fbd09fab000 rw-p 00000000 00:00 0 
7fbd09fab000-7fbd09faf000 r--s 00021000 08:01 5513962                    /home/gladson/.m2/repository/org/apache/deltaspike/core/deltaspike-core-impl/1.7.1/deltaspike-core-impl-1.7.1.jar
7fbd09faf000-7fbd09fb7000 r--s 00036000 08:01 5513965                    /home/gladson/.m2/repository/org/apache/deltaspike/core/deltaspike-core-api/1.7.1/deltaspike-core-api-1.7.1.jar
7fbd09fb7000-7fbd09fd9000 r--s 00120000 08:01 1704981                    /home/gladson/.m2/repository/javax/javaee-web-api/7.0/javaee-web-api-7.0.jar
7fbd09fd9000-7fbd09fdb000 r--s 00005000 08:01 5510365                    /home/gladson/NetBeansProjects/github/framework/demoiselle-core/target/demoiselle-core-3.0.0-BETA2-SNAPSHOT.jar
7fbd09fdb000-7fbd09fdd000 r--s 00008000 08:01 6688950                    /home/gladson/.m2/repository/org/apache/maven/doxia/doxia-decoration-model/1.0-alpha-7/doxia-decoration-model-1.0-alpha-7.jar
7fbd09fdd000-7fbd09fe8000 r--s 00074000 08:01 5773264                    /home/gladson/.m2/repository/velocity/velocity-dep/1.4/velocity-dep-1.4.jar
7fbd09fe8000-7fbd09ff0000 r--s 00051000 08:01 5259467                    /home/gladson/.m2/repository/velocity/velocity/1.4/velocity-1.4.jar
7fbd09ff0000-7fbd09ff2000 r--s 00005000 08:01 5515510                    /home/gladson/.m2/repository/commons-logging/commons-logging-api/1.0.4/commons-logging-api-1.0.4.jar
7fbd09ff2000-7fbd09ff5000 r--s 00025000 08:01 6557400                    /home/gladson/.m2/repository/plexus/plexus-utils/1.0.2/plexus-utils-1.0.2.jar
7fbd09ff5000-7fbd09ff6000 r--s 00001000 08:01 6688947                    /home/gladson/.m2/repository/org/codehaus/plexus/plexus-velocity/1.1.2/plexus-velocity-1.1.2.jar
7fbd09ff6000-7fbd09ff7000 r--s 00002000 08:01 5770861                    /home/gladson/.m2/repository/org/codehaus/plexus/plexus-i18n/1.0-beta-6/plexus-i18n-1.0-beta-6.jar
7fbd09ff7000-7fbd09ff9000 r--s 00002000 08:01 6688946                    /home/gladson/.m2/repository/org/apache/maven/doxia/doxia-site-renderer/1.0-alpha-7/doxia-site-renderer-1.0-alpha-7.jar
7fbd09ff9000-7fbd09ffb000 r--s 0000e000 08:01 6688943                    /home/gladson/.m2/repository/oro/oro/2.0.7/oro-2.0.7.jar
7fbd09ffb000-7fbd0a001000 r--s 00033000 08:01 6688942                    /home/gladson/.m2/repository/org/apache/maven/doxia/doxia-core/1.0-alpha-7/doxia-core-1.0-alpha-7.jar
7fbd0a001000-7fbd0a007000 r--s 00023000 08:01 6293339                    /home/gladson/.m2/repository/commons-collections/commons-collections/2.1/commons-collections-2.1.jar
7fbd0a007000-7fbd0a009000 r--s 00002000 08:01 1704221                    /home/gladson/.m2/repository/org/apache/maven/reporting/maven-reporting-impl/2.0.4/maven-reporting-impl-2.0.4.jar
7fbd0a009000-7fbd0a00a000 r--s 00002000 08:01 6296589                    /home/gladson/.m2/repository/org/codehaus/plexus/plexus-io/1.0-alpha-1/plexus-io-1.0-alpha-1.jar
7fbd0a00a000-7fbd0a00b000 r--s 00007000 08:01 6296594                    /home/gladson/.m2/repository/org/apache/maven/shared/maven-plugin-testing-harness/1.1/maven-plugin-testing-harness-1.1.jar
7fbd0a00b000-7fbd0a00d000 r--s 00005000 08:01 6424613                    /home/gladson/.m2/repository/org/apache/maven/shared/maven-common-artifact-filters/1.0/maven-common-artifact-filters-1.0.jar
7fbd0a00d000-7fbd0a00f000 r--s 00007000 08:01 6291544                    /home/gladson/.m2/repository/org/apache/maven/shared/maven-dependency-tree/1.2/maven-dependency-tree-1.2.jar
7fbd0a00f000-7fbd0a011000 r--s 00009000 08:01 1972971                    /home/gladson/.m2/repository/asm/asm/3.0/asm-3.0.jar
7fbd0a011000-7fbd0a013000 r--s 00005000 08:01 1704216                    /home/gladson/.m2/repository/org/apache/maven/shared/maven-dependency-analyzer/1.1/maven-dependency-analyzer-1.1.jar
7fbd0a013000-7fbd0a015000 r--s 00007000 08:01 1704217                    /home/gladson/.m2/repository/org/apache/maven/shared/maven-shared-io/1.0/maven-shared-io-1.0.jar
7fbd0a015000-7fbd0a215000 rw-p 00000000 00:00 0 
7fbd0a215000-7fbd0a413000 rw-p 00000000 00:00 0 
7fbd0a413000-7fbd0a415000 ---p 00000000 00:00 0 
7fbd0a415000-7fbd0a48e000 r--s 010e5000 08:21 1595823                    /usr/lib/jvm/java-8-oracle/lib/tools.jar
7fbd0a48e000-7fbd0a491000 ---p 00000000 00:00 0 
7fbd0a491000-7fbd0a58f000 rw-p 00000000 00:00 0 
7fbd0a58f000-7fbd0a592000 ---p 00000000 00:00 0 
7fbd0a592000-7fbd0a690000 rw-p 00000000 00:00 0 
7fbd0a690000-7fbd0a693000 ---p 00000000 00:00 0 
7fbd0a693000-7fbd0a991000 rw-p 00000000 00:00 0 
7fbd0a991000-7fbd0ab91000 rw-p 00000000 00:00 0 
7fbd0ab91000-7fbd0ab94000 ---p 00000000 00:00 0 
7fbd0ab94000-7fbd0ac92000 rw-p 00000000 00:00 0 
7fbd0ac92000-7fbd0ac95000 ---p 00000000 00:00 0 
7fbd0ac95000-7fbd0af93000 rw-p 00000000 00:00 0 
7fbd0af93000-7fbd0af9a000 r--s 00000000 08:21 1839307                    /usr/lib/x86_64-linux-gnu/gconv/gconv-modules.cache
7fbd0af9a000-7fbd0afbb000 r--p 00000000 08:21 2236433                    /usr/share/locale-langpack/pt_BR/LC_MESSAGES/libc.mo
7fbd0afbb000-7fbd0afbd000 r--s 00006000 08:01 1704215                    /home/gladson/.m2/repository/org/apache/maven/shared/file-management/1.1/file-management-1.1.jar
7fbd0afbd000-7fbd0afc0000 r--s 0002f000 08:01 4989721                    /home/gladson/.m2/repository/org/codehaus/plexus/plexus-utils/1.4.6/plexus-utils-1.4.6.jar
7fbd0afc0000-7fbd0afc4000 r--s 00023000 08:01 6170710                    /home/gladson/.m2/repository/org/codehaus/plexus/plexus-archiver/1.0-alpha-9/plexus-archiver-1.0-alpha-9.jar
7fbd0afc4000-7fbd0afc6000 r--s 00018000 08:01 5904980                    /home/gladson/.m2/repository/org/apache/maven/plugins/maven-dependency-plugin/2.1/maven-dependency-plugin-2.1.jar
7fbd0afc6000-7fbd0afc8000 r--s 00002000 08:01 6295632                    /home/gladson/.m2/repository/org/codehaus/plexus/plexus-compiler-javac/1.8.1/plexus-compiler-javac-1.8.1.jar
7fbd0afc8000-7fbd0afca000 r--s 00000000 08:01 6295631                    /home/gladson/.m2/repository/org/codehaus/plexus/plexus-compiler-manager/1.8.1/plexus-compiler-manager-1.8.1.jar
7fbd0afca000-7fbd0afcb000 r--s 00004000 08:01 6295630                    /home/gladson/.m2/repository/org/codehaus/plexus/plexus-compiler-api/1.8.1/plexus-compiler-api-1.8.1.jar
7fbd0afcb000-7fbd0afcd000 r--s 00006000 08:01 4719608                    /home/gladson/.m2/repository/org/apache/maven/plugins/maven-compiler-plugin/2.3.2/maven-compiler-plugin-2.3.2.jar
7fbd0afcd000-7fbd0afd1000 r--s 00034000 08:01 4989056                    /home/gladson/.m2/repository/org/codehaus/plexus/plexus-utils/3.0/plexus-utils-3.0.jar
7fbd0afd1000-7fbd0afd5000 r--s 0002f000 08:01 6297473                    /home/gladson/.m2/repository/commons-lang/commons-lang/2.1/commons-lang-2.1.jar
7fbd0afd5000-7fbd0afd8000 r--s 0000c000 08:01 6298499                    /home/gladson/.m2/repository/org/codehaus/plexus/plexus-io/2.0.1/plexus-io-2.0.1.jar
7fbd0afd8000-7fbd0afdc000 r--s 00028000 08:01 6039804                    /home/gladson/.m2/repository/org/codehaus/plexus/plexus-archiver/2.0.1/plexus-archiver-2.0.1.jar
7fbd0afdc000-7fbd0afdd000 r--s 00004000 08:01 6298498                    /home/gladson/.m2/repository/org/apache/maven/maven-archiver/2.4.2/maven-archiver-2.4.2.jar
7fbd0afdd000-7fbd0afde000 r--s 00007000 08:01 4719584                    /home/gladson/.m2/repository/org/apache/maven/plugins/maven-jar-plugin/2.3.2/maven-jar-plugin-2.3.2.jar
7fbd0afde000-7fbd0afe1000 r--s 00034000 08:01 4851221                    /home/gladson/.m2/repository/org/codehaus/plexus/plexus-utils/2.1/plexus-utils-2.1.jar
7fbd0afe1000-7fbd0afe3000 r--s 0000d000 08:01 6292719                    /home/gladson/.m2/repository/org/apache/maven/surefire/maven-surefire-common/2.10/maven-surefire-common-2.10.jar
7fbd0afe3000-7fbd0afe8000 r--s 00023000 08:01 6292720                    /home/gladson/.m2/repository/org/apache/maven/surefire/surefire-api/2.10/surefire-api-2.10.jar
7fbd0afe8000-7fbd0afea000 r--s 00007000 08:01 6292717                    /home/gladson/.m2/repository/org/apache/maven/surefire/surefire-booter/2.10/surefire-booter-2.10.jar
7fbd0afea000-7fbd0afec000 r--s 00006000 08:01 4719597                    /home/gladson/.m2/repository/org/apache/maven/plugins/maven-surefire-plugin/2.10/maven-surefire-plugin-2.10.jar
7fbd0afec000-7fbd0b1ec000 rw-p 00000000 00:00 0 
7fbd0b1ec000-7fbd0b3ec000 rw-p 00000000 00:00 0 
7fbd0b3ec000-7fbd0b5ec000 rw-p 00000000 00:00 0 
7fbd0b5ec000-7fbd0b5ef000 ---p 00000000 00:00 0 
7fbd0b5ef000-7fbd0b6ed000 rw-p 00000000 00:00 0 
7fbd0b6ed000-7fbd0b6f0000 ---p 00000000 00:00 0 
7fbd0b6f0000-7fbd0b9ee000 rw-p 00000000 00:00 0 
7fbd0b9ee000-7fbd0bbee000 rw-p 00000000 00:00 0 
7fbd0bbee000-7fbd0bbef000 r--s 00002000 08:01 6165938                    /home/gladson/.m2/repository/org/apache/maven/reporting/maven-reporting-api/2.0.9/maven-reporting-api-2.0.9.jar
7fbd0bbef000-7fbd0bc68000 r--s 010e5000 08:21 1595823                    /usr/lib/jvm/java-8-oracle/lib/tools.jar
7fbd0bc68000-7fbd0bc69000 r--s 00004000 08:01 6298486                    /home/gladson/.m2/repository/org/codehaus/plexus/plexus-compiler-javac/2.7/plexus-compiler-javac-2.7.jar
7fbd0bc69000-7fbd0bc6b000 r--s 00000000 08:01 6298485                    /home/gladson/.m2/repository/org/codehaus/plexus/plexus-compiler-manager/2.7/plexus-compiler-manager-2.7.jar
7fbd0bc6b000-7fbd0bc6d000 r--s 00005000 08:01 6298483                    /home/gladson/.m2/repository/org/codehaus/plexus/plexus-compiler-api/2.7/plexus-compiler-api-2.7.jar
7fbd0bc6d000-7fbd0bc6f000 r--s 00002000 08:01 6292669                    /home/gladson/.m2/repository/org/apache/maven/shared/maven-shared-incremental/1.1/maven-shared-incremental-1.1.jar
7fbd0bc6f000-7fbd0bc71000 r--s 00006000 08:01 5641595                    /home/gladson/.m2/repository/com/google/code/findbugs/jsr305/2.0.1/jsr305-2.0.1.jar
7fbd0bc71000-7fbd0bc75000 r--s 0002a000 08:01 6171119                    /home/gladson/.m2/repository/commons-io/commons-io/2.4/commons-io-2.4.jar
7fbd0bc75000-7fbd0bc78000 r--s 00023000 08:01 6298482                    /home/gladson/.m2/repository/org/apache/maven/shared/maven-shared-utils/3.0.0/maven-shared-utils-3.0.0.jar
7fbd0bc78000-7fbd0bc7a000 r--s 00000000 08:01 6292670                    /home/gladson/.m2/repository/org/codehaus/plexus/plexus-component-annotations/1.5.5/plexus-component-annotations-1.5.5.jar
7fbd0bc7a000-7fbd0bc7c000 r--s 0000d000 08:01 5244069                    /home/gladson/.m2/repository/org/codehaus/plexus/plexus-interpolation/1.14/plexus-interpolation-1.14.jar
7fbd0bc7c000-7fbd0bc80000 r--s 00017000 08:01 5252340                    /home/gladson/.m2/repository/org/sonatype/aether/aether-util/1.7/aether-util-1.7.jar
7fbd0bc80000-7fbd0bc84000 r--s 00033000 08:01 6688959                    /home/gladson/.m2/repository/org/codehaus/plexus/plexus-utils/2.0.4/plexus-utils-2.0.4.jar
7fbd0bc84000-7fbd0bc8f000 r--s 00069000 08:01 5775689                    /home/gladson/.m2/repository/org/sonatype/sisu/sisu-guice/2.1.7/sisu-guice-2.1.7-noaop.jar
7fbd0bc8f000-7fbd0bc94000 r--s 00021000 08:01 6039798                    /home/gladson/.m2/repository/org/sonatype/sisu/sisu-inject-bean/1.4.2/sisu-inject-bean-1.4.2.jar
7fbd0bc94000-7fbd0bc96000 r--s 0000b000 08:01 5773251                    /home/gladson/.m2/repository/org/apache/maven/plugins/maven-compiler-plugin/3.5.1/maven-compiler-plugin-3.5.1.jar
7fbd0bc96000-7fbd0bc98000 r--s 0000d000 08:01 1705198                    /home/gladson/.m2/repository/org/codehaus/plexus/plexus-interpolation/1.13/plexus-interpolation-1.13.jar
7fbd0bc98000-7fbd0bc99000 r--s 00001000 08:01 4851182                    /home/gladson/.m2/repository/org/sonatype/plexus/plexus-build-api/0.0.4/plexus-build-api-0.0.4.jar
7fbd0bc99000-7fbd0bc9b000 r--s 00009000 08:01 1705197                    /home/gladson/.m2/repository/org/apache/maven/shared/maven-filtering/1.0/maven-filtering-1.0.jar
7fbd0bc9b000-7fbd0bc9d000 r--s 00005000 08:01 4719422                    /home/gladson/.m2/repository/org/apache/maven/plugins/maven-resources-plugin/2.5/maven-resources-plugin-2.5.jar
7fbd0bc9d000-7fbd0bc9e000 r--s 00002000 08:01 6171272                    /home/gladson/.m2/repository/org/codehaus/plexus/plexus-digest/1.0/plexus-digest-1.0.jar
7fbd0bc9e000-7fbd0bc9f000 r--s 00005000 08:01 4719624                    /home/gladson/.m2/repository/org/apache/maven/plugins/maven-install-plugin/2.3.1/maven-install-plugin-2.3.1.jar
7fbd0bc9f000-7fbd0bca3000 r--s 00037000 08:01 4851180                    /home/gladson/.m2/repository/org/codehaus/plexus/plexus-utils/3.0.15/plexus-utils-3.0.15.jar
7fbd0bca3000-7fbd0bca7000 r--s 00014000 08:01 2237134                    /home/gladson/.m2/repository/org/tukaani/xz/1.2/xz-1.2.jar
7fbd0bca7000-7fbd0bcac000 r--s 0003a000 08:01 5645485                    /home/gladson/.m2/repository/org/apache/commons/commons-compress/1.5/commons-compress-1.5.jar
7fbd0bcac000-7fbd0bcaf000 r--s 0000c000 08:01 6557095                    /home/gladson/.m2/repository/org/codehaus/plexus/plexus-io/2.0.8/plexus-io-2.0.8.jar
7fbd0bcaf000-7fbd0bcb3000 r--s 00024000 08:01 6557094                    /home/gladson/.m2/repository/org/codehaus/plexus/plexus-archiver/2.4.3/plexus-archiver-2.4.3.jar
7fbd0bcb3000-7fbd0bcb7000 r--s 00028000 08:01 6293200                    /home/gladson/.m2/repository/com/thoughtworks/qdox/qdox/1.12.1/qdox-1.12.1.jar
7fbd0bcb7000-7fbd0bcbe000 r--s 00053000 08:01 6293197                    /home/gladson/.m2/repository/log4j/log4j/1.2.14/log4j-1.2.14.jar
7fbd0bcbe000-7fbd0bcc0000 r--s 0000d000 08:01 5375475                    /home/gladson/.m2/repository/commons-logging/commons-logging/1.1.1/commons-logging-1.1.1.jar
7fbd0bcc0000-7fbd0bcc6000 r--s 00033000 08:01 5375308                    /home/gladson/.m2/repository/commons-codec/commons-codec/1.6/commons-codec-1.6.jar
7fbd0bcc6000-7fbd0bccc000 r--s 00031000 08:01 5641622                    /home/gladson/.m2/repository/org/apache/httpcomponents/httpcore/4.2.2/httpcore-4.2.2.jar
7fbd0bccc000-7fbd0bcd5000 r--s 00061000 08:01 5375474                    /home/gladson/.m2/repository/org/apache/httpcomponents/httpclient/4.2.3/httpclient-4.2.3.jar
7fbd0bcd5000-7fbd0bcd9000 r--s 00027000 08:01 5901595                    /home/gladson/.m2/repository/commons-io/commons-io/2.2/commons-io-2.2.jar
7fbd0bcd9000-7fbd0bcdb000 r--s 00004000 08:01 6298448                    /home/gladson/.m2/repository/org/apache/maven/doxia/doxia-module-xhtml/1.0/doxia-module-xhtml-1.0.jar
7fbd0bcdb000-7fbd0bcdc000 r--s 00006000 08:01 6171049                    /home/gladson/.m2/repository/org/apache/maven/doxia/doxia-module-xdoc/1.0/doxia-module-xdoc-1.0.jar
7fbd0bcdc000-7fbd0bcdd000 r--s 00004000 08:01 6298444                    /home/gladson/.m2/repository/org/apache/maven/doxia/doxia-module-fml/1.0/doxia-module-fml-1.0.jar
7fbd0bcdd000-7fbd0bcdf000 r--s 0000a000 08:01 6171048                    /home/gladson/.m2/repository/org/apache/maven/doxia/doxia-module-apt/1.0/doxia-module-apt-1.0.jar
7fbd0bcdf000-7fbd0bce2000 r--s 0000b000 08:01 6298438                    /home/gladson/.m2/repository/org/apache/maven/doxia/doxia-core/1.0/doxia-core-1.0.jar
7fbd0bce2000-7fbd0bce4000 r--s 0000a000 08:01 6298437                    /home/gladson/.m2/repository/org/apache/maven/doxia/doxia-site-renderer/1.0/doxia-site-renderer-1.0.jar
7fbd0bce4000-7fbd0bce7000 ---p 00000000 00:00 0 
7fbd0bce7000-7fbd0bde5000 rw-p 00000000 00:00 0 
7fbd0bde5000-7fbd0bdfc000 r-xp 00000000 08:21 3682133                    /lib/x86_64-linux-gnu/libresolv-2.23.so
7fbd0bdfc000-7fbd0bffc000 ---p 00017000 08:21 3682133                    /lib/x86_64-linux-gnu/libresolv-2.23.so
7fbd0bffc000-7fbd0bffd000 r--p 00017000 08:21 3682133                    /lib/x86_64-linux-gnu/libresolv-2.23.so
7fbd0bffd000-7fbd0bffe000 rw-p 00018000 08:21 3682133                    /lib/x86_64-linux-gnu/libresolv-2.23.so
7fbd0bffe000-7fbd0c000000 rw-p 00000000 00:00 0 
7fbd0c000000-7fbd0c021000 rw-p 00000000 00:00 0 
7fbd0c021000-7fbd10000000 ---p 00000000 00:00 0 
7fbd10000000-7fbd100c6000 rw-p 00000000 00:00 0 
7fbd100c6000-7fbd14000000 ---p 00000000 00:00 0 
7fbd14000000-7fbd14021000 rw-p 00000000 00:00 0 
7fbd14021000-7fbd18000000 ---p 00000000 00:00 0 
7fbd18000000-7fbd18021000 rw-p 00000000 00:00 0 
7fbd18021000-7fbd1c000000 ---p 00000000 00:00 0 
7fbd1c000000-7fbd1ea4e000 rw-p 00000000 00:00 0 
7fbd1ea4e000-7fbd20000000 ---p 00000000 00:00 0 
7fbd20000000-7fbd20bfc000 rw-p 00000000 00:00 0 
7fbd20bfc000-7fbd24000000 ---p 00000000 00:00 0 
7fbd24000000-7fbd24021000 rw-p 00000000 00:00 0 
7fbd24021000-7fbd28000000 ---p 00000000 00:00 0 
7fbd28000000-7fbd299a2000 rw-p 00000000 00:00 0 
7fbd299a2000-7fbd2c000000 ---p 00000000 00:00 0 
7fbd2c000000-7fbd2c021000 rw-p 00000000 00:00 0 
7fbd2c021000-7fbd30000000 ---p 00000000 00:00 0 
7fbd30000000-7fbd30021000 rw-p 00000000 00:00 0 
7fbd30021000-7fbd34000000 ---p 00000000 00:00 0 
7fbd34000000-7fbd34123000 rw-p 00000000 00:00 0 
7fbd34123000-7fbd38000000 ---p 00000000 00:00 0 
7fbd38000000-7fbd38021000 rw-p 00000000 00:00 0 
7fbd38021000-7fbd3c000000 ---p 00000000 00:00 0 
7fbd3c000000-7fbd3c001000 r--s 0000b000 08:01 6298439                    /home/gladson/.m2/repository/org/apache/maven/doxia/doxia-decoration-model/1.0/doxia-decoration-model-1.0.jar
7fbd3c001000-7fbd3c002000 r--s 00002000 08:01 6298436                    /home/gladson/.m2/repository/org/apache/maven/doxia/doxia-sink-api/1.0/doxia-sink-api-1.0.jar
7fbd3c002000-7fbd3c004000 r--s 00006000 08:01 6292718                    /home/gladson/.m2/repository/org/apache/maven/shared/maven-common-artifact-filters/1.3/maven-common-artifact-filters-1.3.jar
7fbd3c004000-7fbd3c005000 r--s 00006000 08:01 6293150                    /home/gladson/.m2/repository/org/apache/maven/shared/maven-invoker/2.0.9/maven-invoker-2.0.9.jar
7fbd3c005000-7fbd3c006000 r--s 00002000 08:01 6293148                    /home/gladson/.m2/repository/org/apache/maven/reporting/maven-reporting-api/3.0/maven-reporting-api-3.0.jar
7fbd3c006000-7fbd3c008000 r--s 00002000 08:01 4851088                    /home/gladson/.m2/repository/org/sonatype/plexus/plexus-cipher/1.4/plexus-cipher-1.4.jar
7fbd3c008000-7fbd3c009000 r--s 00006000 08:01 4851179                    /home/gladson/.m2/repository/org/sonatype/plexus/plexus-sec-dispatcher/1.3/plexus-sec-dispatcher-1.3.jar
7fbd3c009000-7fbd3c00b000 r--s 00009000 08:01 6291975                    /home/gladson/.m2/repository/commons-cli/commons-cli/1.2/commons-cli-1.2.jar
7fbd3c00b000-7fbd3c00d000 r--s 00003000 08:01 4851173                    /home/gladson/.m2/repository/org/slf4j/jcl-over-slf4j/1.5.6/jcl-over-slf4j-1.5.6.jar
7fbd3c00d000-7fbd3c00f000 r--s 00004000 08:01 4851174                    /home/gladson/.m2/repository/org/slf4j/slf4j-api/1.5.6/slf4j-api-1.5.6.jar
7fbd3c00f000-7fbd3c011000 r--s 00001000 08:01 4851175                    /home/gladson/.m2/repository/org/slf4j/slf4j-jdk14/1.5.6/slf4j-jdk14-1.5.6.jar
7fbd3c011000-7fbd3c014000 r--s 00062000 08:01 6556801                    /home/gladson/.m2/repository/org/apache/maven/plugins/maven-javadoc-plugin/2.10/maven-javadoc-plugin-2.10.jar
7fbd3c014000-7fbd3c018000 r--s 00035000 08:01 4858682                    /home/gladson/.m2/repository/org/codehaus/plexus/plexus-utils/3.0.8/plexus-utils-3.0.8.jar
7fbd3c018000-7fbd3c01b000 r--s 0000c000 08:01 6298406                    /home/gladson/.m2/repository/org/codehaus/plexus/plexus-io/2.0.4/plexus-io-2.0.4.jar
7fbd3c01b000-7fbd3c020000 r--s 00029000 08:01 6038388                    /home/gladson/.m2/repository/org/codehaus/plexus/plexus-archiver/2.2/plexus-archiver-2.2.jar
7fbd3c020000-7fbd3c022000 r--s 0000d000 08:01 5252332                    /home/gladson/.m2/repository/org/codehaus/plexus/plexus-interpolation/1.15/plexus-interpolation-1.15.jar
7fbd3c022000-7fbd3c024000 r--s 00002000 08:01 4981840                    /home/gladson/.m2/repository/org/codehaus/plexus/plexus-interactivity-api/1.0-alpha-4/plexus-interactivity-api-1.0-alpha-4.jar
7fbd3c024000-7fbd3c026000 r--s 00006000 08:01 6165940                    /home/gladson/.m2/repository/commons-cli/commons-cli/1.0/commons-cli-1.0.jar
7fbd3c026000-7fbd3c027000 r--s 00001000 08:01 6294203                    /home/gladson/.m2/repository/org/apache/maven/doxia/doxia-sink-api/1.0-alpha-7/doxia-sink-api-1.0-alpha-7.jar
7fbd3c027000-7fbd3c028000 r--s 00002000 08:01 6294202                    /home/gladson/.m2/repository/org/apache/maven/reporting/maven-reporting-api/2.0.6/maven-reporting-api-2.0.6.jar
7fbd3c028000-7fbd3c02a000 r--s 00004000 08:01 6293149                    /home/gladson/.m2/repository/org/apache/maven/maven-archiver/2.5/maven-archiver-2.5.jar
7fbd3c02a000-7fbd3c02d000 r--s 0001b000 08:01 6165960                    /home/gladson/.m2/repository/junit/junit/3.8.1/junit-3.8.1.jar
7fbd3c02d000-7fbd3c02f000 r--s 00006000 08:01 6038346                    /home/gladson/.m2/repository/org/apache/maven/plugins/maven-source-plugin/2.2.1/maven-source-plugin-2.2.1.jar
7fbd3c02f000-7fbd3c033000 r--s 0001f000 08:01 6557078                    /home/gladson/.m2/repository/org/jacoco/org.jacoco.report/0.7.7.201606060606/org.jacoco.report-0.7.7.201606060606.jar
7fbd3c033000-7fbd3c038000 r--s 0005a000 08:01 6557074                    /home/gladson/.m2/repository/org/ow2/asm/asm-debug-all/5.1/asm-debug-all-5.1.jar
7fbd3c038000-7fbd3c03c000 r--s 0001e000 08:01 6557073                    /home/gladson/.m2/repository/org/jacoco/org.jacoco.core/0.7.7.201606060606/org.jacoco.core-0.7.7.201606060606.jar
7fbd3c03c000-7fbd3c042000 r--s 0003d000 08:01 6557072                    /home/gladson/.m2/repository/org/jacoco/org.jacoco.agent/0.7.7.201606060606/org.jacoco.agent-0.7.7.201606060606-runtime.jar
7fbd3c042000-7fbd3c047000 r--s 00016000 08:01 6296008                    /home/gladson/.m2/repository/xml-apis/xml-apis/1.0.b2/xml-apis-1.0.b2.jar
7fbd3c047000-7fbd3c049000 r--s 0000e000 08:01 6293171                    /home/gladson/.m2/repository/oro/oro/2.0.8/oro-2.0.8.jar
7fbd3c049000-7fbd3c04b000 r--s 00008000 08:01 6297639                    /home/gladson/.m2/repository/commons-logging/commons-logging/1.0.4/commons-logging-1.0.4.jar
7fbd3c04b000-7fbd3c04f000 r--s 00026000 08:01 6297476                    /home/gladson/.m2/repository/commons-digester/commons-digester/1.6/commons-digester-1.6.jar
7fbd3c04f000-7fbd3c054000 r--s 0002a000 08:01 6293175                    /home/gladson/.m2/repository/commons-beanutils/commons-beanutils/1.7.0/commons-beanutils-1.7.0.jar
7fbd3c054000-7fbd3c057000 r--s 00014000 08:01 1713651                    /home/gladson/.m2/repository/commons-validator/commons-validator/1.2.0/commons-validator-1.2.0.jar
7fbd3c057000-7fbd3c064000 r--s 0007f000 08:01 6298440                    /home/gladson/.m2/repository/commons-collections/commons-collections/3.2/commons-collections-3.2.jar
7fbd3c064000-7fbd3c06c000 r--s 00058000 08:01 6165985                    /home/gladson/.m2/repository/org/apache/velocity/velocity/1.5/velocity-1.5.jar
7fbd3c06c000-7fbd3c06d000 r--s 00001000 08:01 6293170                    /home/gladson/.m2/repository/org/codehaus/plexus/plexus-velocity/1.1.7/plexus-velocity-1.1.7.jar
7fbd3c06d000-7fbd3c06e000 r--s 00002000 08:01 5770901                    /home/gladson/.m2/repository/org/codehaus/plexus/plexus-i18n/1.0-beta-7/plexus-i18n-1.0-beta-7.jar
7fbd3c06e000-7fbd3c070000 r--s 00008000 08:01 6557071                    /home/gladson/.m2/repository/org/apache/maven/doxia/doxia-module-fml/1.1.2/doxia-module-fml-1.1.2.jar
7fbd3c070000-7fbd3c072000 r--s 0000b000 08:01 6557066                    /home/gladson/.m2/repository/org/apache/maven/doxia/doxia-decoration-model/1.1.2/doxia-decoration-model-1.1.2.jar
7fbd3c072000-7fbd3c074000 r--s 0000b000 08:01 6557064                    /home/gladson/.m2/repository/org/apache/maven/doxia/doxia-site-renderer/1.1.2/doxia-site-renderer-1.1.2.jar
7fbd3c074000-7fbd3c07a000 r--s 00045000 08:01 5248794                    /home/gladson/.m2/repository/commons-httpclient/commons-httpclient/3.1/commons-httpclient-3.1.jar
7fbd3c07a000-7fbd3c07e000 r--s 0003c000 08:01 6165989                    /home/gladson/.m2/repository/commons-lang/commons-lang/2.4/commons-lang-2.4.jar
7fbd3c07e000-7fbd3c095000 r--s 00112000 08:01 6557061                    /home/gladson/.m2/repository/xerces/xercesImpl/2.8.1/xercesImpl-2.8.1.jar
7fbd3c095000-7fbd3c099000 r--s 00023000 08:01 6557062                    /home/gladson/.m2/repository/org/apache/maven/doxia/doxia-core/1.1.2/doxia-core-1.1.2.jar
7fbd3c099000-7fbd3c09c000 ---p 00000000 00:00 0 
7fbd3c09c000-7fbd3c19a000 rw-p 00000000 00:00 0 
7fbd3c19a000-7fbd3c19f000 r-xp 00000000 08:21 3682078                    /lib/x86_64-linux-gnu/libnss_dns-2.23.so
7fbd3c19f000-7fbd3c39f000 ---p 00005000 08:21 3682078                    /lib/x86_64-linux-gnu/libnss_dns-2.23.so
7fbd3c39f000-7fbd3c3a0000 r--p 00005000 08:21 3682078                    /lib/x86_64-linux-gnu/libnss_dns-2.23.so
7fbd3c3a0000-7fbd3c3a1000 rw-p 00006000 08:21 3682078                    /lib/x86_64-linux-gnu/libnss_dns-2.23.so
7fbd3c3a1000-7fbd3c3a3000 r-xp 00000000 08:21 3682086                    /lib/x86_64-linux-gnu/libnss_mdns4_minimal.so.2
7fbd3c3a3000-7fbd3c5a2000 ---p 00002000 08:21 3682086                    /lib/x86_64-linux-gnu/libnss_mdns4_minimal.so.2
7fbd3c5a2000-7fbd3c5a3000 r--p 00001000 08:21 3682086                    /lib/x86_64-linux-gnu/libnss_mdns4_minimal.so.2
7fbd3c5a3000-7fbd3c5a4000 rw-p 00002000 08:21 3682086                    /lib/x86_64-linux-gnu/libnss_mdns4_minimal.so.2
7fbd3c5a4000-7fbd3c5a7000 ---p 00000000 00:00 0 
7fbd3c5a7000-7fbd3c6a5000 rw-p 00000000 00:00 0 
7fbd3c6a5000-7fbd3c6bb000 r-xp 00000000 08:21 3682019                    /lib/x86_64-linux-gnu/libgcc_s.so.1
7fbd3c6bb000-7fbd3c8ba000 ---p 00016000 08:21 3682019                    /lib/x86_64-linux-gnu/libgcc_s.so.1
7fbd3c8ba000-7fbd3c8bb000 rw-p 00015000 08:21 3682019                    /lib/x86_64-linux-gnu/libgcc_s.so.1
7fbd3c8bb000-7fbd3c8ed000 r-xp 00000000 08:21 1596621                    /usr/lib/jvm/java-8-oracle/jre/lib/amd64/libsunec.so
7fbd3c8ed000-7fbd3caec000 ---p 00032000 08:21 1596621                    /usr/lib/jvm/java-8-oracle/jre/lib/amd64/libsunec.so
7fbd3caec000-7fbd3caf2000 rw-p 00031000 08:21 1596621                    /usr/lib/jvm/java-8-oracle/jre/lib/amd64/libsunec.so
7fbd3caf2000-7fbd3cd02000 rw-p 00000000 00:00 0 
7fbd3cd02000-7fbd3cd13000 r-xp 00000000 08:21 1596636                    /usr/lib/jvm/java-8-oracle/jre/lib/amd64/libnio.so
7fbd3cd13000-7fbd3cf12000 ---p 00011000 08:21 1596636                    /usr/lib/jvm/java-8-oracle/jre/lib/amd64/libnio.so
7fbd3cf12000-7fbd3cf13000 rw-p 00010000 08:21 1596636                    /usr/lib/jvm/java-8-oracle/jre/lib/amd64/libnio.so
7fbd3cf13000-7fbd3d214000 rw-p 00000000 00:00 0 
7fbd3d214000-7fbd3d22a000 r-xp 00000000 08:21 1596613                    /usr/lib/jvm/java-8-oracle/jre/lib/amd64/libnet.so
7fbd3d22a000-7fbd3d42a000 ---p 00016000 08:21 1596613                    /usr/lib/jvm/java-8-oracle/jre/lib/amd64/libnet.so
7fbd3d42a000-7fbd3d42b000 rw-p 00016000 08:21 1596613                    /usr/lib/jvm/java-8-oracle/jre/lib/amd64/libnet.so
7fbd3d42b000-7fbd3d62b000 rw-p 00000000 00:00 0 
7fbd3d62b000-7fbd3d82b000 rw-p 00000000 00:00 0 
7fbd3d82b000-7fbd3d82c000 ---p 00000000 00:00 0 
7fbd3d82c000-7fbd3d92c000 rw-p 00000000 00:00 0 
7fbd3d92c000-7fbd3d92f000 ---p 00000000 00:00 0 
7fbd3d92f000-7fbd3da2d000 rw-p 00000000 00:00 0 
7fbd3da2d000-7fbd3da30000 ---p 00000000 00:00 0 
7fbd3da30000-7fbd3db2e000 rw-p 00000000 00:00 0 
7fbd3db2e000-7fbd3db31000 ---p 00000000 00:00 0 
7fbd3db31000-7fbd3dc2f000 rw-p 00000000 00:00 0 
7fbd3dc2f000-7fbd3dc32000 ---p 00000000 00:00 0 
7fbd3dc32000-7fbd3dd30000 rw-p 00000000 00:00 0 
7fbd3dd30000-7fbd3dd33000 ---p 00000000 00:00 0 
7fbd3dd33000-7fbd3de31000 rw-p 00000000 00:00 0 
7fbd3de31000-7fbd3e7f0000 r--p 00000000 08:21 1452721                    /usr/lib/locale/locale-archive
7fbd3e7f0000-7fbd3e7f3000 ---p 00000000 00:00 0 
7fbd3e7f3000-7fbd3e8f1000 rw-p 00000000 00:00 0 
7fbd3e8f1000-7fbd3e8f4000 ---p 00000000 00:00 0 
7fbd3e8f4000-7fbd3e9f2000 rw-p 00000000 00:00 0 
7fbd3e9f2000-7fbd3e9f3000 ---p 00000000 00:00 0 
7fbd3e9f3000-7fbd40000000 rw-p 00000000 00:00 0 
7fbd40000000-7fbd40021000 rw-p 00000000 00:00 0 
7fbd40021000-7fbd44000000 ---p 00000000 00:00 0 
7fbd44000000-7fbd44021000 rw-p 00000000 00:00 0 
7fbd44021000-7fbd48000000 ---p 00000000 00:00 0 
7fbd48000000-7fbd48001000 r--s 00003000 08:01 6557067                    /home/gladson/.m2/repository/org/apache/maven/doxia/doxia-module-xhtml/1.1.2/doxia-module-xhtml-1.1.2.jar
7fbd48001000-7fbd48003000 r--s 00006000 08:01 5512677                    /home/gladson/.m2/repository/commons-codec/commons-codec/1.2/commons-codec-1.2.jar
7fbd48003000-7fbd48005000 r--s 00003000 08:01 1704197                    /home/gladson/.m2/repository/org/apache/maven/reporting/maven-reporting-impl/2.1/maven-reporting-impl-2.1.jar
7fbd48005000-7fbd48006000 r--s 00002000 08:01 6291974                    /home/gladson/.m2/repository/org/apache/maven/doxia/doxia-logging-api/1.1/doxia-logging-api-1.1.jar
7fbd48006000-7fbd48008000 r--s 00002000 08:01 6291972                    /home/gladson/.m2/repository/org/apache/maven/doxia/doxia-sink-api/1.1/doxia-sink-api-1.1.jar
7fbd48008000-7fbd48009000 r--s 00002000 08:01 6291973                    /home/gladson/.m2/repository/org/apache/maven/reporting/maven-reporting-api/2.2.1/maven-reporting-api-2.2.1.jar
7fbd48009000-7fbd4800b000 r--s 00008000 08:01 1705164                    /home/gladson/.m2/repository/org/apache/maven/shared/maven-shared-io/1.1/maven-shared-io-1.1.jar
7fbd4800b000-7fbd4800d000 r--s 00008000 08:01 1705163                    /home/gladson/.m2/repository/org/apache/maven/shared/file-management/1.2.1/file-management-1.2.1.jar
7fbd4800d000-7fbd48011000 r--s 00038000 08:01 6166839                    /home/gladson/.m2/repository/org/codehaus/plexus/plexus-utils/3.0.22/plexus-utils-3.0.22.jar
7fbd48011000-7fbd48017000 r--s 00034000 08:01 6557060                    /home/gladson/.m2/repository/junit/junit/4.8.2/junit-4.8.2.jar
7fbd48017000-7fbd48019000 r--s 0000b000 08:01 5244164                    /home/gladson/.m2/repository/org/codehaus/plexus/plexus-interpolation/1.11/plexus-interpolation-1.11.jar
7fbd48019000-7fbd48021000 r--s 00049000 08:01 6291971                    /home/gladson/.m2/repository/backport-util-concurrent/backport-util-concurrent/3.1/backport-util-concurrent-3.1.jar
7fbd48021000-7fbd48022000 r--s 0000e000 08:01 4858340                    /home/gladson/.m2/repository/org/jacoco/jacoco-maven-plugin/0.7.7.201606060606/jacoco-maven-plugin-0.7.7.201606060606.jar
7fbd48022000-7fbd48026000 r--s 00033000 08:01 4849728                    /home/gladson/.m2/repository/org/codehaus/plexus/plexus-utils/2.0.5/plexus-utils-2.0.5.jar
7fbd48026000-7fbd48027000 r--s 00005000 08:01 4719617                    /home/gladson/.m2/repository/org/apache/maven/plugins/maven-clean-plugin/2.4.1/maven-clean-plugin-2.4.1.jar
7fbd48027000-7fbd4802d000 r--s 0003f000 08:21 1596678                    /usr/lib/jvm/java-8-oracle/jre/lib/ext/sunjce_provider.jar
7fbd4802d000-7fbd48040000 r--s 00345000 08:21 1596576                    /usr/lib/jvm/java-8-oracle/jre/lib/resources.jar
7fbd48040000-7fbd48041000 r--s 00009000 08:21 1596677                    /usr/lib/jvm/java-8-oracle/jre/lib/ext/sunec.jar
7fbd48041000-7fbd48045000 r--s 0003a000 08:21 1596675                    /usr/lib/jvm/java-8-oracle/jre/lib/ext/sunpkcs11.jar
7fbd48045000-7fbd48048000 r--s 0001a000 08:21 1596580                    /usr/lib/jvm/java-8-oracle/jre/lib/jce.jar
7fbd48048000-7fbd4804b000 ---p 00000000 00:00 0 
7fbd4804b000-7fbd48081000 rw-p 00000000 00:00 0 
7fbd48081000-7fbd48082000 r--p 00000000 00:00 0 
7fbd48082000-7fbd48086000 r--s 00097000 08:21 1596552                    /usr/lib/jvm/java-8-oracle/jre/lib/jsse.jar
7fbd48086000-7fbd48088000 r--s 0000d000 08:21 2124731                    /opt/netbeans-8.2rc/java/maven-nblib/netbeans-eventspy.jar
7fbd48088000-7fbd4808a000 r--s 0000b000 08:21 2124722                    /opt/netbeans-8.2rc/java/maven/lib/maven-artifact-3.0.5.jar
7fbd4808a000-7fbd4808c000 r--s 0000c000 08:21 2124630                    /opt/netbeans-8.2rc/java/maven/lib/maven-aether-provider-3.0.5.jar
7fbd4808c000-7fbd480ab000 r--s 00154000 08:21 2124749                    /opt/netbeans-8.2rc/java/maven/lib/sisu-guava-0.9.9.jar
7fbd480ab000-7fbd480b5000 r--s 00116000 08:21 1596680                    /usr/lib/jvm/java-8-oracle/jre/lib/ext/localedata.jar
7fbd480b5000-7fbd480b9000 r--s 0001c000 08:21 2124736                    /opt/netbeans-8.2rc/java/maven/lib/aether-util-1.13.1.jar
7fbd480b9000-7fbd480bb000 r--s 00000000 08:21 2124398                    /opt/netbeans-8.2rc/java/maven/lib/plexus-component-annotations-1.5.5.jar
7fbd480bb000-7fbd480bc000 r--s 00006000 08:21 2124664                    /opt/netbeans-8.2rc/java/maven/lib/plexus-sec-dispatcher-1.3.jar
7fbd480bc000-7fbd480be000 r--s 0000a000 08:21 2124724                    /opt/netbeans-8.2rc/java/maven/lib/maven-settings-3.0.5.jar
7fbd480be000-7fbd480c0000 r--s 0000b000 08:21 2124696                    /opt/netbeans-8.2rc/java/maven/lib/wagon-provider-api-2.10.jar
7fbd480c0000-7fbd480ef000 r--s 001c8000 08:21 2124707                    /opt/netbeans-8.2rc/java/maven/lib/wagon-http-2.10-shaded.jar
7fbd480ef000-7fbd4c000000 rw-p 00000000 00:00 0 
7fbd4c000000-7fbd4c2a6000 rw-p 00000000 00:00 0 
7fbd4c2a6000-7fbd50000000 ---p 00000000 00:00 0 
7fbd50000000-7fbd50001000 r--s 00002000 08:21 2124710                    /opt/netbeans-8.2rc/java/maven/lib/wagon-http-shared-2.10.jar
7fbd50001000-7fbd5000d000 r--s 0007d000 08:21 2124748                    /opt/netbeans-8.2rc/java/maven/lib/maven-core-3.0.5.jar
7fbd5000d000-7fbd5000f000 r--s 0000b000 08:21 2124708                    /opt/netbeans-8.2rc/java/maven/lib/maven-plugin-api-3.0.5.jar
7fbd5000f000-7fbd50016000 r--s 0003f000 08:21 2124709                    /opt/netbeans-8.2rc/java/maven/lib/sisu-inject-bean-2.3.0.jar
7fbd50016000-7fbd501ea000 rw-p 00000000 00:00 0 
7fbd501ea000-7fbd503c3000 r--s 03d29000 08:21 1596557                    /usr/lib/jvm/java-8-oracle/jre/lib/rt.jar
7fbd503c3000-7fbd5081a000 rw-p 00000000 00:00 0 
7fbd5081a000-7fbd5081b000 ---p 00000000 00:00 0 
7fbd5081b000-7fbd5091b000 rw-p 00000000 00:00 0 
7fbd5091b000-7fbd5091c000 ---p 00000000 00:00 0 
7fbd5091c000-7fbd50a1c000 rw-p 00000000 00:00 0 
7fbd50a1c000-7fbd50a1d000 ---p 00000000 00:00 0 
7fbd50a1d000-7fbd50b1d000 rw-p 00000000 00:00 0 
7fbd50b1d000-7fbd50b1e000 ---p 00000000 00:00 0 
7fbd50b1e000-7fbd50c48000 rw-p 00000000 00:00 0 
7fbd50c48000-7fbd50eb4000 ---p 00000000 00:00 0 
7fbd50eb4000-7fbd50f26000 rw-p 00000000 00:00 0 
7fbd50f26000-7fbd50fff000 ---p 00000000 00:00 0 
7fbd50fff000-7fbd51000000 rw-p 00000000 00:00 0 
7fbd51000000-7fbd531f0000 rwxp 00000000 00:00 0 
7fbd531f0000-7fbd60000000 ---p 00000000 00:00 0 
7fbd60000000-7fbd64000000 rw-p 00000000 00:00 0 
7fbd64000000-7fbd64001000 r--s 00002000 08:21 2124751                    /opt/netbeans-8.2rc/java/maven/lib/wagon-file-2.10.jar
7fbd64001000-7fbd64005000 r--s 00033000 08:21 2124734                    /opt/netbeans-8.2rc/java/maven/lib/plexus-utils-2.0.6.jar
7fbd64005000-7fbd64007000 r--s 00002000 08:21 2124741                    /opt/netbeans-8.2rc/java/maven/lib/plexus-cipher-1.7.jar
7fbd64007000-7fbd6400a000 r--s 00008000 08:21 2124612                    /opt/netbeans-8.2rc/java/maven/lib/maven-settings-builder-3.0.5.jar
7fbd6400a000-7fbd6400c000 r--s 0000d000 08:21 2124665                    /opt/netbeans-8.2rc/java/maven/lib/plexus-interpolation-1.14.jar
7fbd6400c000-7fbd6400d000 r--s 00003000 08:21 2124743                    /opt/netbeans-8.2rc/java/maven/lib/aether-spi-1.13.1.jar
7fbd6400d000-7fbd64015000 r--s 00050000 08:21 2124695                    /opt/netbeans-8.2rc/java/maven/lib/sisu-guice-3.1.0-no_aop.jar
7fbd64015000-7fbd6403f000 rw-p 00000000 00:00 0 
7fbd6403f000-7fbd642ab000 ---p 00000000 00:00 0 
7fbd642ab000-7fbd64333000 rw-p 00000000 00:00 0 
7fbd64333000-7fbd6466b000 ---p 00000000 00:00 0 
7fbd6466b000-7fbd64685000 r-xp 00000000 08:21 1596634                    /usr/lib/jvm/java-8-oracle/jre/lib/amd64/libzip.so
7fbd64685000-7fbd64885000 ---p 0001a000 08:21 1596634                    /usr/lib/jvm/java-8-oracle/jre/lib/amd64/libzip.so
7fbd64885000-7fbd64886000 rw-p 0001a000 08:21 1596634                    /usr/lib/jvm/java-8-oracle/jre/lib/amd64/libzip.so
7fbd64886000-7fbd64891000 r-xp 00000000 08:21 3682080                    /lib/x86_64-linux-gnu/libnss_files-2.23.so
7fbd64891000-7fbd64a90000 ---p 0000b000 08:21 3682080                    /lib/x86_64-linux-gnu/libnss_files-2.23.so
7fbd64a90000-7fbd64a91000 r--p 0000a000 08:21 3682080                    /lib/x86_64-linux-gnu/libnss_files-2.23.so
7fbd64a91000-7fbd64a92000 rw-p 0000b000 08:21 3682080                    /lib/x86_64-linux-gnu/libnss_files-2.23.so
7fbd64a92000-7fbd64a98000 rw-p 00000000 00:00 0 
7fbd64a98000-7fbd64aa3000 r-xp 00000000 08:21 3682090                    /lib/x86_64-linux-gnu/libnss_nis-2.23.so
7fbd64aa3000-7fbd64ca2000 ---p 0000b000 08:21 3682090                    /lib/x86_64-linux-gnu/libnss_nis-2.23.so
7fbd64ca2000-7fbd64ca3000 r--p 0000a000 08:21 3682090                    /lib/x86_64-linux-gnu/libnss_nis-2.23.so
7fbd64ca3000-7fbd64ca4000 rw-p 0000b000 08:21 3682090                    /lib/x86_64-linux-gnu/libnss_nis-2.23.so
7fbd64ca4000-7fbd64cba000 r-xp 00000000 08:21 3682074                    /lib/x86_64-linux-gnu/libnsl-2.23.so
7fbd64cba000-7fbd64eb9000 ---p 00016000 08:21 3682074                    /lib/x86_64-linux-gnu/libnsl-2.23.so
7fbd64eb9000-7fbd64eba000 r--p 00015000 08:21 3682074                    /lib/x86_64-linux-gnu/libnsl-2.23.so
7fbd64eba000-7fbd64ebb000 rw-p 00016000 08:21 3682074                    /lib/x86_64-linux-gnu/libnsl-2.23.so
7fbd64ebb000-7fbd64ebd000 rw-p 00000000 00:00 0 
7fbd64ebd000-7fbd64ec5000 r-xp 00000000 08:21 3682076                    /lib/x86_64-linux-gnu/libnss_compat-2.23.so
7fbd64ec5000-7fbd650c4000 ---p 00008000 08:21 3682076                    /lib/x86_64-linux-gnu/libnss_compat-2.23.so
7fbd650c4000-7fbd650c5000 r--p 00007000 08:21 3682076                    /lib/x86_64-linux-gnu/libnss_compat-2.23.so
7fbd650c5000-7fbd650c6000 rw-p 00008000 08:21 3682076                    /lib/x86_64-linux-gnu/libnss_compat-2.23.so
7fbd650c6000-7fbd650f0000 r-xp 00000000 08:21 1596658                    /usr/lib/jvm/java-8-oracle/jre/lib/amd64/libjava.so
7fbd650f0000-7fbd652f0000 ---p 0002a000 08:21 1596658                    /usr/lib/jvm/java-8-oracle/jre/lib/amd64/libjava.so
7fbd652f0000-7fbd652f2000 rw-p 0002a000 08:21 1596658                    /usr/lib/jvm/java-8-oracle/jre/lib/amd64/libjava.so
7fbd652f2000-7fbd652ff000 r-xp 00000000 08:21 1596614                    /usr/lib/jvm/java-8-oracle/jre/lib/amd64/libverify.so
7fbd652ff000-7fbd654ff000 ---p 0000d000 08:21 1596614                    /usr/lib/jvm/java-8-oracle/jre/lib/amd64/libverify.so
7fbd654ff000-7fbd65501000 rw-p 0000d000 08:21 1596614                    /usr/lib/jvm/java-8-oracle/jre/lib/amd64/libverify.so
7fbd65501000-7fbd65508000 r-xp 00000000 08:21 3682135                    /lib/x86_64-linux-gnu/librt-2.23.so
7fbd65508000-7fbd65707000 ---p 00007000 08:21 3682135                    /lib/x86_64-linux-gnu/librt-2.23.so
7fbd65707000-7fbd65708000 r--p 00006000 08:21 3682135                    /lib/x86_64-linux-gnu/librt-2.23.so
7fbd65708000-7fbd65709000 rw-p 00007000 08:21 3682135                    /lib/x86_64-linux-gnu/librt-2.23.so
7fbd65709000-7fbd65811000 r-xp 00000000 08:21 3682051                    /lib/x86_64-linux-gnu/libm-2.23.so
7fbd65811000-7fbd65a10000 ---p 00108000 08:21 3682051                    /lib/x86_64-linux-gnu/libm-2.23.so
7fbd65a10000-7fbd65a11000 r--p 00107000 08:21 3682051                    /lib/x86_64-linux-gnu/libm-2.23.so
7fbd65a11000-7fbd65a12000 rw-p 00108000 08:21 3682051                    /lib/x86_64-linux-gnu/libm-2.23.so
7fbd65a12000-7fbd666dd000 r-xp 00000000 08:21 1596668                    /usr/lib/jvm/java-8-oracle/jre/lib/amd64/server/libjvm.so
7fbd666dd000-7fbd668dc000 ---p 00ccb000 08:21 1596668                    /usr/lib/jvm/java-8-oracle/jre/lib/amd64/server/libjvm.so
7fbd668dc000-7fbd669b5000 rw-p 00cca000 08:21 1596668                    /usr/lib/jvm/java-8-oracle/jre/lib/amd64/server/libjvm.so
7fbd669b5000-7fbd66a00000 rw-p 00000000 00:00 0 
7fbd66a00000-7fbd66bc0000 r-xp 00000000 08:21 3681981                    /lib/x86_64-linux-gnu/libc-2.23.so
7fbd66bc0000-7fbd66dbf000 ---p 001c0000 08:21 3681981                    /lib/x86_64-linux-gnu/libc-2.23.so
7fbd66dbf000-7fbd66dc3000 r--p 001bf000 08:21 3681981                    /lib/x86_64-linux-gnu/libc-2.23.so
7fbd66dc3000-7fbd66dc5000 rw-p 001c3000 08:21 3681981                    /lib/x86_64-linux-gnu/libc-2.23.so
7fbd66dc5000-7fbd66dc9000 rw-p 00000000 00:00 0 
7fbd66dc9000-7fbd66dcc000 r-xp 00000000 08:21 3682005                    /lib/x86_64-linux-gnu/libdl-2.23.so
7fbd66dcc000-7fbd66fcb000 ---p 00003000 08:21 3682005                    /lib/x86_64-linux-gnu/libdl-2.23.so
7fbd66fcb000-7fbd66fcc000 r--p 00002000 08:21 3682005                    /lib/x86_64-linux-gnu/libdl-2.23.so
7fbd66fcc000-7fbd66fcd000 rw-p 00003000 08:21 3682005                    /lib/x86_64-linux-gnu/libdl-2.23.so
7fbd66fcd000-7fbd66fe2000 r-xp 00000000 08:21 1595820                    /usr/lib/jvm/java-8-oracle/lib/amd64/jli/libjli.so
7fbd66fe2000-7fbd671e2000 ---p 00015000 08:21 1595820                    /usr/lib/jvm/java-8-oracle/lib/amd64/jli/libjli.so
7fbd671e2000-7fbd671e3000 rw-p 00015000 08:21 1595820                    /usr/lib/jvm/java-8-oracle/lib/amd64/jli/libjli.so
7fbd671e3000-7fbd671fb000 r-xp 00000000 08:21 3682127                    /lib/x86_64-linux-gnu/libpthread-2.23.so
7fbd671fb000-7fbd673fa000 ---p 00018000 08:21 3682127                    /lib/x86_64-linux-gnu/libpthread-2.23.so
7fbd673fa000-7fbd673fb000 r--p 00017000 08:21 3682127                    /lib/x86_64-linux-gnu/libpthread-2.23.so
7fbd673fb000-7fbd673fc000 rw-p 00018000 08:21 3682127                    /lib/x86_64-linux-gnu/libpthread-2.23.so
7fbd673fc000-7fbd67400000 rw-p 00000000 00:00 0 
7fbd67400000-7fbd67426000 r-xp 00000000 08:21 3681953                    /lib/x86_64-linux-gnu/ld-2.23.so
7fbd67426000-7fbd6742a000 r--s 00021000 08:21 2124663                    /opt/netbeans-8.2rc/java/maven/lib/maven-model-builder-3.0.5.jar
7fbd6742a000-7fbd67431000 r--s 0002b000 08:21 2124684                    /opt/netbeans-8.2rc/java/maven/lib/sisu-inject-plexus-2.3.0.jar
7fbd67431000-7fbd674fc000 rw-p 00000000 00:00 0 
7fbd674fc000-7fbd674ff000 ---p 00000000 00:00 0 
7fbd674ff000-7fbd67601000 rw-p 00000000 00:00 0 
7fbd67601000-7fbd67603000 r--s 00006000 08:21 2124519                    /opt/netbeans-8.2rc/java/maven/lib/maven-repository-metadata-3.0.5.jar
7fbd67603000-7fbd67609000 r--s 0003f000 08:21 2124737                    /opt/netbeans-8.2rc/java/maven/lib/maven-compat-3.0.5.jar
7fbd67609000-7fbd6760b000 r--s 00006000 08:21 2124583                    /opt/netbeans-8.2rc/java/maven/lib/aether-connector-wagon-1.13.1.jar
7fbd6760b000-7fbd6760e000 r--s 0001d000 08:21 2124735                    /opt/netbeans-8.2rc/java/maven/lib/aether-impl-1.13.1.jar
7fbd6760e000-7fbd6760f000 r--s 0000a000 08:21 2124723                    /opt/netbeans-8.2rc/java/maven/lib/maven-embedder-3.0.5.jar
7fbd6760f000-7fbd67611000 r--s 00009000 08:21 2124752                    /opt/netbeans-8.2rc/java/maven/lib/commons-cli-1.2.jar
7fbd67611000-7fbd67615000 r--s 00013000 08:21 2124742                    /opt/netbeans-8.2rc/java/maven/lib/aether-api-1.13.1.jar
7fbd67615000-7fbd67617000 r--s 00026000 08:21 2124740                    /opt/netbeans-8.2rc/java/maven/lib/maven-model-3.0.5.jar
7fbd67617000-7fbd67619000 r--s 0000a000 08:21 2124697                    /opt/netbeans-8.2rc/java/maven/boot/plexus-classworlds-2.4.jar
7fbd67619000-7fbd67621000 rw-s 00000000 08:21 394058                     /tmp/hsperfdata_gladson/14818
7fbd67621000-7fbd67622000 rw-p 00000000 00:00 0 
7fbd67622000-7fbd67623000 ---p 00000000 00:00 0 
7fbd67623000-7fbd67625000 rw-p 00000000 00:00 0 
7fbd67625000-7fbd67626000 r--p 00025000 08:21 3681953                    /lib/x86_64-linux-gnu/ld-2.23.so
7fbd67626000-7fbd67627000 rw-p 00026000 08:21 3681953                    /lib/x86_64-linux-gnu/ld-2.23.so
7fbd67627000-7fbd67628000 rw-p 00000000 00:00 0 
7ffe63023000-7ffe63044000 rw-p 00000000 00:00 0                          [stack]
7ffe63099000-7ffe6309b000 r--p 00000000 00:00 0                          [vvar]
7ffe6309b000-7ffe6309d000 r-xp 00000000 00:00 0                          [vdso]
ffffffffff600000-ffffffffff601000 r-xp 00000000 00:00 0                  [vsyscall]

VM Arguments:
jvm_args: -Dclassworlds.conf=/opt/netbeans-8.2rc/java/maven/bin/m2.conf -Dmaven.home=/opt/netbeans-8.2rc/java/maven 
java_command: org.codehaus.plexus.classworlds.launcher.Launcher -Dmaven.ext.class.path=/opt/netbeans-8.2rc/java/maven-nblib/netbeans-eventspy.jar clean install
java_class_path (initial): /opt/netbeans-8.2rc/java/maven/boot/plexus-classworlds-2.4.jar
Launcher Type: SUN_STANDARD

Environment Variables:
JAVA_HOME=/usr/lib/jvm/java-8-oracle
PATH=/usr/local/sbin:/usr/local/bin:/usr/sbin:/usr/bin:/sbin:/bin:/usr/games:/usr/local/games:/snap/bin:/usr/lib/jvm/java-8-oracle/bin:/usr/lib/jvm/java-8-oracle/db/bin:/usr/lib/jvm/java-8-oracle/jre/bin
LD_LIBRARY_PATH=/usr/lib/jvm/java-8-oracle/jre/lib/amd64:/usr/lib/jvm/java-8-oracle/jre/lib/i386:
SHELL=/bin/bash
DISPLAY=:0

Signal Handlers:
SIGSEGV: [libjvm.so+0xac4790], sa_mask[0]=11111111011111111101111111111110, sa_flags=SA_RESTART|SA_SIGINFO
SIGBUS: [libjvm.so+0xac4790], sa_mask[0]=11111111011111111101111111111110, sa_flags=SA_RESTART|SA_SIGINFO
SIGFPE: [libjvm.so+0x91f140], sa_mask[0]=11111111011111111101111111111110, sa_flags=SA_RESTART|SA_SIGINFO
SIGPIPE: [libjvm.so+0x91f140], sa_mask[0]=11111111011111111101111111111110, sa_flags=SA_RESTART|SA_SIGINFO
SIGXFSZ: [libjvm.so+0x91f140], sa_mask[0]=11111111011111111101111111111110, sa_flags=SA_RESTART|SA_SIGINFO
SIGILL: [libjvm.so+0x91f140], sa_mask[0]=11111111011111111101111111111110, sa_flags=SA_RESTART|SA_SIGINFO
SIGUSR1: SIG_DFL, sa_mask[0]=00000000000000000000000000000000, sa_flags=none
SIGUSR2: [libjvm.so+0x920770], sa_mask[0]=00100000000000000000000000000000, sa_flags=SA_RESTART|SA_SIGINFO
SIGHUP: [libjvm.so+0x921b70], sa_mask[0]=11111111011111111101111111111110, sa_flags=SA_RESTART|SA_SIGINFO
SIGINT: SIG_IGN, sa_mask[0]=00000000000000000000000000000000, sa_flags=none
SIGTERM: [libjvm.so+0x921b70], sa_mask[0]=11111111011111111101111111111110, sa_flags=SA_RESTART|SA_SIGINFO
SIGQUIT: [libjvm.so+0x921b70], sa_mask[0]=11111111011111111101111111111110, sa_flags=SA_RESTART|SA_SIGINFO


---------------  S Y S T E M  ---------------

OS:DISTRIB_ID=Ubuntu
DISTRIB_RELEASE=16.04
DISTRIB_CODENAME=xenial
DISTRIB_DESCRIPTION="Ubuntu 16.04.1 LTS"

uname:Linux 4.4.0-42-generic #62-Ubuntu SMP Fri Oct 7 23:11:45 UTC 2016 x86_64
libc:glibc 2.23 NPTL 2.23 
rlimit: STACK 8192k, CORE 0k, NPROC 31611, NOFILE 65536, AS infinity
load average:1,14 0,85 0,45

/proc/meminfo:
MemTotal:        8132924 kB
MemFree:          938000 kB
MemAvailable:    3391144 kB
Buffers:          512660 kB
Cached:          1881708 kB
SwapCached:          136 kB
Active:          4295640 kB
Inactive:        2199564 kB
Active(anon):    3136844 kB
Inactive(anon):  1089688 kB
Active(file):    1158796 kB
Inactive(file):  1109876 kB
Unevictable:        2880 kB
Mlocked:            2880 kB
SwapTotal:        102396 kB
SwapFree:          80492 kB
Dirty:             17372 kB
Writeback:             0 kB
AnonPages:       4103792 kB
Mapped:           628816 kB
Shmem:            125784 kB
Slab:             541332 kB
SReclaimable:     488332 kB
SUnreclaim:        53000 kB
KernelStack:       14432 kB
PageTables:        67728 kB
NFS_Unstable:          0 kB
Bounce:                0 kB
WritebackTmp:          0 kB
CommitLimit:     4168856 kB
Committed_AS:   10407696 kB
VmallocTotal:   34359738367 kB
VmallocUsed:           0 kB
VmallocChunk:          0 kB
HardwareCorrupted:     0 kB
AnonHugePages:   1941504 kB
CmaTotal:              0 kB
CmaFree:               0 kB
HugePages_Total:       0
HugePages_Free:        0
HugePages_Rsvd:        0
HugePages_Surp:        0
Hugepagesize:       2048 kB
DirectMap4k:      363240 kB
DirectMap2M:     7983104 kB


CPU:total 4 (4 cores per cpu, 1 threads per core) family 6 model 58 stepping 9, cmov, cx8, fxsr, mmx, sse, sse2, sse3, ssse3, sse4.1, sse4.2, popcnt, avx, aes, clmul, erms, tsc, tscinvbit, tscinv

/proc/cpuinfo:
processor	: 0
vendor_id	: GenuineIntel
cpu family	: 6
model		: 58
model name	: Intel(R) Core(TM) i5-3570K CPU @ 3.40GHz
stepping	: 9
microcode	: 0x1c
cpu MHz		: 3599.882
cache size	: 6144 KB
physical id	: 0
siblings	: 4
core id		: 0
cpu cores	: 4
apicid		: 0
initial apicid	: 0
fpu		: yes
fpu_exception	: yes
cpuid level	: 13
wp		: yes
flags		: fpu vme de pse tsc msr pae mce cx8 apic sep mtrr pge mca cmov pat pse36 clflush dts acpi mmx fxsr sse sse2 ss ht tm pbe syscall nx rdtscp lm constant_tsc arch_perfmon pebs bts rep_good nopl xtopology nonstop_tsc aperfmperf eagerfpu pni pclmulqdq dtes64 monitor ds_cpl vmx est tm2 ssse3 cx16 xtpr pdcm pcid sse4_1 sse4_2 popcnt tsc_deadline_timer aes xsave avx f16c rdrand lahf_lm epb tpr_shadow vnmi flexpriority ept vpid fsgsbase smep erms xsaveopt dtherm ida arat pln pts
bugs		:
bogomips	: 6784.92
clflush size	: 64
cache_alignment	: 64
address sizes	: 36 bits physical, 48 bits virtual
power management:

processor	: 1
vendor_id	: GenuineIntel
cpu family	: 6
model		: 58
model name	: Intel(R) Core(TM) i5-3570K CPU @ 3.40GHz
stepping	: 9
microcode	: 0x1c
cpu MHz		: 3599.882
cache size	: 6144 KB
physical id	: 0
siblings	: 4
core id		: 1
cpu cores	: 4
apicid		: 2
initial apicid	: 2
fpu		: yes
fpu_exception	: yes
cpuid level	: 13
wp		: yes
flags		: fpu vme de pse tsc msr pae mce cx8 apic sep mtrr pge mca cmov pat pse36 clflush dts acpi mmx fxsr sse sse2 ss ht tm pbe syscall nx rdtscp lm constant_tsc arch_perfmon pebs bts rep_good nopl xtopology nonstop_tsc aperfmperf eagerfpu pni pclmulqdq dtes64 monitor ds_cpl vmx est tm2 ssse3 cx16 xtpr pdcm pcid sse4_1 sse4_2 popcnt tsc_deadline_timer aes xsave avx f16c rdrand lahf_lm epb tpr_shadow vnmi flexpriority ept vpid fsgsbase smep erms xsaveopt dtherm ida arat pln pts
bugs		:
bogomips	: 6784.92
clflush size	: 64
cache_alignment	: 64
address sizes	: 36 bits physical, 48 bits virtual
power management:

processor	: 2
vendor_id	: GenuineIntel
cpu family	: 6
model		: 58
model name	: Intel(R) Core(TM) i5-3570K CPU @ 3.40GHz
stepping	: 9
microcode	: 0x1c
cpu MHz		: 3599.882
cache size	: 6144 KB
physical id	: 0
siblings	: 4
core id		: 2
cpu cores	: 4
apicid		: 4
initial apicid	: 4
fpu		: yes
fpu_exception	: yes
cpuid level	: 13
wp		: yes
flags		: fpu vme de pse tsc msr pae mce cx8 apic sep mtrr pge mca cmov pat pse36 clflush dts acpi mmx fxsr sse sse2 ss ht tm pbe syscall nx rdtscp lm constant_tsc arch_perfmon pebs bts rep_good nopl xtopology nonstop_tsc aperfmperf eagerfpu pni pclmulqdq dtes64 monitor ds_cpl vmx est tm2 ssse3 cx16 xtpr pdcm pcid sse4_1 sse4_2 popcnt tsc_deadline_timer aes xsave avx f16c rdrand lahf_lm epb tpr_shadow vnmi flexpriority ept vpid fsgsbase smep erms xsaveopt dtherm ida arat pln pts
bugs		:
bogomips	: 6784.92
clflush size	: 64
cache_alignment	: 64
address sizes	: 36 bits physical, 48 bits virtual
power management:

processor	: 3
vendor_id	: GenuineIntel
cpu family	: 6
model		: 58
model name	: Intel(R) Core(TM) i5-3570K CPU @ 3.40GHz
stepping	: 9
microcode	: 0x1c
cpu MHz		: 3599.882
cache size	: 6144 KB
physical id	: 0
siblings	: 4
core id		: 3
cpu cores	: 4
apicid		: 6
initial apicid	: 6
fpu		: yes
fpu_exception	: yes
cpuid level	: 13
wp		: yes
flags		: fpu vme de pse tsc msr pae mce cx8 apic sep mtrr pge mca cmov pat pse36 clflush dts acpi mmx fxsr sse sse2 ss ht tm pbe syscall nx rdtscp lm constant_tsc arch_perfmon pebs bts rep_good nopl xtopology nonstop_tsc aperfmperf eagerfpu pni pclmulqdq dtes64 monitor ds_cpl vmx est tm2 ssse3 cx16 xtpr pdcm pcid sse4_1 sse4_2 popcnt tsc_deadline_timer aes xsave avx f16c rdrand lahf_lm epb tpr_shadow vnmi flexpriority ept vpid fsgsbase smep erms xsaveopt dtherm ida arat pln pts
bugs		:
bogomips	: 6784.92
clflush size	: 64
cache_alignment	: 64
address sizes	: 36 bits physical, 48 bits virtual
power management:



Memory: 4k page, physical 8132924k(938000k free), swap 102396k(80492k free)

vm_info: Java HotSpot(TM) 64-Bit Server VM (25.101-b13) for linux-amd64 JRE (1.8.0_101-b13), built on Jun 22 2016 02:59:44 by "java_re" with gcc 4.3.0 20080428 (Red Hat 4.3.0-8)

time: Thu Oct 13 11:07:33 2016
elapsed time: 234 seconds (0d 0h 3m 54s)

