#
# A fatal error has been detected by the Java Runtime Environment:
#
#  SIGSEGV (0xb) at pc=0x00007faf5d246007, pid=26469, tid=0x00007faf47947700
#
# JRE version: Java(TM) SE Runtime Environment (8.0_101-b13) (build 1.8.0_101-b13)
# Java VM: Java HotSpot(TM) 64-Bit Server VM (25.101-b13 mixed mode linux-amd64 compressed oops)
# Problematic frame:
# V  [libjvm.so+0x901007]  ObjArrayKlass::oop_follow_contents(ParCompactionManager*, oopDesc*)+0x437
#
# Failed to write core dump. Core dumps have been disabled. To enable core dumping, try "ulimit -c unlimited" before starting Java again
#
# If you would like to submit a bug report, please visit:
#   http://bugreport.java.com/bugreport/crash.jsp
#

---------------  T H R E A D  ---------------

Current thread (0x00007faf58022800):  GCTaskThread [stack: 0x00007faf47847000,0x00007faf47948000] [id=26475]

siginfo: si_signo: 11 (SIGSEGV), si_code: 2 (SEGV_ACCERR), si_addr: 0x00000000efe682c8

Registers:
RAX=0x00007faf5d8d2b90, RBX=0x00007faf5d906120, RCX=0x0000000000000018, RDX=0x0000000000360341
RSP=0x00007faf47946770, RBP=0x00007faf479467e0, RSI=0x0000000001000000, RDI=0x00007faf5d9061a0
R8 =0x0000000000000c80, R9 =0x0000001000000000, R10=0x0000000000000006, R11=0x00007faf5d902100
R12=0x00000000efe682c0, R13=0x00000000e7e471ac, R14=0x0000000000000006, R15=0x00007faf58074910
RIP=0x00007faf5d246007, EFLAGS=0x0000000000010202, CSGSFS=0x0000000000000033, ERR=0x0000000000000004
  TRAPNO=0x000000000000000e

Top of Stack: (sp=0x00007faf47946770)
0x00007faf47946770:   00000000e7e469a8 00000000e7e471b8
0x00007faf47946780:   00000000000005e3 00000000e7e8e268
0x00007faf47946790:   0000000100001940 00007faf58074950
0x00007faf479467a0:   00007faf5d8bad48 0000000000000200
0x00007faf479467b0:   00000000e7e8e2c8 00007faf5d902100
0x00007faf479467c0:   00007faf58074910 00007faf58074910
0x00007faf479467d0:   00007faf58022e80 00007faf5d492980
0x00007faf479467e0:   00007faf47946970 00007faf5d2beb22
0x00007faf479467f0:   00007faf58022ed0 00007faf5d906290
0x00007faf47946800:   00007faf58074920 00007faf47946920
0x00007faf47946810:   00007faf479468f0 00007faf479468d0
0x00007faf47946820:   00007faf479468c0 00007faf479468b0
0x00007faf47946830:   00007faf479468a0 00007faf47946890
0x00007faf47946840:   00007faf479468a0 00007faf580749d0
0x00007faf47946850:   00000000e7d4dc09 00007faf5d906290
0x00007faf47946860:   00000000e7d4dafd 00007faf58075060
0x00007faf47946870:   00007faf58075000 00000000e7d50078
0x00007faf47946880:   00007faf58074950 00007faf47946938
0x00007faf47946890:   0000000000000000 0000000000000007
0x00007faf479468a0:   00007faf47946920 00007faf5d2d19ce
0x00007faf479468b0:   0000000100022f38 00007faf5d8f7059
0x00007faf479468c0:   00007faf47946920 00007faf58075000
0x00007faf479468d0:   0000000084d165ac 0000000085318460
0x00007faf479468e0:   0000000085318460 00007faf58075060
0x00007faf479468f0:   00007faf58023a28 0000000000000000
0x00007faf47946900:   00007faf5e12153f 00007faf5d8d2b80
0x00007faf47946910:   00000000844cd9e0 00007faf58074910
0x00007faf47946920:   00007faf47946950 00007faf5d2ccc0c
0x00007faf47946930:   00007faf47946990 00000000e7e469a8
0x00007faf47946940:   00007faf47946a30 00007faf58026b40
0x00007faf47946950:   00007faf47946a30 00007faf58074910
0x00007faf47946960:   00007faf58022e80 00007faf5d492980 

Instructions: (pc=0x00007faf5d246007)
0x00007faf5d245fe7:   41 8b 74 24 08 8b 48 08 48 d3 e6 48 03 30 e9 b7
0x00007faf5d245ff7:   fe ff ff 66 0f 1f 44 00 00 48 8b 05 81 da 66 00
0x00007faf5d246007:   41 8b 74 24 08 8b 48 08 48 d3 e6 48 03 30 e9 31
0x00007faf5d246017:   fd ff ff 66 0f 1f 44 00 00 48 89 df e8 08 f1 d6 

Register to memory mapping:

RAX=0x00007faf5d8d2b90: <offset 0xf8db90> in /usr/lib/jvm/java-8-oracle/jre/lib/amd64/server/libjvm.so at 0x00007faf5c945000
RBX=0x00007faf5d906120: <offset 0xfc1120> in /usr/lib/jvm/java-8-oracle/jre/lib/amd64/server/libjvm.so at 0x00007faf5c945000
RCX=0x0000000000000018 is an unknown value
RDX=0x0000000000360341 is an unknown value
RSP=0x00007faf47946770 is an unknown value
RBP=0x00007faf479467e0 is an unknown value
RSI=0x0000000001000000 is an unknown value
RDI=0x00007faf5d9061a0: <offset 0xfc11a0> in /usr/lib/jvm/java-8-oracle/jre/lib/amd64/server/libjvm.so at 0x00007faf5c945000
R8 =0x0000000000000c80 is an unknown value
R9 =0x0000001000000000 is an unknown value
R10=0x0000000000000006 is an unknown value
R11=0x00007faf5d902100: <offset 0xfbd100> in /usr/lib/jvm/java-8-oracle/jre/lib/amd64/server/libjvm.so at 0x00007faf5c945000
R12=0x00000000efe682c0 is an unallocated location in the heap
R13=0x00000000e7e471ac is an unknown value
R14=0x0000000000000006 is an unknown value
R15=0x00007faf58074910 is an unknown value


Stack: [0x00007faf47847000,0x00007faf47948000],  sp=0x00007faf47946770,  free space=1021k
Native frames: (J=compiled Java code, j=interpreted, Vv=VM code, C=native code)
V  [libjvm.so+0x901007]  ObjArrayKlass::oop_follow_contents(ParCompactionManager*, oopDesc*)+0x437
V  [libjvm.so+0x979b22]  ParCompactionManager::follow_marking_stacks()+0x232
V  [libjvm.so+0x95f088]  MarkFromRootsTask::do_it(GCTaskManager*, unsigned int)+0x88
V  [libjvm.so+0x5d6b5f]  GCTaskThread::run()+0x12f
V  [libjvm.so+0x924698]  java_start(Thread*)+0x108


---------------  P R O C E S S  ---------------

Java Threads: ( => current thread )
  0x00007faf59058000 JavaThread "resolver-4" daemon [_thread_blocked, id=26491, stack(0x00007faf36bd4000,0x00007faf36cd5000)]
  0x00007faf5905f800 JavaThread "resolver-3" daemon [_thread_blocked, id=26490, stack(0x00007faf36cd5000,0x00007faf36dd6000)]
  0x00007faf58a1d000 JavaThread "resolver-2" daemon [_thread_blocked, id=26489, stack(0x00007faf36dd6000,0x00007faf36ed7000)]
  0x00007faf5905c000 JavaThread "resolver-1" daemon [_thread_blocked, id=26488, stack(0x00007faf3c076000,0x00007faf3c177000)]
  0x00007faf5863c800 JavaThread "process reaper" daemon [_thread_blocked, id=26487, stack(0x00007faf441b6000,0x00007faf441ef000)]
  0x00007faf580da800 JavaThread "Service Thread" daemon [_thread_blocked, id=26484, stack(0x00007faf4476d000,0x00007faf4486e000)]
  0x00007faf580bd000 JavaThread "C1 CompilerThread2" daemon [_thread_blocked, id=26483, stack(0x00007faf4486e000,0x00007faf4496f000)]
  0x00007faf580bb800 JavaThread "C2 CompilerThread1" daemon [_thread_blocked, id=26482, stack(0x00007faf4496f000,0x00007faf44a70000)]
  0x00007faf580b8800 JavaThread "C2 CompilerThread0" daemon [_thread_blocked, id=26481, stack(0x00007faf44a70000,0x00007faf44b71000)]
  0x00007faf580b7000 JavaThread "Signal Dispatcher" daemon [_thread_blocked, id=26480, stack(0x00007faf44b71000,0x00007faf44c72000)]
  0x00007faf58084000 JavaThread "Finalizer" daemon [_thread_blocked, id=26479, stack(0x00007faf45631000,0x00007faf45732000)]
  0x00007faf5807f800 JavaThread "Reference Handler" daemon [_thread_blocked, id=26478, stack(0x00007faf45732000,0x00007faf45833000)]
  0x00007faf5800a000 JavaThread "main" [_thread_blocked, id=26472, stack(0x00007faf5e42f000,0x00007faf5e530000)]

Other Threads:
  0x00007faf58077800 VMThread [stack: 0x00007faf45833000,0x00007faf45934000] [id=26477]
  0x00007faf580e5000 WatcherThread [stack: 0x00007faf4466c000,0x00007faf4476d000] [id=26485]

=>0x00007faf58022800 (exited) GCTaskThread [stack: 0x00007faf47847000,0x00007faf47948000] [id=26475]

VM state:at safepoint (normal execution)

VM Mutex/Monitor currently owned by a thread:  ([mutex/lock_event])
[0x00007faf580061a0] Threads_lock - owner thread: 0x00007faf58077800
[0x00007faf580066a0] Heap_lock - owner thread: 0x00007faf5800a000

Heap:
 PSYoungGen      total 194560K, used 10804K [0x00000000d6a00000, 0x00000000e8480000, 0x0000000100000000)
  eden space 183296K, 0% used [0x00000000d6a00000,0x00000000d6a00000,0x00000000e1d00000)
  from space 11264K, 95% used [0x00000000e7980000,0x00000000e840d3f8,0x00000000e8480000)
  to   space 15872K, 0% used [0x00000000e6580000,0x00000000e6580000,0x00000000e7500000)
 ParOldGen       total 85504K, used 22198K [0x0000000083e00000, 0x0000000089180000, 0x00000000d6a00000)
  object space 85504K, 25% used [0x0000000083e00000,0x00000000853adb38,0x0000000089180000)
 Metaspace       used 26187K, capacity 27082K, committed 27392K, reserved 1073152K
  class space    used 3033K, capacity 3292K, committed 3328K, reserved 1048576K

Card table byte_map: [0x00007faf47de0000,0x00007faf481c2000] byte_map_base: 0x00007faf479c1000

Marking Bits: (ParMarkBitMap*) 0x00007faf5d906120
 Begin Bits: [0x00007faf3c1f0000, 0x00007faf3e0f8000)
 End Bits:   [0x00007faf3e0f8000, 0x00007faf40000000)

Polling page: 0x00007faf5e555000

CodeCache: size=245760Kb used=14857Kb max_used=16411Kb free=230902Kb
 bounds [0x00007faf48582000, 0x00007faf495a2000, 0x00007faf57582000]
 total_blobs=4693 nmethods=4299 adapters=306
 compilation: enabled

Compilation events (10 events):
Event: 4,433 Thread 0x00007faf580bd000 4656       3       java.lang.ProcessEnvironment::arrayEquals (36 bytes)
Event: 4,433 Thread 0x00007faf580bd000 nmethod 4656 0x00007faf48851650 code [0x00007faf488517c0, 0x00007faf48851a70]
Event: 4,433 Thread 0x00007faf580bd000 4657   !   3       java.lang.StringCoding::encode (64 bytes)
Event: 4,434 Thread 0x00007faf580bd000 nmethod 4657 0x00007faf487cf790 code [0x00007faf487cfa00, 0x00007faf487d06e8]
Event: 4,434 Thread 0x00007faf580bd000 4658       3       java.lang.ProcessEnvironment$Value::<init> (7 bytes)
Event: 4,434 Thread 0x00007faf580bd000 nmethod 4658 0x00007faf4889e990 code [0x00007faf4889eb00, 0x00007faf4889ed30]
Event: 5,747 Thread 0x00007faf580bd000 4659       1       org.codehaus.plexus.util.cli.AbstractStreamHandler::isDisabled (5 bytes)
Event: 5,747 Thread 0x00007faf580bd000 nmethod 4659 0x00007faf488951d0 code [0x00007faf48895320, 0x00007faf48895430]
Event: 5,762 Thread 0x00007faf580b8800 4660   !   4       java.io.BufferedReader::readLine (304 bytes)
Event: 5,795 Thread 0x00007faf580b8800 nmethod 4660 0x00007faf48908490 code [0x00007faf489086a0, 0x00007faf48909ec8]

GC Heap History (10 events):
Event: 1,469 GC heap after
Heap after GC invocations=3 (full 0):
 PSYoungGen      total 70656K, used 5120K [0x00000000d6a00000, 0x00000000df400000, 0x0000000100000000)
  eden space 65536K, 0% used [0x00000000d6a00000,0x00000000d6a00000,0x00000000daa00000)
  from space 5120K, 100% used [0x00000000daa00000,0x00000000daf00000,0x00000000daf00000)
  to   space 5120K, 0% used [0x00000000def00000,0x00000000def00000,0x00000000df400000)
 ParOldGen       total 86016K, used 6526K [0x0000000083e00000, 0x0000000089200000, 0x00000000d6a00000)
  object space 86016K, 7% used [0x0000000083e00000,0x000000008445fae0,0x0000000089200000)
 Metaspace       used 13865K, capacity 14312K, committed 14720K, reserved 1062912K
  class space    used 1690K, capacity 1802K, committed 1920K, reserved 1048576K
}
Event: 1,947 GC heap before
{Heap before GC invocations=4 (full 0):
 PSYoungGen      total 70656K, used 70656K [0x00000000d6a00000, 0x00000000df400000, 0x0000000100000000)
  eden space 65536K, 100% used [0x00000000d6a00000,0x00000000daa00000,0x00000000daa00000)
  from space 5120K, 100% used [0x00000000daa00000,0x00000000daf00000,0x00000000daf00000)
  to   space 5120K, 0% used [0x00000000def00000,0x00000000def00000,0x00000000df400000)
 ParOldGen       total 86016K, used 6526K [0x0000000083e00000, 0x0000000089200000, 0x00000000d6a00000)
  object space 86016K, 7% used [0x0000000083e00000,0x000000008445fae0,0x0000000089200000)
 Metaspace       used 15611K, capacity 16126K, committed 16384K, reserved 1062912K
  class space    used 1844K, capacity 1979K, committed 2048K, reserved 1048576K
Event: 1,962 GC heap after
Heap after GC invocations=4 (full 0):
 PSYoungGen      total 136192K, used 5120K [0x00000000d6a00000, 0x00000000df400000, 0x0000000100000000)
  eden space 131072K, 0% used [0x00000000d6a00000,0x00000000d6a00000,0x00000000dea00000)
  from space 5120K, 100% used [0x00000000def00000,0x00000000df400000,0x00000000df400000)
  to   space 5120K, 0% used [0x00000000dea00000,0x00000000dea00000,0x00000000def00000)
 ParOldGen       total 86016K, used 10554K [0x0000000083e00000, 0x0000000089200000, 0x00000000d6a00000)
  object space 86016K, 12% used [0x0000000083e00000,0x000000008484ea38,0x0000000089200000)
 Metaspace       used 15611K, capacity 16126K, committed 16384K, reserved 1062912K
  class space    used 1844K, capacity 1979K, committed 2048K, reserved 1048576K
}
Event: 2,745 GC heap before
{Heap before GC invocations=5 (full 0):
 PSYoungGen      total 136192K, used 112064K [0x00000000d6a00000, 0x00000000df400000, 0x0000000100000000)
  eden space 131072K, 81% used [0x00000000d6a00000,0x00000000dd2701f0,0x00000000dea00000)
  from space 5120K, 100% used [0x00000000def00000,0x00000000df400000,0x00000000df400000)
  to   space 5120K, 0% used [0x00000000dea00000,0x00000000dea00000,0x00000000def00000)
 ParOldGen       total 86016K, used 10554K [0x0000000083e00000, 0x0000000089200000, 0x00000000d6a00000)
  object space 86016K, 12% used [0x0000000083e00000,0x000000008484ea38,0x0000000089200000)
 Metaspace       used 20395K, capacity 21136K, committed 21296K, reserved 1069056K
  class space    used 2418K, capacity 2666K, committed 2688K, reserved 1048576K
Event: 2,768 GC heap after
Heap after GC invocations=5 (full 0):
 PSYoungGen      total 136192K, used 5104K [0x00000000d6a00000, 0x00000000e8900000, 0x0000000100000000)
  eden space 131072K, 0% used [0x00000000d6a00000,0x00000000d6a00000,0x00000000dea00000)
  from space 5120K, 99% used [0x00000000dea00000,0x00000000deefc0b0,0x00000000def00000)
  to   space 15872K, 0% used [0x00000000e7980000,0x00000000e7980000,0x00000000e8900000)
 ParOldGen       total 86016K, used 20208K [0x0000000083e00000, 0x0000000089200000, 0x00000000d6a00000)
  object space 86016K, 23% used [0x0000000083e00000,0x00000000851bc1e8,0x0000000089200000)
 Metaspace       used 20395K, capacity 21136K, committed 21296K, reserved 1069056K
  class space    used 2418K, capacity 2666K, committed 2688K, reserved 1048576K
}
Event: 2,768 GC heap before
{Heap before GC invocations=6 (full 1):
 PSYoungGen      total 136192K, used 5104K [0x00000000d6a00000, 0x00000000e8900000, 0x0000000100000000)
  eden space 131072K, 0% used [0x00000000d6a00000,0x00000000d6a00000,0x00000000dea00000)
  from space 5120K, 99% used [0x00000000dea00000,0x00000000deefc0b0,0x00000000def00000)
  to   space 15872K, 0% used [0x00000000e7980000,0x00000000e7980000,0x00000000e8900000)
 ParOldGen       total 86016K, used 20208K [0x0000000083e00000, 0x0000000089200000, 0x00000000d6a00000)
  object space 86016K, 23% used [0x0000000083e00000,0x00000000851bc1e8,0x0000000089200000)
 Metaspace       used 20395K, capacity 21136K, committed 21296K, reserved 1069056K
  class space    used 2418K, capacity 2666K, committed 2688K, reserved 1048576K
Event: 2,861 GC heap after
Heap after GC invocations=6 (full 1):
 PSYoungGen      total 136192K, used 0K [0x00000000d6a00000, 0x00000000e8900000, 0x0000000100000000)
  eden space 131072K, 0% used [0x00000000d6a00000,0x00000000d6a00000,0x00000000dea00000)
  from space 5120K, 0% used [0x00000000dea00000,0x00000000dea00000,0x00000000def00000)
  to   space 15872K, 0% used [0x00000000e7980000,0x00000000e7980000,0x00000000e8900000)
 ParOldGen       total 85504K, used 22190K [0x0000000083e00000, 0x0000000089180000, 0x00000000d6a00000)
  object space 85504K, 25% used [0x0000000083e00000,0x00000000853abb38,0x0000000089180000)
 Metaspace       used 20395K, capacity 21136K, committed 21296K, reserved 1069056K
  class space    used 2418K, capacity 2666K, committed 2688K, reserved 1048576K
}
Event: 19,539 GC heap before
{Heap before GC invocations=7 (full 1):
 PSYoungGen      total 136192K, used 96452K [0x00000000d6a00000, 0x00000000e8900000, 0x0000000100000000)
  eden space 131072K, 73% used [0x00000000d6a00000,0x00000000dc8310f8,0x00000000dea00000)
  from space 5120K, 0% used [0x00000000dea00000,0x00000000dea00000,0x00000000def00000)
  to   space 15872K, 0% used [0x00000000e7980000,0x00000000e7980000,0x00000000e8900000)
 ParOldGen       total 85504K, used 22190K [0x0000000083e00000, 0x0000000089180000, 0x00000000d6a00000)
  object space 85504K, 25% used [0x0000000083e00000,0x00000000853abb38,0x0000000089180000)
 Metaspace       used 26187K, capacity 27082K, committed 27392K, reserved 1073152K
  class space    used 3033K, capacity 3292K, committed 3328K, reserved 1048576K
Event: 19,558 GC heap after
Heap after GC invocations=7 (full 1):
 PSYoungGen      total 194560K, used 10804K [0x00000000d6a00000, 0x00000000e8480000, 0x0000000100000000)
  eden space 183296K, 0% used [0x00000000d6a00000,0x00000000d6a00000,0x00000000e1d00000)
  from space 11264K, 95% used [0x00000000e7980000,0x00000000e840d3f8,0x00000000e8480000)
  to   space 15872K, 0% used [0x00000000e6580000,0x00000000e6580000,0x00000000e7500000)
 ParOldGen       total 85504K, used 22198K [0x0000000083e00000, 0x0000000089180000, 0x00000000d6a00000)
  object space 85504K, 25% used [0x0000000083e00000,0x00000000853adb38,0x0000000089180000)
 Metaspace       used 26187K, capacity 27082K, committed 27392K, reserved 1073152K
  class space    used 3033K, capacity 3292K, committed 3328K, reserved 1048576K
}
Event: 19,558 GC heap before
{Heap before GC invocations=8 (full 2):
 PSYoungGen      total 194560K, used 10804K [0x00000000d6a00000, 0x00000000e8480000, 0x0000000100000000)
  eden space 183296K, 0% used [0x00000000d6a00000,0x00000000d6a00000,0x00000000e1d00000)
  from space 11264K, 95% used [0x00000000e7980000,0x00000000e840d3f8,0x00000000e8480000)
  to   space 15872K, 0% used [0x00000000e6580000,0x00000000e6580000,0x00000000e7500000)
 ParOldGen       total 85504K, used 22198K [0x0000000083e00000, 0x0000000089180000, 0x00000000d6a00000)
  object space 85504K, 25% used [0x0000000083e00000,0x00000000853adb38,0x0000000089180000)
 Metaspace       used 26187K, capacity 27082K, committed 27392K, reserved 1073152K
  class space    used 3033K, capacity 3292K, committed 3328K, reserved 1048576K

Deoptimization events (10 events):
Event: 4,200 Thread 0x00007faf5800a000 Uncommon trap: reason=bimorphic action=maybe_recompile pc=0x00007faf48e42114 method=java.util.regex.Pattern$Curly.study(Ljava/util/regex/Pattern$TreeInfo;)Z @ 149
Event: 4,270 Thread 0x00007faf5800a000 Uncommon trap: reason=unstable_if action=reinterpret pc=0x00007faf487e1e34 method=sun.nio.cs.StreamDecoder.read0()I @ 11
Event: 4,270 Thread 0x00007faf5800a000 Uncommon trap: reason=unstable_if action=reinterpret pc=0x00007faf494ada2c method=java.util.jar.Attributes.read(Ljava/util/jar/Manifest$FastInputStream;[B)V @ 58
Event: 4,330 Thread 0x00007faf5800a000 Uncommon trap: reason=unstable_if action=reinterpret pc=0x00007faf48b8479c method=java.util.regex.Pattern.range(Ljava/util/regex/Pattern$BitClass;)Ljava/util/regex/Pattern$CharProperty; @ 108
Event: 4,332 Thread 0x00007faf5800a000 Uncommon trap: reason=unstable_if action=reinterpret pc=0x00007faf48f9edf8 method=org.codehaus.plexus.classworlds.realm.Entry.matches(Ljava/lang/String;)Z @ 150
Event: 4,425 Thread 0x00007faf5800a000 Uncommon trap: reason=unstable_if action=reinterpret pc=0x00007faf48b7bd9c method=java.lang.StringBuffer.toString()Ljava/lang/String; @ 4
Event: 4,425 Thread 0x00007faf5800a000 Uncommon trap: reason=bimorphic action=maybe_recompile pc=0x00007faf48e42114 method=java.util.regex.Pattern$Curly.study(Ljava/util/regex/Pattern$TreeInfo;)Z @ 149
Event: 4,426 Thread 0x00007faf5800a000 Uncommon trap: reason=unstable_if action=reinterpret pc=0x00007faf48cd0b78 method=java.util.regex.Pattern$Curly.match(Ljava/util/regex/Matcher;ILjava/lang/CharSequence;)Z @ 45
Event: 4,431 Thread 0x00007faf5800a000 Uncommon trap: reason=unstable_if action=reinterpret pc=0x00007faf4945ad18 method=sun.nio.cs.UTF_8$Encoder.encodeArrayLoop(Ljava/nio/CharBuffer;Ljava/nio/ByteBuffer;)Ljava/nio/charset/CoderResult; @ 87
Event: 5,982 Thread 0x00007faf58c8c800 Uncommon trap: reason=unstable_if action=reinterpret pc=0x00007faf48909bd8 method=java.io.BufferedReader.readLine(Z)Ljava/lang/String; @ 265

Internal exceptions (10 events):
Event: 2,609 Thread 0x00007faf5800a000 Exception <a 'java/lang/NoClassDefFoundError': org/slf4j/Logger> (0x00000000dc3bf540) thrown at [/HUDSON3/workspace/8-2-build-linux-amd64/jdk8u101/7261/hotspot/src/share/vm/oops/constantPool.cpp, line 235]
Event: 2,645 Thread 0x00007faf5800a000 Exception <a 'java/lang/ClassNotFoundException': com/sun/tools/javac/api/JavacTool> (0x00000000dc784138) thrown at [/HUDSON3/workspace/8-2-build-linux-amd64/jdk8u101/7261/hotspot/src/share/vm/classfile/systemDictionary.cpp, line 210]
Event: 3,013 Thread 0x00007faf5800a000 Exception <a 'java/io/FileNotFoundException'> (0x00000000d75d5d00) thrown at [/HUDSON3/workspace/8-2-build-linux-amd64/jdk8u101/7261/hotspot/src/share/vm/prims/jni.cpp, line 709]
Event: 3,014 Thread 0x00007faf5800a000 Exception <a 'java/io/FileNotFoundException'> (0x00000000d760a828) thrown at [/HUDSON3/workspace/8-2-build-linux-amd64/jdk8u101/7261/hotspot/src/share/vm/prims/jni.cpp, line 709]
Event: 3,382 Thread 0x00007faf5800a000 Exception <a 'java/io/FileNotFoundException'> (0x00000000d8e3d1f0) thrown at [/HUDSON3/workspace/8-2-build-linux-amd64/jdk8u101/7261/hotspot/src/share/vm/prims/jni.cpp, line 709]
Event: 3,382 Thread 0x00007faf5800a000 Exception <a 'java/io/FileNotFoundException'> (0x00000000d8e3e760) thrown at [/HUDSON3/workspace/8-2-build-linux-amd64/jdk8u101/7261/hotspot/src/share/vm/prims/jni.cpp, line 709]
Event: 3,420 Thread 0x00007faf5800a000 Exception <a 'java/lang/NoClassDefFoundError': org/slf4j/Logger> (0x00000000d979f4b8) thrown at [/HUDSON3/workspace/8-2-build-linux-amd64/jdk8u101/7261/hotspot/src/share/vm/oops/constantPool.cpp, line 235]
Event: 3,444 Thread 0x00007faf5800a000 Implicit null exception at 0x00007faf48ab85bc to 0x00007faf48ab88c9
Event: 3,465 Thread 0x00007faf58a1d000 Implicit null exception at 0x00007faf48df7108 to 0x00007faf48df71c1
Event: 4,078 Thread 0x00007faf5800a000 Exception <a 'java/lang/NoClassDefFoundError': org/slf4j/Logger> (0x00000000db1ef8a0) thrown at [/HUDSON3/workspace/8-2-build-linux-amd64/jdk8u101/7261/hotspot/src/share/vm/oops/constantPool.cpp, line 235]

Events (10 events):
Event: 19,533 Executing VM operation: RevokeBias done
Event: 19,533 Executing VM operation: RevokeBias
Event: 19,533 Executing VM operation: RevokeBias done
Event: 19,536 Thread 0x00007faf5800a000 DEOPT PACKING pc=0x00007faf48854fbb sp=0x00007faf5e52cd90
Event: 19,536 Thread 0x00007faf5800a000 DEOPT UNPACKING pc=0x00007faf485c9633 sp=0x00007faf5e52cba0 mode 0
Event: 19,536 Thread 0x00007faf5800a000 DEOPT PACKING pc=0x00007faf48854fbb sp=0x00007faf5e52cd90
Event: 19,536 Thread 0x00007faf5800a000 DEOPT UNPACKING pc=0x00007faf485c9633 sp=0x00007faf5e52cba0 mode 0
Event: 19,536 Thread 0x00007faf5800a000 DEOPT PACKING pc=0x00007faf48854fbb sp=0x00007faf5e52cea0
Event: 19,536 Thread 0x00007faf5800a000 DEOPT UNPACKING pc=0x00007faf485c9633 sp=0x00007faf5e52ccb0 mode 0
Event: 19,539 Executing VM operation: ParallelGCSystemGC


Dynamic libraries:
00400000-00401000 r-xp 00000000 08:21 1596530                            /usr/lib/jvm/java-8-oracle/bin/java
00600000-00601000 rw-p 00000000 08:21 1596530                            /usr/lib/jvm/java-8-oracle/bin/java
02243000-02264000 rw-p 00000000 00:00 0                                  [heap]
83e00000-89180000 rw-p 00000000 00:00 0 
89180000-d6a00000 ---p 00000000 00:00 0 
d6a00000-e8480000 rw-p 00000000 00:00 0 
e8480000-100000000 ---p 00000000 00:00 0 
100000000-100340000 rw-p 00000000 00:00 0 
100340000-140000000 ---p 00000000 00:00 0 
7faee8000000-7faee8021000 rw-p 00000000 00:00 0 
7faee8021000-7faeec000000 ---p 00000000 00:00 0 
7faeec000000-7faeec021000 rw-p 00000000 00:00 0 
7faeec021000-7faef0000000 ---p 00000000 00:00 0 
7faef0000000-7faef0021000 rw-p 00000000 00:00 0 
7faef0021000-7faef4000000 ---p 00000000 00:00 0 
7faef4000000-7faef4021000 rw-p 00000000 00:00 0 
7faef4021000-7faef8000000 ---p 00000000 00:00 0 
7faef8000000-7faef8021000 rw-p 00000000 00:00 0 
7faef8021000-7faefc000000 ---p 00000000 00:00 0 
7faefc000000-7faefc021000 rw-p 00000000 00:00 0 
7faefc021000-7faf00000000 ---p 00000000 00:00 0 
7faf00000000-7faf00021000 rw-p 00000000 00:00 0 
7faf00021000-7faf04000000 ---p 00000000 00:00 0 
7faf04000000-7faf04021000 rw-p 00000000 00:00 0 
7faf04021000-7faf08000000 ---p 00000000 00:00 0 
7faf08000000-7faf08021000 rw-p 00000000 00:00 0 
7faf08021000-7faf0c000000 ---p 00000000 00:00 0 
7faf0c000000-7faf0c021000 rw-p 00000000 00:00 0 
7faf0c021000-7faf10000000 ---p 00000000 00:00 0 
7faf10000000-7faf10dbc000 rw-p 00000000 00:00 0 
7faf10dbc000-7faf14000000 ---p 00000000 00:00 0 
7faf14000000-7faf14930000 rw-p 00000000 00:00 0 
7faf14930000-7faf18000000 ---p 00000000 00:00 0 
7faf18000000-7faf18021000 rw-p 00000000 00:00 0 
7faf18021000-7faf1c000000 ---p 00000000 00:00 0 
7faf1c000000-7faf1cd52000 rw-p 00000000 00:00 0 
7faf1cd52000-7faf20000000 ---p 00000000 00:00 0 
7faf20000000-7faf20021000 rw-p 00000000 00:00 0 
7faf20021000-7faf24000000 ---p 00000000 00:00 0 
7faf24000000-7faf24021000 rw-p 00000000 00:00 0 
7faf24021000-7faf28000000 ---p 00000000 00:00 0 
7faf28000000-7faf28292000 rw-p 00000000 00:00 0 
7faf28292000-7faf2c000000 ---p 00000000 00:00 0 
7faf2c000000-7faf2c021000 rw-p 00000000 00:00 0 
7faf2c021000-7faf30000000 ---p 00000000 00:00 0 
7faf30000000-7faf30021000 rw-p 00000000 00:00 0 
7faf30021000-7faf34000000 ---p 00000000 00:00 0 
7faf366d1000-7faf36851000 rw-p 00000000 00:00 0 
7faf36851000-7faf368d4000 ---p 00000000 00:00 0 
7faf368d4000-7faf369d2000 rw-p 00000000 00:00 0 
7faf369d2000-7faf369d5000 ---p 00000000 00:00 0 
7faf369d5000-7faf36ad3000 rw-p 00000000 00:00 0 
7faf36ad3000-7faf36ad6000 ---p 00000000 00:00 0 
7faf36ad6000-7faf36bd4000 rw-p 00000000 00:00 0 
7faf36bd4000-7faf36bd7000 ---p 00000000 00:00 0 
7faf36bd7000-7faf36cd5000 rw-p 00000000 00:00 0 
7faf36cd5000-7faf36cd8000 ---p 00000000 00:00 0 
7faf36cd8000-7faf36dd6000 rw-p 00000000 00:00 0 
7faf36dd6000-7faf36dd9000 ---p 00000000 00:00 0 
7faf36dd9000-7faf370d7000 rw-p 00000000 00:00 0 
7faf370d7000-7faf372d7000 rw-p 00000000 00:00 0 
7faf372d7000-7faf374d7000 rw-p 00000000 00:00 0 
7faf374d7000-7faf376d7000 rw-p 00000000 00:00 0 
7faf376d7000-7faf378d7000 rw-p 00000000 00:00 0 
7faf378d7000-7faf378e8000 r-xp 00000000 08:21 1596636                    /usr/lib/jvm/java-8-oracle/jre/lib/amd64/libnio.so
7faf378e8000-7faf37ae7000 ---p 00011000 08:21 1596636                    /usr/lib/jvm/java-8-oracle/jre/lib/amd64/libnio.so
7faf37ae7000-7faf37ae8000 rw-p 00010000 08:21 1596636                    /usr/lib/jvm/java-8-oracle/jre/lib/amd64/libnio.so
7faf37ae8000-7faf37de9000 rw-p 00000000 00:00 0 
7faf37de9000-7faf37dff000 r-xp 00000000 08:21 1596613                    /usr/lib/jvm/java-8-oracle/jre/lib/amd64/libnet.so
7faf37dff000-7faf37fff000 ---p 00016000 08:21 1596613                    /usr/lib/jvm/java-8-oracle/jre/lib/amd64/libnet.so
7faf37fff000-7faf38000000 rw-p 00016000 08:21 1596613                    /usr/lib/jvm/java-8-oracle/jre/lib/amd64/libnet.so
7faf38000000-7faf38021000 rw-p 00000000 00:00 0 
7faf38021000-7faf3c000000 ---p 00000000 00:00 0 
7faf3c076000-7faf3c079000 ---p 00000000 00:00 0 
7faf3c079000-7faf3c177000 rw-p 00000000 00:00 0 
7faf3c177000-7faf3c1f0000 r--s 010e5000 08:21 1595823                    /usr/lib/jvm/java-8-oracle/lib/tools.jar
7faf3c1f0000-7faf40000000 rw-p 00000000 00:00 0 
7faf40000000-7faf40021000 rw-p 00000000 00:00 0 
7faf40021000-7faf44000000 ---p 00000000 00:00 0 
7faf4401d000-7faf44024000 r--s 00000000 08:21 1839307                    /usr/lib/x86_64-linux-gnu/gconv/gconv-modules.cache
7faf44024000-7faf44045000 r--p 00000000 08:21 2236433                    /usr/share/locale-langpack/pt_BR/LC_MESSAGES/libc.mo
7faf44057000-7faf4405b000 r--s 00034000 08:01 4989056                    /home/gladson/.m2/repository/org/codehaus/plexus/plexus-utils/3.0/plexus-utils-3.0.jar
7faf4405b000-7faf4405f000 r--s 0002f000 08:01 6297473                    /home/gladson/.m2/repository/commons-lang/commons-lang/2.1/commons-lang-2.1.jar
7faf4405f000-7faf44062000 r--s 0000c000 08:01 6298499                    /home/gladson/.m2/repository/org/codehaus/plexus/plexus-io/2.0.1/plexus-io-2.0.1.jar
7faf44062000-7faf44066000 r--s 00028000 08:01 6039804                    /home/gladson/.m2/repository/org/codehaus/plexus/plexus-archiver/2.0.1/plexus-archiver-2.0.1.jar
7faf44066000-7faf44067000 r--s 00004000 08:01 6298498                    /home/gladson/.m2/repository/org/apache/maven/maven-archiver/2.4.2/maven-archiver-2.4.2.jar
7faf44067000-7faf44068000 r--s 00007000 08:01 4719584                    /home/gladson/.m2/repository/org/apache/maven/plugins/maven-jar-plugin/2.3.2/maven-jar-plugin-2.3.2.jar
7faf44068000-7faf44069000 r--s 00002000 08:01 6165938                    /home/gladson/.m2/repository/org/apache/maven/reporting/maven-reporting-api/2.0.9/maven-reporting-api-2.0.9.jar
7faf44069000-7faf4406c000 r--s 00034000 08:01 4851221                    /home/gladson/.m2/repository/org/codehaus/plexus/plexus-utils/2.1/plexus-utils-2.1.jar
7faf4406c000-7faf4406e000 r--s 0000d000 08:01 6292719                    /home/gladson/.m2/repository/org/apache/maven/surefire/maven-surefire-common/2.10/maven-surefire-common-2.10.jar
7faf4406e000-7faf44073000 r--s 00023000 08:01 6292720                    /home/gladson/.m2/repository/org/apache/maven/surefire/surefire-api/2.10/surefire-api-2.10.jar
7faf44073000-7faf44075000 r--s 00007000 08:01 6292717                    /home/gladson/.m2/repository/org/apache/maven/surefire/surefire-booter/2.10/surefire-booter-2.10.jar
7faf44075000-7faf44077000 r--s 00006000 08:01 4719597                    /home/gladson/.m2/repository/org/apache/maven/plugins/maven-surefire-plugin/2.10/maven-surefire-plugin-2.10.jar
7faf44077000-7faf44078000 r--s 00004000 08:01 6298486                    /home/gladson/.m2/repository/org/codehaus/plexus/plexus-compiler-javac/2.7/plexus-compiler-javac-2.7.jar
7faf44078000-7faf4407a000 r--s 00000000 08:01 6298485                    /home/gladson/.m2/repository/org/codehaus/plexus/plexus-compiler-manager/2.7/plexus-compiler-manager-2.7.jar
7faf4407a000-7faf4407c000 r--s 00005000 08:01 6298483                    /home/gladson/.m2/repository/org/codehaus/plexus/plexus-compiler-api/2.7/plexus-compiler-api-2.7.jar
7faf4407c000-7faf4407e000 r--s 00002000 08:01 6292669                    /home/gladson/.m2/repository/org/apache/maven/shared/maven-shared-incremental/1.1/maven-shared-incremental-1.1.jar
7faf4407e000-7faf44080000 r--s 00006000 08:01 5641595                    /home/gladson/.m2/repository/com/google/code/findbugs/jsr305/2.0.1/jsr305-2.0.1.jar
7faf44080000-7faf44084000 r--s 0002a000 08:01 6171119                    /home/gladson/.m2/repository/commons-io/commons-io/2.4/commons-io-2.4.jar
7faf44084000-7faf44087000 r--s 00023000 08:01 6298482                    /home/gladson/.m2/repository/org/apache/maven/shared/maven-shared-utils/3.0.0/maven-shared-utils-3.0.0.jar
7faf44087000-7faf44089000 r--s 00000000 08:01 6292670                    /home/gladson/.m2/repository/org/codehaus/plexus/plexus-component-annotations/1.5.5/plexus-component-annotations-1.5.5.jar
7faf44089000-7faf4408b000 r--s 0000d000 08:01 5244069                    /home/gladson/.m2/repository/org/codehaus/plexus/plexus-interpolation/1.14/plexus-interpolation-1.14.jar
7faf4408b000-7faf4408f000 r--s 00017000 08:01 5252340                    /home/gladson/.m2/repository/org/sonatype/aether/aether-util/1.7/aether-util-1.7.jar
7faf4408f000-7faf44093000 r--s 00033000 08:01 6688959                    /home/gladson/.m2/repository/org/codehaus/plexus/plexus-utils/2.0.4/plexus-utils-2.0.4.jar
7faf44093000-7faf4409e000 r--s 00069000 08:01 5775689                    /home/gladson/.m2/repository/org/sonatype/sisu/sisu-guice/2.1.7/sisu-guice-2.1.7-noaop.jar
7faf4409e000-7faf440a3000 r--s 00021000 08:01 6039798                    /home/gladson/.m2/repository/org/sonatype/sisu/sisu-inject-bean/1.4.2/sisu-inject-bean-1.4.2.jar
7faf440a3000-7faf440a5000 r--s 0000b000 08:01 5773251                    /home/gladson/.m2/repository/org/apache/maven/plugins/maven-compiler-plugin/3.5.1/maven-compiler-plugin-3.5.1.jar
7faf440a5000-7faf440a7000 r--s 0000d000 08:01 1705198                    /home/gladson/.m2/repository/org/codehaus/plexus/plexus-interpolation/1.13/plexus-interpolation-1.13.jar
7faf440a7000-7faf440a8000 r--s 00001000 08:01 4851182                    /home/gladson/.m2/repository/org/sonatype/plexus/plexus-build-api/0.0.4/plexus-build-api-0.0.4.jar
7faf440a8000-7faf440aa000 r--s 00009000 08:01 1705197                    /home/gladson/.m2/repository/org/apache/maven/shared/maven-filtering/1.0/maven-filtering-1.0.jar
7faf440aa000-7faf440ac000 r--s 00005000 08:01 4719422                    /home/gladson/.m2/repository/org/apache/maven/plugins/maven-resources-plugin/2.5/maven-resources-plugin-2.5.jar
7faf440ac000-7faf440ad000 r--s 00002000 08:01 6171272                    /home/gladson/.m2/repository/org/codehaus/plexus/plexus-digest/1.0/plexus-digest-1.0.jar
7faf440ad000-7faf440ae000 r--s 00005000 08:01 4719624                    /home/gladson/.m2/repository/org/apache/maven/plugins/maven-install-plugin/2.3.1/maven-install-plugin-2.3.1.jar
7faf440ae000-7faf440b2000 r--s 00037000 08:01 4851180                    /home/gladson/.m2/repository/org/codehaus/plexus/plexus-utils/3.0.15/plexus-utils-3.0.15.jar
7faf440b2000-7faf440b6000 r--s 00014000 08:01 2237134                    /home/gladson/.m2/repository/org/tukaani/xz/1.2/xz-1.2.jar
7faf440b6000-7faf440bb000 r--s 0003a000 08:01 5645485                    /home/gladson/.m2/repository/org/apache/commons/commons-compress/1.5/commons-compress-1.5.jar
7faf440bb000-7faf440be000 r--s 0000c000 08:01 6557095                    /home/gladson/.m2/repository/org/codehaus/plexus/plexus-io/2.0.8/plexus-io-2.0.8.jar
7faf440be000-7faf440c2000 r--s 00024000 08:01 6557094                    /home/gladson/.m2/repository/org/codehaus/plexus/plexus-archiver/2.4.3/plexus-archiver-2.4.3.jar
7faf440c2000-7faf440c6000 r--s 00028000 08:01 6293200                    /home/gladson/.m2/repository/com/thoughtworks/qdox/qdox/1.12.1/qdox-1.12.1.jar
7faf440c6000-7faf440cd000 r--s 00053000 08:01 6293197                    /home/gladson/.m2/repository/log4j/log4j/1.2.14/log4j-1.2.14.jar
7faf440cd000-7faf440cf000 r--s 0000d000 08:01 5375475                    /home/gladson/.m2/repository/commons-logging/commons-logging/1.1.1/commons-logging-1.1.1.jar
7faf440cf000-7faf440d5000 r--s 00033000 08:01 5375308                    /home/gladson/.m2/repository/commons-codec/commons-codec/1.6/commons-codec-1.6.jar
7faf440d5000-7faf440db000 r--s 00031000 08:01 5641622                    /home/gladson/.m2/repository/org/apache/httpcomponents/httpcore/4.2.2/httpcore-4.2.2.jar
7faf440db000-7faf440e4000 r--s 00061000 08:01 5375474                    /home/gladson/.m2/repository/org/apache/httpcomponents/httpclient/4.2.3/httpclient-4.2.3.jar
7faf440e4000-7faf440e8000 r--s 00027000 08:01 5901595                    /home/gladson/.m2/repository/commons-io/commons-io/2.2/commons-io-2.2.jar
7faf440e8000-7faf440ea000 r--s 00004000 08:01 6298448                    /home/gladson/.m2/repository/org/apache/maven/doxia/doxia-module-xhtml/1.0/doxia-module-xhtml-1.0.jar
7faf440ea000-7faf440eb000 r--s 00006000 08:01 6171049                    /home/gladson/.m2/repository/org/apache/maven/doxia/doxia-module-xdoc/1.0/doxia-module-xdoc-1.0.jar
7faf440eb000-7faf440ec000 r--s 00004000 08:01 6298444                    /home/gladson/.m2/repository/org/apache/maven/doxia/doxia-module-fml/1.0/doxia-module-fml-1.0.jar
7faf440ec000-7faf440ee000 r--s 0000a000 08:01 6171048                    /home/gladson/.m2/repository/org/apache/maven/doxia/doxia-module-apt/1.0/doxia-module-apt-1.0.jar
7faf440ee000-7faf440ef000 r--s 0000b000 08:01 6298439                    /home/gladson/.m2/repository/org/apache/maven/doxia/doxia-decoration-model/1.0/doxia-decoration-model-1.0.jar
7faf440ef000-7faf440f2000 r--s 0000b000 08:01 6298438                    /home/gladson/.m2/repository/org/apache/maven/doxia/doxia-core/1.0/doxia-core-1.0.jar
7faf440f2000-7faf440f4000 r--s 0000a000 08:01 6298437                    /home/gladson/.m2/repository/org/apache/maven/doxia/doxia-site-renderer/1.0/doxia-site-renderer-1.0.jar
7faf440f4000-7faf440f5000 r--s 00002000 08:01 6298436                    /home/gladson/.m2/repository/org/apache/maven/doxia/doxia-sink-api/1.0/doxia-sink-api-1.0.jar
7faf440f5000-7faf440f7000 r--s 00006000 08:01 6292718                    /home/gladson/.m2/repository/org/apache/maven/shared/maven-common-artifact-filters/1.3/maven-common-artifact-filters-1.3.jar
7faf440f7000-7faf440f8000 r--s 00006000 08:01 6293150                    /home/gladson/.m2/repository/org/apache/maven/shared/maven-invoker/2.0.9/maven-invoker-2.0.9.jar
7faf440f8000-7faf440f9000 r--s 00002000 08:01 6293148                    /home/gladson/.m2/repository/org/apache/maven/reporting/maven-reporting-api/3.0/maven-reporting-api-3.0.jar
7faf440f9000-7faf440fb000 r--s 00002000 08:01 4851088                    /home/gladson/.m2/repository/org/sonatype/plexus/plexus-cipher/1.4/plexus-cipher-1.4.jar
7faf440fb000-7faf440fc000 r--s 00006000 08:01 4851179                    /home/gladson/.m2/repository/org/sonatype/plexus/plexus-sec-dispatcher/1.3/plexus-sec-dispatcher-1.3.jar
7faf440fc000-7faf440fe000 r--s 00009000 08:01 6291975                    /home/gladson/.m2/repository/commons-cli/commons-cli/1.2/commons-cli-1.2.jar
7faf440fe000-7faf44100000 r--s 00003000 08:01 4851173                    /home/gladson/.m2/repository/org/slf4j/jcl-over-slf4j/1.5.6/jcl-over-slf4j-1.5.6.jar
7faf44100000-7faf44102000 r--s 00004000 08:01 4851174                    /home/gladson/.m2/repository/org/slf4j/slf4j-api/1.5.6/slf4j-api-1.5.6.jar
7faf44102000-7faf44104000 r--s 00001000 08:01 4851175                    /home/gladson/.m2/repository/org/slf4j/slf4j-jdk14/1.5.6/slf4j-jdk14-1.5.6.jar
7faf44104000-7faf44107000 r--s 00062000 08:01 6556801                    /home/gladson/.m2/repository/org/apache/maven/plugins/maven-javadoc-plugin/2.10/maven-javadoc-plugin-2.10.jar
7faf44107000-7faf4410b000 r--s 00035000 08:01 4858682                    /home/gladson/.m2/repository/org/codehaus/plexus/plexus-utils/3.0.8/plexus-utils-3.0.8.jar
7faf4410b000-7faf4410e000 r--s 0000c000 08:01 6298406                    /home/gladson/.m2/repository/org/codehaus/plexus/plexus-io/2.0.4/plexus-io-2.0.4.jar
7faf4410e000-7faf44113000 r--s 00029000 08:01 6038388                    /home/gladson/.m2/repository/org/codehaus/plexus/plexus-archiver/2.2/plexus-archiver-2.2.jar
7faf44113000-7faf44115000 r--s 0000d000 08:01 5252332                    /home/gladson/.m2/repository/org/codehaus/plexus/plexus-interpolation/1.15/plexus-interpolation-1.15.jar
7faf44115000-7faf44117000 r--s 00002000 08:01 4981840                    /home/gladson/.m2/repository/org/codehaus/plexus/plexus-interactivity-api/1.0-alpha-4/plexus-interactivity-api-1.0-alpha-4.jar
7faf44117000-7faf44119000 r--s 00006000 08:01 6165940                    /home/gladson/.m2/repository/commons-cli/commons-cli/1.0/commons-cli-1.0.jar
7faf44119000-7faf4411a000 r--s 00001000 08:01 6294203                    /home/gladson/.m2/repository/org/apache/maven/doxia/doxia-sink-api/1.0-alpha-7/doxia-sink-api-1.0-alpha-7.jar
7faf4411a000-7faf4411b000 r--s 00002000 08:01 6294202                    /home/gladson/.m2/repository/org/apache/maven/reporting/maven-reporting-api/2.0.6/maven-reporting-api-2.0.6.jar
7faf4411b000-7faf4411d000 r--s 00004000 08:01 6293149                    /home/gladson/.m2/repository/org/apache/maven/maven-archiver/2.5/maven-archiver-2.5.jar
7faf4411d000-7faf44120000 r--s 0001b000 08:01 6165960                    /home/gladson/.m2/repository/junit/junit/3.8.1/junit-3.8.1.jar
7faf44120000-7faf44122000 r--s 00006000 08:01 6038346                    /home/gladson/.m2/repository/org/apache/maven/plugins/maven-source-plugin/2.2.1/maven-source-plugin-2.2.1.jar
7faf44122000-7faf44126000 r--s 0001f000 08:01 6557078                    /home/gladson/.m2/repository/org/jacoco/org.jacoco.report/0.7.7.201606060606/org.jacoco.report-0.7.7.201606060606.jar
7faf44126000-7faf4412b000 r--s 0005a000 08:01 6557074                    /home/gladson/.m2/repository/org/ow2/asm/asm-debug-all/5.1/asm-debug-all-5.1.jar
7faf4412b000-7faf4412f000 r--s 0001e000 08:01 6557073                    /home/gladson/.m2/repository/org/jacoco/org.jacoco.core/0.7.7.201606060606/org.jacoco.core-0.7.7.201606060606.jar
7faf4412f000-7faf44135000 r--s 0003d000 08:01 6557072                    /home/gladson/.m2/repository/org/jacoco/org.jacoco.agent/0.7.7.201606060606/org.jacoco.agent-0.7.7.201606060606-runtime.jar
7faf44135000-7faf4413a000 r--s 00016000 08:01 6296008                    /home/gladson/.m2/repository/xml-apis/xml-apis/1.0.b2/xml-apis-1.0.b2.jar
7faf4413a000-7faf4413c000 r--s 0000e000 08:01 6293171                    /home/gladson/.m2/repository/oro/oro/2.0.8/oro-2.0.8.jar
7faf4413c000-7faf4413e000 r--s 00008000 08:01 6297639                    /home/gladson/.m2/repository/commons-logging/commons-logging/1.0.4/commons-logging-1.0.4.jar
7faf4413e000-7faf44142000 r--s 00026000 08:01 6297476                    /home/gladson/.m2/repository/commons-digester/commons-digester/1.6/commons-digester-1.6.jar
7faf44142000-7faf44147000 r--s 0002a000 08:01 6293175                    /home/gladson/.m2/repository/commons-beanutils/commons-beanutils/1.7.0/commons-beanutils-1.7.0.jar
7faf44147000-7faf4414a000 r--s 00014000 08:01 1713651                    /home/gladson/.m2/repository/commons-validator/commons-validator/1.2.0/commons-validator-1.2.0.jar
7faf4414a000-7faf44157000 r--s 0007f000 08:01 6298440                    /home/gladson/.m2/repository/commons-collections/commons-collections/3.2/commons-collections-3.2.jar
7faf44157000-7faf4415f000 r--s 00058000 08:01 6165985                    /home/gladson/.m2/repository/org/apache/velocity/velocity/1.5/velocity-1.5.jar
7faf4415f000-7faf44160000 r--s 00001000 08:01 6293170                    /home/gladson/.m2/repository/org/codehaus/plexus/plexus-velocity/1.1.7/plexus-velocity-1.1.7.jar
7faf44160000-7faf44161000 r--s 00002000 08:01 5770901                    /home/gladson/.m2/repository/org/codehaus/plexus/plexus-i18n/1.0-beta-7/plexus-i18n-1.0-beta-7.jar
7faf44161000-7faf44163000 r--s 00008000 08:01 6557071                    /home/gladson/.m2/repository/org/apache/maven/doxia/doxia-module-fml/1.1.2/doxia-module-fml-1.1.2.jar
7faf44163000-7faf44164000 r--s 00003000 08:01 6557067                    /home/gladson/.m2/repository/org/apache/maven/doxia/doxia-module-xhtml/1.1.2/doxia-module-xhtml-1.1.2.jar
7faf44164000-7faf44166000 r--s 0000b000 08:01 6557066                    /home/gladson/.m2/repository/org/apache/maven/doxia/doxia-decoration-model/1.1.2/doxia-decoration-model-1.1.2.jar
7faf44166000-7faf44168000 r--s 0000b000 08:01 6557064                    /home/gladson/.m2/repository/org/apache/maven/doxia/doxia-site-renderer/1.1.2/doxia-site-renderer-1.1.2.jar
7faf44168000-7faf4416a000 r--s 00006000 08:01 5512677                    /home/gladson/.m2/repository/commons-codec/commons-codec/1.2/commons-codec-1.2.jar
7faf4416a000-7faf44170000 r--s 00045000 08:01 5248794                    /home/gladson/.m2/repository/commons-httpclient/commons-httpclient/3.1/commons-httpclient-3.1.jar
7faf44170000-7faf44174000 r--s 0003c000 08:01 6165989                    /home/gladson/.m2/repository/commons-lang/commons-lang/2.4/commons-lang-2.4.jar
7faf44174000-7faf4418b000 r--s 00112000 08:01 6557061                    /home/gladson/.m2/repository/xerces/xercesImpl/2.8.1/xercesImpl-2.8.1.jar
7faf4418b000-7faf4418f000 r--s 00023000 08:01 6557062                    /home/gladson/.m2/repository/org/apache/maven/doxia/doxia-core/1.1.2/doxia-core-1.1.2.jar
7faf4418f000-7faf44191000 r--s 00003000 08:01 1704197                    /home/gladson/.m2/repository/org/apache/maven/reporting/maven-reporting-impl/2.1/maven-reporting-impl-2.1.jar
7faf44191000-7faf44192000 r--s 00002000 08:01 6291974                    /home/gladson/.m2/repository/org/apache/maven/doxia/doxia-logging-api/1.1/doxia-logging-api-1.1.jar
7faf44192000-7faf44194000 r--s 00002000 08:01 6291972                    /home/gladson/.m2/repository/org/apache/maven/doxia/doxia-sink-api/1.1/doxia-sink-api-1.1.jar
7faf44194000-7faf44195000 r--s 00002000 08:01 6291973                    /home/gladson/.m2/repository/org/apache/maven/reporting/maven-reporting-api/2.2.1/maven-reporting-api-2.2.1.jar
7faf44195000-7faf44197000 r--s 00008000 08:01 1705164                    /home/gladson/.m2/repository/org/apache/maven/shared/maven-shared-io/1.1/maven-shared-io-1.1.jar
7faf44197000-7faf44199000 r--s 00008000 08:01 1705163                    /home/gladson/.m2/repository/org/apache/maven/shared/file-management/1.2.1/file-management-1.2.1.jar
7faf44199000-7faf4419d000 r--s 00038000 08:01 6166839                    /home/gladson/.m2/repository/org/codehaus/plexus/plexus-utils/3.0.22/plexus-utils-3.0.22.jar
7faf4419d000-7faf441a3000 r--s 00034000 08:01 6557060                    /home/gladson/.m2/repository/junit/junit/4.8.2/junit-4.8.2.jar
7faf441a3000-7faf441a5000 r--s 0000b000 08:01 5244164                    /home/gladson/.m2/repository/org/codehaus/plexus/plexus-interpolation/1.11/plexus-interpolation-1.11.jar
7faf441a5000-7faf441ad000 r--s 00049000 08:01 6291971                    /home/gladson/.m2/repository/backport-util-concurrent/backport-util-concurrent/3.1/backport-util-concurrent-3.1.jar
7faf441ad000-7faf441b0000 r--s 0001a000 08:21 1596580                    /usr/lib/jvm/java-8-oracle/jre/lib/jce.jar
7faf441b0000-7faf441b1000 r--s 0000e000 08:01 4858340                    /home/gladson/.m2/repository/org/jacoco/jacoco-maven-plugin/0.7.7.201606060606/jacoco-maven-plugin-0.7.7.201606060606.jar
7faf441b1000-7faf441b5000 r--s 00033000 08:01 4849728                    /home/gladson/.m2/repository/org/codehaus/plexus/plexus-utils/2.0.5/plexus-utils-2.0.5.jar
7faf441b5000-7faf441b6000 r--s 00005000 08:01 4719617                    /home/gladson/.m2/repository/org/apache/maven/plugins/maven-clean-plugin/2.4.1/maven-clean-plugin-2.4.1.jar
7faf441b6000-7faf441b9000 ---p 00000000 00:00 0 
7faf441b9000-7faf441ef000 rw-p 00000000 00:00 0 
7faf441ef000-7faf441f0000 r--p 00000000 00:00 0 
7faf441f0000-7faf443f0000 rw-p 00000000 00:00 0 
7faf443f0000-7faf443f4000 r--s 00097000 08:21 1596552                    /usr/lib/jvm/java-8-oracle/jre/lib/jsse.jar
7faf443f4000-7faf445f4000 rw-p 00000000 00:00 0 
7faf445f4000-7faf445f6000 r--s 0000d000 08:21 2124731                    /opt/netbeans-8.2rc/java/maven-nblib/netbeans-eventspy.jar
7faf445f6000-7faf445f8000 r--s 0000b000 08:21 2124722                    /opt/netbeans-8.2rc/java/maven/lib/maven-artifact-3.0.5.jar
7faf445f8000-7faf445fa000 r--s 0000c000 08:21 2124630                    /opt/netbeans-8.2rc/java/maven/lib/maven-aether-provider-3.0.5.jar
7faf445fa000-7faf44619000 r--s 00154000 08:21 2124749                    /opt/netbeans-8.2rc/java/maven/lib/sisu-guava-0.9.9.jar
7faf44619000-7faf44623000 r--s 00116000 08:21 1596680                    /usr/lib/jvm/java-8-oracle/jre/lib/ext/localedata.jar
7faf44623000-7faf44627000 r--s 0001c000 08:21 2124736                    /opt/netbeans-8.2rc/java/maven/lib/aether-util-1.13.1.jar
7faf44627000-7faf44629000 r--s 00000000 08:21 2124398                    /opt/netbeans-8.2rc/java/maven/lib/plexus-component-annotations-1.5.5.jar
7faf44629000-7faf4462a000 r--s 00006000 08:21 2124664                    /opt/netbeans-8.2rc/java/maven/lib/plexus-sec-dispatcher-1.3.jar
7faf4462a000-7faf4462c000 r--s 0000a000 08:21 2124724                    /opt/netbeans-8.2rc/java/maven/lib/maven-settings-3.0.5.jar
7faf4462c000-7faf4462e000 r--s 0000b000 08:21 2124696                    /opt/netbeans-8.2rc/java/maven/lib/wagon-provider-api-2.10.jar
7faf4462e000-7faf4462f000 r--s 00002000 08:21 2124710                    /opt/netbeans-8.2rc/java/maven/lib/wagon-http-shared-2.10.jar
7faf4462f000-7faf4463b000 r--s 0007d000 08:21 2124748                    /opt/netbeans-8.2rc/java/maven/lib/maven-core-3.0.5.jar
7faf4463b000-7faf4463d000 r--s 0000b000 08:21 2124708                    /opt/netbeans-8.2rc/java/maven/lib/maven-plugin-api-3.0.5.jar
7faf4463d000-7faf4466c000 r--s 001c8000 08:21 2124707                    /opt/netbeans-8.2rc/java/maven/lib/wagon-http-2.10-shaded.jar
7faf4466c000-7faf4466d000 ---p 00000000 00:00 0 
7faf4466d000-7faf4476d000 rw-p 00000000 00:00 0 
7faf4476d000-7faf44770000 ---p 00000000 00:00 0 
7faf44770000-7faf4486e000 rw-p 00000000 00:00 0 
7faf4486e000-7faf44871000 ---p 00000000 00:00 0 
7faf44871000-7faf4496f000 rw-p 00000000 00:00 0 
7faf4496f000-7faf44972000 ---p 00000000 00:00 0 
7faf44972000-7faf44a70000 rw-p 00000000 00:00 0 
7faf44a70000-7faf44a73000 ---p 00000000 00:00 0 
7faf44a73000-7faf44b71000 rw-p 00000000 00:00 0 
7faf44b71000-7faf44b74000 ---p 00000000 00:00 0 
7faf44b74000-7faf44c72000 rw-p 00000000 00:00 0 
7faf44c72000-7faf45631000 r--p 00000000 08:21 1452721                    /usr/lib/locale/locale-archive
7faf45631000-7faf45634000 ---p 00000000 00:00 0 
7faf45634000-7faf45732000 rw-p 00000000 00:00 0 
7faf45732000-7faf45735000 ---p 00000000 00:00 0 
7faf45735000-7faf45833000 rw-p 00000000 00:00 0 
7faf45833000-7faf45834000 ---p 00000000 00:00 0 
7faf45834000-7faf46916000 rw-p 00000000 00:00 0 
7faf46916000-7faf46aef000 r--s 03d29000 08:21 1596557                    /usr/lib/jvm/java-8-oracle/jre/lib/rt.jar
7faf46aef000-7faf47746000 rw-p 00000000 00:00 0 
7faf47746000-7faf47747000 ---p 00000000 00:00 0 
7faf47747000-7faf47847000 rw-p 00000000 00:00 0 
7faf47847000-7faf47848000 ---p 00000000 00:00 0 
7faf47848000-7faf47948000 rw-p 00000000 00:00 0 
7faf47948000-7faf47949000 ---p 00000000 00:00 0 
7faf47949000-7faf47a49000 rw-p 00000000 00:00 0 
7faf47a49000-7faf47a4a000 ---p 00000000 00:00 0 
7faf47a4a000-7faf47b74000 rw-p 00000000 00:00 0 
7faf47b74000-7faf47de0000 ---p 00000000 00:00 0 
7faf47de0000-7faf47e0a000 rw-p 00000000 00:00 0 
7faf47e0a000-7faf48076000 ---p 00000000 00:00 0 
7faf48076000-7faf48104000 rw-p 00000000 00:00 0 
7faf48104000-7faf481c1000 ---p 00000000 00:00 0 
7faf481c1000-7faf48203000 rw-p 00000000 00:00 0 
7faf48203000-7faf48582000 ---p 00000000 00:00 0 
7faf48582000-7faf495a2000 rwxp 00000000 00:00 0 
7faf495a2000-7faf57582000 ---p 00000000 00:00 0 
7faf57582000-7faf5759c000 r-xp 00000000 08:21 1596634                    /usr/lib/jvm/java-8-oracle/jre/lib/amd64/libzip.so
7faf5759c000-7faf5779c000 ---p 0001a000 08:21 1596634                    /usr/lib/jvm/java-8-oracle/jre/lib/amd64/libzip.so
7faf5779c000-7faf5779d000 rw-p 0001a000 08:21 1596634                    /usr/lib/jvm/java-8-oracle/jre/lib/amd64/libzip.so
7faf5779d000-7faf577a8000 r-xp 00000000 08:21 3682080                    /lib/x86_64-linux-gnu/libnss_files-2.23.so
7faf577a8000-7faf579a7000 ---p 0000b000 08:21 3682080                    /lib/x86_64-linux-gnu/libnss_files-2.23.so
7faf579a7000-7faf579a8000 r--p 0000a000 08:21 3682080                    /lib/x86_64-linux-gnu/libnss_files-2.23.so
7faf579a8000-7faf579a9000 rw-p 0000b000 08:21 3682080                    /lib/x86_64-linux-gnu/libnss_files-2.23.so
7faf579a9000-7faf579af000 rw-p 00000000 00:00 0 
7faf579af000-7faf579ba000 r-xp 00000000 08:21 3682090                    /lib/x86_64-linux-gnu/libnss_nis-2.23.so
7faf579ba000-7faf57bb9000 ---p 0000b000 08:21 3682090                    /lib/x86_64-linux-gnu/libnss_nis-2.23.so
7faf57bb9000-7faf57bba000 r--p 0000a000 08:21 3682090                    /lib/x86_64-linux-gnu/libnss_nis-2.23.so
7faf57bba000-7faf57bbb000 rw-p 0000b000 08:21 3682090                    /lib/x86_64-linux-gnu/libnss_nis-2.23.so
7faf57bbb000-7faf57bd1000 r-xp 00000000 08:21 3682074                    /lib/x86_64-linux-gnu/libnsl-2.23.so
7faf57bd1000-7faf57dd0000 ---p 00016000 08:21 3682074                    /lib/x86_64-linux-gnu/libnsl-2.23.so
7faf57dd0000-7faf57dd1000 r--p 00015000 08:21 3682074                    /lib/x86_64-linux-gnu/libnsl-2.23.so
7faf57dd1000-7faf57dd2000 rw-p 00016000 08:21 3682074                    /lib/x86_64-linux-gnu/libnsl-2.23.so
7faf57dd2000-7faf57dd4000 rw-p 00000000 00:00 0 
7faf57dd4000-7faf57dfe000 r-xp 00000000 08:21 1596658                    /usr/lib/jvm/java-8-oracle/jre/lib/amd64/libjava.so
7faf57dfe000-7faf57ffe000 ---p 0002a000 08:21 1596658                    /usr/lib/jvm/java-8-oracle/jre/lib/amd64/libjava.so
7faf57ffe000-7faf58000000 rw-p 0002a000 08:21 1596658                    /usr/lib/jvm/java-8-oracle/jre/lib/amd64/libjava.so
7faf58000000-7faf5950e000 rw-p 00000000 00:00 0 
7faf5950e000-7faf5c000000 ---p 00000000 00:00 0 
7faf5c000000-7faf5c001000 r--s 00002000 08:21 2124751                    /opt/netbeans-8.2rc/java/maven/lib/wagon-file-2.10.jar
7faf5c001000-7faf5c008000 r--s 0003f000 08:21 2124709                    /opt/netbeans-8.2rc/java/maven/lib/sisu-inject-bean-2.3.0.jar
7faf5c008000-7faf5c00c000 r--s 00033000 08:21 2124734                    /opt/netbeans-8.2rc/java/maven/lib/plexus-utils-2.0.6.jar
7faf5c00c000-7faf5c00e000 r--s 00002000 08:21 2124741                    /opt/netbeans-8.2rc/java/maven/lib/plexus-cipher-1.7.jar
7faf5c00e000-7faf5c011000 r--s 00008000 08:21 2124612                    /opt/netbeans-8.2rc/java/maven/lib/maven-settings-builder-3.0.5.jar
7faf5c011000-7faf5c013000 r--s 0000d000 08:21 2124665                    /opt/netbeans-8.2rc/java/maven/lib/plexus-interpolation-1.14.jar
7faf5c013000-7faf5c014000 r--s 00003000 08:21 2124743                    /opt/netbeans-8.2rc/java/maven/lib/aether-spi-1.13.1.jar
7faf5c014000-7faf5c01c000 r--s 00050000 08:21 2124695                    /opt/netbeans-8.2rc/java/maven/lib/sisu-guice-3.1.0-no_aop.jar
7faf5c01c000-7faf5c024000 r-xp 00000000 08:21 3682076                    /lib/x86_64-linux-gnu/libnss_compat-2.23.so
7faf5c024000-7faf5c223000 ---p 00008000 08:21 3682076                    /lib/x86_64-linux-gnu/libnss_compat-2.23.so
7faf5c223000-7faf5c224000 r--p 00007000 08:21 3682076                    /lib/x86_64-linux-gnu/libnss_compat-2.23.so
7faf5c224000-7faf5c225000 rw-p 00008000 08:21 3682076                    /lib/x86_64-linux-gnu/libnss_compat-2.23.so
7faf5c225000-7faf5c232000 r-xp 00000000 08:21 1596614                    /usr/lib/jvm/java-8-oracle/jre/lib/amd64/libverify.so
7faf5c232000-7faf5c432000 ---p 0000d000 08:21 1596614                    /usr/lib/jvm/java-8-oracle/jre/lib/amd64/libverify.so
7faf5c432000-7faf5c434000 rw-p 0000d000 08:21 1596614                    /usr/lib/jvm/java-8-oracle/jre/lib/amd64/libverify.so
7faf5c434000-7faf5c43b000 r-xp 00000000 08:21 3682135                    /lib/x86_64-linux-gnu/librt-2.23.so
7faf5c43b000-7faf5c63a000 ---p 00007000 08:21 3682135                    /lib/x86_64-linux-gnu/librt-2.23.so
7faf5c63a000-7faf5c63b000 r--p 00006000 08:21 3682135                    /lib/x86_64-linux-gnu/librt-2.23.so
7faf5c63b000-7faf5c63c000 rw-p 00007000 08:21 3682135                    /lib/x86_64-linux-gnu/librt-2.23.so
7faf5c63c000-7faf5c744000 r-xp 00000000 08:21 3682051                    /lib/x86_64-linux-gnu/libm-2.23.so
7faf5c744000-7faf5c943000 ---p 00108000 08:21 3682051                    /lib/x86_64-linux-gnu/libm-2.23.so
7faf5c943000-7faf5c944000 r--p 00107000 08:21 3682051                    /lib/x86_64-linux-gnu/libm-2.23.so
7faf5c944000-7faf5c945000 rw-p 00108000 08:21 3682051                    /lib/x86_64-linux-gnu/libm-2.23.so
7faf5c945000-7faf5d610000 r-xp 00000000 08:21 1596668                    /usr/lib/jvm/java-8-oracle/jre/lib/amd64/server/libjvm.so
7faf5d610000-7faf5d80f000 ---p 00ccb000 08:21 1596668                    /usr/lib/jvm/java-8-oracle/jre/lib/amd64/server/libjvm.so
7faf5d80f000-7faf5d8e8000 rw-p 00cca000 08:21 1596668                    /usr/lib/jvm/java-8-oracle/jre/lib/amd64/server/libjvm.so
7faf5d8e8000-7faf5d933000 rw-p 00000000 00:00 0 
7faf5d933000-7faf5daf3000 r-xp 00000000 08:21 3681981                    /lib/x86_64-linux-gnu/libc-2.23.so
7faf5daf3000-7faf5dcf2000 ---p 001c0000 08:21 3681981                    /lib/x86_64-linux-gnu/libc-2.23.so
7faf5dcf2000-7faf5dcf6000 r--p 001bf000 08:21 3681981                    /lib/x86_64-linux-gnu/libc-2.23.so
7faf5dcf6000-7faf5dcf8000 rw-p 001c3000 08:21 3681981                    /lib/x86_64-linux-gnu/libc-2.23.so
7faf5dcf8000-7faf5dcfc000 rw-p 00000000 00:00 0 
7faf5dcfc000-7faf5dcff000 r-xp 00000000 08:21 3682005                    /lib/x86_64-linux-gnu/libdl-2.23.so
7faf5dcff000-7faf5defe000 ---p 00003000 08:21 3682005                    /lib/x86_64-linux-gnu/libdl-2.23.so
7faf5defe000-7faf5deff000 r--p 00002000 08:21 3682005                    /lib/x86_64-linux-gnu/libdl-2.23.so
7faf5deff000-7faf5df00000 rw-p 00003000 08:21 3682005                    /lib/x86_64-linux-gnu/libdl-2.23.so
7faf5df00000-7faf5df15000 r-xp 00000000 08:21 1595820                    /usr/lib/jvm/java-8-oracle/lib/amd64/jli/libjli.so
7faf5df15000-7faf5e115000 ---p 00015000 08:21 1595820                    /usr/lib/jvm/java-8-oracle/lib/amd64/jli/libjli.so
7faf5e115000-7faf5e116000 rw-p 00015000 08:21 1595820                    /usr/lib/jvm/java-8-oracle/lib/amd64/jli/libjli.so
7faf5e116000-7faf5e12e000 r-xp 00000000 08:21 3682127                    /lib/x86_64-linux-gnu/libpthread-2.23.so
7faf5e12e000-7faf5e32d000 ---p 00018000 08:21 3682127                    /lib/x86_64-linux-gnu/libpthread-2.23.so
7faf5e32d000-7faf5e32e000 r--p 00017000 08:21 3682127                    /lib/x86_64-linux-gnu/libpthread-2.23.so
7faf5e32e000-7faf5e32f000 rw-p 00018000 08:21 3682127                    /lib/x86_64-linux-gnu/libpthread-2.23.so
7faf5e32f000-7faf5e333000 rw-p 00000000 00:00 0 
7faf5e333000-7faf5e359000 r-xp 00000000 08:21 3681953                    /lib/x86_64-linux-gnu/ld-2.23.so
7faf5e359000-7faf5e35d000 r--s 00021000 08:21 2124663                    /opt/netbeans-8.2rc/java/maven/lib/maven-model-builder-3.0.5.jar
7faf5e35d000-7faf5e364000 r--s 0002b000 08:21 2124684                    /opt/netbeans-8.2rc/java/maven/lib/sisu-inject-plexus-2.3.0.jar
7faf5e364000-7faf5e42f000 rw-p 00000000 00:00 0 
7faf5e42f000-7faf5e432000 ---p 00000000 00:00 0 
7faf5e432000-7faf5e534000 rw-p 00000000 00:00 0 
7faf5e534000-7faf5e536000 r--s 00006000 08:21 2124519                    /opt/netbeans-8.2rc/java/maven/lib/maven-repository-metadata-3.0.5.jar
7faf5e536000-7faf5e53c000 r--s 0003f000 08:21 2124737                    /opt/netbeans-8.2rc/java/maven/lib/maven-compat-3.0.5.jar
7faf5e53c000-7faf5e53e000 r--s 00006000 08:21 2124583                    /opt/netbeans-8.2rc/java/maven/lib/aether-connector-wagon-1.13.1.jar
7faf5e53e000-7faf5e541000 r--s 0001d000 08:21 2124735                    /opt/netbeans-8.2rc/java/maven/lib/aether-impl-1.13.1.jar
7faf5e541000-7faf5e542000 r--s 0000a000 08:21 2124723                    /opt/netbeans-8.2rc/java/maven/lib/maven-embedder-3.0.5.jar
7faf5e542000-7faf5e544000 r--s 00009000 08:21 2124752                    /opt/netbeans-8.2rc/java/maven/lib/commons-cli-1.2.jar
7faf5e544000-7faf5e548000 r--s 00013000 08:21 2124742                    /opt/netbeans-8.2rc/java/maven/lib/aether-api-1.13.1.jar
7faf5e548000-7faf5e54a000 r--s 00026000 08:21 2124740                    /opt/netbeans-8.2rc/java/maven/lib/maven-model-3.0.5.jar
7faf5e54a000-7faf5e54c000 r--s 0000a000 08:21 2124697                    /opt/netbeans-8.2rc/java/maven/boot/plexus-classworlds-2.4.jar
7faf5e54c000-7faf5e554000 rw-s 00000000 08:21 394498                     /tmp/hsperfdata_gladson/26469
7faf5e554000-7faf5e555000 rw-p 00000000 00:00 0 
7faf5e555000-7faf5e556000 ---p 00000000 00:00 0 
7faf5e556000-7faf5e558000 rw-p 00000000 00:00 0 
7faf5e558000-7faf5e559000 r--p 00025000 08:21 3681953                    /lib/x86_64-linux-gnu/ld-2.23.so
7faf5e559000-7faf5e55a000 rw-p 00026000 08:21 3681953                    /lib/x86_64-linux-gnu/ld-2.23.so
7faf5e55a000-7faf5e55b000 rw-p 00000000 00:00 0 
7ffda624e000-7ffda626f000 rw-p 00000000 00:00 0                          [stack]
7ffda6396000-7ffda6398000 r--p 00000000 00:00 0                          [vvar]
7ffda6398000-7ffda639a000 r-xp 00000000 00:00 0                          [vdso]
ffffffffff600000-ffffffffff601000 r-xp 00000000 00:00 0                  [vsyscall]

VM Arguments:
jvm_args: -Dclassworlds.conf=/opt/netbeans-8.2rc/java/maven/bin/m2.conf -Dmaven.home=/opt/netbeans-8.2rc/java/maven 
java_command: org.codehaus.plexus.classworlds.launcher.Launcher -Dmaven.ext.class.path=/opt/netbeans-8.2rc/java/maven-nblib/netbeans-eventspy.jar clean install
java_class_path (initial): /opt/netbeans-8.2rc/java/maven/boot/plexus-classworlds-2.4.jar
Launcher Type: SUN_STANDARD

Environment Variables:
JAVA_HOME=/usr/lib/jvm/java-8-oracle
PATH=/usr/local/sbin:/usr/local/bin:/usr/sbin:/usr/bin:/sbin:/bin:/usr/games:/usr/local/games:/snap/bin:/usr/lib/jvm/java-8-oracle/bin:/usr/lib/jvm/java-8-oracle/db/bin:/usr/lib/jvm/java-8-oracle/jre/bin
LD_LIBRARY_PATH=/usr/lib/jvm/java-8-oracle/jre/lib/amd64:/usr/lib/jvm/java-8-oracle/jre/lib/i386:
SHELL=/bin/bash
DISPLAY=:0

Signal Handlers:
SIGSEGV: [libjvm.so+0xac4790], sa_mask[0]=11111111011111111101111111111110, sa_flags=SA_RESTART|SA_SIGINFO
SIGBUS: [libjvm.so+0xac4790], sa_mask[0]=11111111011111111101111111111110, sa_flags=SA_RESTART|SA_SIGINFO
SIGFPE: [libjvm.so+0x91f140], sa_mask[0]=11111111011111111101111111111110, sa_flags=SA_RESTART|SA_SIGINFO
SIGPIPE: [libjvm.so+0x91f140], sa_mask[0]=11111111011111111101111111111110, sa_flags=SA_RESTART|SA_SIGINFO
SIGXFSZ: [libjvm.so+0x91f140], sa_mask[0]=11111111011111111101111111111110, sa_flags=SA_RESTART|SA_SIGINFO
SIGILL: [libjvm.so+0x91f140], sa_mask[0]=11111111011111111101111111111110, sa_flags=SA_RESTART|SA_SIGINFO
SIGUSR1: SIG_DFL, sa_mask[0]=00000000000000000000000000000000, sa_flags=none
SIGUSR2: [libjvm.so+0x920770], sa_mask[0]=00100000000000000000000000000000, sa_flags=SA_RESTART|SA_SIGINFO
SIGHUP: [libjvm.so+0x921b70], sa_mask[0]=11111111011111111101111111111110, sa_flags=SA_RESTART|SA_SIGINFO
SIGINT: SIG_IGN, sa_mask[0]=00000000000000000000000000000000, sa_flags=none
SIGTERM: [libjvm.so+0x921b70], sa_mask[0]=11111111011111111101111111111110, sa_flags=SA_RESTART|SA_SIGINFO
SIGQUIT: [libjvm.so+0x921b70], sa_mask[0]=11111111011111111101111111111110, sa_flags=SA_RESTART|SA_SIGINFO


---------------  S Y S T E M  ---------------

OS:DISTRIB_ID=Ubuntu
DISTRIB_RELEASE=16.04
DISTRIB_CODENAME=xenial
DISTRIB_DESCRIPTION="Ubuntu 16.04.1 LTS"

uname:Linux 4.4.0-42-generic #62-Ubuntu SMP Fri Oct 7 23:11:45 UTC 2016 x86_64
libc:glibc 2.23 NPTL 2.23 
rlimit: STACK 8192k, CORE 0k, NPROC 31611, NOFILE 65536, AS infinity
load average:5,77 2,28 1,13

/proc/meminfo:
MemTotal:        8132924 kB
MemFree:          860492 kB
MemAvailable:    2694028 kB
Buffers:          340096 kB
Cached:          1665704 kB
SwapCached:         1264 kB
Active:          4749440 kB
Inactive:        2054544 kB
Active(anon):    3798016 kB
Inactive(anon):  1118520 kB
Active(file):     951424 kB
Inactive(file):   936024 kB
Unevictable:        2880 kB
Mlocked:            2880 kB
SwapTotal:        102396 kB
SwapFree:          27484 kB
Dirty:             16376 kB
Writeback:             0 kB
AnonPages:       4800012 kB
Mapped:           468000 kB
Shmem:            118252 kB
Slab:             305224 kB
SReclaimable:     249948 kB
SUnreclaim:        55276 kB
KernelStack:       14672 kB
PageTables:        70204 kB
NFS_Unstable:          0 kB
Bounce:                0 kB
WritebackTmp:          0 kB
CommitLimit:     4168856 kB
Committed_AS:   11621512 kB
VmallocTotal:   34359738367 kB
VmallocUsed:           0 kB
VmallocChunk:          0 kB
HardwareCorrupted:     0 kB
AnonHugePages:   2140160 kB
CmaTotal:              0 kB
CmaFree:               0 kB
HugePages_Total:       0
HugePages_Free:        0
HugePages_Rsvd:        0
HugePages_Surp:        0
Hugepagesize:       2048 kB
DirectMap4k:      484072 kB
DirectMap2M:     7862272 kB


CPU:total 4 (4 cores per cpu, 1 threads per core) family 6 model 58 stepping 9, cmov, cx8, fxsr, mmx, sse, sse2, sse3, ssse3, sse4.1, sse4.2, popcnt, avx, aes, clmul, erms, tsc, tscinvbit, tscinv

/proc/cpuinfo:
processor	: 0
vendor_id	: GenuineIntel
cpu family	: 6
model		: 58
model name	: Intel(R) Core(TM) i5-3570K CPU @ 3.40GHz
stepping	: 9
microcode	: 0x1c
cpu MHz		: 3599.882
cache size	: 6144 KB
physical id	: 0
siblings	: 4
core id		: 0
cpu cores	: 4
apicid		: 0
initial apicid	: 0
fpu		: yes
fpu_exception	: yes
cpuid level	: 13
wp		: yes
flags		: fpu vme de pse tsc msr pae mce cx8 apic sep mtrr pge mca cmov pat pse36 clflush dts acpi mmx fxsr sse sse2 ss ht tm pbe syscall nx rdtscp lm constant_tsc arch_perfmon pebs bts rep_good nopl xtopology nonstop_tsc aperfmperf eagerfpu pni pclmulqdq dtes64 monitor ds_cpl vmx est tm2 ssse3 cx16 xtpr pdcm pcid sse4_1 sse4_2 popcnt tsc_deadline_timer aes xsave avx f16c rdrand lahf_lm epb tpr_shadow vnmi flexpriority ept vpid fsgsbase smep erms xsaveopt dtherm ida arat pln pts
bugs		:
bogomips	: 6784.92
clflush size	: 64
cache_alignment	: 64
address sizes	: 36 bits physical, 48 bits virtual
power management:

processor	: 1
vendor_id	: GenuineIntel
cpu family	: 6
model		: 58
model name	: Intel(R) Core(TM) i5-3570K CPU @ 3.40GHz
stepping	: 9
microcode	: 0x1c
cpu MHz		: 3599.882
cache size	: 6144 KB
physical id	: 0
siblings	: 4
core id		: 1
cpu cores	: 4
apicid		: 2
initial apicid	: 2
fpu		: yes
fpu_exception	: yes
cpuid level	: 13
wp		: yes
flags		: fpu vme de pse tsc msr pae mce cx8 apic sep mtrr pge mca cmov pat pse36 clflush dts acpi mmx fxsr sse sse2 ss ht tm pbe syscall nx rdtscp lm constant_tsc arch_perfmon pebs bts rep_good nopl xtopology nonstop_tsc aperfmperf eagerfpu pni pclmulqdq dtes64 monitor ds_cpl vmx est tm2 ssse3 cx16 xtpr pdcm pcid sse4_1 sse4_2 popcnt tsc_deadline_timer aes xsave avx f16c rdrand lahf_lm epb tpr_shadow vnmi flexpriority ept vpid fsgsbase smep erms xsaveopt dtherm ida arat pln pts
bugs		:
bogomips	: 6784.92
clflush size	: 64
cache_alignment	: 64
address sizes	: 36 bits physical, 48 bits virtual
power management:

processor	: 2
vendor_id	: GenuineIntel
cpu family	: 6
model		: 58
model name	: Intel(R) Core(TM) i5-3570K CPU @ 3.40GHz
stepping	: 9
microcode	: 0x1c
cpu MHz		: 3599.882
cache size	: 6144 KB
physical id	: 0
siblings	: 4
core id		: 2
cpu cores	: 4
apicid		: 4
initial apicid	: 4
fpu		: yes
fpu_exception	: yes
cpuid level	: 13
wp		: yes
flags		: fpu vme de pse tsc msr pae mce cx8 apic sep mtrr pge mca cmov pat pse36 clflush dts acpi mmx fxsr sse sse2 ss ht tm pbe syscall nx rdtscp lm constant_tsc arch_perfmon pebs bts rep_good nopl xtopology nonstop_tsc aperfmperf eagerfpu pni pclmulqdq dtes64 monitor ds_cpl vmx est tm2 ssse3 cx16 xtpr pdcm pcid sse4_1 sse4_2 popcnt tsc_deadline_timer aes xsave avx f16c rdrand lahf_lm epb tpr_shadow vnmi flexpriority ept vpid fsgsbase smep erms xsaveopt dtherm ida arat pln pts
bugs		:
bogomips	: 6784.92
clflush size	: 64
cache_alignment	: 64
address sizes	: 36 bits physical, 48 bits virtual
power management:

processor	: 3
vendor_id	: GenuineIntel
cpu family	: 6
model		: 58
model name	: Intel(R) Core(TM) i5-3570K CPU @ 3.40GHz
stepping	: 9
microcode	: 0x1c
cpu MHz		: 3599.882
cache size	: 6144 KB
physical id	: 0
siblings	: 4
core id		: 3
cpu cores	: 4
apicid		: 6
initial apicid	: 6
fpu		: yes
fpu_exception	: yes
cpuid level	: 13
wp		: yes
flags		: fpu vme de pse tsc msr pae mce cx8 apic sep mtrr pge mca cmov pat pse36 clflush dts acpi mmx fxsr sse sse2 ss ht tm pbe syscall nx rdtscp lm constant_tsc arch_perfmon pebs bts rep_good nopl xtopology nonstop_tsc aperfmperf eagerfpu pni pclmulqdq dtes64 monitor ds_cpl vmx est tm2 ssse3 cx16 xtpr pdcm pcid sse4_1 sse4_2 popcnt tsc_deadline_timer aes xsave avx f16c rdrand lahf_lm epb tpr_shadow vnmi flexpriority ept vpid fsgsbase smep erms xsaveopt dtherm ida arat pln pts
bugs		:
bogomips	: 6784.92
clflush size	: 64
cache_alignment	: 64
address sizes	: 36 bits physical, 48 bits virtual
power management:



Memory: 4k page, physical 8132924k(860492k free), swap 102396k(27484k free)

vm_info: Java HotSpot(TM) 64-Bit Server VM (25.101-b13) for linux-amd64 JRE (1.8.0_101-b13), built on Jun 22 2016 02:59:44 by "java_re" with gcc 4.3.0 20080428 (Red Hat 4.3.0-8)

time: Thu Oct 13 14:58:25 2016
elapsed time: 19 seconds (0d 0h 0m 19s)

